[2024-10-23 18:58:32,756] [INFO] [fps_address_scraper.py:216] output_chunk_24.xlsx. Scraping 1 of 98
[2024-10-23 18:58:32,757] [INFO] [fps_address_scraper.py:47] Original address: 720 Hank Aaron Dr SE
[2024-10-23 18:58:32,757] [INFO] [fps_address_scraper.py:57] Standardized address: 720 Hank Aaron Dr SE
[2024-10-23 18:58:32,757] [INFO] [fps_address_scraper.py:185] Scraping https://www.fastpeoplesearch.com/address/720-hank-aaron-dr-se_atlanta-ga/page/1
[2024-10-23 18:58:56,354] [INFO] [fps_address_scraper.py:26] Got successful response from https://www.fastpeoplesearch.com/address/720-hank-aaron-dr-se_atlanta-ga/page/1
[2024-10-23 18:58:56,428] [INFO] [fps_address_scraper.py:91] Saved 10 entries in /home/ubuntu/scripts/result_file/output_chunk_24.xlsx
[2024-10-23 18:58:56,436] [INFO] [fps_address_scraper.py:185] Scraping https://www.fastpeoplesearch.com/address/720-hank-aaron-dr-se_atlanta-ga/page/2
[2024-10-23 19:08:00,588] [INFO] [fps_address_scraper.py:216] output_chunk_24.xlsx. Scraping 1 of 98
[2024-10-23 19:08:00,588] [INFO] [fps_address_scraper.py:47] Original address: 720 Hank Aaron Dr SE
[2024-10-23 19:08:00,588] [INFO] [fps_address_scraper.py:57] Standardized address: 720 Hank Aaron Dr SE
[2024-10-23 19:08:00,675] [INFO] [fps_address_scraper.py:182] Skipping https://www.fastpeoplesearch.com/address/720-hank-aaron-dr-se_atlanta-ga/page/1 because already scraped.
[2024-10-23 19:08:00,740] [INFO] [fps_address_scraper.py:185] Scraping https://www.fastpeoplesearch.com/address/720-hank-aaron-dr-se_atlanta-ga/page/2
[2024-10-23 19:08:22,110] [INFO] [fps_address_scraper.py:26] Got successful response from https://www.fastpeoplesearch.com/address/720-hank-aaron-dr-se_atlanta-ga/page/2
[2024-10-23 19:08:22,195] [INFO] [fps_address_scraper.py:91] Saved 10 entries in /home/ubuntu/scripts/result_file/output_chunk_24.xlsx
[2024-10-23 19:08:22,204] [INFO] [fps_address_scraper.py:185] Scraping https://www.fastpeoplesearch.com/address/720-hank-aaron-dr-se_atlanta-ga/page/3
[2024-10-23 19:08:59,567] [INFO] [fps_address_scraper.py:26] Got successful response from https://www.fastpeoplesearch.com/address/720-hank-aaron-dr-se_atlanta-ga/page/3
[2024-10-23 19:08:59,650] [INFO] [fps_address_scraper.py:91] Saved 10 entries in /home/ubuntu/scripts/result_file/output_chunk_24.xlsx
[2024-10-23 19:08:59,660] [INFO] [fps_address_scraper.py:185] Scraping https://www.fastpeoplesearch.com/address/720-hank-aaron-dr-se_atlanta-ga/page/4
[2024-10-23 19:09:51,897] [INFO] [fps_address_scraper.py:26] Got successful response from https://www.fastpeoplesearch.com/address/720-hank-aaron-dr-se_atlanta-ga/page/4
[2024-10-23 19:09:51,988] [INFO] [fps_address_scraper.py:91] Saved 10 entries in /home/ubuntu/scripts/result_file/output_chunk_24.xlsx
[2024-10-23 19:09:51,999] [INFO] [fps_address_scraper.py:185] Scraping https://www.fastpeoplesearch.com/address/720-hank-aaron-dr-se_atlanta-ga/page/5
[2024-10-23 19:10:14,711] [INFO] [fps_address_scraper.py:26] Got successful response from https://www.fastpeoplesearch.com/address/720-hank-aaron-dr-se_atlanta-ga/page/5
[2024-10-23 19:10:14,832] [INFO] [fps_address_scraper.py:91] Saved 10 entries in /home/ubuntu/scripts/result_file/output_chunk_24.xlsx
[2024-10-23 19:10:14,846] [INFO] [fps_address_scraper.py:185] Scraping https://www.fastpeoplesearch.com/address/720-hank-aaron-dr-se_atlanta-ga/page/6
[2024-10-23 19:11:06,922] [INFO] [fps_address_scraper.py:26] Got successful response from https://www.fastpeoplesearch.com/address/720-hank-aaron-dr-se_atlanta-ga/page/6
[2024-10-23 19:11:07,154] [INFO] [fps_address_scraper.py:91] Saved 10 entries in /home/ubuntu/scripts/result_file/output_chunk_24.xlsx
[2024-10-23 19:11:07,183] [INFO] [fps_address_scraper.py:185] Scraping https://www.fastpeoplesearch.com/address/720-hank-aaron-dr-se_atlanta-ga/page/7
[2024-10-23 19:11:30,169] [INFO] [fps_address_scraper.py:26] Got successful response from https://www.fastpeoplesearch.com/address/720-hank-aaron-dr-se_atlanta-ga/page/7
[2024-10-23 19:11:30,257] [INFO] [fps_address_scraper.py:91] Saved 10 entries in /home/ubuntu/scripts/result_file/output_chunk_24.xlsx
[2024-10-23 19:11:30,273] [INFO] [fps_address_scraper.py:185] Scraping https://www.fastpeoplesearch.com/address/720-hank-aaron-dr-se_atlanta-ga/page/8
[2024-10-23 19:12:03,008] [INFO] [fps_address_scraper.py:26] Got successful response from https://www.fastpeoplesearch.com/address/720-hank-aaron-dr-se_atlanta-ga/page/8
[2024-10-23 19:12:03,097] [INFO] [fps_address_scraper.py:91] Saved 10 entries in /home/ubuntu/scripts/result_file/output_chunk_24.xlsx
[2024-10-23 19:12:03,113] [INFO] [fps_address_scraper.py:185] Scraping https://www.fastpeoplesearch.com/address/720-hank-aaron-dr-se_atlanta-ga/page/9
[2024-10-23 19:12:36,447] [INFO] [fps_address_scraper.py:26] Got successful response from https://www.fastpeoplesearch.com/address/720-hank-aaron-dr-se_atlanta-ga/page/9
[2024-10-23 19:12:36,564] [INFO] [fps_address_scraper.py:91] Saved 10 entries in /home/ubuntu/scripts/result_file/output_chunk_24.xlsx
[2024-10-23 19:12:36,583] [INFO] [fps_address_scraper.py:185] Scraping https://www.fastpeoplesearch.com/address/720-hank-aaron-dr-se_atlanta-ga/page/10
[2024-10-23 19:13:11,216] [INFO] [fps_address_scraper.py:26] Got successful response from https://www.fastpeoplesearch.com/address/720-hank-aaron-dr-se_atlanta-ga/page/10
[2024-10-23 19:13:11,353] [INFO] [fps_address_scraper.py:91] Saved 10 entries in /home/ubuntu/scripts/result_file/output_chunk_24.xlsx
[2024-10-23 19:13:11,372] [INFO] [fps_address_scraper.py:185] Scraping https://www.fastpeoplesearch.com/address/720-hank-aaron-dr-se_atlanta-ga/page/11
[2024-10-23 19:14:23,897] [INFO] [fps_address_scraper.py:26] Got successful response from https://www.fastpeoplesearch.com/address/720-hank-aaron-dr-se_atlanta-ga/page/11
[2024-10-23 19:14:23,996] [INFO] [fps_address_scraper.py:91] Saved 7 entries in /home/ubuntu/scripts/result_file/output_chunk_24.xlsx
[2024-10-23 19:14:24,017] [INFO] [fps_address_scraper.py:185] Scraping https://www.fastpeoplesearch.com/address/720-hank-aaron-dr-se_atlanta-ga/page/12
[2024-10-23 19:14:49,268] [INFO] [fps_address_scraper.py:26] Got successful response from https://www.fastpeoplesearch.com/address/720-hank-aaron-dr-se_atlanta-ga/page/12
[2024-10-23 19:14:49,280] [INFO] [fps_address_scraper.py:216] output_chunk_24.xlsx. Scraping 2 of 98
[2024-10-23 19:14:49,281] [INFO] [fps_address_scraper.py:47] Original address: 735 Market St
[2024-10-23 19:14:49,282] [INFO] [fps_address_scraper.py:57] Standardized address: 735 Market St
[2024-10-23 19:14:49,303] [INFO] [fps_address_scraper.py:185] Scraping https://www.fastpeoplesearch.com/address/735-market-st_woodstock-ga/page/1
[2024-10-23 19:15:48,163] [INFO] [fps_address_scraper.py:26] Got successful response from https://www.fastpeoplesearch.com/address/735-market-st_woodstock-ga/page/1
[2024-10-23 19:15:48,275] [INFO] [fps_address_scraper.py:91] Saved 10 entries in /home/ubuntu/scripts/result_file/output_chunk_24.xlsx
[2024-10-23 19:15:48,297] [INFO] [fps_address_scraper.py:185] Scraping https://www.fastpeoplesearch.com/address/735-market-st_woodstock-ga/page/2
[2024-10-23 19:16:11,292] [INFO] [fps_address_scraper.py:26] Got successful response from https://www.fastpeoplesearch.com/address/735-market-st_woodstock-ga/page/2
[2024-10-23 19:16:11,435] [INFO] [fps_address_scraper.py:91] Saved 10 entries in /home/ubuntu/scripts/result_file/output_chunk_24.xlsx
[2024-10-23 19:16:11,457] [INFO] [fps_address_scraper.py:185] Scraping https://www.fastpeoplesearch.com/address/735-market-st_woodstock-ga/page/3
[2024-10-23 19:16:46,759] [INFO] [fps_address_scraper.py:26] Got successful response from https://www.fastpeoplesearch.com/address/735-market-st_woodstock-ga/page/3
[2024-10-23 19:16:46,876] [INFO] [fps_address_scraper.py:91] Saved 10 entries in /home/ubuntu/scripts/result_file/output_chunk_24.xlsx
[2024-10-23 19:16:46,900] [INFO] [fps_address_scraper.py:185] Scraping https://www.fastpeoplesearch.com/address/735-market-st_woodstock-ga/page/4
[2024-10-23 19:17:38,411] [INFO] [fps_address_scraper.py:26] Got successful response from https://www.fastpeoplesearch.com/address/735-market-st_woodstock-ga/page/4
[2024-10-23 19:17:38,529] [INFO] [fps_address_scraper.py:91] Saved 10 entries in /home/ubuntu/scripts/result_file/output_chunk_24.xlsx
[2024-10-23 19:17:38,554] [INFO] [fps_address_scraper.py:185] Scraping https://www.fastpeoplesearch.com/address/735-market-st_woodstock-ga/page/5
[2024-10-23 19:18:14,650] [INFO] [fps_address_scraper.py:26] Got successful response from https://www.fastpeoplesearch.com/address/735-market-st_woodstock-ga/page/5
[2024-10-23 19:18:14,769] [INFO] [fps_address_scraper.py:91] Saved 10 entries in /home/ubuntu/scripts/result_file/output_chunk_24.xlsx
[2024-10-23 19:18:14,863] [INFO] [fps_address_scraper.py:185] Scraping https://www.fastpeoplesearch.com/address/735-market-st_woodstock-ga/page/6
[2024-10-23 19:18:39,535] [INFO] [fps_address_scraper.py:26] Got successful response from https://www.fastpeoplesearch.com/address/735-market-st_woodstock-ga/page/6
[2024-10-23 19:18:39,684] [INFO] [fps_address_scraper.py:91] Saved 10 entries in /home/ubuntu/scripts/result_file/output_chunk_24.xlsx
[2024-10-23 19:18:39,714] [INFO] [fps_address_scraper.py:185] Scraping https://www.fastpeoplesearch.com/address/735-market-st_woodstock-ga/page/7
[2024-10-23 19:19:31,543] [INFO] [fps_address_scraper.py:26] Got successful response from https://www.fastpeoplesearch.com/address/735-market-st_woodstock-ga/page/7
[2024-10-23 19:19:31,665] [INFO] [fps_address_scraper.py:91] Saved 10 entries in /home/ubuntu/scripts/result_file/output_chunk_24.xlsx
[2024-10-23 19:19:31,696] [INFO] [fps_address_scraper.py:185] Scraping https://www.fastpeoplesearch.com/address/735-market-st_woodstock-ga/page/8
[2024-10-23 19:20:24,440] [INFO] [fps_address_scraper.py:26] Got successful response from https://www.fastpeoplesearch.com/address/735-market-st_woodstock-ga/page/8
[2024-10-23 19:20:24,560] [INFO] [fps_address_scraper.py:91] Saved 10 entries in /home/ubuntu/scripts/result_file/output_chunk_24.xlsx
[2024-10-23 19:20:24,629] [INFO] [fps_address_scraper.py:185] Scraping https://www.fastpeoplesearch.com/address/735-market-st_woodstock-ga/page/9
[2024-10-23 19:20:46,041] [INFO] [fps_address_scraper.py:26] Got successful response from https://www.fastpeoplesearch.com/address/735-market-st_woodstock-ga/page/9
[2024-10-23 19:20:46,165] [INFO] [fps_address_scraper.py:91] Saved 10 entries in /home/ubuntu/scripts/result_file/output_chunk_24.xlsx
[2024-10-23 19:20:46,196] [INFO] [fps_address_scraper.py:185] Scraping https://www.fastpeoplesearch.com/address/735-market-st_woodstock-ga/page/10
[2024-10-23 19:21:38,105] [INFO] [fps_address_scraper.py:26] Got successful response from https://www.fastpeoplesearch.com/address/735-market-st_woodstock-ga/page/10
[2024-10-23 19:21:38,245] [INFO] [fps_address_scraper.py:91] Saved 10 entries in /home/ubuntu/scripts/result_file/output_chunk_24.xlsx
[2024-10-23 19:21:38,279] [INFO] [fps_address_scraper.py:185] Scraping https://www.fastpeoplesearch.com/address/735-market-st_woodstock-ga/page/11
[2024-10-23 19:23:34,211] [ERROR] [fps_address_scraper.py:24] Could not get successful response. Status code 500. {"status":"Failed to get successful response from website. Please retry the request."}
[2024-10-23 19:23:34,212] [WARNING] [api.py:40] Request failed. Status code 500, retrying in 1 seconds...
[2024-10-23 19:24:06,159] [INFO] [fps_address_scraper.py:26] Got successful response from https://www.fastpeoplesearch.com/address/735-market-st_woodstock-ga/page/11
[2024-10-23 19:24:06,341] [INFO] [fps_address_scraper.py:91] Saved 10 entries in /home/ubuntu/scripts/result_file/output_chunk_24.xlsx
[2024-10-23 19:24:06,377] [INFO] [fps_address_scraper.py:185] Scraping https://www.fastpeoplesearch.com/address/735-market-st_woodstock-ga/page/12
[2024-10-23 19:24:33,668] [INFO] [fps_address_scraper.py:26] Got successful response from https://www.fastpeoplesearch.com/address/735-market-st_woodstock-ga/page/12
[2024-10-23 19:24:33,680] [INFO] [fps_address_scraper.py:216] output_chunk_24.xlsx. Scraping 3 of 98
[2024-10-23 19:24:33,680] [INFO] [fps_address_scraper.py:47] Original address: 741 Morosgo Dr NE
[2024-10-23 19:24:33,680] [INFO] [fps_address_scraper.py:57] Standardized address: 741 Morosgo Dr NE
[2024-10-23 19:24:33,717] [INFO] [fps_address_scraper.py:185] Scraping https://www.fastpeoplesearch.com/address/741-morosgo-dr-ne_atlanta-ga/page/1
[2024-10-23 19:25:11,906] [INFO] [fps_address_scraper.py:26] Got successful response from https://www.fastpeoplesearch.com/address/741-morosgo-dr-ne_atlanta-ga/page/1
[2024-10-23 19:25:12,034] [INFO] [fps_address_scraper.py:91] Saved 10 entries in /home/ubuntu/scripts/result_file/output_chunk_24.xlsx
[2024-10-23 19:25:12,073] [INFO] [fps_address_scraper.py:185] Scraping https://www.fastpeoplesearch.com/address/741-morosgo-dr-ne_atlanta-ga/page/2
[2024-10-23 19:26:06,766] [INFO] [fps_address_scraper.py:26] Got successful response from https://www.fastpeoplesearch.com/address/741-morosgo-dr-ne_atlanta-ga/page/2
[2024-10-23 19:26:06,937] [INFO] [fps_address_scraper.py:91] Saved 10 entries in /home/ubuntu/scripts/result_file/output_chunk_24.xlsx
[2024-10-23 19:26:06,976] [INFO] [fps_address_scraper.py:185] Scraping https://www.fastpeoplesearch.com/address/741-morosgo-dr-ne_atlanta-ga/page/3
[2024-10-23 19:28:00,392] [INFO] [fps_address_scraper.py:26] Got successful response from https://www.fastpeoplesearch.com/address/741-morosgo-dr-ne_atlanta-ga/page/3
[2024-10-23 19:28:00,538] [INFO] [fps_address_scraper.py:91] Saved 10 entries in /home/ubuntu/scripts/result_file/output_chunk_24.xlsx
[2024-10-23 19:28:00,578] [INFO] [fps_address_scraper.py:185] Scraping https://www.fastpeoplesearch.com/address/741-morosgo-dr-ne_atlanta-ga/page/4
[2024-10-23 19:29:37,233] [INFO] [fps_address_scraper.py:26] Got successful response from https://www.fastpeoplesearch.com/address/741-morosgo-dr-ne_atlanta-ga/page/4
[2024-10-23 19:29:37,382] [INFO] [fps_address_scraper.py:91] Saved 10 entries in /home/ubuntu/scripts/result_file/output_chunk_24.xlsx
[2024-10-23 19:29:37,424] [INFO] [fps_address_scraper.py:185] Scraping https://www.fastpeoplesearch.com/address/741-morosgo-dr-ne_atlanta-ga/page/5
[2024-10-23 19:30:30,365] [INFO] [fps_address_scraper.py:26] Got successful response from https://www.fastpeoplesearch.com/address/741-morosgo-dr-ne_atlanta-ga/page/5
[2024-10-23 19:30:30,553] [INFO] [fps_address_scraper.py:91] Saved 10 entries in /home/ubuntu/scripts/result_file/output_chunk_24.xlsx
[2024-10-23 19:30:30,596] [INFO] [fps_address_scraper.py:185] Scraping https://www.fastpeoplesearch.com/address/741-morosgo-dr-ne_atlanta-ga/page/6
[2024-10-23 19:31:53,158] [INFO] [fps_address_scraper.py:26] Got successful response from https://www.fastpeoplesearch.com/address/741-morosgo-dr-ne_atlanta-ga/page/6
[2024-10-23 19:31:53,314] [INFO] [fps_address_scraper.py:91] Saved 10 entries in /home/ubuntu/scripts/result_file/output_chunk_24.xlsx
[2024-10-23 19:31:53,358] [INFO] [fps_address_scraper.py:185] Scraping https://www.fastpeoplesearch.com/address/741-morosgo-dr-ne_atlanta-ga/page/7
[2024-10-23 19:33:03,442] [INFO] [fps_address_scraper.py:26] Got successful response from https://www.fastpeoplesearch.com/address/741-morosgo-dr-ne_atlanta-ga/page/7
[2024-10-23 19:33:03,635] [INFO] [fps_address_scraper.py:91] Saved 10 entries in /home/ubuntu/scripts/result_file/output_chunk_24.xlsx
[2024-10-23 19:33:03,681] [INFO] [fps_address_scraper.py:185] Scraping https://www.fastpeoplesearch.com/address/741-morosgo-dr-ne_atlanta-ga/page/8
[2024-10-23 19:34:24,307] [INFO] [fps_address_scraper.py:26] Got successful response from https://www.fastpeoplesearch.com/address/741-morosgo-dr-ne_atlanta-ga/page/8
[2024-10-23 19:34:24,468] [INFO] [fps_address_scraper.py:91] Saved 10 entries in /home/ubuntu/scripts/result_file/output_chunk_24.xlsx
[2024-10-23 19:34:24,514] [INFO] [fps_address_scraper.py:185] Scraping https://www.fastpeoplesearch.com/address/741-morosgo-dr-ne_atlanta-ga/page/9
[2024-10-23 19:35:27,015] [INFO] [fps_address_scraper.py:26] Got successful response from https://www.fastpeoplesearch.com/address/741-morosgo-dr-ne_atlanta-ga/page/9
[2024-10-23 19:35:27,209] [INFO] [fps_address_scraper.py:91] Saved 10 entries in /home/ubuntu/scripts/result_file/output_chunk_24.xlsx
[2024-10-23 19:35:27,257] [INFO] [fps_address_scraper.py:185] Scraping https://www.fastpeoplesearch.com/address/741-morosgo-dr-ne_atlanta-ga/page/10
[2024-10-23 19:35:46,276] [INFO] [fps_address_scraper.py:26] Got successful response from https://www.fastpeoplesearch.com/address/741-morosgo-dr-ne_atlanta-ga/page/10
[2024-10-23 19:35:46,443] [INFO] [fps_address_scraper.py:91] Saved 10 entries in /home/ubuntu/scripts/result_file/output_chunk_24.xlsx
[2024-10-23 19:35:46,492] [INFO] [fps_address_scraper.py:185] Scraping https://www.fastpeoplesearch.com/address/741-morosgo-dr-ne_atlanta-ga/page/11
[2024-10-23 19:36:11,353] [INFO] [fps_address_scraper.py:26] Got successful response from https://www.fastpeoplesearch.com/address/741-morosgo-dr-ne_atlanta-ga/page/11
[2024-10-23 19:36:11,553] [INFO] [fps_address_scraper.py:91] Saved 10 entries in /home/ubuntu/scripts/result_file/output_chunk_24.xlsx
[2024-10-23 19:36:11,603] [INFO] [fps_address_scraper.py:185] Scraping https://www.fastpeoplesearch.com/address/741-morosgo-dr-ne_atlanta-ga/page/12
[2024-10-23 19:36:35,559] [INFO] [fps_address_scraper.py:26] Got successful response from https://www.fastpeoplesearch.com/address/741-morosgo-dr-ne_atlanta-ga/page/12
[2024-10-23 19:36:35,571] [INFO] [fps_address_scraper.py:216] output_chunk_24.xlsx. Scraping 4 of 98
[2024-10-23 19:36:35,571] [INFO] [fps_address_scraper.py:47] Original address: 750 Echo St NW
[2024-10-23 19:36:35,571] [INFO] [fps_address_scraper.py:57] Standardized address: 750 Echo St NW
[2024-10-23 19:36:35,623] [INFO] [fps_address_scraper.py:185] Scraping https://www.fastpeoplesearch.com/address/750-echo-st-nw_atlanta-ga/page/1
[2024-10-23 19:37:20,329] [INFO] [fps_address_scraper.py:26] Got successful response from https://www.fastpeoplesearch.com/address/750-echo-st-nw_atlanta-ga/page/1
[2024-10-23 19:37:20,502] [INFO] [fps_address_scraper.py:91] Saved 10 entries in /home/ubuntu/scripts/result_file/output_chunk_24.xlsx
[2024-10-23 19:37:20,581] [INFO] [fps_address_scraper.py:185] Scraping https://www.fastpeoplesearch.com/address/750-echo-st-nw_atlanta-ga/page/2
[2024-10-23 19:38:12,288] [INFO] [fps_address_scraper.py:26] Got successful response from https://www.fastpeoplesearch.com/address/750-echo-st-nw_atlanta-ga/page/2
[2024-10-23 19:38:12,517] [INFO] [fps_address_scraper.py:91] Saved 10 entries in /home/ubuntu/scripts/result_file/output_chunk_24.xlsx
[2024-10-23 19:38:12,641] [INFO] [fps_address_scraper.py:185] Scraping https://www.fastpeoplesearch.com/address/750-echo-st-nw_atlanta-ga/page/3
[2024-10-23 19:38:54,772] [INFO] [fps_address_scraper.py:26] Got successful response from https://www.fastpeoplesearch.com/address/750-echo-st-nw_atlanta-ga/page/3
[2024-10-23 19:38:54,985] [INFO] [fps_address_scraper.py:91] Saved 10 entries in /home/ubuntu/scripts/result_file/output_chunk_24.xlsx
[2024-10-23 19:38:55,041] [INFO] [fps_address_scraper.py:185] Scraping https://www.fastpeoplesearch.com/address/750-echo-st-nw_atlanta-ga/page/4
[2024-10-23 19:39:16,615] [INFO] [fps_address_scraper.py:26] Got successful response from https://www.fastpeoplesearch.com/address/750-echo-st-nw_atlanta-ga/page/4
[2024-10-23 19:39:16,801] [INFO] [fps_address_scraper.py:91] Saved 10 entries in /home/ubuntu/scripts/result_file/output_chunk_24.xlsx
[2024-10-23 19:39:16,857] [INFO] [fps_address_scraper.py:185] Scraping https://www.fastpeoplesearch.com/address/750-echo-st-nw_atlanta-ga/page/5
[2024-10-23 19:39:38,707] [INFO] [fps_address_scraper.py:26] Got successful response from https://www.fastpeoplesearch.com/address/750-echo-st-nw_atlanta-ga/page/5
[2024-10-23 19:39:38,927] [INFO] [fps_address_scraper.py:91] Saved 10 entries in /home/ubuntu/scripts/result_file/output_chunk_24.xlsx
[2024-10-23 19:39:38,984] [INFO] [fps_address_scraper.py:185] Scraping https://www.fastpeoplesearch.com/address/750-echo-st-nw_atlanta-ga/page/6
[2024-10-23 19:40:15,444] [INFO] [fps_address_scraper.py:26] Got successful response from https://www.fastpeoplesearch.com/address/750-echo-st-nw_atlanta-ga/page/6
[2024-10-23 19:40:15,625] [INFO] [fps_address_scraper.py:91] Saved 10 entries in /home/ubuntu/scripts/result_file/output_chunk_24.xlsx
[2024-10-23 19:40:15,683] [INFO] [fps_address_scraper.py:185] Scraping https://www.fastpeoplesearch.com/address/750-echo-st-nw_atlanta-ga/page/7
[2024-10-23 19:42:07,558] [INFO] [fps_address_scraper.py:26] Got successful response from https://www.fastpeoplesearch.com/address/750-echo-st-nw_atlanta-ga/page/7
[2024-10-23 19:42:07,785] [INFO] [fps_address_scraper.py:91] Saved 10 entries in /home/ubuntu/scripts/result_file/output_chunk_24.xlsx
[2024-10-23 19:42:07,844] [INFO] [fps_address_scraper.py:185] Scraping https://www.fastpeoplesearch.com/address/750-echo-st-nw_atlanta-ga/page/8
[2024-10-23 19:42:59,427] [INFO] [fps_address_scraper.py:26] Got successful response from https://www.fastpeoplesearch.com/address/750-echo-st-nw_atlanta-ga/page/8
[2024-10-23 19:42:59,657] [INFO] [fps_address_scraper.py:91] Saved 10 entries in /home/ubuntu/scripts/result_file/output_chunk_24.xlsx
[2024-10-23 19:42:59,719] [INFO] [fps_address_scraper.py:185] Scraping https://www.fastpeoplesearch.com/address/750-echo-st-nw_atlanta-ga/page/9
[2024-10-23 19:43:51,674] [INFO] [fps_address_scraper.py:26] Got successful response from https://www.fastpeoplesearch.com/address/750-echo-st-nw_atlanta-ga/page/9
[2024-10-23 19:43:51,873] [INFO] [fps_address_scraper.py:91] Saved 10 entries in /home/ubuntu/scripts/result_file/output_chunk_24.xlsx
[2024-10-23 19:43:51,936] [INFO] [fps_address_scraper.py:185] Scraping https://www.fastpeoplesearch.com/address/750-echo-st-nw_atlanta-ga/page/10
[2024-10-23 19:44:14,690] [INFO] [fps_address_scraper.py:26] Got successful response from https://www.fastpeoplesearch.com/address/750-echo-st-nw_atlanta-ga/page/10
[2024-10-23 19:44:14,928] [INFO] [fps_address_scraper.py:91] Saved 10 entries in /home/ubuntu/scripts/result_file/output_chunk_24.xlsx
[2024-10-23 19:44:14,994] [INFO] [fps_address_scraper.py:185] Scraping https://www.fastpeoplesearch.com/address/750-echo-st-nw_atlanta-ga/page/11
[2024-10-23 19:44:50,584] [INFO] [fps_address_scraper.py:26] Got successful response from https://www.fastpeoplesearch.com/address/750-echo-st-nw_atlanta-ga/page/11
[2024-10-23 19:44:50,811] [INFO] [fps_address_scraper.py:91] Saved 8 entries in /home/ubuntu/scripts/result_file/output_chunk_24.xlsx
[2024-10-23 19:44:50,876] [INFO] [fps_address_scraper.py:185] Scraping https://www.fastpeoplesearch.com/address/750-echo-st-nw_atlanta-ga/page/12
[2024-10-23 19:45:34,690] [INFO] [fps_address_scraper.py:26] Got successful response from https://www.fastpeoplesearch.com/address/750-echo-st-nw_atlanta-ga/page/12
[2024-10-23 19:45:34,702] [INFO] [fps_address_scraper.py:216] output_chunk_24.xlsx. Scraping 5 of 98
[2024-10-23 19:45:34,702] [INFO] [fps_address_scraper.py:47] Original address: 761 Morosgo Dr NE
[2024-10-23 19:45:34,702] [INFO] [fps_address_scraper.py:57] Standardized address: 761 Morosgo Dr NE
[2024-10-23 19:45:34,770] [INFO] [fps_address_scraper.py:185] Scraping https://www.fastpeoplesearch.com/address/761-morosgo-dr-ne_atlanta-ga/page/1
[2024-10-23 19:46:26,221] [INFO] [fps_address_scraper.py:26] Got successful response from https://www.fastpeoplesearch.com/address/761-morosgo-dr-ne_atlanta-ga/page/1
[2024-10-23 19:46:26,435] [INFO] [fps_address_scraper.py:91] Saved 10 entries in /home/ubuntu/scripts/result_file/output_chunk_24.xlsx
[2024-10-23 19:46:26,532] [INFO] [fps_address_scraper.py:185] Scraping https://www.fastpeoplesearch.com/address/761-morosgo-dr-ne_atlanta-ga/page/2
[2024-10-23 19:47:31,532] [INFO] [fps_address_scraper.py:26] Got successful response from https://www.fastpeoplesearch.com/address/761-morosgo-dr-ne_atlanta-ga/page/2
[2024-10-23 19:47:31,742] [INFO] [fps_address_scraper.py:91] Saved 10 entries in /home/ubuntu/scripts/result_file/output_chunk_24.xlsx
[2024-10-23 19:47:31,810] [INFO] [fps_address_scraper.py:185] Scraping https://www.fastpeoplesearch.com/address/761-morosgo-dr-ne_atlanta-ga/page/3
[2024-10-23 19:48:45,424] [INFO] [fps_address_scraper.py:26] Got successful response from https://www.fastpeoplesearch.com/address/761-morosgo-dr-ne_atlanta-ga/page/3
[2024-10-23 19:48:45,669] [INFO] [fps_address_scraper.py:91] Saved 10 entries in /home/ubuntu/scripts/result_file/output_chunk_24.xlsx
[2024-10-23 19:48:45,737] [INFO] [fps_address_scraper.py:185] Scraping https://www.fastpeoplesearch.com/address/761-morosgo-dr-ne_atlanta-ga/page/4
[2024-10-23 19:50:06,826] [INFO] [fps_address_scraper.py:26] Got successful response from https://www.fastpeoplesearch.com/address/761-morosgo-dr-ne_atlanta-ga/page/4
[2024-10-23 19:50:07,077] [INFO] [fps_address_scraper.py:91] Saved 10 entries in /home/ubuntu/scripts/result_file/output_chunk_24.xlsx
[2024-10-23 19:50:07,147] [INFO] [fps_address_scraper.py:185] Scraping https://www.fastpeoplesearch.com/address/761-morosgo-dr-ne_atlanta-ga/page/5
[2024-10-23 19:50:29,195] [INFO] [fps_address_scraper.py:26] Got successful response from https://www.fastpeoplesearch.com/address/761-morosgo-dr-ne_atlanta-ga/page/5
[2024-10-23 19:50:29,411] [INFO] [fps_address_scraper.py:91] Saved 10 entries in /home/ubuntu/scripts/result_file/output_chunk_24.xlsx
[2024-10-23 19:50:29,484] [INFO] [fps_address_scraper.py:185] Scraping https://www.fastpeoplesearch.com/address/761-morosgo-dr-ne_atlanta-ga/page/6
[2024-10-23 19:51:41,029] [INFO] [fps_address_scraper.py:26] Got successful response from https://www.fastpeoplesearch.com/address/761-morosgo-dr-ne_atlanta-ga/page/6
[2024-10-23 19:51:41,278] [INFO] [fps_address_scraper.py:91] Saved 10 entries in /home/ubuntu/scripts/result_file/output_chunk_24.xlsx
[2024-10-23 19:51:41,351] [INFO] [fps_address_scraper.py:185] Scraping https://www.fastpeoplesearch.com/address/761-morosgo-dr-ne_atlanta-ga/page/7
[2024-10-23 19:52:33,119] [INFO] [fps_address_scraper.py:26] Got successful response from https://www.fastpeoplesearch.com/address/761-morosgo-dr-ne_atlanta-ga/page/7
[2024-10-23 19:52:33,369] [INFO] [fps_address_scraper.py:91] Saved 10 entries in /home/ubuntu/scripts/result_file/output_chunk_24.xlsx
[2024-10-23 19:52:33,446] [INFO] [fps_address_scraper.py:185] Scraping https://www.fastpeoplesearch.com/address/761-morosgo-dr-ne_atlanta-ga/page/8
[2024-10-23 19:52:55,697] [INFO] [fps_address_scraper.py:26] Got successful response from https://www.fastpeoplesearch.com/address/761-morosgo-dr-ne_atlanta-ga/page/8
[2024-10-23 19:52:55,923] [INFO] [fps_address_scraper.py:91] Saved 10 entries in /home/ubuntu/scripts/result_file/output_chunk_24.xlsx
[2024-10-23 19:52:56,033] [INFO] [fps_address_scraper.py:185] Scraping https://www.fastpeoplesearch.com/address/761-morosgo-dr-ne_atlanta-ga/page/9
[2024-10-23 19:53:33,758] [INFO] [fps_address_scraper.py:26] Got successful response from https://www.fastpeoplesearch.com/address/761-morosgo-dr-ne_atlanta-ga/page/9
[2024-10-23 19:53:33,989] [INFO] [fps_address_scraper.py:91] Saved 10 entries in /home/ubuntu/scripts/result_file/output_chunk_24.xlsx
[2024-10-23 19:53:34,068] [INFO] [fps_address_scraper.py:185] Scraping https://www.fastpeoplesearch.com/address/761-morosgo-dr-ne_atlanta-ga/page/10
[2024-10-23 19:54:09,370] [INFO] [fps_address_scraper.py:26] Got successful response from https://www.fastpeoplesearch.com/address/761-morosgo-dr-ne_atlanta-ga/page/10
[2024-10-23 19:54:09,632] [INFO] [fps_address_scraper.py:91] Saved 10 entries in /home/ubuntu/scripts/result_file/output_chunk_24.xlsx
[2024-10-23 19:54:09,711] [INFO] [fps_address_scraper.py:185] Scraping https://www.fastpeoplesearch.com/address/761-morosgo-dr-ne_atlanta-ga/page/11
[2024-10-23 19:54:38,160] [INFO] [fps_address_scraper.py:26] Got successful response from https://www.fastpeoplesearch.com/address/761-morosgo-dr-ne_atlanta-ga/page/11
[2024-10-23 19:54:38,432] [INFO] [fps_address_scraper.py:91] Saved 8 entries in /home/ubuntu/scripts/result_file/output_chunk_24.xlsx
[2024-10-23 19:54:38,509] [INFO] [fps_address_scraper.py:185] Scraping https://www.fastpeoplesearch.com/address/761-morosgo-dr-ne_atlanta-ga/page/12
[2024-10-23 19:55:01,697] [INFO] [fps_address_scraper.py:26] Got successful response from https://www.fastpeoplesearch.com/address/761-morosgo-dr-ne_atlanta-ga/page/12
[2024-10-23 19:55:01,708] [INFO] [fps_address_scraper.py:216] output_chunk_24.xlsx. Scraping 6 of 98
[2024-10-23 19:55:01,708] [INFO] [fps_address_scraper.py:47] Original address: 77 12th St NE
[2024-10-23 19:55:01,708] [INFO] [fps_address_scraper.py:57] Standardized address: 77 12th St NE
[2024-10-23 19:55:01,789] [INFO] [fps_address_scraper.py:185] Scraping https://www.fastpeoplesearch.com/address/77-12th-st-ne_atlanta-ga/page/1
[2024-10-23 19:56:53,550] [INFO] [fps_address_scraper.py:26] Got successful response from https://www.fastpeoplesearch.com/address/77-12th-st-ne_atlanta-ga/page/1
[2024-10-23 19:56:53,822] [INFO] [fps_address_scraper.py:91] Saved 10 entries in /home/ubuntu/scripts/result_file/output_chunk_24.xlsx
[2024-10-23 19:56:53,904] [INFO] [fps_address_scraper.py:185] Scraping https://www.fastpeoplesearch.com/address/77-12th-st-ne_atlanta-ga/page/2
[2024-10-23 19:57:15,191] [INFO] [fps_address_scraper.py:26] Got successful response from https://www.fastpeoplesearch.com/address/77-12th-st-ne_atlanta-ga/page/2
[2024-10-23 19:57:15,472] [INFO] [fps_address_scraper.py:91] Saved 10 entries in /home/ubuntu/scripts/result_file/output_chunk_24.xlsx
[2024-10-23 19:57:15,555] [INFO] [fps_address_scraper.py:185] Scraping https://www.fastpeoplesearch.com/address/77-12th-st-ne_atlanta-ga/page/3
[2024-10-23 19:58:39,725] [INFO] [fps_address_scraper.py:26] Got successful response from https://www.fastpeoplesearch.com/address/77-12th-st-ne_atlanta-ga/page/3
[2024-10-23 19:58:40,081] [INFO] [fps_address_scraper.py:91] Saved 10 entries in /home/ubuntu/scripts/result_file/output_chunk_24.xlsx
[2024-10-23 19:58:40,197] [INFO] [fps_address_scraper.py:185] Scraping https://www.fastpeoplesearch.com/address/77-12th-st-ne_atlanta-ga/page/4
[2024-10-23 19:59:02,219] [INFO] [fps_address_scraper.py:26] Got successful response from https://www.fastpeoplesearch.com/address/77-12th-st-ne_atlanta-ga/page/4
[2024-10-23 19:59:02,467] [INFO] [fps_address_scraper.py:91] Saved 10 entries in /home/ubuntu/scripts/result_file/output_chunk_24.xlsx
[2024-10-23 19:59:02,556] [INFO] [fps_address_scraper.py:185] Scraping https://www.fastpeoplesearch.com/address/77-12th-st-ne_atlanta-ga/page/5
[2024-10-23 19:59:54,295] [INFO] [fps_address_scraper.py:26] Got successful response from https://www.fastpeoplesearch.com/address/77-12th-st-ne_atlanta-ga/page/5
[2024-10-23 19:59:54,578] [INFO] [fps_address_scraper.py:91] Saved 10 entries in /home/ubuntu/scripts/result_file/output_chunk_24.xlsx
[2024-10-23 19:59:54,665] [INFO] [fps_address_scraper.py:185] Scraping https://www.fastpeoplesearch.com/address/77-12th-st-ne_atlanta-ga/page/6
[2024-10-23 20:00:46,528] [INFO] [fps_address_scraper.py:26] Got successful response from https://www.fastpeoplesearch.com/address/77-12th-st-ne_atlanta-ga/page/6
[2024-10-23 20:00:46,819] [INFO] [fps_address_scraper.py:91] Saved 10 entries in /home/ubuntu/scripts/result_file/output_chunk_24.xlsx
[2024-10-23 20:00:46,908] [INFO] [fps_address_scraper.py:185] Scraping https://www.fastpeoplesearch.com/address/77-12th-st-ne_atlanta-ga/page/7
[2024-10-23 20:01:39,169] [INFO] [fps_address_scraper.py:26] Got successful response from https://www.fastpeoplesearch.com/address/77-12th-st-ne_atlanta-ga/page/7
[2024-10-23 20:01:39,465] [INFO] [fps_address_scraper.py:91] Saved 10 entries in /home/ubuntu/scripts/result_file/output_chunk_24.xlsx
[2024-10-23 20:01:39,557] [INFO] [fps_address_scraper.py:185] Scraping https://www.fastpeoplesearch.com/address/77-12th-st-ne_atlanta-ga/page/8
[2024-10-23 20:02:51,405] [INFO] [fps_address_scraper.py:26] Got successful response from https://www.fastpeoplesearch.com/address/77-12th-st-ne_atlanta-ga/page/8
[2024-10-23 20:02:51,697] [INFO] [fps_address_scraper.py:91] Saved 10 entries in /home/ubuntu/scripts/result_file/output_chunk_24.xlsx
[2024-10-23 20:02:51,788] [INFO] [fps_address_scraper.py:185] Scraping https://www.fastpeoplesearch.com/address/77-12th-st-ne_atlanta-ga/page/9
[2024-10-23 20:03:21,905] [INFO] [fps_address_scraper.py:26] Got successful response from https://www.fastpeoplesearch.com/address/77-12th-st-ne_atlanta-ga/page/9
[2024-10-23 20:03:22,199] [INFO] [fps_address_scraper.py:91] Saved 10 entries in /home/ubuntu/scripts/result_file/output_chunk_24.xlsx
[2024-10-23 20:03:22,291] [INFO] [fps_address_scraper.py:185] Scraping https://www.fastpeoplesearch.com/address/77-12th-st-ne_atlanta-ga/page/10
[2024-10-23 20:04:49,264] [INFO] [fps_address_scraper.py:26] Got successful response from https://www.fastpeoplesearch.com/address/77-12th-st-ne_atlanta-ga/page/10
[2024-10-23 20:04:49,588] [INFO] [fps_address_scraper.py:91] Saved 10 entries in /home/ubuntu/scripts/result_file/output_chunk_24.xlsx
[2024-10-23 20:04:49,682] [INFO] [fps_address_scraper.py:185] Scraping https://www.fastpeoplesearch.com/address/77-12th-st-ne_atlanta-ga/page/11
[2024-10-23 20:05:40,126] [INFO] [fps_address_scraper.py:26] Got successful response from https://www.fastpeoplesearch.com/address/77-12th-st-ne_atlanta-ga/page/11
[2024-10-23 20:05:40,680] [INFO] [fps_address_scraper.py:91] Saved 8 entries in /home/ubuntu/scripts/result_file/output_chunk_24.xlsx
[2024-10-23 20:05:40,775] [INFO] [fps_address_scraper.py:185] Scraping https://www.fastpeoplesearch.com/address/77-12th-st-ne_atlanta-ga/page/12
[2024-10-23 20:06:04,447] [INFO] [fps_address_scraper.py:26] Got successful response from https://www.fastpeoplesearch.com/address/77-12th-st-ne_atlanta-ga/page/12
[2024-10-23 20:06:04,458] [INFO] [fps_address_scraper.py:216] output_chunk_24.xlsx. Scraping 7 of 98
[2024-10-23 20:06:04,459] [INFO] [fps_address_scraper.py:47] Original address: 77 E Andrews Dr NW
[2024-10-23 20:06:04,459] [INFO] [fps_address_scraper.py:57] Standardized address: 77 E Andrews Dr NW
[2024-10-23 20:06:04,556] [INFO] [fps_address_scraper.py:185] Scraping https://www.fastpeoplesearch.com/address/77-e-andrews-dr-nw_atlanta-ga/page/1
[2024-10-23 20:07:31,767] [INFO] [fps_address_scraper.py:26] Got successful response from https://www.fastpeoplesearch.com/address/77-e-andrews-dr-nw_atlanta-ga/page/1
[2024-10-23 20:07:32,078] [INFO] [fps_address_scraper.py:91] Saved 10 entries in /home/ubuntu/scripts/result_file/output_chunk_24.xlsx
[2024-10-23 20:07:32,172] [INFO] [fps_address_scraper.py:185] Scraping https://www.fastpeoplesearch.com/address/77-e-andrews-dr-nw_atlanta-ga/page/2
[2024-10-23 20:08:31,256] [INFO] [fps_address_scraper.py:26] Got successful response from https://www.fastpeoplesearch.com/address/77-e-andrews-dr-nw_atlanta-ga/page/2
[2024-10-23 20:08:31,552] [INFO] [fps_address_scraper.py:91] Saved 10 entries in /home/ubuntu/scripts/result_file/output_chunk_24.xlsx
[2024-10-23 20:08:31,648] [INFO] [fps_address_scraper.py:185] Scraping https://www.fastpeoplesearch.com/address/77-e-andrews-dr-nw_atlanta-ga/page/3
[2024-10-23 20:09:21,699] [INFO] [fps_address_scraper.py:26] Got successful response from https://www.fastpeoplesearch.com/address/77-e-andrews-dr-nw_atlanta-ga/page/3
[2024-10-23 20:09:22,015] [INFO] [fps_address_scraper.py:91] Saved 10 entries in /home/ubuntu/scripts/result_file/output_chunk_24.xlsx
[2024-10-23 20:09:22,116] [INFO] [fps_address_scraper.py:185] Scraping https://www.fastpeoplesearch.com/address/77-e-andrews-dr-nw_atlanta-ga/page/4
[2024-10-23 20:11:18,047] [ERROR] [fps_address_scraper.py:24] Could not get successful response. Status code 500. {"status":"Failed to get successful response from website. Please retry the request."}
[2024-10-23 20:11:18,047] [WARNING] [api.py:40] Request failed. Status code 500, retrying in 1 seconds...
[2024-10-23 20:12:10,619] [INFO] [fps_address_scraper.py:26] Got successful response from https://www.fastpeoplesearch.com/address/77-e-andrews-dr-nw_atlanta-ga/page/4
[2024-10-23 20:12:10,935] [INFO] [fps_address_scraper.py:91] Saved 10 entries in /home/ubuntu/scripts/result_file/output_chunk_24.xlsx
[2024-10-23 20:12:11,054] [INFO] [fps_address_scraper.py:185] Scraping https://www.fastpeoplesearch.com/address/77-e-andrews-dr-nw_atlanta-ga/page/5
[2024-10-23 20:12:46,200] [INFO] [fps_address_scraper.py:26] Got successful response from https://www.fastpeoplesearch.com/address/77-e-andrews-dr-nw_atlanta-ga/page/5
[2024-10-23 20:12:46,525] [INFO] [fps_address_scraper.py:91] Saved 10 entries in /home/ubuntu/scripts/result_file/output_chunk_24.xlsx
[2024-10-23 20:12:46,629] [INFO] [fps_address_scraper.py:185] Scraping https://www.fastpeoplesearch.com/address/77-e-andrews-dr-nw_atlanta-ga/page/6
[2024-10-23 20:13:43,918] [INFO] [fps_address_scraper.py:26] Got successful response from https://www.fastpeoplesearch.com/address/77-e-andrews-dr-nw_atlanta-ga/page/6
[2024-10-23 20:13:44,242] [INFO] [fps_address_scraper.py:91] Saved 10 entries in /home/ubuntu/scripts/result_file/output_chunk_24.xlsx
[2024-10-23 20:13:44,348] [INFO] [fps_address_scraper.py:185] Scraping https://www.fastpeoplesearch.com/address/77-e-andrews-dr-nw_atlanta-ga/page/7
[2024-10-23 20:14:18,335] [INFO] [fps_address_scraper.py:26] Got successful response from https://www.fastpeoplesearch.com/address/77-e-andrews-dr-nw_atlanta-ga/page/7
[2024-10-23 20:14:18,720] [INFO] [fps_address_scraper.py:91] Saved 10 entries in /home/ubuntu/scripts/result_file/output_chunk_24.xlsx
[2024-10-23 20:14:18,825] [INFO] [fps_address_scraper.py:185] Scraping https://www.fastpeoplesearch.com/address/77-e-andrews-dr-nw_atlanta-ga/page/8
[2024-10-23 20:15:10,424] [INFO] [fps_address_scraper.py:26] Got successful response from https://www.fastpeoplesearch.com/address/77-e-andrews-dr-nw_atlanta-ga/page/8
[2024-10-23 20:15:10,756] [INFO] [fps_address_scraper.py:91] Saved 10 entries in /home/ubuntu/scripts/result_file/output_chunk_24.xlsx
[2024-10-23 20:15:10,864] [INFO] [fps_address_scraper.py:185] Scraping https://www.fastpeoplesearch.com/address/77-e-andrews-dr-nw_atlanta-ga/page/9
[2024-10-23 20:16:03,081] [INFO] [fps_address_scraper.py:26] Got successful response from https://www.fastpeoplesearch.com/address/77-e-andrews-dr-nw_atlanta-ga/page/9
[2024-10-23 20:16:03,424] [INFO] [fps_address_scraper.py:91] Saved 10 entries in /home/ubuntu/scripts/result_file/output_chunk_24.xlsx
[2024-10-23 20:16:03,533] [INFO] [fps_address_scraper.py:185] Scraping https://www.fastpeoplesearch.com/address/77-e-andrews-dr-nw_atlanta-ga/page/10
[2024-10-23 20:16:40,840] [INFO] [fps_address_scraper.py:26] Got successful response from https://www.fastpeoplesearch.com/address/77-e-andrews-dr-nw_atlanta-ga/page/10
[2024-10-23 20:16:41,187] [INFO] [fps_address_scraper.py:91] Saved 10 entries in /home/ubuntu/scripts/result_file/output_chunk_24.xlsx
[2024-10-23 20:16:41,300] [INFO] [fps_address_scraper.py:185] Scraping https://www.fastpeoplesearch.com/address/77-e-andrews-dr-nw_atlanta-ga/page/11
[2024-10-23 20:17:32,670] [INFO] [fps_address_scraper.py:26] Got successful response from https://www.fastpeoplesearch.com/address/77-e-andrews-dr-nw_atlanta-ga/page/11
[2024-10-23 20:17:33,020] [INFO] [fps_address_scraper.py:91] Saved 8 entries in /home/ubuntu/scripts/result_file/output_chunk_24.xlsx
[2024-10-23 20:17:33,133] [INFO] [fps_address_scraper.py:185] Scraping https://www.fastpeoplesearch.com/address/77-e-andrews-dr-nw_atlanta-ga/page/12
[2024-10-23 20:18:16,295] [INFO] [fps_address_scraper.py:26] Got successful response from https://www.fastpeoplesearch.com/address/77-e-andrews-dr-nw_atlanta-ga/page/12
[2024-10-23 20:18:16,307] [INFO] [fps_address_scraper.py:216] output_chunk_24.xlsx. Scraping 8 of 98
[2024-10-23 20:18:16,307] [INFO] [fps_address_scraper.py:47] Original address: 770 Juniper St NE
[2024-10-23 20:18:16,307] [INFO] [fps_address_scraper.py:57] Standardized address: 770 Juniper St NE
[2024-10-23 20:18:16,449] [INFO] [fps_address_scraper.py:185] Scraping https://www.fastpeoplesearch.com/address/770-juniper-st-ne_atlanta-ga/page/1
[2024-10-23 20:19:41,801] [INFO] [fps_address_scraper.py:26] Got successful response from https://www.fastpeoplesearch.com/address/770-juniper-st-ne_atlanta-ga/page/1
[2024-10-23 20:19:42,115] [INFO] [fps_address_scraper.py:91] Saved 10 entries in /home/ubuntu/scripts/result_file/output_chunk_24.xlsx
[2024-10-23 20:19:42,263] [INFO] [fps_address_scraper.py:185] Scraping https://www.fastpeoplesearch.com/address/770-juniper-st-ne_atlanta-ga/page/2
[2024-10-23 20:19:59,643] [INFO] [fps_address_scraper.py:26] Got successful response from https://www.fastpeoplesearch.com/address/770-juniper-st-ne_atlanta-ga/page/2
[2024-10-23 20:20:00,000] [INFO] [fps_address_scraper.py:91] Saved 10 entries in /home/ubuntu/scripts/result_file/output_chunk_24.xlsx
[2024-10-23 20:20:00,115] [INFO] [fps_address_scraper.py:185] Scraping https://www.fastpeoplesearch.com/address/770-juniper-st-ne_atlanta-ga/page/3
[2024-10-23 20:20:24,548] [INFO] [fps_address_scraper.py:26] Got successful response from https://www.fastpeoplesearch.com/address/770-juniper-st-ne_atlanta-ga/page/3
[2024-10-23 20:20:24,913] [INFO] [fps_address_scraper.py:91] Saved 10 entries in /home/ubuntu/scripts/result_file/output_chunk_24.xlsx
[2024-10-23 20:20:25,028] [INFO] [fps_address_scraper.py:185] Scraping https://www.fastpeoplesearch.com/address/770-juniper-st-ne_atlanta-ga/page/4
[2024-10-23 20:20:58,498] [INFO] [fps_address_scraper.py:26] Got successful response from https://www.fastpeoplesearch.com/address/770-juniper-st-ne_atlanta-ga/page/4
[2024-10-23 20:20:58,859] [INFO] [fps_address_scraper.py:91] Saved 10 entries in /home/ubuntu/scripts/result_file/output_chunk_24.xlsx
[2024-10-23 20:20:58,977] [INFO] [fps_address_scraper.py:185] Scraping https://www.fastpeoplesearch.com/address/770-juniper-st-ne_atlanta-ga/page/5
[2024-10-23 20:21:50,818] [INFO] [fps_address_scraper.py:26] Got successful response from https://www.fastpeoplesearch.com/address/770-juniper-st-ne_atlanta-ga/page/5
[2024-10-23 20:21:51,177] [INFO] [fps_address_scraper.py:91] Saved 10 entries in /home/ubuntu/scripts/result_file/output_chunk_24.xlsx
[2024-10-23 20:21:51,296] [INFO] [fps_address_scraper.py:185] Scraping https://www.fastpeoplesearch.com/address/770-juniper-st-ne_atlanta-ga/page/6
[2024-10-23 20:23:10,857] [INFO] [fps_address_scraper.py:26] Got successful response from https://www.fastpeoplesearch.com/address/770-juniper-st-ne_atlanta-ga/page/6
[2024-10-23 20:23:11,225] [INFO] [fps_address_scraper.py:91] Saved 10 entries in /home/ubuntu/scripts/result_file/output_chunk_24.xlsx
[2024-10-23 20:23:11,346] [INFO] [fps_address_scraper.py:185] Scraping https://www.fastpeoplesearch.com/address/770-juniper-st-ne_atlanta-ga/page/7
[2024-10-23 20:24:03,253] [INFO] [fps_address_scraper.py:26] Got successful response from https://www.fastpeoplesearch.com/address/770-juniper-st-ne_atlanta-ga/page/7
[2024-10-23 20:24:03,624] [INFO] [fps_address_scraper.py:91] Saved 10 entries in /home/ubuntu/scripts/result_file/output_chunk_24.xlsx
[2024-10-23 20:24:03,778] [INFO] [fps_address_scraper.py:185] Scraping https://www.fastpeoplesearch.com/address/770-juniper-st-ne_atlanta-ga/page/8
[2024-10-23 20:24:25,460] [INFO] [fps_address_scraper.py:26] Got successful response from https://www.fastpeoplesearch.com/address/770-juniper-st-ne_atlanta-ga/page/8
[2024-10-23 20:24:25,949] [INFO] [fps_address_scraper.py:91] Saved 10 entries in /home/ubuntu/scripts/result_file/output_chunk_24.xlsx
[2024-10-23 20:24:26,109] [INFO] [fps_address_scraper.py:185] Scraping https://www.fastpeoplesearch.com/address/770-juniper-st-ne_atlanta-ga/page/9
[2024-10-23 20:25:59,868] [INFO] [fps_address_scraper.py:26] Got successful response from https://www.fastpeoplesearch.com/address/770-juniper-st-ne_atlanta-ga/page/9
[2024-10-23 20:26:00,251] [INFO] [fps_address_scraper.py:91] Saved 10 entries in /home/ubuntu/scripts/result_file/output_chunk_24.xlsx
[2024-10-23 20:26:00,372] [INFO] [fps_address_scraper.py:185] Scraping https://www.fastpeoplesearch.com/address/770-juniper-st-ne_atlanta-ga/page/10
[2024-10-23 20:26:22,520] [INFO] [fps_address_scraper.py:26] Got successful response from https://www.fastpeoplesearch.com/address/770-juniper-st-ne_atlanta-ga/page/10
[2024-10-23 20:26:22,900] [INFO] [fps_address_scraper.py:91] Saved 10 entries in /home/ubuntu/scripts/result_file/output_chunk_24.xlsx
[2024-10-23 20:26:23,026] [INFO] [fps_address_scraper.py:185] Scraping https://www.fastpeoplesearch.com/address/770-juniper-st-ne_atlanta-ga/page/11
[2024-10-23 20:27:15,948] [INFO] [fps_address_scraper.py:26] Got successful response from https://www.fastpeoplesearch.com/address/770-juniper-st-ne_atlanta-ga/page/11
[2024-10-23 20:27:16,307] [INFO] [fps_address_scraper.py:91] Saved 7 entries in /home/ubuntu/scripts/result_file/output_chunk_24.xlsx
[2024-10-23 20:27:16,430] [INFO] [fps_address_scraper.py:185] Scraping https://www.fastpeoplesearch.com/address/770-juniper-st-ne_atlanta-ga/page/12
[2024-10-23 20:27:41,088] [INFO] [fps_address_scraper.py:26] Got successful response from https://www.fastpeoplesearch.com/address/770-juniper-st-ne_atlanta-ga/page/12
[2024-10-23 20:27:41,101] [INFO] [fps_address_scraper.py:216] output_chunk_24.xlsx. Scraping 9 of 98
[2024-10-23 20:27:41,101] [INFO] [fps_address_scraper.py:47] Original address: 7703 Lee Rd
[2024-10-23 20:27:41,101] [INFO] [fps_address_scraper.py:57] Standardized address: 7703 Lee Rd
[2024-10-23 20:27:41,250] [INFO] [fps_address_scraper.py:185] Scraping https://www.fastpeoplesearch.com/address/7703-lee-rd_lithia-springs-ga/page/1
[2024-10-23 20:28:12,384] [INFO] [fps_address_scraper.py:26] Got successful response from https://www.fastpeoplesearch.com/address/7703-lee-rd_lithia-springs-ga/page/1
[2024-10-23 20:28:12,752] [INFO] [fps_address_scraper.py:91] Saved 10 entries in /home/ubuntu/scripts/result_file/output_chunk_24.xlsx
[2024-10-23 20:28:12,879] [INFO] [fps_address_scraper.py:185] Scraping https://www.fastpeoplesearch.com/address/7703-lee-rd_lithia-springs-ga/page/2
[2024-10-23 20:28:39,084] [INFO] [fps_address_scraper.py:26] Got successful response from https://www.fastpeoplesearch.com/address/7703-lee-rd_lithia-springs-ga/page/2
[2024-10-23 20:28:39,464] [INFO] [fps_address_scraper.py:91] Saved 10 entries in /home/ubuntu/scripts/result_file/output_chunk_24.xlsx
[2024-10-23 20:28:39,591] [INFO] [fps_address_scraper.py:185] Scraping https://www.fastpeoplesearch.com/address/7703-lee-rd_lithia-springs-ga/page/3
[2024-10-23 20:29:29,446] [INFO] [fps_address_scraper.py:26] Got successful response from https://www.fastpeoplesearch.com/address/7703-lee-rd_lithia-springs-ga/page/3
[2024-10-23 20:29:29,951] [INFO] [fps_address_scraper.py:91] Saved 10 entries in /home/ubuntu/scripts/result_file/output_chunk_24.xlsx
[2024-10-23 20:29:30,088] [INFO] [fps_address_scraper.py:185] Scraping https://www.fastpeoplesearch.com/address/7703-lee-rd_lithia-springs-ga/page/4
[2024-10-23 20:30:11,031] [INFO] [fps_address_scraper.py:26] Got successful response from https://www.fastpeoplesearch.com/address/7703-lee-rd_lithia-springs-ga/page/4
[2024-10-23 20:30:11,407] [INFO] [fps_address_scraper.py:91] Saved 10 entries in /home/ubuntu/scripts/result_file/output_chunk_24.xlsx
[2024-10-23 20:30:11,569] [INFO] [fps_address_scraper.py:185] Scraping https://www.fastpeoplesearch.com/address/7703-lee-rd_lithia-springs-ga/page/5
[2024-10-23 20:31:46,256] [INFO] [fps_address_scraper.py:26] Got successful response from https://www.fastpeoplesearch.com/address/7703-lee-rd_lithia-springs-ga/page/5
[2024-10-23 20:31:46,638] [INFO] [fps_address_scraper.py:91] Saved 10 entries in /home/ubuntu/scripts/result_file/output_chunk_24.xlsx
[2024-10-23 20:31:46,771] [INFO] [fps_address_scraper.py:185] Scraping https://www.fastpeoplesearch.com/address/7703-lee-rd_lithia-springs-ga/page/6
[2024-10-23 20:32:52,950] [INFO] [fps_address_scraper.py:26] Got successful response from https://www.fastpeoplesearch.com/address/7703-lee-rd_lithia-springs-ga/page/6
[2024-10-23 20:32:53,337] [INFO] [fps_address_scraper.py:91] Saved 10 entries in /home/ubuntu/scripts/result_file/output_chunk_24.xlsx
[2024-10-23 20:32:53,468] [INFO] [fps_address_scraper.py:185] Scraping https://www.fastpeoplesearch.com/address/7703-lee-rd_lithia-springs-ga/page/7
[2024-10-23 20:33:45,001] [INFO] [fps_address_scraper.py:26] Got successful response from https://www.fastpeoplesearch.com/address/7703-lee-rd_lithia-springs-ga/page/7
[2024-10-23 20:33:45,393] [INFO] [fps_address_scraper.py:91] Saved 10 entries in /home/ubuntu/scripts/result_file/output_chunk_24.xlsx
[2024-10-23 20:33:45,560] [INFO] [fps_address_scraper.py:185] Scraping https://www.fastpeoplesearch.com/address/7703-lee-rd_lithia-springs-ga/page/8
[2024-10-23 20:34:12,337] [INFO] [fps_address_scraper.py:26] Got successful response from https://www.fastpeoplesearch.com/address/7703-lee-rd_lithia-springs-ga/page/8
[2024-10-23 20:34:12,741] [INFO] [fps_address_scraper.py:91] Saved 10 entries in /home/ubuntu/scripts/result_file/output_chunk_24.xlsx
[2024-10-23 20:34:12,879] [INFO] [fps_address_scraper.py:185] Scraping https://www.fastpeoplesearch.com/address/7703-lee-rd_lithia-springs-ga/page/9
[2024-10-23 20:34:50,234] [INFO] [fps_address_scraper.py:26] Got successful response from https://www.fastpeoplesearch.com/address/7703-lee-rd_lithia-springs-ga/page/9
[2024-10-23 20:34:50,639] [INFO] [fps_address_scraper.py:91] Saved 10 entries in /home/ubuntu/scripts/result_file/output_chunk_24.xlsx
[2024-10-23 20:34:50,777] [INFO] [fps_address_scraper.py:185] Scraping https://www.fastpeoplesearch.com/address/7703-lee-rd_lithia-springs-ga/page/10
[2024-10-23 20:35:42,934] [INFO] [fps_address_scraper.py:26] Got successful response from https://www.fastpeoplesearch.com/address/7703-lee-rd_lithia-springs-ga/page/10
[2024-10-23 20:35:43,337] [INFO] [fps_address_scraper.py:91] Saved 10 entries in /home/ubuntu/scripts/result_file/output_chunk_24.xlsx
[2024-10-23 20:35:43,500] [INFO] [fps_address_scraper.py:185] Scraping https://www.fastpeoplesearch.com/address/7703-lee-rd_lithia-springs-ga/page/11
[2024-10-23 20:36:35,306] [INFO] [fps_address_scraper.py:26] Got successful response from https://www.fastpeoplesearch.com/address/7703-lee-rd_lithia-springs-ga/page/11
[2024-10-23 20:36:35,735] [INFO] [fps_address_scraper.py:91] Saved 7 entries in /home/ubuntu/scripts/result_file/output_chunk_24.xlsx
[2024-10-23 20:36:35,873] [INFO] [fps_address_scraper.py:185] Scraping https://www.fastpeoplesearch.com/address/7703-lee-rd_lithia-springs-ga/page/12
[2024-10-23 20:36:58,951] [INFO] [fps_address_scraper.py:26] Got successful response from https://www.fastpeoplesearch.com/address/7703-lee-rd_lithia-springs-ga/page/12
[2024-10-23 20:36:58,963] [INFO] [fps_address_scraper.py:216] output_chunk_24.xlsx. Scraping 10 of 98
[2024-10-23 20:36:58,964] [INFO] [fps_address_scraper.py:47] Original address: 777 Memorial Dr
[2024-10-23 20:36:58,964] [INFO] [fps_address_scraper.py:57] Standardized address: 777 Memorial Dr
[2024-10-23 20:36:59,107] [INFO] [fps_address_scraper.py:185] Scraping https://www.fastpeoplesearch.com/address/777-memorial-dr_atlanta-ga/page/1
[2024-10-23 20:37:34,762] [INFO] [fps_address_scraper.py:26] Got successful response from https://www.fastpeoplesearch.com/address/777-memorial-dr_atlanta-ga/page/1
[2024-10-23 20:37:35,192] [INFO] [fps_address_scraper.py:91] Saved 10 entries in /home/ubuntu/scripts/result_file/output_chunk_24.xlsx
[2024-10-23 20:37:35,362] [INFO] [fps_address_scraper.py:185] Scraping https://www.fastpeoplesearch.com/address/777-memorial-dr_atlanta-ga/page/2
[2024-10-23 20:38:12,102] [INFO] [fps_address_scraper.py:26] Got successful response from https://www.fastpeoplesearch.com/address/777-memorial-dr_atlanta-ga/page/2
[2024-10-23 20:38:12,511] [INFO] [fps_address_scraper.py:91] Saved 10 entries in /home/ubuntu/scripts/result_file/output_chunk_24.xlsx
[2024-10-23 20:38:12,654] [INFO] [fps_address_scraper.py:185] Scraping https://www.fastpeoplesearch.com/address/777-memorial-dr_atlanta-ga/page/3
[2024-10-23 20:38:36,186] [INFO] [fps_address_scraper.py:26] Got successful response from https://www.fastpeoplesearch.com/address/777-memorial-dr_atlanta-ga/page/3
[2024-10-23 20:38:36,604] [INFO] [fps_address_scraper.py:91] Saved 10 entries in /home/ubuntu/scripts/result_file/output_chunk_24.xlsx
[2024-10-23 20:38:36,750] [INFO] [fps_address_scraper.py:185] Scraping https://www.fastpeoplesearch.com/address/777-memorial-dr_atlanta-ga/page/4
[2024-10-23 20:39:27,973] [INFO] [fps_address_scraper.py:26] Got successful response from https://www.fastpeoplesearch.com/address/777-memorial-dr_atlanta-ga/page/4
[2024-10-23 20:39:28,385] [INFO] [fps_address_scraper.py:91] Saved 10 entries in /home/ubuntu/scripts/result_file/output_chunk_24.xlsx
[2024-10-23 20:39:28,564] [INFO] [fps_address_scraper.py:185] Scraping https://www.fastpeoplesearch.com/address/777-memorial-dr_atlanta-ga/page/5
[2024-10-23 20:40:20,266] [INFO] [fps_address_scraper.py:26] Got successful response from https://www.fastpeoplesearch.com/address/777-memorial-dr_atlanta-ga/page/5
[2024-10-23 20:40:20,688] [INFO] [fps_address_scraper.py:91] Saved 10 entries in /home/ubuntu/scripts/result_file/output_chunk_24.xlsx
[2024-10-23 20:40:20,836] [INFO] [fps_address_scraper.py:185] Scraping https://www.fastpeoplesearch.com/address/777-memorial-dr_atlanta-ga/page/6
[2024-10-23 20:40:55,370] [INFO] [fps_address_scraper.py:26] Got successful response from https://www.fastpeoplesearch.com/address/777-memorial-dr_atlanta-ga/page/6
[2024-10-23 20:40:55,795] [INFO] [fps_address_scraper.py:91] Saved 10 entries in /home/ubuntu/scripts/result_file/output_chunk_24.xlsx
[2024-10-23 20:40:55,969] [INFO] [fps_address_scraper.py:185] Scraping https://www.fastpeoplesearch.com/address/777-memorial-dr_atlanta-ga/page/7
[2024-10-23 20:41:30,291] [INFO] [fps_address_scraper.py:26] Got successful response from https://www.fastpeoplesearch.com/address/777-memorial-dr_atlanta-ga/page/7
[2024-10-23 20:41:30,720] [INFO] [fps_address_scraper.py:91] Saved 10 entries in /home/ubuntu/scripts/result_file/output_chunk_24.xlsx
[2024-10-23 20:41:30,871] [INFO] [fps_address_scraper.py:185] Scraping https://www.fastpeoplesearch.com/address/777-memorial-dr_atlanta-ga/page/8
[2024-10-23 20:42:20,084] [INFO] [fps_address_scraper.py:26] Got successful response from https://www.fastpeoplesearch.com/address/777-memorial-dr_atlanta-ga/page/8
[2024-10-23 20:42:20,656] [INFO] [fps_address_scraper.py:91] Saved 10 entries in /home/ubuntu/scripts/result_file/output_chunk_24.xlsx
[2024-10-23 20:42:20,884] [INFO] [fps_address_scraper.py:185] Scraping https://www.fastpeoplesearch.com/address/777-memorial-dr_atlanta-ga/page/9
[2024-10-23 20:44:14,125] [ERROR] [fps_address_scraper.py:24] Could not get successful response. Status code 500. {"status":"Failed to get successful response from website. Please retry the request."}
[2024-10-23 20:44:14,126] [WARNING] [api.py:40] Request failed. Status code 500, retrying in 1 seconds...
[2024-10-23 20:44:37,269] [INFO] [fps_address_scraper.py:26] Got successful response from https://www.fastpeoplesearch.com/address/777-memorial-dr_atlanta-ga/page/9
[2024-10-23 20:44:37,704] [INFO] [fps_address_scraper.py:91] Saved 10 entries in /home/ubuntu/scripts/result_file/output_chunk_24.xlsx
[2024-10-23 20:44:37,857] [INFO] [fps_address_scraper.py:185] Scraping https://www.fastpeoplesearch.com/address/777-memorial-dr_atlanta-ga/page/10
[2024-10-23 20:45:02,199] [INFO] [fps_address_scraper.py:26] Got successful response from https://www.fastpeoplesearch.com/address/777-memorial-dr_atlanta-ga/page/10
[2024-10-23 20:45:02,633] [INFO] [fps_address_scraper.py:91] Saved 10 entries in /home/ubuntu/scripts/result_file/output_chunk_24.xlsx
[2024-10-23 20:45:02,813] [INFO] [fps_address_scraper.py:185] Scraping https://www.fastpeoplesearch.com/address/777-memorial-dr_atlanta-ga/page/11
[2024-10-23 20:45:55,288] [INFO] [fps_address_scraper.py:26] Got successful response from https://www.fastpeoplesearch.com/address/777-memorial-dr_atlanta-ga/page/11
[2024-10-23 20:45:55,714] [INFO] [fps_address_scraper.py:91] Saved 7 entries in /home/ubuntu/scripts/result_file/output_chunk_24.xlsx
[2024-10-23 20:45:55,869] [INFO] [fps_address_scraper.py:185] Scraping https://www.fastpeoplesearch.com/address/777-memorial-dr_atlanta-ga/page/12
[2024-10-23 20:46:17,758] [INFO] [fps_address_scraper.py:26] Got successful response from https://www.fastpeoplesearch.com/address/777-memorial-dr_atlanta-ga/page/12
[2024-10-23 20:46:17,771] [INFO] [fps_address_scraper.py:216] output_chunk_24.xlsx. Scraping 11 of 98
[2024-10-23 20:46:17,771] [INFO] [fps_address_scraper.py:47] Original address: 777 Memorial Dr Ste #7000
[2024-10-23 20:46:17,771] [INFO] [fps_address_scraper.py:57] Standardized address: 777 Memorial Dr Ste #7000
[2024-10-23 20:46:17,927] [INFO] [fps_address_scraper.py:185] Scraping https://www.fastpeoplesearch.com/address/777-memorial-dr-ste-#7000_atlanta-ga/page/1
[2024-10-23 20:46:41,428] [INFO] [fps_address_scraper.py:26] Got successful response from https://www.fastpeoplesearch.com/address/777-memorial-dr-ste-#7000_atlanta-ga/page/1
[2024-10-23 20:46:41,440] [INFO] [fps_address_scraper.py:216] output_chunk_24.xlsx. Scraping 12 of 98
[2024-10-23 20:46:41,440] [INFO] [fps_address_scraper.py:47] Original address: 780 Memorial Dr SE
[2024-10-23 20:46:41,440] [INFO] [fps_address_scraper.py:57] Standardized address: 780 Memorial Dr SE
[2024-10-23 20:46:41,627] [INFO] [fps_address_scraper.py:185] Scraping https://www.fastpeoplesearch.com/address/780-memorial-dr-se_atlanta-ga/page/1
[2024-10-23 20:47:33,696] [INFO] [fps_address_scraper.py:26] Got successful response from https://www.fastpeoplesearch.com/address/780-memorial-dr-se_atlanta-ga/page/1
[2024-10-23 20:47:34,133] [INFO] [fps_address_scraper.py:91] Saved 10 entries in /home/ubuntu/scripts/result_file/output_chunk_24.xlsx
[2024-10-23 20:47:34,290] [INFO] [fps_address_scraper.py:185] Scraping https://www.fastpeoplesearch.com/address/780-memorial-dr-se_atlanta-ga/page/2
[2024-10-23 20:48:11,561] [INFO] [fps_address_scraper.py:26] Got successful response from https://www.fastpeoplesearch.com/address/780-memorial-dr-se_atlanta-ga/page/2
[2024-10-23 20:48:12,128] [INFO] [fps_address_scraper.py:91] Saved 10 entries in /home/ubuntu/scripts/result_file/output_chunk_24.xlsx
[2024-10-23 20:48:12,479] [INFO] [fps_address_scraper.py:185] Scraping https://www.fastpeoplesearch.com/address/780-memorial-dr-se_atlanta-ga/page/3
[2024-10-23 20:48:34,956] [INFO] [fps_address_scraper.py:26] Got successful response from https://www.fastpeoplesearch.com/address/780-memorial-dr-se_atlanta-ga/page/3
[2024-10-23 20:48:35,396] [INFO] [fps_address_scraper.py:91] Saved 10 entries in /home/ubuntu/scripts/result_file/output_chunk_24.xlsx
[2024-10-23 20:48:35,555] [INFO] [fps_address_scraper.py:185] Scraping https://www.fastpeoplesearch.com/address/780-memorial-dr-se_atlanta-ga/page/4
[2024-10-23 20:49:04,474] [INFO] [fps_address_scraper.py:26] Got successful response from https://www.fastpeoplesearch.com/address/780-memorial-dr-se_atlanta-ga/page/4
[2024-10-23 20:49:04,937] [INFO] [fps_address_scraper.py:91] Saved 10 entries in /home/ubuntu/scripts/result_file/output_chunk_24.xlsx
[2024-10-23 20:49:05,125] [INFO] [fps_address_scraper.py:185] Scraping https://www.fastpeoplesearch.com/address/780-memorial-dr-se_atlanta-ga/page/5
[2024-10-23 20:49:45,655] [INFO] [fps_address_scraper.py:26] Got successful response from https://www.fastpeoplesearch.com/address/780-memorial-dr-se_atlanta-ga/page/5
[2024-10-23 20:49:46,104] [INFO] [fps_address_scraper.py:91] Saved 10 entries in /home/ubuntu/scripts/result_file/output_chunk_24.xlsx
[2024-10-23 20:49:46,268] [INFO] [fps_address_scraper.py:185] Scraping https://www.fastpeoplesearch.com/address/780-memorial-dr-se_atlanta-ga/page/6
[2024-10-23 20:50:19,477] [INFO] [fps_address_scraper.py:26] Got successful response from https://www.fastpeoplesearch.com/address/780-memorial-dr-se_atlanta-ga/page/6
[2024-10-23 20:50:19,965] [INFO] [fps_address_scraper.py:91] Saved 10 entries in /home/ubuntu/scripts/result_file/output_chunk_24.xlsx
[2024-10-23 20:50:20,226] [INFO] [fps_address_scraper.py:185] Scraping https://www.fastpeoplesearch.com/address/780-memorial-dr-se_atlanta-ga/page/7
[2024-10-23 20:50:53,384] [INFO] [fps_address_scraper.py:26] Got successful response from https://www.fastpeoplesearch.com/address/780-memorial-dr-se_atlanta-ga/page/7
[2024-10-23 20:50:53,840] [INFO] [fps_address_scraper.py:91] Saved 10 entries in /home/ubuntu/scripts/result_file/output_chunk_24.xlsx
[2024-10-23 20:50:54,034] [INFO] [fps_address_scraper.py:185] Scraping https://www.fastpeoplesearch.com/address/780-memorial-dr-se_atlanta-ga/page/8
[2024-10-23 20:51:12,022] [INFO] [fps_address_scraper.py:26] Got successful response from https://www.fastpeoplesearch.com/address/780-memorial-dr-se_atlanta-ga/page/8
[2024-10-23 20:51:12,479] [INFO] [fps_address_scraper.py:91] Saved 10 entries in /home/ubuntu/scripts/result_file/output_chunk_24.xlsx
[2024-10-23 20:51:12,782] [INFO] [fps_address_scraper.py:185] Scraping https://www.fastpeoplesearch.com/address/780-memorial-dr-se_atlanta-ga/page/9
[2024-10-23 20:51:41,030] [INFO] [fps_address_scraper.py:26] Got successful response from https://www.fastpeoplesearch.com/address/780-memorial-dr-se_atlanta-ga/page/9
[2024-10-23 20:51:41,515] [INFO] [fps_address_scraper.py:91] Saved 10 entries in /home/ubuntu/scripts/result_file/output_chunk_24.xlsx
[2024-10-23 20:51:41,715] [INFO] [fps_address_scraper.py:185] Scraping https://www.fastpeoplesearch.com/address/780-memorial-dr-se_atlanta-ga/page/10
[2024-10-23 20:52:40,134] [INFO] [fps_address_scraper.py:26] Got successful response from https://www.fastpeoplesearch.com/address/780-memorial-dr-se_atlanta-ga/page/10
[2024-10-23 20:52:40,617] [INFO] [fps_address_scraper.py:91] Saved 10 entries in /home/ubuntu/scripts/result_file/output_chunk_24.xlsx
[2024-10-23 20:52:40,786] [INFO] [fps_address_scraper.py:185] Scraping https://www.fastpeoplesearch.com/address/780-memorial-dr-se_atlanta-ga/page/11
[2024-10-23 20:53:11,200] [INFO] [fps_address_scraper.py:26] Got successful response from https://www.fastpeoplesearch.com/address/780-memorial-dr-se_atlanta-ga/page/11
[2024-10-23 20:53:11,691] [INFO] [fps_address_scraper.py:91] Saved 8 entries in /home/ubuntu/scripts/result_file/output_chunk_24.xlsx
[2024-10-23 20:53:11,860] [INFO] [fps_address_scraper.py:185] Scraping https://www.fastpeoplesearch.com/address/780-memorial-dr-se_atlanta-ga/page/12
[2024-10-23 20:53:34,033] [INFO] [fps_address_scraper.py:26] Got successful response from https://www.fastpeoplesearch.com/address/780-memorial-dr-se_atlanta-ga/page/12
[2024-10-23 20:53:34,045] [INFO] [fps_address_scraper.py:216] output_chunk_24.xlsx. Scraping 13 of 98
[2024-10-23 20:53:34,045] [INFO] [fps_address_scraper.py:47] Original address: 790 Huff Rd NW
[2024-10-23 20:53:34,045] [INFO] [fps_address_scraper.py:57] Standardized address: 790 Huff Rd NW
[2024-10-23 20:53:34,217] [INFO] [fps_address_scraper.py:185] Scraping https://www.fastpeoplesearch.com/address/790-huff-rd-nw_atlanta-ga/page/1
[2024-10-23 20:54:03,902] [INFO] [fps_address_scraper.py:26] Got successful response from https://www.fastpeoplesearch.com/address/790-huff-rd-nw_atlanta-ga/page/1
[2024-10-23 20:54:04,403] [INFO] [fps_address_scraper.py:91] Saved 10 entries in /home/ubuntu/scripts/result_file/output_chunk_24.xlsx
[2024-10-23 20:54:04,575] [INFO] [fps_address_scraper.py:185] Scraping https://www.fastpeoplesearch.com/address/790-huff-rd-nw_atlanta-ga/page/2
[2024-10-23 20:54:26,090] [INFO] [fps_address_scraper.py:26] Got successful response from https://www.fastpeoplesearch.com/address/790-huff-rd-nw_atlanta-ga/page/2
[2024-10-23 20:54:26,564] [INFO] [fps_address_scraper.py:91] Saved 10 entries in /home/ubuntu/scripts/result_file/output_chunk_24.xlsx
[2024-10-23 20:54:26,763] [INFO] [fps_address_scraper.py:185] Scraping https://www.fastpeoplesearch.com/address/790-huff-rd-nw_atlanta-ga/page/3
[2024-10-23 20:55:00,014] [INFO] [fps_address_scraper.py:26] Got successful response from https://www.fastpeoplesearch.com/address/790-huff-rd-nw_atlanta-ga/page/3
[2024-10-23 20:55:00,492] [INFO] [fps_address_scraper.py:91] Saved 10 entries in /home/ubuntu/scripts/result_file/output_chunk_24.xlsx
[2024-10-23 20:55:00,665] [INFO] [fps_address_scraper.py:185] Scraping https://www.fastpeoplesearch.com/address/790-huff-rd-nw_atlanta-ga/page/4
[2024-10-23 20:55:23,218] [INFO] [fps_address_scraper.py:26] Got successful response from https://www.fastpeoplesearch.com/address/790-huff-rd-nw_atlanta-ga/page/4
[2024-10-23 20:55:23,731] [INFO] [fps_address_scraper.py:91] Saved 10 entries in /home/ubuntu/scripts/result_file/output_chunk_24.xlsx
[2024-10-23 20:55:23,904] [INFO] [fps_address_scraper.py:185] Scraping https://www.fastpeoplesearch.com/address/790-huff-rd-nw_atlanta-ga/page/5
[2024-10-23 20:55:53,143] [INFO] [fps_address_scraper.py:26] Got successful response from https://www.fastpeoplesearch.com/address/790-huff-rd-nw_atlanta-ga/page/5
[2024-10-23 20:55:54,646] [INFO] [fps_address_scraper.py:91] Saved 10 entries in /home/ubuntu/scripts/result_file/output_chunk_24.xlsx
[2024-10-23 20:55:55,020] [INFO] [fps_address_scraper.py:185] Scraping https://www.fastpeoplesearch.com/address/790-huff-rd-nw_atlanta-ga/page/6
[2024-10-23 20:57:34,091] [INFO] [fps_address_scraper.py:26] Got successful response from https://www.fastpeoplesearch.com/address/790-huff-rd-nw_atlanta-ga/page/6
[2024-10-23 20:57:34,575] [INFO] [fps_address_scraper.py:91] Saved 10 entries in /home/ubuntu/scripts/result_file/output_chunk_24.xlsx
[2024-10-23 20:57:34,751] [INFO] [fps_address_scraper.py:185] Scraping https://www.fastpeoplesearch.com/address/790-huff-rd-nw_atlanta-ga/page/7
[2024-10-23 20:59:02,749] [INFO] [fps_address_scraper.py:26] Got successful response from https://www.fastpeoplesearch.com/address/790-huff-rd-nw_atlanta-ga/page/7
[2024-10-23 20:59:03,375] [INFO] [fps_address_scraper.py:91] Saved 10 entries in /home/ubuntu/scripts/result_file/output_chunk_24.xlsx
[2024-10-23 20:59:03,556] [INFO] [fps_address_scraper.py:185] Scraping https://www.fastpeoplesearch.com/address/790-huff-rd-nw_atlanta-ga/page/8
