[2024-10-23 18:58:32,776] [INFO] [fps_address_scraper.py:216] output_chunk_19.xlsx. Scraping 1 of 98
[2024-10-23 18:58:32,776] [INFO] [fps_address_scraper.py:47] Original address: 100 River Mill Dr
[2024-10-23 18:58:32,776] [INFO] [fps_address_scraper.py:57] Standardized address: 100 River Mill Dr
[2024-10-23 18:58:32,777] [INFO] [fps_address_scraper.py:185] Scraping https://www.fastpeoplesearch.com/address/100-river-mill-dr_asheville-nc/page/1
[2024-10-23 18:58:55,293] [INFO] [fps_address_scraper.py:26] Got successful response from https://www.fastpeoplesearch.com/address/100-river-mill-dr_asheville-nc/page/1
[2024-10-23 18:58:55,372] [INFO] [fps_address_scraper.py:91] Saved 10 entries in /home/ubuntu/scripts/result_file/output_chunk_19.xlsx
[2024-10-23 18:58:55,379] [INFO] [fps_address_scraper.py:185] Scraping https://www.fastpeoplesearch.com/address/100-river-mill-dr_asheville-nc/page/2
[2024-10-23 19:01:37,917] [INFO] [fps_address_scraper.py:216] output_chunk_19.xlsx. Scraping 1 of 98
[2024-10-23 19:01:37,917] [INFO] [fps_address_scraper.py:47] Original address: 100 River Mill Dr
[2024-10-23 19:01:37,917] [INFO] [fps_address_scraper.py:57] Standardized address: 100 River Mill Dr
[2024-10-23 19:01:37,957] [INFO] [fps_address_scraper.py:182] Skipping https://www.fastpeoplesearch.com/address/100-river-mill-dr_asheville-nc/page/1 because already scraped.
[2024-10-23 19:01:37,996] [INFO] [fps_address_scraper.py:185] Scraping https://www.fastpeoplesearch.com/address/100-river-mill-dr_asheville-nc/page/2
[2024-10-23 19:02:29,401] [INFO] [fps_address_scraper.py:26] Got successful response from https://www.fastpeoplesearch.com/address/100-river-mill-dr_asheville-nc/page/2
[2024-10-23 19:02:29,487] [INFO] [fps_address_scraper.py:91] Saved 10 entries in /home/ubuntu/scripts/result_file/output_chunk_19.xlsx
[2024-10-23 19:02:29,495] [INFO] [fps_address_scraper.py:185] Scraping https://www.fastpeoplesearch.com/address/100-river-mill-dr_asheville-nc/page/3
[2024-10-23 19:02:54,712] [INFO] [fps_address_scraper.py:26] Got successful response from https://www.fastpeoplesearch.com/address/100-river-mill-dr_asheville-nc/page/3
[2024-10-23 19:02:54,796] [INFO] [fps_address_scraper.py:91] Saved 10 entries in /home/ubuntu/scripts/result_file/output_chunk_19.xlsx
[2024-10-23 19:02:54,804] [INFO] [fps_address_scraper.py:185] Scraping https://www.fastpeoplesearch.com/address/100-river-mill-dr_asheville-nc/page/4
[2024-10-23 19:03:47,136] [INFO] [fps_address_scraper.py:26] Got successful response from https://www.fastpeoplesearch.com/address/100-river-mill-dr_asheville-nc/page/4
[2024-10-23 19:03:47,220] [INFO] [fps_address_scraper.py:91] Saved 10 entries in /home/ubuntu/scripts/result_file/output_chunk_19.xlsx
[2024-10-23 19:03:47,231] [INFO] [fps_address_scraper.py:185] Scraping https://www.fastpeoplesearch.com/address/100-river-mill-dr_asheville-nc/page/5
[2024-10-23 19:04:17,235] [INFO] [fps_address_scraper.py:26] Got successful response from https://www.fastpeoplesearch.com/address/100-river-mill-dr_asheville-nc/page/5
[2024-10-23 19:04:17,363] [INFO] [fps_address_scraper.py:91] Saved 10 entries in /home/ubuntu/scripts/result_file/output_chunk_19.xlsx
[2024-10-23 19:04:17,376] [INFO] [fps_address_scraper.py:185] Scraping https://www.fastpeoplesearch.com/address/100-river-mill-dr_asheville-nc/page/6
[2024-10-23 19:08:00,453] [INFO] [fps_address_scraper.py:216] output_chunk_19.xlsx. Scraping 1 of 98
[2024-10-23 19:08:00,453] [INFO] [fps_address_scraper.py:47] Original address: 100 River Mill Dr
[2024-10-23 19:08:00,453] [INFO] [fps_address_scraper.py:57] Standardized address: 100 River Mill Dr
[2024-10-23 19:08:00,633] [INFO] [fps_address_scraper.py:182] Skipping https://www.fastpeoplesearch.com/address/100-river-mill-dr_asheville-nc/page/1 because already scraped.
[2024-10-23 19:08:00,732] [INFO] [fps_address_scraper.py:182] Skipping https://www.fastpeoplesearch.com/address/100-river-mill-dr_asheville-nc/page/2 because already scraped.
[2024-10-23 19:08:00,846] [INFO] [fps_address_scraper.py:182] Skipping https://www.fastpeoplesearch.com/address/100-river-mill-dr_asheville-nc/page/3 because already scraped.
[2024-10-23 19:08:00,938] [INFO] [fps_address_scraper.py:182] Skipping https://www.fastpeoplesearch.com/address/100-river-mill-dr_asheville-nc/page/4 because already scraped.
[2024-10-23 19:08:01,006] [INFO] [fps_address_scraper.py:182] Skipping https://www.fastpeoplesearch.com/address/100-river-mill-dr_asheville-nc/page/5 because already scraped.
[2024-10-23 19:08:01,050] [INFO] [fps_address_scraper.py:185] Scraping https://www.fastpeoplesearch.com/address/100-river-mill-dr_asheville-nc/page/6
[2024-10-23 19:08:42,320] [INFO] [fps_address_scraper.py:26] Got successful response from https://www.fastpeoplesearch.com/address/100-river-mill-dr_asheville-nc/page/6
[2024-10-23 19:08:42,425] [INFO] [fps_address_scraper.py:91] Saved 10 entries in /home/ubuntu/scripts/result_file/output_chunk_19.xlsx
[2024-10-23 19:08:42,439] [INFO] [fps_address_scraper.py:185] Scraping https://www.fastpeoplesearch.com/address/100-river-mill-dr_asheville-nc/page/7
[2024-10-23 19:10:05,957] [INFO] [fps_address_scraper.py:26] Got successful response from https://www.fastpeoplesearch.com/address/100-river-mill-dr_asheville-nc/page/7
[2024-10-23 19:10:06,059] [INFO] [fps_address_scraper.py:91] Saved 10 entries in /home/ubuntu/scripts/result_file/output_chunk_19.xlsx
[2024-10-23 19:10:06,107] [INFO] [fps_address_scraper.py:185] Scraping https://www.fastpeoplesearch.com/address/100-river-mill-dr_asheville-nc/page/8
[2024-10-23 19:11:38,504] [INFO] [fps_address_scraper.py:26] Got successful response from https://www.fastpeoplesearch.com/address/100-river-mill-dr_asheville-nc/page/8
[2024-10-23 19:11:38,607] [INFO] [fps_address_scraper.py:91] Saved 10 entries in /home/ubuntu/scripts/result_file/output_chunk_19.xlsx
[2024-10-23 19:11:38,624] [INFO] [fps_address_scraper.py:185] Scraping https://www.fastpeoplesearch.com/address/100-river-mill-dr_asheville-nc/page/9
[2024-10-23 19:12:00,737] [INFO] [fps_address_scraper.py:26] Got successful response from https://www.fastpeoplesearch.com/address/100-river-mill-dr_asheville-nc/page/9
[2024-10-23 19:12:00,835] [INFO] [fps_address_scraper.py:91] Saved 10 entries in /home/ubuntu/scripts/result_file/output_chunk_19.xlsx
[2024-10-23 19:12:00,854] [INFO] [fps_address_scraper.py:185] Scraping https://www.fastpeoplesearch.com/address/100-river-mill-dr_asheville-nc/page/10
[2024-10-23 19:13:17,645] [INFO] [fps_address_scraper.py:26] Got successful response from https://www.fastpeoplesearch.com/address/100-river-mill-dr_asheville-nc/page/10
[2024-10-23 19:13:17,752] [INFO] [fps_address_scraper.py:91] Saved 10 entries in /home/ubuntu/scripts/result_file/output_chunk_19.xlsx
[2024-10-23 19:13:17,772] [INFO] [fps_address_scraper.py:185] Scraping https://www.fastpeoplesearch.com/address/100-river-mill-dr_asheville-nc/page/11
[2024-10-23 19:13:39,721] [INFO] [fps_address_scraper.py:26] Got successful response from https://www.fastpeoplesearch.com/address/100-river-mill-dr_asheville-nc/page/11
[2024-10-23 19:13:39,830] [INFO] [fps_address_scraper.py:91] Saved 9 entries in /home/ubuntu/scripts/result_file/output_chunk_19.xlsx
[2024-10-23 19:13:39,886] [INFO] [fps_address_scraper.py:185] Scraping https://www.fastpeoplesearch.com/address/100-river-mill-dr_asheville-nc/page/12
[2024-10-23 19:14:02,677] [INFO] [fps_address_scraper.py:26] Got successful response from https://www.fastpeoplesearch.com/address/100-river-mill-dr_asheville-nc/page/12
[2024-10-23 19:14:02,689] [INFO] [fps_address_scraper.py:216] output_chunk_19.xlsx. Scraping 2 of 98
[2024-10-23 19:14:02,689] [INFO] [fps_address_scraper.py:47] Original address: 1000 Antietam Creek Dr
[2024-10-23 19:14:02,689] [INFO] [fps_address_scraper.py:57] Standardized address: 1000 Antietam Creek Dr
[2024-10-23 19:14:02,711] [INFO] [fps_address_scraper.py:185] Scraping https://www.fastpeoplesearch.com/address/1000-antietam-creek-dr_fayetteville-nc/page/1
[2024-10-23 19:14:44,566] [INFO] [fps_address_scraper.py:26] Got successful response from https://www.fastpeoplesearch.com/address/1000-antietam-creek-dr_fayetteville-nc/page/1
[2024-10-23 19:14:44,673] [INFO] [fps_address_scraper.py:91] Saved 10 entries in /home/ubuntu/scripts/result_file/output_chunk_19.xlsx
[2024-10-23 19:14:44,696] [INFO] [fps_address_scraper.py:185] Scraping https://www.fastpeoplesearch.com/address/1000-antietam-creek-dr_fayetteville-nc/page/2
[2024-10-23 19:16:40,613] [ERROR] [fps_address_scraper.py:24] Could not get successful response. Status code 500. {"status":"Failed to get successful response from website. Please retry the request."}
[2024-10-23 19:16:40,613] [WARNING] [api.py:40] Request failed. Status code 500, retrying in 1 seconds...
[2024-10-23 19:17:09,664] [INFO] [fps_address_scraper.py:26] Got successful response from https://www.fastpeoplesearch.com/address/1000-antietam-creek-dr_fayetteville-nc/page/2
[2024-10-23 19:17:09,772] [INFO] [fps_address_scraper.py:91] Saved 10 entries in /home/ubuntu/scripts/result_file/output_chunk_19.xlsx
[2024-10-23 19:17:09,796] [INFO] [fps_address_scraper.py:185] Scraping https://www.fastpeoplesearch.com/address/1000-antietam-creek-dr_fayetteville-nc/page/3
[2024-10-23 19:18:11,630] [INFO] [fps_address_scraper.py:26] Got successful response from https://www.fastpeoplesearch.com/address/1000-antietam-creek-dr_fayetteville-nc/page/3
[2024-10-23 19:18:11,740] [INFO] [fps_address_scraper.py:91] Saved 10 entries in /home/ubuntu/scripts/result_file/output_chunk_19.xlsx
[2024-10-23 19:18:11,767] [INFO] [fps_address_scraper.py:185] Scraping https://www.fastpeoplesearch.com/address/1000-antietam-creek-dr_fayetteville-nc/page/4
[2024-10-23 19:18:58,128] [INFO] [fps_address_scraper.py:26] Got successful response from https://www.fastpeoplesearch.com/address/1000-antietam-creek-dr_fayetteville-nc/page/4
[2024-10-23 19:18:58,280] [INFO] [fps_address_scraper.py:91] Saved 10 entries in /home/ubuntu/scripts/result_file/output_chunk_19.xlsx
[2024-10-23 19:18:58,312] [INFO] [fps_address_scraper.py:185] Scraping https://www.fastpeoplesearch.com/address/1000-antietam-creek-dr_fayetteville-nc/page/5
[2024-10-23 19:19:50,844] [INFO] [fps_address_scraper.py:26] Got successful response from https://www.fastpeoplesearch.com/address/1000-antietam-creek-dr_fayetteville-nc/page/5
[2024-10-23 19:19:50,957] [INFO] [fps_address_scraper.py:91] Saved 7 entries in /home/ubuntu/scripts/result_file/output_chunk_19.xlsx
[2024-10-23 19:19:50,983] [INFO] [fps_address_scraper.py:185] Scraping https://www.fastpeoplesearch.com/address/1000-antietam-creek-dr_fayetteville-nc/page/6
[2024-10-23 19:20:14,189] [INFO] [fps_address_scraper.py:26] Got successful response from https://www.fastpeoplesearch.com/address/1000-antietam-creek-dr_fayetteville-nc/page/6
[2024-10-23 19:20:14,201] [INFO] [fps_address_scraper.py:216] output_chunk_19.xlsx. Scraping 3 of 98
[2024-10-23 19:20:14,202] [INFO] [fps_address_scraper.py:47] Original address: 1000 Aventine Dr
[2024-10-23 19:20:14,202] [INFO] [fps_address_scraper.py:57] Standardized address: 1000 Aventine Dr
[2024-10-23 19:20:14,230] [INFO] [fps_address_scraper.py:185] Scraping https://www.fastpeoplesearch.com/address/1000-aventine-dr_arden-nc/page/1
[2024-10-23 19:21:05,893] [INFO] [fps_address_scraper.py:26] Got successful response from https://www.fastpeoplesearch.com/address/1000-aventine-dr_arden-nc/page/1
[2024-10-23 19:21:06,079] [INFO] [fps_address_scraper.py:91] Saved 10 entries in /home/ubuntu/scripts/result_file/output_chunk_19.xlsx
[2024-10-23 19:21:06,109] [INFO] [fps_address_scraper.py:185] Scraping https://www.fastpeoplesearch.com/address/1000-aventine-dr_arden-nc/page/2
[2024-10-23 19:22:24,114] [INFO] [fps_address_scraper.py:26] Got successful response from https://www.fastpeoplesearch.com/address/1000-aventine-dr_arden-nc/page/2
[2024-10-23 19:22:24,280] [INFO] [fps_address_scraper.py:91] Saved 10 entries in /home/ubuntu/scripts/result_file/output_chunk_19.xlsx
[2024-10-23 19:22:24,310] [INFO] [fps_address_scraper.py:185] Scraping https://www.fastpeoplesearch.com/address/1000-aventine-dr_arden-nc/page/3
[2024-10-23 19:22:55,336] [INFO] [fps_address_scraper.py:26] Got successful response from https://www.fastpeoplesearch.com/address/1000-aventine-dr_arden-nc/page/3
[2024-10-23 19:22:55,571] [INFO] [fps_address_scraper.py:91] Saved 10 entries in /home/ubuntu/scripts/result_file/output_chunk_19.xlsx
[2024-10-23 19:22:55,602] [INFO] [fps_address_scraper.py:185] Scraping https://www.fastpeoplesearch.com/address/1000-aventine-dr_arden-nc/page/4
[2024-10-23 19:23:19,973] [INFO] [fps_address_scraper.py:26] Got successful response from https://www.fastpeoplesearch.com/address/1000-aventine-dr_arden-nc/page/4
[2024-10-23 19:23:20,104] [INFO] [fps_address_scraper.py:91] Saved 10 entries in /home/ubuntu/scripts/result_file/output_chunk_19.xlsx
[2024-10-23 19:23:20,135] [INFO] [fps_address_scraper.py:185] Scraping https://www.fastpeoplesearch.com/address/1000-aventine-dr_arden-nc/page/5
[2024-10-23 19:24:12,027] [INFO] [fps_address_scraper.py:26] Got successful response from https://www.fastpeoplesearch.com/address/1000-aventine-dr_arden-nc/page/5
[2024-10-23 19:24:12,200] [INFO] [fps_address_scraper.py:91] Saved 10 entries in /home/ubuntu/scripts/result_file/output_chunk_19.xlsx
[2024-10-23 19:24:12,233] [INFO] [fps_address_scraper.py:185] Scraping https://www.fastpeoplesearch.com/address/1000-aventine-dr_arden-nc/page/6
[2024-10-23 19:24:36,864] [INFO] [fps_address_scraper.py:26] Got successful response from https://www.fastpeoplesearch.com/address/1000-aventine-dr_arden-nc/page/6
[2024-10-23 19:24:36,998] [INFO] [fps_address_scraper.py:91] Saved 10 entries in /home/ubuntu/scripts/result_file/output_chunk_19.xlsx
[2024-10-23 19:24:37,035] [INFO] [fps_address_scraper.py:185] Scraping https://www.fastpeoplesearch.com/address/1000-aventine-dr_arden-nc/page/7
[2024-10-23 19:25:05,050] [INFO] [fps_address_scraper.py:26] Got successful response from https://www.fastpeoplesearch.com/address/1000-aventine-dr_arden-nc/page/7
[2024-10-23 19:25:05,228] [INFO] [fps_address_scraper.py:91] Saved 10 entries in /home/ubuntu/scripts/result_file/output_chunk_19.xlsx
[2024-10-23 19:25:05,265] [INFO] [fps_address_scraper.py:185] Scraping https://www.fastpeoplesearch.com/address/1000-aventine-dr_arden-nc/page/8
[2024-10-23 19:26:09,932] [INFO] [fps_address_scraper.py:26] Got successful response from https://www.fastpeoplesearch.com/address/1000-aventine-dr_arden-nc/page/8
[2024-10-23 19:26:10,078] [INFO] [fps_address_scraper.py:91] Saved 10 entries in /home/ubuntu/scripts/result_file/output_chunk_19.xlsx
[2024-10-23 19:26:10,116] [INFO] [fps_address_scraper.py:185] Scraping https://www.fastpeoplesearch.com/address/1000-aventine-dr_arden-nc/page/9
[2024-10-23 19:26:27,240] [INFO] [fps_address_scraper.py:26] Got successful response from https://www.fastpeoplesearch.com/address/1000-aventine-dr_arden-nc/page/9
[2024-10-23 19:26:27,388] [INFO] [fps_address_scraper.py:91] Saved 10 entries in /home/ubuntu/scripts/result_file/output_chunk_19.xlsx
[2024-10-23 19:26:27,464] [INFO] [fps_address_scraper.py:185] Scraping https://www.fastpeoplesearch.com/address/1000-aventine-dr_arden-nc/page/10
[2024-10-23 19:28:19,178] [INFO] [fps_address_scraper.py:26] Got successful response from https://www.fastpeoplesearch.com/address/1000-aventine-dr_arden-nc/page/10
[2024-10-23 19:28:19,332] [INFO] [fps_address_scraper.py:91] Saved 10 entries in /home/ubuntu/scripts/result_file/output_chunk_19.xlsx
[2024-10-23 19:28:19,372] [INFO] [fps_address_scraper.py:185] Scraping https://www.fastpeoplesearch.com/address/1000-aventine-dr_arden-nc/page/11
[2024-10-23 19:28:51,810] [INFO] [fps_address_scraper.py:26] Got successful response from https://www.fastpeoplesearch.com/address/1000-aventine-dr_arden-nc/page/11
[2024-10-23 19:28:51,965] [INFO] [fps_address_scraper.py:91] Saved 10 entries in /home/ubuntu/scripts/result_file/output_chunk_19.xlsx
[2024-10-23 19:28:52,008] [INFO] [fps_address_scraper.py:185] Scraping https://www.fastpeoplesearch.com/address/1000-aventine-dr_arden-nc/page/12
[2024-10-23 19:29:14,281] [INFO] [fps_address_scraper.py:26] Got successful response from https://www.fastpeoplesearch.com/address/1000-aventine-dr_arden-nc/page/12
[2024-10-23 19:29:14,291] [INFO] [fps_address_scraper.py:216] output_chunk_19.xlsx. Scraping 4 of 98
[2024-10-23 19:29:14,291] [INFO] [fps_address_scraper.py:47] Original address: 1000 Central Ave
[2024-10-23 19:29:14,291] [INFO] [fps_address_scraper.py:57] Standardized address: 1000 Central Ave
[2024-10-23 19:29:14,352] [INFO] [fps_address_scraper.py:185] Scraping https://www.fastpeoplesearch.com/address/1000-central-ave_charlotte-nc/page/1
[2024-10-23 19:30:10,872] [INFO] [fps_address_scraper.py:26] Got successful response from https://www.fastpeoplesearch.com/address/1000-central-ave_charlotte-nc/page/1
[2024-10-23 19:30:11,022] [INFO] [fps_address_scraper.py:91] Saved 10 entries in /home/ubuntu/scripts/result_file/output_chunk_19.xlsx
[2024-10-23 19:30:11,066] [INFO] [fps_address_scraper.py:185] Scraping https://www.fastpeoplesearch.com/address/1000-central-ave_charlotte-nc/page/2
[2024-10-23 19:30:45,928] [INFO] [fps_address_scraper.py:26] Got successful response from https://www.fastpeoplesearch.com/address/1000-central-ave_charlotte-nc/page/2
[2024-10-23 19:30:46,085] [INFO] [fps_address_scraper.py:91] Saved 10 entries in /home/ubuntu/scripts/result_file/output_chunk_19.xlsx
[2024-10-23 19:30:46,131] [INFO] [fps_address_scraper.py:185] Scraping https://www.fastpeoplesearch.com/address/1000-central-ave_charlotte-nc/page/3
[2024-10-23 19:31:39,480] [INFO] [fps_address_scraper.py:26] Got successful response from https://www.fastpeoplesearch.com/address/1000-central-ave_charlotte-nc/page/3
[2024-10-23 19:31:39,678] [INFO] [fps_address_scraper.py:91] Saved 10 entries in /home/ubuntu/scripts/result_file/output_chunk_19.xlsx
[2024-10-23 19:31:39,726] [INFO] [fps_address_scraper.py:185] Scraping https://www.fastpeoplesearch.com/address/1000-central-ave_charlotte-nc/page/4
[2024-10-23 19:32:38,997] [INFO] [fps_address_scraper.py:26] Got successful response from https://www.fastpeoplesearch.com/address/1000-central-ave_charlotte-nc/page/4
[2024-10-23 19:32:39,160] [INFO] [fps_address_scraper.py:91] Saved 10 entries in /home/ubuntu/scripts/result_file/output_chunk_19.xlsx
[2024-10-23 19:32:39,207] [INFO] [fps_address_scraper.py:185] Scraping https://www.fastpeoplesearch.com/address/1000-central-ave_charlotte-nc/page/5
[2024-10-23 19:33:01,732] [INFO] [fps_address_scraper.py:26] Got successful response from https://www.fastpeoplesearch.com/address/1000-central-ave_charlotte-nc/page/5
[2024-10-23 19:33:01,936] [INFO] [fps_address_scraper.py:91] Saved 10 entries in /home/ubuntu/scripts/result_file/output_chunk_19.xlsx
[2024-10-23 19:33:02,040] [INFO] [fps_address_scraper.py:185] Scraping https://www.fastpeoplesearch.com/address/1000-central-ave_charlotte-nc/page/6
[2024-10-23 19:33:23,886] [INFO] [fps_address_scraper.py:26] Got successful response from https://www.fastpeoplesearch.com/address/1000-central-ave_charlotte-nc/page/6
[2024-10-23 19:33:24,039] [INFO] [fps_address_scraper.py:91] Saved 10 entries in /home/ubuntu/scripts/result_file/output_chunk_19.xlsx
[2024-10-23 19:33:24,089] [INFO] [fps_address_scraper.py:185] Scraping https://www.fastpeoplesearch.com/address/1000-central-ave_charlotte-nc/page/7
[2024-10-23 19:33:48,784] [INFO] [fps_address_scraper.py:26] Got successful response from https://www.fastpeoplesearch.com/address/1000-central-ave_charlotte-nc/page/7
[2024-10-23 19:33:48,995] [INFO] [fps_address_scraper.py:91] Saved 10 entries in /home/ubuntu/scripts/result_file/output_chunk_19.xlsx
[2024-10-23 19:33:49,047] [INFO] [fps_address_scraper.py:185] Scraping https://www.fastpeoplesearch.com/address/1000-central-ave_charlotte-nc/page/8
[2024-10-23 19:34:11,424] [INFO] [fps_address_scraper.py:26] Got successful response from https://www.fastpeoplesearch.com/address/1000-central-ave_charlotte-nc/page/8
[2024-10-23 19:34:11,600] [INFO] [fps_address_scraper.py:91] Saved 10 entries in /home/ubuntu/scripts/result_file/output_chunk_19.xlsx
[2024-10-23 19:34:11,687] [INFO] [fps_address_scraper.py:185] Scraping https://www.fastpeoplesearch.com/address/1000-central-ave_charlotte-nc/page/9
[2024-10-23 19:34:33,496] [INFO] [fps_address_scraper.py:26] Got successful response from https://www.fastpeoplesearch.com/address/1000-central-ave_charlotte-nc/page/9
[2024-10-23 19:34:33,677] [INFO] [fps_address_scraper.py:91] Saved 10 entries in /home/ubuntu/scripts/result_file/output_chunk_19.xlsx
[2024-10-23 19:34:33,731] [INFO] [fps_address_scraper.py:185] Scraping https://www.fastpeoplesearch.com/address/1000-central-ave_charlotte-nc/page/10
[2024-10-23 19:35:25,316] [INFO] [fps_address_scraper.py:26] Got successful response from https://www.fastpeoplesearch.com/address/1000-central-ave_charlotte-nc/page/10
[2024-10-23 19:35:25,532] [INFO] [fps_address_scraper.py:91] Saved 10 entries in /home/ubuntu/scripts/result_file/output_chunk_19.xlsx
[2024-10-23 19:35:25,588] [INFO] [fps_address_scraper.py:185] Scraping https://www.fastpeoplesearch.com/address/1000-central-ave_charlotte-nc/page/11
[2024-10-23 19:36:17,508] [INFO] [fps_address_scraper.py:26] Got successful response from https://www.fastpeoplesearch.com/address/1000-central-ave_charlotte-nc/page/11
[2024-10-23 19:36:17,693] [INFO] [fps_address_scraper.py:91] Saved 10 entries in /home/ubuntu/scripts/result_file/output_chunk_19.xlsx
[2024-10-23 19:36:17,751] [INFO] [fps_address_scraper.py:185] Scraping https://www.fastpeoplesearch.com/address/1000-central-ave_charlotte-nc/page/12
[2024-10-23 19:36:40,603] [INFO] [fps_address_scraper.py:26] Got successful response from https://www.fastpeoplesearch.com/address/1000-central-ave_charlotte-nc/page/12
[2024-10-23 19:36:40,615] [INFO] [fps_address_scraper.py:216] output_chunk_19.xlsx. Scraping 5 of 98
[2024-10-23 19:36:40,615] [INFO] [fps_address_scraper.py:47] Original address: 1000 Lakeside Terrace Ct
[2024-10-23 19:36:40,615] [INFO] [fps_address_scraper.py:52] Replacing 'Terrace' with 'ter'
[2024-10-23 19:36:40,615] [INFO] [fps_address_scraper.py:57] Standardized address: 1000 Lakeside ter Ct
[2024-10-23 19:36:40,672] [INFO] [fps_address_scraper.py:185] Scraping https://www.fastpeoplesearch.com/address/1000-lakeside-ter-ct_wake-forest-nc/page/1
[2024-10-23 19:37:04,115] [INFO] [fps_address_scraper.py:26] Got successful response from https://www.fastpeoplesearch.com/address/1000-lakeside-ter-ct_wake-forest-nc/page/1
[2024-10-23 19:37:04,129] [INFO] [fps_address_scraper.py:216] output_chunk_19.xlsx. Scraping 6 of 98
[2024-10-23 19:37:04,129] [INFO] [fps_address_scraper.py:47] Original address: 1000-2000 Novus Ln
[2024-10-23 19:37:04,129] [INFO] [fps_address_scraper.py:57] Standardized address: 1000-2000 Novus Ln
[2024-10-23 19:37:04,218] [INFO] [fps_address_scraper.py:185] Scraping https://www.fastpeoplesearch.com/address/1000-2000-novus-ln_chapel-hill-nc/page/1
[2024-10-23 19:37:29,135] [INFO] [fps_address_scraper.py:26] Got successful response from https://www.fastpeoplesearch.com/address/1000-2000-novus-ln_chapel-hill-nc/page/1
[2024-10-23 19:37:29,150] [INFO] [fps_address_scraper.py:216] output_chunk_19.xlsx. Scraping 7 of 98
[2024-10-23 19:37:29,151] [INFO] [fps_address_scraper.py:47] Original address: 1001 N Brevard St
[2024-10-23 19:37:29,151] [INFO] [fps_address_scraper.py:57] Standardized address: 1001 N Brevard St
[2024-10-23 19:37:29,208] [INFO] [fps_address_scraper.py:185] Scraping https://www.fastpeoplesearch.com/address/1001-n-brevard-st_charlotte-nc/page/1
[2024-10-23 19:38:20,862] [INFO] [fps_address_scraper.py:26] Got successful response from https://www.fastpeoplesearch.com/address/1001-n-brevard-st_charlotte-nc/page/1
[2024-10-23 19:38:21,049] [INFO] [fps_address_scraper.py:91] Saved 10 entries in /home/ubuntu/scripts/result_file/output_chunk_19.xlsx
[2024-10-23 19:38:21,108] [INFO] [fps_address_scraper.py:185] Scraping https://www.fastpeoplesearch.com/address/1001-n-brevard-st_charlotte-nc/page/2
[2024-10-23 19:39:13,365] [INFO] [fps_address_scraper.py:26] Got successful response from https://www.fastpeoplesearch.com/address/1001-n-brevard-st_charlotte-nc/page/2
[2024-10-23 19:39:13,584] [INFO] [fps_address_scraper.py:91] Saved 10 entries in /home/ubuntu/scripts/result_file/output_chunk_19.xlsx
[2024-10-23 19:39:13,644] [INFO] [fps_address_scraper.py:185] Scraping https://www.fastpeoplesearch.com/address/1001-n-brevard-st_charlotte-nc/page/3
[2024-10-23 19:39:48,250] [INFO] [fps_address_scraper.py:26] Got successful response from https://www.fastpeoplesearch.com/address/1001-n-brevard-st_charlotte-nc/page/3
[2024-10-23 19:39:48,460] [INFO] [fps_address_scraper.py:91] Saved 10 entries in /home/ubuntu/scripts/result_file/output_chunk_19.xlsx
[2024-10-23 19:39:48,557] [INFO] [fps_address_scraper.py:185] Scraping https://www.fastpeoplesearch.com/address/1001-n-brevard-st_charlotte-nc/page/4
[2024-10-23 19:41:22,453] [INFO] [fps_address_scraper.py:26] Got successful response from https://www.fastpeoplesearch.com/address/1001-n-brevard-st_charlotte-nc/page/4
[2024-10-23 19:41:22,643] [INFO] [fps_address_scraper.py:91] Saved 10 entries in /home/ubuntu/scripts/result_file/output_chunk_19.xlsx
[2024-10-23 19:41:22,705] [INFO] [fps_address_scraper.py:185] Scraping https://www.fastpeoplesearch.com/address/1001-n-brevard-st_charlotte-nc/page/5
[2024-10-23 19:41:53,042] [INFO] [fps_address_scraper.py:26] Got successful response from https://www.fastpeoplesearch.com/address/1001-n-brevard-st_charlotte-nc/page/5
[2024-10-23 19:41:53,280] [INFO] [fps_address_scraper.py:91] Saved 10 entries in /home/ubuntu/scripts/result_file/output_chunk_19.xlsx
[2024-10-23 19:41:53,345] [INFO] [fps_address_scraper.py:185] Scraping https://www.fastpeoplesearch.com/address/1001-n-brevard-st_charlotte-nc/page/6
[2024-10-23 19:42:22,631] [INFO] [fps_address_scraper.py:26] Got successful response from https://www.fastpeoplesearch.com/address/1001-n-brevard-st_charlotte-nc/page/6
[2024-10-23 19:42:22,944] [INFO] [fps_address_scraper.py:91] Saved 10 entries in /home/ubuntu/scripts/result_file/output_chunk_19.xlsx
[2024-10-23 19:42:23,126] [INFO] [fps_address_scraper.py:185] Scraping https://www.fastpeoplesearch.com/address/1001-n-brevard-st_charlotte-nc/page/7
[2024-10-23 19:42:45,331] [INFO] [fps_address_scraper.py:26] Got successful response from https://www.fastpeoplesearch.com/address/1001-n-brevard-st_charlotte-nc/page/7
[2024-10-23 19:42:45,535] [INFO] [fps_address_scraper.py:91] Saved 10 entries in /home/ubuntu/scripts/result_file/output_chunk_19.xlsx
[2024-10-23 19:42:45,603] [INFO] [fps_address_scraper.py:185] Scraping https://www.fastpeoplesearch.com/address/1001-n-brevard-st_charlotte-nc/page/8
[2024-10-23 19:44:41,472] [ERROR] [fps_address_scraper.py:24] Could not get successful response. Status code 500. {"status":"Failed to get successful response from website. Please retry the request."}
[2024-10-23 19:44:41,472] [WARNING] [api.py:40] Request failed. Status code 500, retrying in 1 seconds...
[2024-10-23 19:45:34,257] [INFO] [fps_address_scraper.py:26] Got successful response from https://www.fastpeoplesearch.com/address/1001-n-brevard-st_charlotte-nc/page/8
[2024-10-23 19:45:34,507] [INFO] [fps_address_scraper.py:91] Saved 10 entries in /home/ubuntu/scripts/result_file/output_chunk_19.xlsx
[2024-10-23 19:45:34,575] [INFO] [fps_address_scraper.py:185] Scraping https://www.fastpeoplesearch.com/address/1001-n-brevard-st_charlotte-nc/page/9
[2024-10-23 19:46:08,463] [INFO] [fps_address_scraper.py:26] Got successful response from https://www.fastpeoplesearch.com/address/1001-n-brevard-st_charlotte-nc/page/9
[2024-10-23 19:46:08,679] [INFO] [fps_address_scraper.py:91] Saved 10 entries in /home/ubuntu/scripts/result_file/output_chunk_19.xlsx
[2024-10-23 19:46:08,779] [INFO] [fps_address_scraper.py:185] Scraping https://www.fastpeoplesearch.com/address/1001-n-brevard-st_charlotte-nc/page/10
[2024-10-23 19:46:45,096] [INFO] [fps_address_scraper.py:26] Got successful response from https://www.fastpeoplesearch.com/address/1001-n-brevard-st_charlotte-nc/page/10
[2024-10-23 19:46:45,312] [INFO] [fps_address_scraper.py:91] Saved 10 entries in /home/ubuntu/scripts/result_file/output_chunk_19.xlsx
[2024-10-23 19:46:45,412] [INFO] [fps_address_scraper.py:185] Scraping https://www.fastpeoplesearch.com/address/1001-n-brevard-st_charlotte-nc/page/11
[2024-10-23 19:47:38,702] [INFO] [fps_address_scraper.py:26] Got successful response from https://www.fastpeoplesearch.com/address/1001-n-brevard-st_charlotte-nc/page/11
[2024-10-23 19:47:38,965] [INFO] [fps_address_scraper.py:91] Saved 10 entries in /home/ubuntu/scripts/result_file/output_chunk_19.xlsx
[2024-10-23 19:47:39,037] [INFO] [fps_address_scraper.py:185] Scraping https://www.fastpeoplesearch.com/address/1001-n-brevard-st_charlotte-nc/page/12
[2024-10-23 19:48:01,917] [INFO] [fps_address_scraper.py:26] Got successful response from https://www.fastpeoplesearch.com/address/1001-n-brevard-st_charlotte-nc/page/12
[2024-10-23 19:48:01,929] [INFO] [fps_address_scraper.py:216] output_chunk_19.xlsx. Scraping 8 of 98
[2024-10-23 19:48:01,929] [INFO] [fps_address_scraper.py:47] Original address: 1001 Quarters Landing Cir
[2024-10-23 19:48:01,929] [INFO] [fps_address_scraper.py:57] Standardized address: 1001 Quarters Landing Cir
[2024-10-23 19:48:02,003] [INFO] [fps_address_scraper.py:185] Scraping https://www.fastpeoplesearch.com/address/1001-quarters-landing-cir_sneads-ferry-nc/page/1
[2024-10-23 19:49:58,020] [ERROR] [fps_address_scraper.py:24] Could not get successful response. Status code 500. {"status":"Failed to get successful response from website. Please retry the request."}
[2024-10-23 19:49:58,021] [WARNING] [api.py:40] Request failed. Status code 500, retrying in 1 seconds...
[2024-10-23 19:51:50,374] [INFO] [fps_address_scraper.py:26] Got successful response from https://www.fastpeoplesearch.com/address/1001-quarters-landing-cir_sneads-ferry-nc/page/1
[2024-10-23 19:51:50,627] [INFO] [fps_address_scraper.py:91] Saved 10 entries in /home/ubuntu/scripts/result_file/output_chunk_19.xlsx
[2024-10-23 19:51:50,703] [INFO] [fps_address_scraper.py:185] Scraping https://www.fastpeoplesearch.com/address/1001-quarters-landing-cir_sneads-ferry-nc/page/2
[2024-10-23 19:52:25,555] [INFO] [fps_address_scraper.py:26] Got successful response from https://www.fastpeoplesearch.com/address/1001-quarters-landing-cir_sneads-ferry-nc/page/2
[2024-10-23 19:52:25,808] [INFO] [fps_address_scraper.py:91] Saved 10 entries in /home/ubuntu/scripts/result_file/output_chunk_19.xlsx
[2024-10-23 19:52:25,883] [INFO] [fps_address_scraper.py:185] Scraping https://www.fastpeoplesearch.com/address/1001-quarters-landing-cir_sneads-ferry-nc/page/3
[2024-10-23 19:53:18,113] [INFO] [fps_address_scraper.py:26] Got successful response from https://www.fastpeoplesearch.com/address/1001-quarters-landing-cir_sneads-ferry-nc/page/3
[2024-10-23 19:53:18,428] [INFO] [fps_address_scraper.py:91] Saved 10 entries in /home/ubuntu/scripts/result_file/output_chunk_19.xlsx
[2024-10-23 19:53:18,535] [INFO] [fps_address_scraper.py:185] Scraping https://www.fastpeoplesearch.com/address/1001-quarters-landing-cir_sneads-ferry-nc/page/4
[2024-10-23 19:53:48,391] [INFO] [fps_address_scraper.py:26] Got successful response from https://www.fastpeoplesearch.com/address/1001-quarters-landing-cir_sneads-ferry-nc/page/4
[2024-10-23 19:53:48,614] [INFO] [fps_address_scraper.py:91] Saved 10 entries in /home/ubuntu/scripts/result_file/output_chunk_19.xlsx
[2024-10-23 19:53:48,692] [INFO] [fps_address_scraper.py:185] Scraping https://www.fastpeoplesearch.com/address/1001-quarters-landing-cir_sneads-ferry-nc/page/5
[2024-10-23 19:55:21,725] [INFO] [fps_address_scraper.py:26] Got successful response from https://www.fastpeoplesearch.com/address/1001-quarters-landing-cir_sneads-ferry-nc/page/5
[2024-10-23 19:55:21,987] [INFO] [fps_address_scraper.py:91] Saved 10 entries in /home/ubuntu/scripts/result_file/output_chunk_19.xlsx
[2024-10-23 19:55:22,066] [INFO] [fps_address_scraper.py:185] Scraping https://www.fastpeoplesearch.com/address/1001-quarters-landing-cir_sneads-ferry-nc/page/6
[2024-10-23 19:55:59,116] [INFO] [fps_address_scraper.py:26] Got successful response from https://www.fastpeoplesearch.com/address/1001-quarters-landing-cir_sneads-ferry-nc/page/6
[2024-10-23 19:55:59,381] [INFO] [fps_address_scraper.py:91] Saved 10 entries in /home/ubuntu/scripts/result_file/output_chunk_19.xlsx
[2024-10-23 19:55:59,461] [INFO] [fps_address_scraper.py:185] Scraping https://www.fastpeoplesearch.com/address/1001-quarters-landing-cir_sneads-ferry-nc/page/7
[2024-10-23 19:56:33,378] [INFO] [fps_address_scraper.py:26] Got successful response from https://www.fastpeoplesearch.com/address/1001-quarters-landing-cir_sneads-ferry-nc/page/7
[2024-10-23 19:56:33,655] [INFO] [fps_address_scraper.py:91] Saved 10 entries in /home/ubuntu/scripts/result_file/output_chunk_19.xlsx
[2024-10-23 19:56:33,737] [INFO] [fps_address_scraper.py:185] Scraping https://www.fastpeoplesearch.com/address/1001-quarters-landing-cir_sneads-ferry-nc/page/8
[2024-10-23 19:56:55,919] [INFO] [fps_address_scraper.py:26] Got successful response from https://www.fastpeoplesearch.com/address/1001-quarters-landing-cir_sneads-ferry-nc/page/8
[2024-10-23 19:56:56,162] [INFO] [fps_address_scraper.py:91] Saved 10 entries in /home/ubuntu/scripts/result_file/output_chunk_19.xlsx
[2024-10-23 19:56:56,278] [INFO] [fps_address_scraper.py:185] Scraping https://www.fastpeoplesearch.com/address/1001-quarters-landing-cir_sneads-ferry-nc/page/9
[2024-10-23 19:57:28,398] [INFO] [fps_address_scraper.py:26] Got successful response from https://www.fastpeoplesearch.com/address/1001-quarters-landing-cir_sneads-ferry-nc/page/9
[2024-10-23 19:57:28,700] [INFO] [fps_address_scraper.py:91] Saved 10 entries in /home/ubuntu/scripts/result_file/output_chunk_19.xlsx
[2024-10-23 19:57:28,785] [INFO] [fps_address_scraper.py:185] Scraping https://www.fastpeoplesearch.com/address/1001-quarters-landing-cir_sneads-ferry-nc/page/10
[2024-10-23 19:58:01,380] [INFO] [fps_address_scraper.py:26] Got successful response from https://www.fastpeoplesearch.com/address/1001-quarters-landing-cir_sneads-ferry-nc/page/10
[2024-10-23 19:58:01,665] [INFO] [fps_address_scraper.py:91] Saved 10 entries in /home/ubuntu/scripts/result_file/output_chunk_19.xlsx
[2024-10-23 19:58:01,752] [INFO] [fps_address_scraper.py:185] Scraping https://www.fastpeoplesearch.com/address/1001-quarters-landing-cir_sneads-ferry-nc/page/11
[2024-10-23 19:58:44,827] [INFO] [fps_address_scraper.py:26] Got successful response from https://www.fastpeoplesearch.com/address/1001-quarters-landing-cir_sneads-ferry-nc/page/11
[2024-10-23 19:58:45,112] [INFO] [fps_address_scraper.py:91] Saved 9 entries in /home/ubuntu/scripts/result_file/output_chunk_19.xlsx
[2024-10-23 19:58:45,200] [INFO] [fps_address_scraper.py:185] Scraping https://www.fastpeoplesearch.com/address/1001-quarters-landing-cir_sneads-ferry-nc/page/12
[2024-10-23 19:59:08,131] [INFO] [fps_address_scraper.py:26] Got successful response from https://www.fastpeoplesearch.com/address/1001-quarters-landing-cir_sneads-ferry-nc/page/12
[2024-10-23 19:59:08,143] [INFO] [fps_address_scraper.py:216] output_chunk_19.xlsx. Scraping 9 of 98
[2024-10-23 19:59:08,143] [INFO] [fps_address_scraper.py:47] Original address: 10051 Perimeter Station Dr
[2024-10-23 19:59:08,143] [INFO] [fps_address_scraper.py:57] Standardized address: 10051 Perimeter Station Dr
[2024-10-23 19:59:08,232] [INFO] [fps_address_scraper.py:185] Scraping https://www.fastpeoplesearch.com/address/10051-perimeter-station-dr_charlotte-nc/page/1
[2024-10-23 19:59:59,811] [INFO] [fps_address_scraper.py:26] Got successful response from https://www.fastpeoplesearch.com/address/10051-perimeter-station-dr_charlotte-nc/page/1
[2024-10-23 20:00:00,107] [INFO] [fps_address_scraper.py:91] Saved 10 entries in /home/ubuntu/scripts/result_file/output_chunk_19.xlsx
[2024-10-23 20:00:00,196] [INFO] [fps_address_scraper.py:185] Scraping https://www.fastpeoplesearch.com/address/10051-perimeter-station-dr_charlotte-nc/page/2
[2024-10-23 20:00:32,249] [INFO] [fps_address_scraper.py:26] Got successful response from https://www.fastpeoplesearch.com/address/10051-perimeter-station-dr_charlotte-nc/page/2
[2024-10-23 20:00:32,537] [INFO] [fps_address_scraper.py:91] Saved 10 entries in /home/ubuntu/scripts/result_file/output_chunk_19.xlsx
[2024-10-23 20:00:32,625] [INFO] [fps_address_scraper.py:185] Scraping https://www.fastpeoplesearch.com/address/10051-perimeter-station-dr_charlotte-nc/page/3
[2024-10-23 20:00:59,695] [INFO] [fps_address_scraper.py:26] Got successful response from https://www.fastpeoplesearch.com/address/10051-perimeter-station-dr_charlotte-nc/page/3
[2024-10-23 20:00:59,992] [INFO] [fps_address_scraper.py:91] Saved 10 entries in /home/ubuntu/scripts/result_file/output_chunk_19.xlsx
[2024-10-23 20:01:00,085] [INFO] [fps_address_scraper.py:185] Scraping https://www.fastpeoplesearch.com/address/10051-perimeter-station-dr_charlotte-nc/page/4
[2024-10-23 20:01:34,805] [INFO] [fps_address_scraper.py:26] Got successful response from https://www.fastpeoplesearch.com/address/10051-perimeter-station-dr_charlotte-nc/page/4
[2024-10-23 20:01:35,108] [INFO] [fps_address_scraper.py:91] Saved 10 entries in /home/ubuntu/scripts/result_file/output_chunk_19.xlsx
[2024-10-23 20:01:35,203] [INFO] [fps_address_scraper.py:185] Scraping https://www.fastpeoplesearch.com/address/10051-perimeter-station-dr_charlotte-nc/page/5
[2024-10-23 20:02:08,057] [INFO] [fps_address_scraper.py:26] Got successful response from https://www.fastpeoplesearch.com/address/10051-perimeter-station-dr_charlotte-nc/page/5
[2024-10-23 20:02:08,408] [INFO] [fps_address_scraper.py:91] Saved 10 entries in /home/ubuntu/scripts/result_file/output_chunk_19.xlsx
[2024-10-23 20:02:08,530] [INFO] [fps_address_scraper.py:185] Scraping https://www.fastpeoplesearch.com/address/10051-perimeter-station-dr_charlotte-nc/page/6
[2024-10-23 20:02:46,760] [INFO] [fps_address_scraper.py:26] Got successful response from https://www.fastpeoplesearch.com/address/10051-perimeter-station-dr_charlotte-nc/page/6
[2024-10-23 20:02:47,071] [INFO] [fps_address_scraper.py:91] Saved 10 entries in /home/ubuntu/scripts/result_file/output_chunk_19.xlsx
[2024-10-23 20:02:47,167] [INFO] [fps_address_scraper.py:185] Scraping https://www.fastpeoplesearch.com/address/10051-perimeter-station-dr_charlotte-nc/page/7
[2024-10-23 20:03:08,670] [INFO] [fps_address_scraper.py:26] Got successful response from https://www.fastpeoplesearch.com/address/10051-perimeter-station-dr_charlotte-nc/page/7
[2024-10-23 20:03:08,997] [INFO] [fps_address_scraper.py:91] Saved 10 entries in /home/ubuntu/scripts/result_file/output_chunk_19.xlsx
[2024-10-23 20:03:09,096] [INFO] [fps_address_scraper.py:185] Scraping https://www.fastpeoplesearch.com/address/10051-perimeter-station-dr_charlotte-nc/page/8
[2024-10-23 20:03:30,572] [INFO] [fps_address_scraper.py:26] Got successful response from https://www.fastpeoplesearch.com/address/10051-perimeter-station-dr_charlotte-nc/page/8
[2024-10-23 20:03:30,887] [INFO] [fps_address_scraper.py:91] Saved 10 entries in /home/ubuntu/scripts/result_file/output_chunk_19.xlsx
[2024-10-23 20:03:30,984] [INFO] [fps_address_scraper.py:185] Scraping https://www.fastpeoplesearch.com/address/10051-perimeter-station-dr_charlotte-nc/page/9
[2024-10-23 20:04:17,226] [INFO] [fps_address_scraper.py:26] Got successful response from https://www.fastpeoplesearch.com/address/10051-perimeter-station-dr_charlotte-nc/page/9
[2024-10-23 20:04:17,779] [INFO] [fps_address_scraper.py:91] Saved 10 entries in /home/ubuntu/scripts/result_file/output_chunk_19.xlsx
[2024-10-23 20:04:18,001] [INFO] [fps_address_scraper.py:185] Scraping https://www.fastpeoplesearch.com/address/10051-perimeter-station-dr_charlotte-nc/page/10
[2024-10-23 20:04:40,004] [INFO] [fps_address_scraper.py:26] Got successful response from https://www.fastpeoplesearch.com/address/10051-perimeter-station-dr_charlotte-nc/page/10
[2024-10-23 20:04:40,329] [INFO] [fps_address_scraper.py:91] Saved 10 entries in /home/ubuntu/scripts/result_file/output_chunk_19.xlsx
[2024-10-23 20:04:40,430] [INFO] [fps_address_scraper.py:185] Scraping https://www.fastpeoplesearch.com/address/10051-perimeter-station-dr_charlotte-nc/page/11
[2024-10-23 20:05:32,113] [INFO] [fps_address_scraper.py:26] Got successful response from https://www.fastpeoplesearch.com/address/10051-perimeter-station-dr_charlotte-nc/page/11
[2024-10-23 20:05:32,426] [INFO] [fps_address_scraper.py:91] Saved 7 entries in /home/ubuntu/scripts/result_file/output_chunk_19.xlsx
[2024-10-23 20:05:32,528] [INFO] [fps_address_scraper.py:185] Scraping https://www.fastpeoplesearch.com/address/10051-perimeter-station-dr_charlotte-nc/page/12
[2024-10-23 20:06:02,465] [INFO] [fps_address_scraper.py:26] Got successful response from https://www.fastpeoplesearch.com/address/10051-perimeter-station-dr_charlotte-nc/page/12
[2024-10-23 20:06:02,476] [INFO] [fps_address_scraper.py:216] output_chunk_19.xlsx. Scraping 10 of 98
[2024-10-23 20:06:02,476] [INFO] [fps_address_scraper.py:47] Original address: 1009 Wade Ave
[2024-10-23 20:06:02,476] [INFO] [fps_address_scraper.py:57] Standardized address: 1009 Wade Ave
[2024-10-23 20:06:02,580] [INFO] [fps_address_scraper.py:185] Scraping https://www.fastpeoplesearch.com/address/1009-wade-ave_raleigh-nc/page/1
[2024-10-23 20:06:55,340] [INFO] [fps_address_scraper.py:26] Got successful response from https://www.fastpeoplesearch.com/address/1009-wade-ave_raleigh-nc/page/1
[2024-10-23 20:06:55,679] [INFO] [fps_address_scraper.py:91] Saved 10 entries in /home/ubuntu/scripts/result_file/output_chunk_19.xlsx
[2024-10-23 20:06:55,783] [INFO] [fps_address_scraper.py:185] Scraping https://www.fastpeoplesearch.com/address/1009-wade-ave_raleigh-nc/page/2
[2024-10-23 20:07:43,899] [INFO] [fps_address_scraper.py:26] Got successful response from https://www.fastpeoplesearch.com/address/1009-wade-ave_raleigh-nc/page/2
[2024-10-23 20:07:44,206] [INFO] [fps_address_scraper.py:91] Saved 10 entries in /home/ubuntu/scripts/result_file/output_chunk_19.xlsx
[2024-10-23 20:07:44,311] [INFO] [fps_address_scraper.py:185] Scraping https://www.fastpeoplesearch.com/address/1009-wade-ave_raleigh-nc/page/3
[2024-10-23 20:08:35,769] [INFO] [fps_address_scraper.py:26] Got successful response from https://www.fastpeoplesearch.com/address/1009-wade-ave_raleigh-nc/page/3
[2024-10-23 20:08:36,095] [INFO] [fps_address_scraper.py:91] Saved 10 entries in /home/ubuntu/scripts/result_file/output_chunk_19.xlsx
[2024-10-23 20:08:36,211] [INFO] [fps_address_scraper.py:185] Scraping https://www.fastpeoplesearch.com/address/1009-wade-ave_raleigh-nc/page/4
[2024-10-23 20:09:28,038] [INFO] [fps_address_scraper.py:26] Got successful response from https://www.fastpeoplesearch.com/address/1009-wade-ave_raleigh-nc/page/4
[2024-10-23 20:09:28,368] [INFO] [fps_address_scraper.py:91] Saved 10 entries in /home/ubuntu/scripts/result_file/output_chunk_19.xlsx
[2024-10-23 20:09:28,477] [INFO] [fps_address_scraper.py:185] Scraping https://www.fastpeoplesearch.com/address/1009-wade-ave_raleigh-nc/page/5
[2024-10-23 20:09:50,423] [INFO] [fps_address_scraper.py:26] Got successful response from https://www.fastpeoplesearch.com/address/1009-wade-ave_raleigh-nc/page/5
[2024-10-23 20:09:50,749] [INFO] [fps_address_scraper.py:91] Saved 10 entries in /home/ubuntu/scripts/result_file/output_chunk_19.xlsx
[2024-10-23 20:09:50,857] [INFO] [fps_address_scraper.py:185] Scraping https://www.fastpeoplesearch.com/address/1009-wade-ave_raleigh-nc/page/6
[2024-10-23 20:10:42,573] [INFO] [fps_address_scraper.py:26] Got successful response from https://www.fastpeoplesearch.com/address/1009-wade-ave_raleigh-nc/page/6
[2024-10-23 20:10:42,908] [INFO] [fps_address_scraper.py:91] Saved 10 entries in /home/ubuntu/scripts/result_file/output_chunk_19.xlsx
[2024-10-23 20:10:43,018] [INFO] [fps_address_scraper.py:185] Scraping https://www.fastpeoplesearch.com/address/1009-wade-ave_raleigh-nc/page/7
[2024-10-23 20:11:05,748] [INFO] [fps_address_scraper.py:26] Got successful response from https://www.fastpeoplesearch.com/address/1009-wade-ave_raleigh-nc/page/7
[2024-10-23 20:11:06,081] [INFO] [fps_address_scraper.py:91] Saved 10 entries in /home/ubuntu/scripts/result_file/output_chunk_19.xlsx
[2024-10-23 20:11:06,227] [INFO] [fps_address_scraper.py:185] Scraping https://www.fastpeoplesearch.com/address/1009-wade-ave_raleigh-nc/page/8
[2024-10-23 20:12:38,351] [INFO] [fps_address_scraper.py:26] Got successful response from https://www.fastpeoplesearch.com/address/1009-wade-ave_raleigh-nc/page/8
[2024-10-23 20:12:38,681] [INFO] [fps_address_scraper.py:91] Saved 10 entries in /home/ubuntu/scripts/result_file/output_chunk_19.xlsx
[2024-10-23 20:12:38,824] [INFO] [fps_address_scraper.py:185] Scraping https://www.fastpeoplesearch.com/address/1009-wade-ave_raleigh-nc/page/9
[2024-10-23 20:13:13,225] [INFO] [fps_address_scraper.py:26] Got successful response from https://www.fastpeoplesearch.com/address/1009-wade-ave_raleigh-nc/page/9
[2024-10-23 20:13:13,576] [INFO] [fps_address_scraper.py:91] Saved 10 entries in /home/ubuntu/scripts/result_file/output_chunk_19.xlsx
[2024-10-23 20:13:13,689] [INFO] [fps_address_scraper.py:185] Scraping https://www.fastpeoplesearch.com/address/1009-wade-ave_raleigh-nc/page/10
[2024-10-23 20:13:39,785] [INFO] [fps_address_scraper.py:26] Got successful response from https://www.fastpeoplesearch.com/address/1009-wade-ave_raleigh-nc/page/10
[2024-10-23 20:13:40,136] [INFO] [fps_address_scraper.py:91] Saved 10 entries in /home/ubuntu/scripts/result_file/output_chunk_19.xlsx
[2024-10-23 20:13:40,252] [INFO] [fps_address_scraper.py:185] Scraping https://www.fastpeoplesearch.com/address/1009-wade-ave_raleigh-nc/page/11
[2024-10-23 20:14:05,846] [INFO] [fps_address_scraper.py:26] Got successful response from https://www.fastpeoplesearch.com/address/1009-wade-ave_raleigh-nc/page/11
[2024-10-23 20:14:06,204] [INFO] [fps_address_scraper.py:91] Saved 9 entries in /home/ubuntu/scripts/result_file/output_chunk_19.xlsx
[2024-10-23 20:14:06,324] [INFO] [fps_address_scraper.py:185] Scraping https://www.fastpeoplesearch.com/address/1009-wade-ave_raleigh-nc/page/12
[2024-10-23 20:14:31,165] [INFO] [fps_address_scraper.py:26] Got successful response from https://www.fastpeoplesearch.com/address/1009-wade-ave_raleigh-nc/page/12
[2024-10-23 20:14:31,177] [INFO] [fps_address_scraper.py:216] output_chunk_19.xlsx. Scraping 11 of 98
[2024-10-23 20:14:31,177] [INFO] [fps_address_scraper.py:47] Original address: 101 W Morehead St
[2024-10-23 20:14:31,177] [INFO] [fps_address_scraper.py:57] Standardized address: 101 W Morehead St
[2024-10-23 20:14:31,296] [INFO] [fps_address_scraper.py:185] Scraping https://www.fastpeoplesearch.com/address/101-w-morehead-st_charlotte-nc/page/1
[2024-10-23 20:15:23,076] [INFO] [fps_address_scraper.py:26] Got successful response from https://www.fastpeoplesearch.com/address/101-w-morehead-st_charlotte-nc/page/1
[2024-10-23 20:15:23,440] [INFO] [fps_address_scraper.py:91] Saved 10 entries in /home/ubuntu/scripts/result_file/output_chunk_19.xlsx
[2024-10-23 20:15:23,587] [INFO] [fps_address_scraper.py:185] Scraping https://www.fastpeoplesearch.com/address/101-w-morehead-st_charlotte-nc/page/2
[2024-10-23 20:16:15,176] [INFO] [fps_address_scraper.py:26] Got successful response from https://www.fastpeoplesearch.com/address/101-w-morehead-st_charlotte-nc/page/2
[2024-10-23 20:16:15,666] [INFO] [fps_address_scraper.py:91] Saved 10 entries in /home/ubuntu/scripts/result_file/output_chunk_19.xlsx
[2024-10-23 20:16:15,939] [INFO] [fps_address_scraper.py:185] Scraping https://www.fastpeoplesearch.com/address/101-w-morehead-st_charlotte-nc/page/3
[2024-10-23 20:16:47,285] [INFO] [fps_address_scraper.py:26] Got successful response from https://www.fastpeoplesearch.com/address/101-w-morehead-st_charlotte-nc/page/3
[2024-10-23 20:16:47,655] [INFO] [fps_address_scraper.py:91] Saved 10 entries in /home/ubuntu/scripts/result_file/output_chunk_19.xlsx
[2024-10-23 20:16:47,792] [INFO] [fps_address_scraper.py:185] Scraping https://www.fastpeoplesearch.com/address/101-w-morehead-st_charlotte-nc/page/4
[2024-10-23 20:17:45,532] [INFO] [fps_address_scraper.py:26] Got successful response from https://www.fastpeoplesearch.com/address/101-w-morehead-st_charlotte-nc/page/4
[2024-10-23 20:17:45,948] [INFO] [fps_address_scraper.py:91] Saved 10 entries in /home/ubuntu/scripts/result_file/output_chunk_19.xlsx
[2024-10-23 20:17:46,072] [INFO] [fps_address_scraper.py:185] Scraping https://www.fastpeoplesearch.com/address/101-w-morehead-st_charlotte-nc/page/5
[2024-10-23 20:18:23,659] [INFO] [fps_address_scraper.py:26] Got successful response from https://www.fastpeoplesearch.com/address/101-w-morehead-st_charlotte-nc/page/5
[2024-10-23 20:18:24,039] [INFO] [fps_address_scraper.py:91] Saved 10 entries in /home/ubuntu/scripts/result_file/output_chunk_19.xlsx
[2024-10-23 20:18:24,165] [INFO] [fps_address_scraper.py:185] Scraping https://www.fastpeoplesearch.com/address/101-w-morehead-st_charlotte-nc/page/6
[2024-10-23 20:19:15,794] [INFO] [fps_address_scraper.py:26] Got successful response from https://www.fastpeoplesearch.com/address/101-w-morehead-st_charlotte-nc/page/6
[2024-10-23 20:19:16,175] [INFO] [fps_address_scraper.py:91] Saved 10 entries in /home/ubuntu/scripts/result_file/output_chunk_19.xlsx
[2024-10-23 20:19:16,333] [INFO] [fps_address_scraper.py:185] Scraping https://www.fastpeoplesearch.com/address/101-w-morehead-st_charlotte-nc/page/7
[2024-10-23 20:19:51,729] [INFO] [fps_address_scraper.py:26] Got successful response from https://www.fastpeoplesearch.com/address/101-w-morehead-st_charlotte-nc/page/7
[2024-10-23 20:19:52,129] [INFO] [fps_address_scraper.py:91] Saved 10 entries in /home/ubuntu/scripts/result_file/output_chunk_19.xlsx
[2024-10-23 20:19:52,264] [INFO] [fps_address_scraper.py:185] Scraping https://www.fastpeoplesearch.com/address/101-w-morehead-st_charlotte-nc/page/8
[2024-10-23 20:20:29,338] [INFO] [fps_address_scraper.py:26] Got successful response from https://www.fastpeoplesearch.com/address/101-w-morehead-st_charlotte-nc/page/8
[2024-10-23 20:20:29,753] [INFO] [fps_address_scraper.py:91] Saved 10 entries in /home/ubuntu/scripts/result_file/output_chunk_19.xlsx
[2024-10-23 20:20:29,883] [INFO] [fps_address_scraper.py:185] Scraping https://www.fastpeoplesearch.com/address/101-w-morehead-st_charlotte-nc/page/9
[2024-10-23 20:22:24,284] [INFO] [fps_address_scraper.py:26] Got successful response from https://www.fastpeoplesearch.com/address/101-w-morehead-st_charlotte-nc/page/9
[2024-10-23 20:22:24,673] [INFO] [fps_address_scraper.py:91] Saved 10 entries in /home/ubuntu/scripts/result_file/output_chunk_19.xlsx
[2024-10-23 20:22:24,806] [INFO] [fps_address_scraper.py:185] Scraping https://www.fastpeoplesearch.com/address/101-w-morehead-st_charlotte-nc/page/10
[2024-10-23 20:23:16,914] [INFO] [fps_address_scraper.py:26] Got successful response from https://www.fastpeoplesearch.com/address/101-w-morehead-st_charlotte-nc/page/10
[2024-10-23 20:23:17,329] [INFO] [fps_address_scraper.py:91] Saved 10 entries in /home/ubuntu/scripts/result_file/output_chunk_19.xlsx
[2024-10-23 20:23:17,493] [INFO] [fps_address_scraper.py:185] Scraping https://www.fastpeoplesearch.com/address/101-w-morehead-st_charlotte-nc/page/11
[2024-10-23 20:24:09,103] [INFO] [fps_address_scraper.py:26] Got successful response from https://www.fastpeoplesearch.com/address/101-w-morehead-st_charlotte-nc/page/11
[2024-10-23 20:24:09,503] [INFO] [fps_address_scraper.py:91] Saved 10 entries in /home/ubuntu/scripts/result_file/output_chunk_19.xlsx
[2024-10-23 20:24:09,635] [INFO] [fps_address_scraper.py:185] Scraping https://www.fastpeoplesearch.com/address/101-w-morehead-st_charlotte-nc/page/12
[2024-10-23 20:24:39,026] [INFO] [fps_address_scraper.py:26] Got successful response from https://www.fastpeoplesearch.com/address/101-w-morehead-st_charlotte-nc/page/12
[2024-10-23 20:24:39,038] [INFO] [fps_address_scraper.py:216] output_chunk_19.xlsx. Scraping 12 of 98
[2024-10-23 20:24:39,039] [INFO] [fps_address_scraper.py:47] Original address: 1015 N Alexander St
[2024-10-23 20:24:39,039] [INFO] [fps_address_scraper.py:57] Standardized address: 1015 N Alexander St
[2024-10-23 20:24:39,172] [INFO] [fps_address_scraper.py:185] Scraping https://www.fastpeoplesearch.com/address/1015-n-alexander-st_charlotte-nc/page/1
[2024-10-23 20:25:31,007] [INFO] [fps_address_scraper.py:26] Got successful response from https://www.fastpeoplesearch.com/address/1015-n-alexander-st_charlotte-nc/page/1
[2024-10-23 20:25:31,434] [INFO] [fps_address_scraper.py:91] Saved 10 entries in /home/ubuntu/scripts/result_file/output_chunk_19.xlsx
[2024-10-23 20:25:31,621] [INFO] [fps_address_scraper.py:185] Scraping https://www.fastpeoplesearch.com/address/1015-n-alexander-st_charlotte-nc/page/2
[2024-10-23 20:26:23,554] [INFO] [fps_address_scraper.py:26] Got successful response from https://www.fastpeoplesearch.com/address/1015-n-alexander-st_charlotte-nc/page/2
[2024-10-23 20:26:23,957] [INFO] [fps_address_scraper.py:91] Saved 10 entries in /home/ubuntu/scripts/result_file/output_chunk_19.xlsx
[2024-10-23 20:26:24,094] [INFO] [fps_address_scraper.py:185] Scraping https://www.fastpeoplesearch.com/address/1015-n-alexander-st_charlotte-nc/page/3
[2024-10-23 20:27:17,097] [INFO] [fps_address_scraper.py:26] Got successful response from https://www.fastpeoplesearch.com/address/1015-n-alexander-st_charlotte-nc/page/3
[2024-10-23 20:27:17,490] [INFO] [fps_address_scraper.py:91] Saved 10 entries in /home/ubuntu/scripts/result_file/output_chunk_19.xlsx
[2024-10-23 20:27:17,625] [INFO] [fps_address_scraper.py:185] Scraping https://www.fastpeoplesearch.com/address/1015-n-alexander-st_charlotte-nc/page/4
[2024-10-23 20:27:41,660] [INFO] [fps_address_scraper.py:26] Got successful response from https://www.fastpeoplesearch.com/address/1015-n-alexander-st_charlotte-nc/page/4
[2024-10-23 20:27:42,057] [INFO] [fps_address_scraper.py:91] Saved 10 entries in /home/ubuntu/scripts/result_file/output_chunk_19.xlsx
[2024-10-23 20:27:42,221] [INFO] [fps_address_scraper.py:185] Scraping https://www.fastpeoplesearch.com/address/1015-n-alexander-st_charlotte-nc/page/5
[2024-10-23 20:28:32,648] [INFO] [fps_address_scraper.py:26] Got successful response from https://www.fastpeoplesearch.com/address/1015-n-alexander-st_charlotte-nc/page/5
[2024-10-23 20:28:33,052] [INFO] [fps_address_scraper.py:91] Saved 10 entries in /home/ubuntu/scripts/result_file/output_chunk_19.xlsx
[2024-10-23 20:28:33,193] [INFO] [fps_address_scraper.py:185] Scraping https://www.fastpeoplesearch.com/address/1015-n-alexander-st_charlotte-nc/page/6
[2024-10-23 20:29:25,352] [INFO] [fps_address_scraper.py:26] Got successful response from https://www.fastpeoplesearch.com/address/1015-n-alexander-st_charlotte-nc/page/6
[2024-10-23 20:29:26,001] [INFO] [fps_address_scraper.py:91] Saved 10 entries in /home/ubuntu/scripts/result_file/output_chunk_19.xlsx
[2024-10-23 20:29:26,144] [INFO] [fps_address_scraper.py:185] Scraping https://www.fastpeoplesearch.com/address/1015-n-alexander-st_charlotte-nc/page/7
[2024-10-23 20:29:50,869] [INFO] [fps_address_scraper.py:26] Got successful response from https://www.fastpeoplesearch.com/address/1015-n-alexander-st_charlotte-nc/page/7
[2024-10-23 20:29:51,273] [INFO] [fps_address_scraper.py:91] Saved 10 entries in /home/ubuntu/scripts/result_file/output_chunk_19.xlsx
[2024-10-23 20:29:51,440] [INFO] [fps_address_scraper.py:185] Scraping https://www.fastpeoplesearch.com/address/1015-n-alexander-st_charlotte-nc/page/8
[2024-10-23 20:30:43,389] [INFO] [fps_address_scraper.py:26] Got successful response from https://www.fastpeoplesearch.com/address/1015-n-alexander-st_charlotte-nc/page/8
[2024-10-23 20:30:43,801] [INFO] [fps_address_scraper.py:91] Saved 10 entries in /home/ubuntu/scripts/result_file/output_chunk_19.xlsx
[2024-10-23 20:30:43,945] [INFO] [fps_address_scraper.py:185] Scraping https://www.fastpeoplesearch.com/address/1015-n-alexander-st_charlotte-nc/page/9
[2024-10-23 20:31:35,497] [INFO] [fps_address_scraper.py:26] Got successful response from https://www.fastpeoplesearch.com/address/1015-n-alexander-st_charlotte-nc/page/9
[2024-10-23 20:31:35,919] [INFO] [fps_address_scraper.py:91] Saved 10 entries in /home/ubuntu/scripts/result_file/output_chunk_19.xlsx
[2024-10-23 20:31:36,092] [INFO] [fps_address_scraper.py:185] Scraping https://www.fastpeoplesearch.com/address/1015-n-alexander-st_charlotte-nc/page/10
[2024-10-23 20:32:01,187] [INFO] [fps_address_scraper.py:26] Got successful response from https://www.fastpeoplesearch.com/address/1015-n-alexander-st_charlotte-nc/page/10
[2024-10-23 20:32:01,603] [INFO] [fps_address_scraper.py:91] Saved 10 entries in /home/ubuntu/scripts/result_file/output_chunk_19.xlsx
[2024-10-23 20:32:01,750] [INFO] [fps_address_scraper.py:185] Scraping https://www.fastpeoplesearch.com/address/1015-n-alexander-st_charlotte-nc/page/11
[2024-10-23 20:32:33,585] [INFO] [fps_address_scraper.py:26] Got successful response from https://www.fastpeoplesearch.com/address/1015-n-alexander-st_charlotte-nc/page/11
[2024-10-23 20:32:33,995] [INFO] [fps_address_scraper.py:91] Saved 8 entries in /home/ubuntu/scripts/result_file/output_chunk_19.xlsx
[2024-10-23 20:32:34,142] [INFO] [fps_address_scraper.py:185] Scraping https://www.fastpeoplesearch.com/address/1015-n-alexander-st_charlotte-nc/page/12
[2024-10-23 20:34:30,058] [ERROR] [fps_address_scraper.py:24] Could not get successful response. Status code 500. {"status":"Failed to get successful response from website. Please retry the request."}
[2024-10-23 20:34:30,058] [WARNING] [api.py:40] Request failed. Status code 500, retrying in 1 seconds...
[2024-10-23 20:35:23,276] [INFO] [fps_address_scraper.py:26] Got successful response from https://www.fastpeoplesearch.com/address/1015-n-alexander-st_charlotte-nc/page/12
[2024-10-23 20:35:23,288] [INFO] [fps_address_scraper.py:216] output_chunk_19.xlsx. Scraping 13 of 98
[2024-10-23 20:35:23,288] [INFO] [fps_address_scraper.py:47] Original address: 1015 Nutt St
[2024-10-23 20:35:23,288] [INFO] [fps_address_scraper.py:57] Standardized address: 1015 Nutt St
[2024-10-23 20:35:23,463] [INFO] [fps_address_scraper.py:185] Scraping https://www.fastpeoplesearch.com/address/1015-nutt-st_wilmington-nc/page/1
[2024-10-23 20:35:44,632] [INFO] [fps_address_scraper.py:26] Got successful response from https://www.fastpeoplesearch.com/address/1015-nutt-st_wilmington-nc/page/1
[2024-10-23 20:35:45,057] [INFO] [fps_address_scraper.py:91] Saved 10 entries in /home/ubuntu/scripts/result_file/output_chunk_19.xlsx
[2024-10-23 20:35:45,209] [INFO] [fps_address_scraper.py:185] Scraping https://www.fastpeoplesearch.com/address/1015-nutt-st_wilmington-nc/page/2
[2024-10-23 20:36:07,441] [INFO] [fps_address_scraper.py:26] Got successful response from https://www.fastpeoplesearch.com/address/1015-nutt-st_wilmington-nc/page/2
[2024-10-23 20:36:07,868] [INFO] [fps_address_scraper.py:91] Saved 10 entries in /home/ubuntu/scripts/result_file/output_chunk_19.xlsx
[2024-10-23 20:36:08,048] [INFO] [fps_address_scraper.py:185] Scraping https://www.fastpeoplesearch.com/address/1015-nutt-st_wilmington-nc/page/3
[2024-10-23 20:36:30,648] [INFO] [fps_address_scraper.py:26] Got successful response from https://www.fastpeoplesearch.com/address/1015-nutt-st_wilmington-nc/page/3
[2024-10-23 20:36:31,059] [INFO] [fps_address_scraper.py:91] Saved 10 entries in /home/ubuntu/scripts/result_file/output_chunk_19.xlsx
[2024-10-23 20:36:31,209] [INFO] [fps_address_scraper.py:185] Scraping https://www.fastpeoplesearch.com/address/1015-nutt-st_wilmington-nc/page/4
[2024-10-23 20:36:52,852] [INFO] [fps_address_scraper.py:26] Got successful response from https://www.fastpeoplesearch.com/address/1015-nutt-st_wilmington-nc/page/4
[2024-10-23 20:36:53,282] [INFO] [fps_address_scraper.py:91] Saved 10 entries in /home/ubuntu/scripts/result_file/output_chunk_19.xlsx
[2024-10-23 20:36:53,460] [INFO] [fps_address_scraper.py:185] Scraping https://www.fastpeoplesearch.com/address/1015-nutt-st_wilmington-nc/page/5
[2024-10-23 20:37:44,653] [INFO] [fps_address_scraper.py:26] Got successful response from https://www.fastpeoplesearch.com/address/1015-nutt-st_wilmington-nc/page/5
[2024-10-23 20:37:45,092] [INFO] [fps_address_scraper.py:91] Saved 10 entries in /home/ubuntu/scripts/result_file/output_chunk_19.xlsx
[2024-10-23 20:37:45,244] [INFO] [fps_address_scraper.py:185] Scraping https://www.fastpeoplesearch.com/address/1015-nutt-st_wilmington-nc/page/6
[2024-10-23 20:38:20,719] [INFO] [fps_address_scraper.py:26] Got successful response from https://www.fastpeoplesearch.com/address/1015-nutt-st_wilmington-nc/page/6
[2024-10-23 20:38:21,157] [INFO] [fps_address_scraper.py:91] Saved 10 entries in /home/ubuntu/scripts/result_file/output_chunk_19.xlsx
[2024-10-23 20:38:21,339] [INFO] [fps_address_scraper.py:185] Scraping https://www.fastpeoplesearch.com/address/1015-nutt-st_wilmington-nc/page/7
[2024-10-23 20:39:52,577] [INFO] [fps_address_scraper.py:26] Got successful response from https://www.fastpeoplesearch.com/address/1015-nutt-st_wilmington-nc/page/7
[2024-10-23 20:39:53,025] [INFO] [fps_address_scraper.py:91] Saved 10 entries in /home/ubuntu/scripts/result_file/output_chunk_19.xlsx
[2024-10-23 20:39:53,183] [INFO] [fps_address_scraper.py:185] Scraping https://www.fastpeoplesearch.com/address/1015-nutt-st_wilmington-nc/page/8
[2024-10-23 20:40:44,735] [INFO] [fps_address_scraper.py:26] Got successful response from https://www.fastpeoplesearch.com/address/1015-nutt-st_wilmington-nc/page/8
[2024-10-23 20:40:45,431] [INFO] [fps_address_scraper.py:91] Saved 10 entries in /home/ubuntu/scripts/result_file/output_chunk_19.xlsx
[2024-10-23 20:40:45,726] [INFO] [fps_address_scraper.py:185] Scraping https://www.fastpeoplesearch.com/address/1015-nutt-st_wilmington-nc/page/9
[2024-10-23 20:41:32,102] [INFO] [fps_address_scraper.py:26] Got successful response from https://www.fastpeoplesearch.com/address/1015-nutt-st_wilmington-nc/page/9
[2024-10-23 20:41:32,549] [INFO] [fps_address_scraper.py:91] Saved 10 entries in /home/ubuntu/scripts/result_file/output_chunk_19.xlsx
[2024-10-23 20:41:32,708] [INFO] [fps_address_scraper.py:185] Scraping https://www.fastpeoplesearch.com/address/1015-nutt-st_wilmington-nc/page/10
[2024-10-23 20:42:04,571] [INFO] [fps_address_scraper.py:26] Got successful response from https://www.fastpeoplesearch.com/address/1015-nutt-st_wilmington-nc/page/10
[2024-10-23 20:42:05,027] [INFO] [fps_address_scraper.py:91] Saved 10 entries in /home/ubuntu/scripts/result_file/output_chunk_19.xlsx
[2024-10-23 20:42:05,228] [INFO] [fps_address_scraper.py:185] Scraping https://www.fastpeoplesearch.com/address/1015-nutt-st_wilmington-nc/page/11
[2024-10-23 20:42:27,542] [INFO] [fps_address_scraper.py:26] Got successful response from https://www.fastpeoplesearch.com/address/1015-nutt-st_wilmington-nc/page/11
[2024-10-23 20:42:27,992] [INFO] [fps_address_scraper.py:91] Saved 9 entries in /home/ubuntu/scripts/result_file/output_chunk_19.xlsx
[2024-10-23 20:42:28,156] [INFO] [fps_address_scraper.py:185] Scraping https://www.fastpeoplesearch.com/address/1015-nutt-st_wilmington-nc/page/12
[2024-10-23 20:42:51,789] [INFO] [fps_address_scraper.py:26] Got successful response from https://www.fastpeoplesearch.com/address/1015-nutt-st_wilmington-nc/page/12
[2024-10-23 20:42:51,801] [INFO] [fps_address_scraper.py:216] output_chunk_19.xlsx. Scraping 14 of 98
[2024-10-23 20:42:51,802] [INFO] [fps_address_scraper.py:47] Original address: 1017 Umstead Hollow Pl
[2024-10-23 20:42:51,802] [INFO] [fps_address_scraper.py:57] Standardized address: 1017 Umstead Hollow Pl
[2024-10-23 20:42:52,004] [INFO] [fps_address_scraper.py:185] Scraping https://www.fastpeoplesearch.com/address/1017-umstead-hollow-pl_cary-nc/page/1
[2024-10-23 20:43:26,801] [INFO] [fps_address_scraper.py:26] Got successful response from https://www.fastpeoplesearch.com/address/1017-umstead-hollow-pl_cary-nc/page/1
[2024-10-23 20:43:27,341] [INFO] [fps_address_scraper.py:91] Saved 10 entries in /home/ubuntu/scripts/result_file/output_chunk_19.xlsx
[2024-10-23 20:43:27,509] [INFO] [fps_address_scraper.py:185] Scraping https://www.fastpeoplesearch.com/address/1017-umstead-hollow-pl_cary-nc/page/2
[2024-10-23 20:44:10,314] [INFO] [fps_address_scraper.py:26] Got successful response from https://www.fastpeoplesearch.com/address/1017-umstead-hollow-pl_cary-nc/page/2
[2024-10-23 20:44:10,801] [INFO] [fps_address_scraper.py:91] Saved 10 entries in /home/ubuntu/scripts/result_file/output_chunk_19.xlsx
[2024-10-23 20:44:10,967] [INFO] [fps_address_scraper.py:185] Scraping https://www.fastpeoplesearch.com/address/1017-umstead-hollow-pl_cary-nc/page/3
[2024-10-23 20:45:28,074] [INFO] [fps_address_scraper.py:26] Got successful response from https://www.fastpeoplesearch.com/address/1017-umstead-hollow-pl_cary-nc/page/3
[2024-10-23 20:45:28,542] [INFO] [fps_address_scraper.py:91] Saved 10 entries in /home/ubuntu/scripts/result_file/output_chunk_19.xlsx
[2024-10-23 20:45:28,751] [INFO] [fps_address_scraper.py:185] Scraping https://www.fastpeoplesearch.com/address/1017-umstead-hollow-pl_cary-nc/page/4
[2024-10-23 20:45:50,607] [INFO] [fps_address_scraper.py:26] Got successful response from https://www.fastpeoplesearch.com/address/1017-umstead-hollow-pl_cary-nc/page/4
[2024-10-23 20:45:51,082] [INFO] [fps_address_scraper.py:91] Saved 10 entries in /home/ubuntu/scripts/result_file/output_chunk_19.xlsx
[2024-10-23 20:45:51,256] [INFO] [fps_address_scraper.py:185] Scraping https://www.fastpeoplesearch.com/address/1017-umstead-hollow-pl_cary-nc/page/5
[2024-10-23 20:46:24,365] [INFO] [fps_address_scraper.py:26] Got successful response from https://www.fastpeoplesearch.com/address/1017-umstead-hollow-pl_cary-nc/page/5
[2024-10-23 20:46:24,837] [INFO] [fps_address_scraper.py:91] Saved 10 entries in /home/ubuntu/scripts/result_file/output_chunk_19.xlsx
[2024-10-23 20:46:25,028] [INFO] [fps_address_scraper.py:185] Scraping https://www.fastpeoplesearch.com/address/1017-umstead-hollow-pl_cary-nc/page/6
[2024-10-23 20:46:53,374] [INFO] [fps_address_scraper.py:26] Got successful response from https://www.fastpeoplesearch.com/address/1017-umstead-hollow-pl_cary-nc/page/6
[2024-10-23 20:46:53,842] [INFO] [fps_address_scraper.py:91] Saved 10 entries in /home/ubuntu/scripts/result_file/output_chunk_19.xlsx
[2024-10-23 20:46:54,012] [INFO] [fps_address_scraper.py:185] Scraping https://www.fastpeoplesearch.com/address/1017-umstead-hollow-pl_cary-nc/page/7
[2024-10-23 20:47:45,833] [INFO] [fps_address_scraper.py:26] Got successful response from https://www.fastpeoplesearch.com/address/1017-umstead-hollow-pl_cary-nc/page/7
[2024-10-23 20:47:46,335] [INFO] [fps_address_scraper.py:91] Saved 10 entries in /home/ubuntu/scripts/result_file/output_chunk_19.xlsx
[2024-10-23 20:47:46,507] [INFO] [fps_address_scraper.py:185] Scraping https://www.fastpeoplesearch.com/address/1017-umstead-hollow-pl_cary-nc/page/8
[2024-10-23 20:48:25,543] [INFO] [fps_address_scraper.py:26] Got successful response from https://www.fastpeoplesearch.com/address/1017-umstead-hollow-pl_cary-nc/page/8
[2024-10-23 20:48:26,029] [INFO] [fps_address_scraper.py:91] Saved 10 entries in /home/ubuntu/scripts/result_file/output_chunk_19.xlsx
[2024-10-23 20:48:26,236] [INFO] [fps_address_scraper.py:185] Scraping https://www.fastpeoplesearch.com/address/1017-umstead-hollow-pl_cary-nc/page/9
[2024-10-23 20:49:18,739] [INFO] [fps_address_scraper.py:26] Got successful response from https://www.fastpeoplesearch.com/address/1017-umstead-hollow-pl_cary-nc/page/9
[2024-10-23 20:49:19,204] [INFO] [fps_address_scraper.py:91] Saved 3 entries in /home/ubuntu/scripts/result_file/output_chunk_19.xlsx
[2024-10-23 20:49:19,379] [INFO] [fps_address_scraper.py:185] Scraping https://www.fastpeoplesearch.com/address/1017-umstead-hollow-pl_cary-nc/page/10
[2024-10-23 20:49:42,088] [INFO] [fps_address_scraper.py:26] Got successful response from https://www.fastpeoplesearch.com/address/1017-umstead-hollow-pl_cary-nc/page/10
[2024-10-23 20:49:42,100] [INFO] [fps_address_scraper.py:216] output_chunk_19.xlsx. Scraping 15 of 98
[2024-10-23 20:49:42,100] [INFO] [fps_address_scraper.py:47] Original address: 1018 N Caldwell St
[2024-10-23 20:49:42,100] [INFO] [fps_address_scraper.py:57] Standardized address: 1018 N Caldwell St
[2024-10-23 20:49:42,294] [INFO] [fps_address_scraper.py:185] Scraping https://www.fastpeoplesearch.com/address/1018-n-caldwell-st_charlotte-nc/page/1
[2024-10-23 20:50:13,649] [INFO] [fps_address_scraper.py:26] Got successful response from https://www.fastpeoplesearch.com/address/1018-n-caldwell-st_charlotte-nc/page/1
[2024-10-23 20:50:14,140] [INFO] [fps_address_scraper.py:91] Saved 9 entries in /home/ubuntu/scripts/result_file/output_chunk_19.xlsx
[2024-10-23 20:50:14,344] [INFO] [fps_address_scraper.py:185] Scraping https://www.fastpeoplesearch.com/address/1018-n-caldwell-st_charlotte-nc/page/2
[2024-10-23 20:50:45,559] [INFO] [fps_address_scraper.py:26] Got successful response from https://www.fastpeoplesearch.com/address/1018-n-caldwell-st_charlotte-nc/page/2
[2024-10-23 20:50:46,039] [INFO] [fps_address_scraper.py:91] Saved 10 entries in /home/ubuntu/scripts/result_file/output_chunk_19.xlsx
[2024-10-23 20:50:46,220] [INFO] [fps_address_scraper.py:185] Scraping https://www.fastpeoplesearch.com/address/1018-n-caldwell-st_charlotte-nc/page/3
[2024-10-23 20:51:12,482] [INFO] [fps_address_scraper.py:26] Got successful response from https://www.fastpeoplesearch.com/address/1018-n-caldwell-st_charlotte-nc/page/3
[2024-10-23 20:51:13,349] [INFO] [fps_address_scraper.py:91] Saved 10 entries in /home/ubuntu/scripts/result_file/output_chunk_19.xlsx
[2024-10-23 20:51:13,553] [INFO] [fps_address_scraper.py:185] Scraping https://www.fastpeoplesearch.com/address/1018-n-caldwell-st_charlotte-nc/page/4
[2024-10-23 20:51:54,677] [INFO] [fps_address_scraper.py:26] Got successful response from https://www.fastpeoplesearch.com/address/1018-n-caldwell-st_charlotte-nc/page/4
[2024-10-23 20:51:55,161] [INFO] [fps_address_scraper.py:91] Saved 10 entries in /home/ubuntu/scripts/result_file/output_chunk_19.xlsx
[2024-10-23 20:51:55,365] [INFO] [fps_address_scraper.py:185] Scraping https://www.fastpeoplesearch.com/address/1018-n-caldwell-st_charlotte-nc/page/5
[2024-10-23 20:53:01,373] [INFO] [fps_address_scraper.py:26] Got successful response from https://www.fastpeoplesearch.com/address/1018-n-caldwell-st_charlotte-nc/page/5
[2024-10-23 20:53:01,893] [INFO] [fps_address_scraper.py:91] Saved 10 entries in /home/ubuntu/scripts/result_file/output_chunk_19.xlsx
[2024-10-23 20:53:02,079] [INFO] [fps_address_scraper.py:185] Scraping https://www.fastpeoplesearch.com/address/1018-n-caldwell-st_charlotte-nc/page/6
[2024-10-23 20:53:34,686] [INFO] [fps_address_scraper.py:26] Got successful response from https://www.fastpeoplesearch.com/address/1018-n-caldwell-st_charlotte-nc/page/6
[2024-10-23 20:53:35,287] [INFO] [fps_address_scraper.py:91] Saved 10 entries in /home/ubuntu/scripts/result_file/output_chunk_19.xlsx
[2024-10-23 20:53:35,467] [INFO] [fps_address_scraper.py:185] Scraping https://www.fastpeoplesearch.com/address/1018-n-caldwell-st_charlotte-nc/page/7
[2024-10-23 20:54:02,859] [INFO] [fps_address_scraper.py:26] Got successful response from https://www.fastpeoplesearch.com/address/1018-n-caldwell-st_charlotte-nc/page/7
[2024-10-23 20:54:03,387] [INFO] [fps_address_scraper.py:91] Saved 10 entries in /home/ubuntu/scripts/result_file/output_chunk_19.xlsx
[2024-10-23 20:54:03,570] [INFO] [fps_address_scraper.py:185] Scraping https://www.fastpeoplesearch.com/address/1018-n-caldwell-st_charlotte-nc/page/8
[2024-10-23 20:54:43,370] [INFO] [fps_address_scraper.py:26] Got successful response from https://www.fastpeoplesearch.com/address/1018-n-caldwell-st_charlotte-nc/page/8
[2024-10-23 20:54:43,873] [INFO] [fps_address_scraper.py:91] Saved 10 entries in /home/ubuntu/scripts/result_file/output_chunk_19.xlsx
[2024-10-23 20:54:44,088] [INFO] [fps_address_scraper.py:185] Scraping https://www.fastpeoplesearch.com/address/1018-n-caldwell-st_charlotte-nc/page/9
[2024-10-23 20:55:16,471] [INFO] [fps_address_scraper.py:26] Got successful response from https://www.fastpeoplesearch.com/address/1018-n-caldwell-st_charlotte-nc/page/9
[2024-10-23 20:55:16,976] [INFO] [fps_address_scraper.py:91] Saved 10 entries in /home/ubuntu/scripts/result_file/output_chunk_19.xlsx
[2024-10-23 20:55:17,161] [INFO] [fps_address_scraper.py:185] Scraping https://www.fastpeoplesearch.com/address/1018-n-caldwell-st_charlotte-nc/page/10
[2024-10-23 20:55:52,184] [INFO] [fps_address_scraper.py:26] Got successful response from https://www.fastpeoplesearch.com/address/1018-n-caldwell-st_charlotte-nc/page/10
[2024-10-23 20:55:54,083] [INFO] [fps_address_scraper.py:91] Saved 10 entries in /home/ubuntu/scripts/result_file/output_chunk_19.xlsx
[2024-10-23 20:55:54,555] [INFO] [fps_address_scraper.py:185] Scraping https://www.fastpeoplesearch.com/address/1018-n-caldwell-st_charlotte-nc/page/11
[2024-10-23 20:57:08,024] [INFO] [fps_address_scraper.py:26] Got successful response from https://www.fastpeoplesearch.com/address/1018-n-caldwell-st_charlotte-nc/page/11
[2024-10-23 20:57:08,563] [INFO] [fps_address_scraper.py:91] Saved 8 entries in /home/ubuntu/scripts/result_file/output_chunk_19.xlsx
[2024-10-23 20:57:08,753] [INFO] [fps_address_scraper.py:185] Scraping https://www.fastpeoplesearch.com/address/1018-n-caldwell-st_charlotte-nc/page/12
[2024-10-23 20:58:04,813] [INFO] [fps_address_scraper.py:26] Got successful response from https://www.fastpeoplesearch.com/address/1018-n-caldwell-st_charlotte-nc/page/12
[2024-10-23 20:58:04,825] [INFO] [fps_address_scraper.py:216] output_chunk_19.xlsx. Scraping 16 of 98
[2024-10-23 20:58:04,825] [INFO] [fps_address_scraper.py:47] Original address: 1025 Hirschfeld Dr
[2024-10-23 20:58:04,825] [INFO] [fps_address_scraper.py:57] Standardized address: 1025 Hirschfeld Dr
[2024-10-23 20:58:05,014] [INFO] [fps_address_scraper.py:185] Scraping https://www.fastpeoplesearch.com/address/1025-hirschfeld-dr_fayetteville-nc/page/1
[2024-10-23 20:58:32,266] [INFO] [fps_address_scraper.py:26] Got successful response from https://www.fastpeoplesearch.com/address/1025-hirschfeld-dr_fayetteville-nc/page/1
[2024-10-23 20:58:32,281] [INFO] [fps_address_scraper.py:216] output_chunk_19.xlsx. Scraping 17 of 98
[2024-10-23 20:58:32,281] [INFO] [fps_address_scraper.py:47] Original address: 1028 Stitch Bend Way
[2024-10-23 20:58:32,281] [INFO] [fps_address_scraper.py:57] Standardized address: 1028 Stitch Bend Way
[2024-10-23 20:58:32,497] [INFO] [fps_address_scraper.py:185] Scraping https://www.fastpeoplesearch.com/address/1028-stitch-bend-way_charlotte-nc/page/1
[2024-10-23 20:58:58,961] [INFO] [fps_address_scraper.py:26] Got successful response from https://www.fastpeoplesearch.com/address/1028-stitch-bend-way_charlotte-nc/page/1
[2024-10-23 20:58:58,989] [INFO] [fps_address_scraper.py:216] output_chunk_19.xlsx. Scraping 18 of 98
[2024-10-23 20:58:58,989] [INFO] [fps_address_scraper.py:47] Original address: 1030 Element Cir
[2024-10-23 20:58:58,989] [INFO] [fps_address_scraper.py:57] Standardized address: 1030 Element Cir
[2024-10-23 20:58:59,181] [INFO] [fps_address_scraper.py:185] Scraping https://www.fastpeoplesearch.com/address/1030-element-cir_garner-nc/page/1
[2024-10-23 20:59:26,245] [INFO] [fps_address_scraper.py:26] Got successful response from https://www.fastpeoplesearch.com/address/1030-element-cir_garner-nc/page/1
[2024-10-23 20:59:26,791] [INFO] [fps_address_scraper.py:91] Saved 10 entries in /home/ubuntu/scripts/result_file/output_chunk_19.xlsx
[2024-10-23 20:59:26,980] [INFO] [fps_address_scraper.py:185] Scraping https://www.fastpeoplesearch.com/address/1030-element-cir_garner-nc/page/2
[2024-10-23 20:59:55,808] [INFO] [fps_address_scraper.py:26] Got successful response from https://www.fastpeoplesearch.com/address/1030-element-cir_garner-nc/page/2
[2024-10-23 20:59:56,316] [INFO] [fps_address_scraper.py:91] Saved 10 entries in /home/ubuntu/scripts/result_file/output_chunk_19.xlsx
[2024-10-23 20:59:56,531] [INFO] [fps_address_scraper.py:185] Scraping https://www.fastpeoplesearch.com/address/1030-element-cir_garner-nc/page/3
[2024-10-23 21:00:29,246] [INFO] [fps_address_scraper.py:26] Got successful response from https://www.fastpeoplesearch.com/address/1030-element-cir_garner-nc/page/3
[2024-10-23 21:00:30,031] [INFO] [fps_address_scraper.py:91] Saved 10 entries in /home/ubuntu/scripts/result_file/output_chunk_19.xlsx
[2024-10-23 21:00:30,253] [INFO] [fps_address_scraper.py:185] Scraping https://www.fastpeoplesearch.com/address/1030-element-cir_garner-nc/page/4
