[2024-10-23 18:58:32,802] [INFO] [fps_address_scraper.py:216] output_chunk_18.xlsx. Scraping 1 of 98
[2024-10-23 18:58:32,827] [INFO] [fps_address_scraper.py:47] Original address: 4301 Dominion Forest Cir
[2024-10-23 18:58:32,828] [INFO] [fps_address_scraper.py:57] Standardized address: 4301 Dominion Forest Cir
[2024-10-23 18:58:32,828] [INFO] [fps_address_scraper.py:185] Scraping https://www.fastpeoplesearch.com/address/4301-dominion-forest-cir_glen-allen-va/page/1
[2024-10-23 19:01:38,153] [INFO] [fps_address_scraper.py:216] output_chunk_18.xlsx. Scraping 1 of 98
[2024-10-23 19:01:38,155] [INFO] [fps_address_scraper.py:47] Original address: 4301 Dominion Forest Cir
[2024-10-23 19:01:38,156] [INFO] [fps_address_scraper.py:57] Standardized address: 4301 Dominion Forest Cir
[2024-10-23 19:01:38,156] [INFO] [fps_address_scraper.py:185] Scraping https://www.fastpeoplesearch.com/address/4301-dominion-forest-cir_glen-allen-va/page/1
[2024-10-23 19:01:59,766] [INFO] [fps_address_scraper.py:26] Got successful response from https://www.fastpeoplesearch.com/address/4301-dominion-forest-cir_glen-allen-va/page/1
[2024-10-23 19:01:59,868] [INFO] [fps_address_scraper.py:91] Saved 10 entries in /home/ubuntu/scripts/result_file/output_chunk_18.xlsx
[2024-10-23 19:01:59,876] [INFO] [fps_address_scraper.py:185] Scraping https://www.fastpeoplesearch.com/address/4301-dominion-forest-cir_glen-allen-va/page/2
[2024-10-23 19:02:21,125] [INFO] [fps_address_scraper.py:26] Got successful response from https://www.fastpeoplesearch.com/address/4301-dominion-forest-cir_glen-allen-va/page/2
[2024-10-23 19:02:21,203] [INFO] [fps_address_scraper.py:91] Saved 10 entries in /home/ubuntu/scripts/result_file/output_chunk_18.xlsx
[2024-10-23 19:02:21,211] [INFO] [fps_address_scraper.py:185] Scraping https://www.fastpeoplesearch.com/address/4301-dominion-forest-cir_glen-allen-va/page/3
[2024-10-23 19:03:02,148] [INFO] [fps_address_scraper.py:26] Got successful response from https://www.fastpeoplesearch.com/address/4301-dominion-forest-cir_glen-allen-va/page/3
[2024-10-23 19:03:02,227] [INFO] [fps_address_scraper.py:91] Saved 10 entries in /home/ubuntu/scripts/result_file/output_chunk_18.xlsx
[2024-10-23 19:03:02,237] [INFO] [fps_address_scraper.py:185] Scraping https://www.fastpeoplesearch.com/address/4301-dominion-forest-cir_glen-allen-va/page/4
[2024-10-23 19:03:42,535] [INFO] [fps_address_scraper.py:26] Got successful response from https://www.fastpeoplesearch.com/address/4301-dominion-forest-cir_glen-allen-va/page/4
[2024-10-23 19:03:42,608] [INFO] [fps_address_scraper.py:91] Saved 10 entries in /home/ubuntu/scripts/result_file/output_chunk_18.xlsx
[2024-10-23 19:03:42,619] [INFO] [fps_address_scraper.py:185] Scraping https://www.fastpeoplesearch.com/address/4301-dominion-forest-cir_glen-allen-va/page/5
[2024-10-23 19:08:00,648] [INFO] [fps_address_scraper.py:216] output_chunk_18.xlsx. Scraping 1 of 98
[2024-10-23 19:08:00,649] [INFO] [fps_address_scraper.py:47] Original address: 4301 Dominion Forest Cir
[2024-10-23 19:08:00,649] [INFO] [fps_address_scraper.py:57] Standardized address: 4301 Dominion Forest Cir
[2024-10-23 19:08:00,779] [INFO] [fps_address_scraper.py:182] Skipping https://www.fastpeoplesearch.com/address/4301-dominion-forest-cir_glen-allen-va/page/1 because already scraped.
[2024-10-23 19:08:00,867] [INFO] [fps_address_scraper.py:182] Skipping https://www.fastpeoplesearch.com/address/4301-dominion-forest-cir_glen-allen-va/page/2 because already scraped.
[2024-10-23 19:08:00,944] [INFO] [fps_address_scraper.py:182] Skipping https://www.fastpeoplesearch.com/address/4301-dominion-forest-cir_glen-allen-va/page/3 because already scraped.
[2024-10-23 19:08:01,013] [INFO] [fps_address_scraper.py:182] Skipping https://www.fastpeoplesearch.com/address/4301-dominion-forest-cir_glen-allen-va/page/4 because already scraped.
[2024-10-23 19:08:01,057] [INFO] [fps_address_scraper.py:185] Scraping https://www.fastpeoplesearch.com/address/4301-dominion-forest-cir_glen-allen-va/page/5
[2024-10-23 19:08:52,895] [INFO] [fps_address_scraper.py:26] Got successful response from https://www.fastpeoplesearch.com/address/4301-dominion-forest-cir_glen-allen-va/page/5
[2024-10-23 19:08:53,033] [INFO] [fps_address_scraper.py:91] Saved 10 entries in /home/ubuntu/scripts/result_file/output_chunk_18.xlsx
[2024-10-23 19:08:53,047] [INFO] [fps_address_scraper.py:185] Scraping https://www.fastpeoplesearch.com/address/4301-dominion-forest-cir_glen-allen-va/page/6
[2024-10-23 19:09:15,311] [INFO] [fps_address_scraper.py:26] Got successful response from https://www.fastpeoplesearch.com/address/4301-dominion-forest-cir_glen-allen-va/page/6
[2024-10-23 19:09:15,406] [INFO] [fps_address_scraper.py:91] Saved 10 entries in /home/ubuntu/scripts/result_file/output_chunk_18.xlsx
[2024-10-23 19:09:15,422] [INFO] [fps_address_scraper.py:185] Scraping https://www.fastpeoplesearch.com/address/4301-dominion-forest-cir_glen-allen-va/page/7
[2024-10-23 19:09:35,140] [INFO] [fps_address_scraper.py:26] Got successful response from https://www.fastpeoplesearch.com/address/4301-dominion-forest-cir_glen-allen-va/page/7
[2024-10-23 19:09:35,308] [INFO] [fps_address_scraper.py:91] Saved 10 entries in /home/ubuntu/scripts/result_file/output_chunk_18.xlsx
[2024-10-23 19:09:35,340] [INFO] [fps_address_scraper.py:185] Scraping https://www.fastpeoplesearch.com/address/4301-dominion-forest-cir_glen-allen-va/page/8
[2024-10-23 19:09:57,316] [INFO] [fps_address_scraper.py:26] Got successful response from https://www.fastpeoplesearch.com/address/4301-dominion-forest-cir_glen-allen-va/page/8
[2024-10-23 19:09:57,411] [INFO] [fps_address_scraper.py:91] Saved 10 entries in /home/ubuntu/scripts/result_file/output_chunk_18.xlsx
[2024-10-23 19:09:57,428] [INFO] [fps_address_scraper.py:185] Scraping https://www.fastpeoplesearch.com/address/4301-dominion-forest-cir_glen-allen-va/page/9
[2024-10-23 19:11:27,627] [INFO] [fps_address_scraper.py:26] Got successful response from https://www.fastpeoplesearch.com/address/4301-dominion-forest-cir_glen-allen-va/page/9
[2024-10-23 19:11:27,716] [INFO] [fps_address_scraper.py:91] Saved 7 entries in /home/ubuntu/scripts/result_file/output_chunk_18.xlsx
[2024-10-23 19:11:27,735] [INFO] [fps_address_scraper.py:185] Scraping https://www.fastpeoplesearch.com/address/4301-dominion-forest-cir_glen-allen-va/page/10
[2024-10-23 19:12:43,045] [INFO] [fps_address_scraper.py:26] Got successful response from https://www.fastpeoplesearch.com/address/4301-dominion-forest-cir_glen-allen-va/page/10
[2024-10-23 19:12:43,057] [INFO] [fps_address_scraper.py:216] output_chunk_18.xlsx. Scraping 2 of 98
[2024-10-23 19:12:43,057] [INFO] [fps_address_scraper.py:47] Original address: 4309 Duke St
[2024-10-23 19:12:43,057] [INFO] [fps_address_scraper.py:57] Standardized address: 4309 Duke St
[2024-10-23 19:12:43,075] [INFO] [fps_address_scraper.py:185] Scraping https://www.fastpeoplesearch.com/address/4309-duke-st_alexandria-va/page/1
[2024-10-23 19:12:59,483] [INFO] [fps_address_scraper.py:26] Got successful response from https://www.fastpeoplesearch.com/address/4309-duke-st_alexandria-va/page/1
[2024-10-23 19:12:59,575] [INFO] [fps_address_scraper.py:91] Saved 10 entries in /home/ubuntu/scripts/result_file/output_chunk_18.xlsx
[2024-10-23 19:12:59,595] [INFO] [fps_address_scraper.py:185] Scraping https://www.fastpeoplesearch.com/address/4309-duke-st_alexandria-va/page/2
[2024-10-23 19:13:51,845] [INFO] [fps_address_scraper.py:26] Got successful response from https://www.fastpeoplesearch.com/address/4309-duke-st_alexandria-va/page/2
[2024-10-23 19:13:51,993] [INFO] [fps_address_scraper.py:91] Saved 10 entries in /home/ubuntu/scripts/result_file/output_chunk_18.xlsx
[2024-10-23 19:13:52,015] [INFO] [fps_address_scraper.py:185] Scraping https://www.fastpeoplesearch.com/address/4309-duke-st_alexandria-va/page/3
[2024-10-23 19:14:31,438] [INFO] [fps_address_scraper.py:26] Got successful response from https://www.fastpeoplesearch.com/address/4309-duke-st_alexandria-va/page/3
[2024-10-23 19:14:31,511] [INFO] [fps_address_scraper.py:91] Saved 4 entries in /home/ubuntu/scripts/result_file/output_chunk_18.xlsx
[2024-10-23 19:14:31,533] [INFO] [fps_address_scraper.py:185] Scraping https://www.fastpeoplesearch.com/address/4309-duke-st_alexandria-va/page/4
[2024-10-23 19:14:54,277] [INFO] [fps_address_scraper.py:26] Got successful response from https://www.fastpeoplesearch.com/address/4309-duke-st_alexandria-va/page/4
[2024-10-23 19:14:54,289] [INFO] [fps_address_scraper.py:216] output_chunk_18.xlsx. Scraping 3 of 98
[2024-10-23 19:14:54,290] [INFO] [fps_address_scraper.py:47] Original address: 43449 Silo Creek Ter
[2024-10-23 19:14:54,290] [INFO] [fps_address_scraper.py:57] Standardized address: 43449 Silo Creek Ter
[2024-10-23 19:14:54,312] [INFO] [fps_address_scraper.py:185] Scraping https://www.fastpeoplesearch.com/address/43449-silo-creek-ter_ashburn-va/page/1
[2024-10-23 19:15:28,335] [INFO] [fps_address_scraper.py:26] Got successful response from https://www.fastpeoplesearch.com/address/43449-silo-creek-ter_ashburn-va/page/1
[2024-10-23 19:15:28,449] [INFO] [fps_address_scraper.py:91] Saved 10 entries in /home/ubuntu/scripts/result_file/output_chunk_18.xlsx
[2024-10-23 19:15:28,473] [INFO] [fps_address_scraper.py:185] Scraping https://www.fastpeoplesearch.com/address/43449-silo-creek-ter_ashburn-va/page/2
[2024-10-23 19:16:05,303] [INFO] [fps_address_scraper.py:26] Got successful response from https://www.fastpeoplesearch.com/address/43449-silo-creek-ter_ashburn-va/page/2
[2024-10-23 19:16:05,425] [INFO] [fps_address_scraper.py:91] Saved 10 entries in /home/ubuntu/scripts/result_file/output_chunk_18.xlsx
[2024-10-23 19:16:05,449] [INFO] [fps_address_scraper.py:185] Scraping https://www.fastpeoplesearch.com/address/43449-silo-creek-ter_ashburn-va/page/3
[2024-10-23 19:16:37,105] [INFO] [fps_address_scraper.py:26] Got successful response from https://www.fastpeoplesearch.com/address/43449-silo-creek-ter_ashburn-va/page/3
[2024-10-23 19:16:37,228] [INFO] [fps_address_scraper.py:91] Saved 2 entries in /home/ubuntu/scripts/result_file/output_chunk_18.xlsx
[2024-10-23 19:16:37,251] [INFO] [fps_address_scraper.py:185] Scraping https://www.fastpeoplesearch.com/address/43449-silo-creek-ter_ashburn-va/page/4
[2024-10-23 19:16:58,754] [INFO] [fps_address_scraper.py:26] Got successful response from https://www.fastpeoplesearch.com/address/43449-silo-creek-ter_ashburn-va/page/4
[2024-10-23 19:16:58,766] [INFO] [fps_address_scraper.py:216] output_chunk_18.xlsx. Scraping 4 of 98
[2024-10-23 19:16:58,767] [INFO] [fps_address_scraper.py:47] Original address: 43805 Central Station Dr
[2024-10-23 19:16:58,767] [INFO] [fps_address_scraper.py:57] Standardized address: 43805 Central Station Dr
[2024-10-23 19:16:58,792] [INFO] [fps_address_scraper.py:185] Scraping https://www.fastpeoplesearch.com/address/43805-central-station-dr_ashburn-va/page/1
[2024-10-23 19:17:19,175] [INFO] [fps_address_scraper.py:26] Got successful response from https://www.fastpeoplesearch.com/address/43805-central-station-dr_ashburn-va/page/1
[2024-10-23 19:17:19,292] [INFO] [fps_address_scraper.py:91] Saved 10 entries in /home/ubuntu/scripts/result_file/output_chunk_18.xlsx
[2024-10-23 19:17:19,317] [INFO] [fps_address_scraper.py:185] Scraping https://www.fastpeoplesearch.com/address/43805-central-station-dr_ashburn-va/page/2
[2024-10-23 19:19:06,470] [INFO] [fps_address_scraper.py:26] Got successful response from https://www.fastpeoplesearch.com/address/43805-central-station-dr_ashburn-va/page/2
[2024-10-23 19:19:06,587] [INFO] [fps_address_scraper.py:91] Saved 10 entries in /home/ubuntu/scripts/result_file/output_chunk_18.xlsx
[2024-10-23 19:19:06,613] [INFO] [fps_address_scraper.py:185] Scraping https://www.fastpeoplesearch.com/address/43805-central-station-dr_ashburn-va/page/3
[2024-10-23 19:19:45,845] [INFO] [fps_address_scraper.py:26] Got successful response from https://www.fastpeoplesearch.com/address/43805-central-station-dr_ashburn-va/page/3
[2024-10-23 19:19:46,001] [INFO] [fps_address_scraper.py:91] Saved 10 entries in /home/ubuntu/scripts/result_file/output_chunk_18.xlsx
[2024-10-23 19:19:46,029] [INFO] [fps_address_scraper.py:185] Scraping https://www.fastpeoplesearch.com/address/43805-central-station-dr_ashburn-va/page/4
[2024-10-23 19:20:40,397] [INFO] [fps_address_scraper.py:26] Got successful response from https://www.fastpeoplesearch.com/address/43805-central-station-dr_ashburn-va/page/4
[2024-10-23 19:20:40,524] [INFO] [fps_address_scraper.py:91] Saved 10 entries in /home/ubuntu/scripts/result_file/output_chunk_18.xlsx
[2024-10-23 19:20:40,557] [INFO] [fps_address_scraper.py:185] Scraping https://www.fastpeoplesearch.com/address/43805-central-station-dr_ashburn-va/page/5
[2024-10-23 19:21:07,183] [INFO] [fps_address_scraper.py:26] Got successful response from https://www.fastpeoplesearch.com/address/43805-central-station-dr_ashburn-va/page/5
[2024-10-23 19:21:07,316] [INFO] [fps_address_scraper.py:91] Saved 10 entries in /home/ubuntu/scripts/result_file/output_chunk_18.xlsx
[2024-10-23 19:21:07,350] [INFO] [fps_address_scraper.py:185] Scraping https://www.fastpeoplesearch.com/address/43805-central-station-dr_ashburn-va/page/6
[2024-10-23 19:22:22,119] [INFO] [fps_address_scraper.py:26] Got successful response from https://www.fastpeoplesearch.com/address/43805-central-station-dr_ashburn-va/page/6
[2024-10-23 19:22:22,280] [INFO] [fps_address_scraper.py:91] Saved 10 entries in /home/ubuntu/scripts/result_file/output_chunk_18.xlsx
[2024-10-23 19:22:22,313] [INFO] [fps_address_scraper.py:185] Scraping https://www.fastpeoplesearch.com/address/43805-central-station-dr_ashburn-va/page/7
[2024-10-23 19:23:01,227] [INFO] [fps_address_scraper.py:26] Got successful response from https://www.fastpeoplesearch.com/address/43805-central-station-dr_ashburn-va/page/7
[2024-10-23 19:23:01,362] [INFO] [fps_address_scraper.py:91] Saved 10 entries in /home/ubuntu/scripts/result_file/output_chunk_18.xlsx
[2024-10-23 19:23:01,396] [INFO] [fps_address_scraper.py:185] Scraping https://www.fastpeoplesearch.com/address/43805-central-station-dr_ashburn-va/page/8
[2024-10-23 19:23:53,480] [INFO] [fps_address_scraper.py:26] Got successful response from https://www.fastpeoplesearch.com/address/43805-central-station-dr_ashburn-va/page/8
[2024-10-23 19:23:53,616] [INFO] [fps_address_scraper.py:91] Saved 10 entries in /home/ubuntu/scripts/result_file/output_chunk_18.xlsx
[2024-10-23 19:23:53,685] [INFO] [fps_address_scraper.py:185] Scraping https://www.fastpeoplesearch.com/address/43805-central-station-dr_ashburn-va/page/9
[2024-10-23 19:25:12,048] [INFO] [fps_address_scraper.py:26] Got successful response from https://www.fastpeoplesearch.com/address/43805-central-station-dr_ashburn-va/page/9
[2024-10-23 19:25:12,187] [INFO] [fps_address_scraper.py:91] Saved 10 entries in /home/ubuntu/scripts/result_file/output_chunk_18.xlsx
[2024-10-23 19:25:12,224] [INFO] [fps_address_scraper.py:185] Scraping https://www.fastpeoplesearch.com/address/43805-central-station-dr_ashburn-va/page/10
[2024-10-23 19:25:29,308] [INFO] [fps_address_scraper.py:26] Got successful response from https://www.fastpeoplesearch.com/address/43805-central-station-dr_ashburn-va/page/10
[2024-10-23 19:25:29,454] [INFO] [fps_address_scraper.py:91] Saved 10 entries in /home/ubuntu/scripts/result_file/output_chunk_18.xlsx
[2024-10-23 19:25:29,492] [INFO] [fps_address_scraper.py:185] Scraping https://www.fastpeoplesearch.com/address/43805-central-station-dr_ashburn-va/page/11
[2024-10-23 19:26:21,044] [INFO] [fps_address_scraper.py:26] Got successful response from https://www.fastpeoplesearch.com/address/43805-central-station-dr_ashburn-va/page/11
[2024-10-23 19:26:21,223] [INFO] [fps_address_scraper.py:91] Saved 8 entries in /home/ubuntu/scripts/result_file/output_chunk_18.xlsx
[2024-10-23 19:26:21,262] [INFO] [fps_address_scraper.py:185] Scraping https://www.fastpeoplesearch.com/address/43805-central-station-dr_ashburn-va/page/12
[2024-10-23 19:27:07,819] [INFO] [fps_address_scraper.py:26] Got successful response from https://www.fastpeoplesearch.com/address/43805-central-station-dr_ashburn-va/page/12
[2024-10-23 19:27:07,830] [INFO] [fps_address_scraper.py:216] output_chunk_18.xlsx. Scraping 5 of 98
[2024-10-23 19:27:07,831] [INFO] [fps_address_scraper.py:47] Original address: 43805 Stoney Brook Sq
[2024-10-23 19:27:07,831] [INFO] [fps_address_scraper.py:57] Standardized address: 43805 Stoney Brook Sq
[2024-10-23 19:27:07,869] [INFO] [fps_address_scraper.py:185] Scraping https://www.fastpeoplesearch.com/address/43805-stoney-brook-sq_leesburg-va/page/1
[2024-10-23 19:27:59,575] [INFO] [fps_address_scraper.py:26] Got successful response from https://www.fastpeoplesearch.com/address/43805-stoney-brook-sq_leesburg-va/page/1
[2024-10-23 19:27:59,728] [INFO] [fps_address_scraper.py:91] Saved 10 entries in /home/ubuntu/scripts/result_file/output_chunk_18.xlsx
[2024-10-23 19:27:59,768] [INFO] [fps_address_scraper.py:185] Scraping https://www.fastpeoplesearch.com/address/43805-stoney-brook-sq_leesburg-va/page/2
[2024-10-23 19:28:23,450] [INFO] [fps_address_scraper.py:26] Got successful response from https://www.fastpeoplesearch.com/address/43805-stoney-brook-sq_leesburg-va/page/2
[2024-10-23 19:28:23,626] [INFO] [fps_address_scraper.py:91] Saved 10 entries in /home/ubuntu/scripts/result_file/output_chunk_18.xlsx
[2024-10-23 19:28:23,667] [INFO] [fps_address_scraper.py:185] Scraping https://www.fastpeoplesearch.com/address/43805-stoney-brook-sq_leesburg-va/page/3
[2024-10-23 19:29:15,483] [INFO] [fps_address_scraper.py:26] Got successful response from https://www.fastpeoplesearch.com/address/43805-stoney-brook-sq_leesburg-va/page/3
[2024-10-23 19:29:15,639] [INFO] [fps_address_scraper.py:91] Saved 10 entries in /home/ubuntu/scripts/result_file/output_chunk_18.xlsx
[2024-10-23 19:29:15,683] [INFO] [fps_address_scraper.py:185] Scraping https://www.fastpeoplesearch.com/address/43805-stoney-brook-sq_leesburg-va/page/4
[2024-10-23 19:30:07,207] [INFO] [fps_address_scraper.py:26] Got successful response from https://www.fastpeoplesearch.com/address/43805-stoney-brook-sq_leesburg-va/page/4
[2024-10-23 19:30:07,406] [INFO] [fps_address_scraper.py:91] Saved 10 entries in /home/ubuntu/scripts/result_file/output_chunk_18.xlsx
[2024-10-23 19:30:07,451] [INFO] [fps_address_scraper.py:185] Scraping https://www.fastpeoplesearch.com/address/43805-stoney-brook-sq_leesburg-va/page/5
[2024-10-23 19:30:59,351] [INFO] [fps_address_scraper.py:26] Got successful response from https://www.fastpeoplesearch.com/address/43805-stoney-brook-sq_leesburg-va/page/5
[2024-10-23 19:30:59,516] [INFO] [fps_address_scraper.py:91] Saved 10 entries in /home/ubuntu/scripts/result_file/output_chunk_18.xlsx
[2024-10-23 19:30:59,562] [INFO] [fps_address_scraper.py:185] Scraping https://www.fastpeoplesearch.com/address/43805-stoney-brook-sq_leesburg-va/page/6
[2024-10-23 19:31:54,940] [INFO] [fps_address_scraper.py:26] Got successful response from https://www.fastpeoplesearch.com/address/43805-stoney-brook-sq_leesburg-va/page/6
[2024-10-23 19:31:55,139] [INFO] [fps_address_scraper.py:91] Saved 9 entries in /home/ubuntu/scripts/result_file/output_chunk_18.xlsx
[2024-10-23 19:31:55,186] [INFO] [fps_address_scraper.py:185] Scraping https://www.fastpeoplesearch.com/address/43805-stoney-brook-sq_leesburg-va/page/7
[2024-10-23 19:32:19,302] [INFO] [fps_address_scraper.py:26] Got successful response from https://www.fastpeoplesearch.com/address/43805-stoney-brook-sq_leesburg-va/page/7
[2024-10-23 19:32:19,314] [INFO] [fps_address_scraper.py:216] output_chunk_18.xlsx. Scraping 6 of 98
[2024-10-23 19:32:19,315] [INFO] [fps_address_scraper.py:47] Original address: 4390 King St
[2024-10-23 19:32:19,315] [INFO] [fps_address_scraper.py:57] Standardized address: 4390 King St
[2024-10-23 19:32:19,362] [INFO] [fps_address_scraper.py:185] Scraping https://www.fastpeoplesearch.com/address/4390-king-st_alexandria-va/page/1
[2024-10-23 19:33:30,560] [INFO] [fps_address_scraper.py:26] Got successful response from https://www.fastpeoplesearch.com/address/4390-king-st_alexandria-va/page/1
[2024-10-23 19:33:30,728] [INFO] [fps_address_scraper.py:91] Saved 10 entries in /home/ubuntu/scripts/result_file/output_chunk_18.xlsx
[2024-10-23 19:33:30,776] [INFO] [fps_address_scraper.py:185] Scraping https://www.fastpeoplesearch.com/address/4390-king-st_alexandria-va/page/2
[2024-10-23 19:34:22,496] [INFO] [fps_address_scraper.py:26] Got successful response from https://www.fastpeoplesearch.com/address/4390-king-st_alexandria-va/page/2
[2024-10-23 19:34:22,695] [INFO] [fps_address_scraper.py:91] Saved 10 entries in /home/ubuntu/scripts/result_file/output_chunk_18.xlsx
[2024-10-23 19:34:22,744] [INFO] [fps_address_scraper.py:185] Scraping https://www.fastpeoplesearch.com/address/4390-king-st_alexandria-va/page/3
[2024-10-23 19:35:21,613] [INFO] [fps_address_scraper.py:26] Got successful response from https://www.fastpeoplesearch.com/address/4390-king-st_alexandria-va/page/3
[2024-10-23 19:35:21,785] [INFO] [fps_address_scraper.py:91] Saved 10 entries in /home/ubuntu/scripts/result_file/output_chunk_18.xlsx
[2024-10-23 19:35:21,836] [INFO] [fps_address_scraper.py:185] Scraping https://www.fastpeoplesearch.com/address/4390-king-st_alexandria-va/page/4
[2024-10-23 19:36:13,723] [INFO] [fps_address_scraper.py:26] Got successful response from https://www.fastpeoplesearch.com/address/4390-king-st_alexandria-va/page/4
[2024-10-23 19:36:13,941] [INFO] [fps_address_scraper.py:91] Saved 10 entries in /home/ubuntu/scripts/result_file/output_chunk_18.xlsx
[2024-10-23 19:36:13,995] [INFO] [fps_address_scraper.py:185] Scraping https://www.fastpeoplesearch.com/address/4390-king-st_alexandria-va/page/5
[2024-10-23 19:36:52,346] [INFO] [fps_address_scraper.py:26] Got successful response from https://www.fastpeoplesearch.com/address/4390-king-st_alexandria-va/page/5
[2024-10-23 19:36:52,524] [INFO] [fps_address_scraper.py:91] Saved 10 entries in /home/ubuntu/scripts/result_file/output_chunk_18.xlsx
[2024-10-23 19:36:52,576] [INFO] [fps_address_scraper.py:185] Scraping https://www.fastpeoplesearch.com/address/4390-king-st_alexandria-va/page/6
[2024-10-23 19:37:44,343] [INFO] [fps_address_scraper.py:26] Got successful response from https://www.fastpeoplesearch.com/address/4390-king-st_alexandria-va/page/6
[2024-10-23 19:37:44,555] [INFO] [fps_address_scraper.py:91] Saved 10 entries in /home/ubuntu/scripts/result_file/output_chunk_18.xlsx
[2024-10-23 19:37:44,610] [INFO] [fps_address_scraper.py:185] Scraping https://www.fastpeoplesearch.com/address/4390-king-st_alexandria-va/page/7
[2024-10-23 19:38:22,662] [INFO] [fps_address_scraper.py:26] Got successful response from https://www.fastpeoplesearch.com/address/4390-king-st_alexandria-va/page/7
[2024-10-23 19:38:22,880] [INFO] [fps_address_scraper.py:91] Saved 10 entries in /home/ubuntu/scripts/result_file/output_chunk_18.xlsx
[2024-10-23 19:38:22,937] [INFO] [fps_address_scraper.py:185] Scraping https://www.fastpeoplesearch.com/address/4390-king-st_alexandria-va/page/8
[2024-10-23 19:39:14,633] [INFO] [fps_address_scraper.py:26] Got successful response from https://www.fastpeoplesearch.com/address/4390-king-st_alexandria-va/page/8
[2024-10-23 19:39:14,828] [INFO] [fps_address_scraper.py:91] Saved 10 entries in /home/ubuntu/scripts/result_file/output_chunk_18.xlsx
[2024-10-23 19:39:14,883] [INFO] [fps_address_scraper.py:185] Scraping https://www.fastpeoplesearch.com/address/4390-king-st_alexandria-va/page/9
[2024-10-23 19:39:40,415] [INFO] [fps_address_scraper.py:26] Got successful response from https://www.fastpeoplesearch.com/address/4390-king-st_alexandria-va/page/9
[2024-10-23 19:39:40,641] [INFO] [fps_address_scraper.py:91] Saved 10 entries in /home/ubuntu/scripts/result_file/output_chunk_18.xlsx
[2024-10-23 19:39:40,701] [INFO] [fps_address_scraper.py:185] Scraping https://www.fastpeoplesearch.com/address/4390-king-st_alexandria-va/page/10
[2024-10-23 19:40:32,255] [INFO] [fps_address_scraper.py:26] Got successful response from https://www.fastpeoplesearch.com/address/4390-king-st_alexandria-va/page/10
[2024-10-23 19:40:32,451] [INFO] [fps_address_scraper.py:91] Saved 10 entries in /home/ubuntu/scripts/result_file/output_chunk_18.xlsx
[2024-10-23 19:40:32,540] [INFO] [fps_address_scraper.py:185] Scraping https://www.fastpeoplesearch.com/address/4390-king-st_alexandria-va/page/11
[2024-10-23 19:41:02,167] [INFO] [fps_address_scraper.py:26] Got successful response from https://www.fastpeoplesearch.com/address/4390-king-st_alexandria-va/page/11
[2024-10-23 19:41:02,357] [INFO] [fps_address_scraper.py:91] Saved 7 entries in /home/ubuntu/scripts/result_file/output_chunk_18.xlsx
[2024-10-23 19:41:02,420] [INFO] [fps_address_scraper.py:185] Scraping https://www.fastpeoplesearch.com/address/4390-king-st_alexandria-va/page/12
[2024-10-23 19:41:26,425] [INFO] [fps_address_scraper.py:26] Got successful response from https://www.fastpeoplesearch.com/address/4390-king-st_alexandria-va/page/12
[2024-10-23 19:41:26,454] [INFO] [fps_address_scraper.py:216] output_chunk_18.xlsx. Scraping 7 of 98
[2024-10-23 19:41:26,455] [INFO] [fps_address_scraper.py:47] Original address: 4400 4th St N
[2024-10-23 19:41:26,456] [INFO] [fps_address_scraper.py:57] Standardized address: 4400 4th St N
[2024-10-23 19:41:26,610] [INFO] [fps_address_scraper.py:185] Scraping https://www.fastpeoplesearch.com/address/4400-4th-st-n_arlington-va/page/1
[2024-10-23 19:42:20,942] [INFO] [fps_address_scraper.py:26] Got successful response from https://www.fastpeoplesearch.com/address/4400-4th-st-n_arlington-va/page/1
[2024-10-23 19:42:21,376] [INFO] [fps_address_scraper.py:91] Saved 10 entries in /home/ubuntu/scripts/result_file/output_chunk_18.xlsx
[2024-10-23 19:42:21,550] [INFO] [fps_address_scraper.py:185] Scraping https://www.fastpeoplesearch.com/address/4400-4th-st-n_arlington-va/page/2
[2024-10-23 19:42:42,646] [INFO] [fps_address_scraper.py:26] Got successful response from https://www.fastpeoplesearch.com/address/4400-4th-st-n_arlington-va/page/2
[2024-10-23 19:42:42,846] [INFO] [fps_address_scraper.py:91] Saved 10 entries in /home/ubuntu/scripts/result_file/output_chunk_18.xlsx
[2024-10-23 19:42:42,943] [INFO] [fps_address_scraper.py:185] Scraping https://www.fastpeoplesearch.com/address/4400-4th-st-n_arlington-va/page/3
[2024-10-23 19:43:34,842] [INFO] [fps_address_scraper.py:26] Got successful response from https://www.fastpeoplesearch.com/address/4400-4th-st-n_arlington-va/page/3
[2024-10-23 19:43:35,044] [INFO] [fps_address_scraper.py:91] Saved 10 entries in /home/ubuntu/scripts/result_file/output_chunk_18.xlsx
[2024-10-23 19:43:35,112] [INFO] [fps_address_scraper.py:185] Scraping https://www.fastpeoplesearch.com/address/4400-4th-st-n_arlington-va/page/4
[2024-10-23 19:44:00,446] [INFO] [fps_address_scraper.py:26] Got successful response from https://www.fastpeoplesearch.com/address/4400-4th-st-n_arlington-va/page/4
[2024-10-23 19:44:00,689] [INFO] [fps_address_scraper.py:91] Saved 10 entries in /home/ubuntu/scripts/result_file/output_chunk_18.xlsx
[2024-10-23 19:44:00,759] [INFO] [fps_address_scraper.py:185] Scraping https://www.fastpeoplesearch.com/address/4400-4th-st-n_arlington-va/page/5
[2024-10-23 19:44:18,887] [INFO] [fps_address_scraper.py:26] Got successful response from https://www.fastpeoplesearch.com/address/4400-4th-st-n_arlington-va/page/5
[2024-10-23 19:44:19,152] [INFO] [fps_address_scraper.py:91] Saved 10 entries in /home/ubuntu/scripts/result_file/output_chunk_18.xlsx
[2024-10-23 19:44:19,223] [INFO] [fps_address_scraper.py:185] Scraping https://www.fastpeoplesearch.com/address/4400-4th-st-n_arlington-va/page/6
[2024-10-23 19:44:55,755] [INFO] [fps_address_scraper.py:26] Got successful response from https://www.fastpeoplesearch.com/address/4400-4th-st-n_arlington-va/page/6
[2024-10-23 19:44:56,084] [INFO] [fps_address_scraper.py:91] Saved 10 entries in /home/ubuntu/scripts/result_file/output_chunk_18.xlsx
[2024-10-23 19:44:56,154] [INFO] [fps_address_scraper.py:185] Scraping https://www.fastpeoplesearch.com/address/4400-4th-st-n_arlington-va/page/7
[2024-10-23 19:45:18,861] [INFO] [fps_address_scraper.py:26] Got successful response from https://www.fastpeoplesearch.com/address/4400-4th-st-n_arlington-va/page/7
[2024-10-23 19:45:19,111] [INFO] [fps_address_scraper.py:91] Saved 10 entries in /home/ubuntu/scripts/result_file/output_chunk_18.xlsx
[2024-10-23 19:45:19,182] [INFO] [fps_address_scraper.py:185] Scraping https://www.fastpeoplesearch.com/address/4400-4th-st-n_arlington-va/page/8
[2024-10-23 19:45:53,442] [INFO] [fps_address_scraper.py:26] Got successful response from https://www.fastpeoplesearch.com/address/4400-4th-st-n_arlington-va/page/8
[2024-10-23 19:45:53,702] [INFO] [fps_address_scraper.py:91] Saved 10 entries in /home/ubuntu/scripts/result_file/output_chunk_18.xlsx
[2024-10-23 19:45:53,776] [INFO] [fps_address_scraper.py:185] Scraping https://www.fastpeoplesearch.com/address/4400-4th-st-n_arlington-va/page/9
[2024-10-23 19:47:05,639] [INFO] [fps_address_scraper.py:26] Got successful response from https://www.fastpeoplesearch.com/address/4400-4th-st-n_arlington-va/page/9
[2024-10-23 19:47:05,860] [INFO] [fps_address_scraper.py:91] Saved 10 entries in /home/ubuntu/scripts/result_file/output_chunk_18.xlsx
[2024-10-23 19:47:05,964] [INFO] [fps_address_scraper.py:185] Scraping https://www.fastpeoplesearch.com/address/4400-4th-st-n_arlington-va/page/10
[2024-10-23 19:47:57,919] [INFO] [fps_address_scraper.py:26] Got successful response from https://www.fastpeoplesearch.com/address/4400-4th-st-n_arlington-va/page/10
[2024-10-23 19:47:58,144] [INFO] [fps_address_scraper.py:91] Saved 10 entries in /home/ubuntu/scripts/result_file/output_chunk_18.xlsx
[2024-10-23 19:47:58,218] [INFO] [fps_address_scraper.py:185] Scraping https://www.fastpeoplesearch.com/address/4400-4th-st-n_arlington-va/page/11
[2024-10-23 19:49:54,109] [ERROR] [fps_address_scraper.py:24] Could not get successful response. Status code 500. {"status":"Failed to get successful response from website. Please retry the request."}
[2024-10-23 19:49:54,109] [WARNING] [api.py:40] Request failed. Status code 500, retrying in 1 seconds...
[2024-10-23 19:50:51,991] [INFO] [fps_address_scraper.py:26] Got successful response from https://www.fastpeoplesearch.com/address/4400-4th-st-n_arlington-va/page/11
[2024-10-23 19:50:52,255] [INFO] [fps_address_scraper.py:91] Saved 10 entries in /home/ubuntu/scripts/result_file/output_chunk_18.xlsx
[2024-10-23 19:50:52,333] [INFO] [fps_address_scraper.py:185] Scraping https://www.fastpeoplesearch.com/address/4400-4th-st-n_arlington-va/page/12
[2024-10-23 19:51:20,557] [INFO] [fps_address_scraper.py:26] Got successful response from https://www.fastpeoplesearch.com/address/4400-4th-st-n_arlington-va/page/12
[2024-10-23 19:51:20,568] [INFO] [fps_address_scraper.py:216] output_chunk_18.xlsx. Scraping 8 of 98
[2024-10-23 19:51:20,569] [INFO] [fps_address_scraper.py:47] Original address: 4400 Sanibel Cir
[2024-10-23 19:51:20,569] [INFO] [fps_address_scraper.py:57] Standardized address: 4400 Sanibel Cir
[2024-10-23 19:51:20,647] [INFO] [fps_address_scraper.py:185] Scraping https://www.fastpeoplesearch.com/address/4400-sanibel-cir_virginia-beach-va/page/1
[2024-10-23 19:52:13,094] [INFO] [fps_address_scraper.py:26] Got successful response from https://www.fastpeoplesearch.com/address/4400-sanibel-cir_virginia-beach-va/page/1
[2024-10-23 19:52:13,359] [INFO] [fps_address_scraper.py:91] Saved 10 entries in /home/ubuntu/scripts/result_file/output_chunk_18.xlsx
[2024-10-23 19:52:13,437] [INFO] [fps_address_scraper.py:185] Scraping https://www.fastpeoplesearch.com/address/4400-sanibel-cir_virginia-beach-va/page/2
[2024-10-23 19:52:52,097] [INFO] [fps_address_scraper.py:26] Got successful response from https://www.fastpeoplesearch.com/address/4400-sanibel-cir_virginia-beach-va/page/2
[2024-10-23 19:52:52,364] [INFO] [fps_address_scraper.py:91] Saved 10 entries in /home/ubuntu/scripts/result_file/output_chunk_18.xlsx
[2024-10-23 19:52:52,442] [INFO] [fps_address_scraper.py:185] Scraping https://www.fastpeoplesearch.com/address/4400-sanibel-cir_virginia-beach-va/page/3
[2024-10-23 19:53:24,987] [INFO] [fps_address_scraper.py:26] Got successful response from https://www.fastpeoplesearch.com/address/4400-sanibel-cir_virginia-beach-va/page/3
[2024-10-23 19:53:25,256] [INFO] [fps_address_scraper.py:91] Saved 10 entries in /home/ubuntu/scripts/result_file/output_chunk_18.xlsx
[2024-10-23 19:53:25,336] [INFO] [fps_address_scraper.py:185] Scraping https://www.fastpeoplesearch.com/address/4400-sanibel-cir_virginia-beach-va/page/4
[2024-10-23 19:53:59,951] [INFO] [fps_address_scraper.py:26] Got successful response from https://www.fastpeoplesearch.com/address/4400-sanibel-cir_virginia-beach-va/page/4
[2024-10-23 19:54:00,201] [INFO] [fps_address_scraper.py:91] Saved 10 entries in /home/ubuntu/scripts/result_file/output_chunk_18.xlsx
[2024-10-23 19:54:00,319] [INFO] [fps_address_scraper.py:185] Scraping https://www.fastpeoplesearch.com/address/4400-sanibel-cir_virginia-beach-va/page/5
[2024-10-23 19:55:08,903] [INFO] [fps_address_scraper.py:26] Got successful response from https://www.fastpeoplesearch.com/address/4400-sanibel-cir_virginia-beach-va/page/5
[2024-10-23 19:55:09,161] [INFO] [fps_address_scraper.py:91] Saved 10 entries in /home/ubuntu/scripts/result_file/output_chunk_18.xlsx
[2024-10-23 19:55:09,244] [INFO] [fps_address_scraper.py:185] Scraping https://www.fastpeoplesearch.com/address/4400-sanibel-cir_virginia-beach-va/page/6
[2024-10-23 19:56:10,175] [INFO] [fps_address_scraper.py:26] Got successful response from https://www.fastpeoplesearch.com/address/4400-sanibel-cir_virginia-beach-va/page/6
[2024-10-23 19:56:10,451] [INFO] [fps_address_scraper.py:91] Saved 7 entries in /home/ubuntu/scripts/result_file/output_chunk_18.xlsx
[2024-10-23 19:56:10,536] [INFO] [fps_address_scraper.py:185] Scraping https://www.fastpeoplesearch.com/address/4400-sanibel-cir_virginia-beach-va/page/7
[2024-10-23 19:56:32,859] [INFO] [fps_address_scraper.py:26] Got successful response from https://www.fastpeoplesearch.com/address/4400-sanibel-cir_virginia-beach-va/page/7
[2024-10-23 19:56:32,871] [INFO] [fps_address_scraper.py:216] output_chunk_18.xlsx. Scraping 9 of 98
[2024-10-23 19:56:32,871] [INFO] [fps_address_scraper.py:47] Original address: 4401 Ford Ave
[2024-10-23 19:56:32,871] [INFO] [fps_address_scraper.py:57] Standardized address: 4401 Ford Ave
[2024-10-23 19:56:32,957] [INFO] [fps_address_scraper.py:185] Scraping https://www.fastpeoplesearch.com/address/4401-ford-ave_alexandria-va/page/1
[2024-10-23 19:57:24,613] [INFO] [fps_address_scraper.py:26] Got successful response from https://www.fastpeoplesearch.com/address/4401-ford-ave_alexandria-va/page/1
[2024-10-23 19:57:24,887] [INFO] [fps_address_scraper.py:91] Saved 10 entries in /home/ubuntu/scripts/result_file/output_chunk_18.xlsx
[2024-10-23 19:57:24,971] [INFO] [fps_address_scraper.py:185] Scraping https://www.fastpeoplesearch.com/address/4401-ford-ave_alexandria-va/page/2
[2024-10-23 19:59:10,148] [INFO] [fps_address_scraper.py:26] Got successful response from https://www.fastpeoplesearch.com/address/4401-ford-ave_alexandria-va/page/2
[2024-10-23 19:59:10,440] [INFO] [fps_address_scraper.py:91] Saved 10 entries in /home/ubuntu/scripts/result_file/output_chunk_18.xlsx
[2024-10-23 19:59:10,528] [INFO] [fps_address_scraper.py:185] Scraping https://www.fastpeoplesearch.com/address/4401-ford-ave_alexandria-va/page/3
[2024-10-23 20:00:02,531] [INFO] [fps_address_scraper.py:26] Got successful response from https://www.fastpeoplesearch.com/address/4401-ford-ave_alexandria-va/page/3
[2024-10-23 20:00:02,822] [INFO] [fps_address_scraper.py:91] Saved 10 entries in /home/ubuntu/scripts/result_file/output_chunk_18.xlsx
[2024-10-23 20:00:02,912] [INFO] [fps_address_scraper.py:185] Scraping https://www.fastpeoplesearch.com/address/4401-ford-ave_alexandria-va/page/4
[2024-10-23 20:00:54,958] [INFO] [fps_address_scraper.py:26] Got successful response from https://www.fastpeoplesearch.com/address/4401-ford-ave_alexandria-va/page/4
[2024-10-23 20:00:55,245] [INFO] [fps_address_scraper.py:91] Saved 10 entries in /home/ubuntu/scripts/result_file/output_chunk_18.xlsx
[2024-10-23 20:00:55,336] [INFO] [fps_address_scraper.py:185] Scraping https://www.fastpeoplesearch.com/address/4401-ford-ave_alexandria-va/page/5
[2024-10-23 20:01:17,810] [INFO] [fps_address_scraper.py:26] Got successful response from https://www.fastpeoplesearch.com/address/4401-ford-ave_alexandria-va/page/5
[2024-10-23 20:01:18,110] [INFO] [fps_address_scraper.py:91] Saved 10 entries in /home/ubuntu/scripts/result_file/output_chunk_18.xlsx
[2024-10-23 20:01:18,201] [INFO] [fps_address_scraper.py:185] Scraping https://www.fastpeoplesearch.com/address/4401-ford-ave_alexandria-va/page/6
[2024-10-23 20:02:10,573] [INFO] [fps_address_scraper.py:26] Got successful response from https://www.fastpeoplesearch.com/address/4401-ford-ave_alexandria-va/page/6
[2024-10-23 20:02:10,876] [INFO] [fps_address_scraper.py:91] Saved 10 entries in /home/ubuntu/scripts/result_file/output_chunk_18.xlsx
[2024-10-23 20:02:10,969] [INFO] [fps_address_scraper.py:185] Scraping https://www.fastpeoplesearch.com/address/4401-ford-ave_alexandria-va/page/7
[2024-10-23 20:02:47,736] [INFO] [fps_address_scraper.py:26] Got successful response from https://www.fastpeoplesearch.com/address/4401-ford-ave_alexandria-va/page/7
[2024-10-23 20:02:48,043] [INFO] [fps_address_scraper.py:91] Saved 10 entries in /home/ubuntu/scripts/result_file/output_chunk_18.xlsx
[2024-10-23 20:02:48,136] [INFO] [fps_address_scraper.py:185] Scraping https://www.fastpeoplesearch.com/address/4401-ford-ave_alexandria-va/page/8
[2024-10-23 20:03:48,761] [INFO] [fps_address_scraper.py:26] Got successful response from https://www.fastpeoplesearch.com/address/4401-ford-ave_alexandria-va/page/8
[2024-10-23 20:03:49,031] [INFO] [fps_address_scraper.py:91] Saved 10 entries in /home/ubuntu/scripts/result_file/output_chunk_18.xlsx
[2024-10-23 20:03:49,157] [INFO] [fps_address_scraper.py:185] Scraping https://www.fastpeoplesearch.com/address/4401-ford-ave_alexandria-va/page/9
[2024-10-23 20:04:31,768] [INFO] [fps_address_scraper.py:26] Got successful response from https://www.fastpeoplesearch.com/address/4401-ford-ave_alexandria-va/page/9
[2024-10-23 20:04:32,041] [INFO] [fps_address_scraper.py:91] Saved 10 entries in /home/ubuntu/scripts/result_file/output_chunk_18.xlsx
[2024-10-23 20:04:32,166] [INFO] [fps_address_scraper.py:185] Scraping https://www.fastpeoplesearch.com/address/4401-ford-ave_alexandria-va/page/10
[2024-10-23 20:04:50,955] [INFO] [fps_address_scraper.py:26] Got successful response from https://www.fastpeoplesearch.com/address/4401-ford-ave_alexandria-va/page/10
[2024-10-23 20:04:51,257] [INFO] [fps_address_scraper.py:91] Saved 10 entries in /home/ubuntu/scripts/result_file/output_chunk_18.xlsx
[2024-10-23 20:04:51,384] [INFO] [fps_address_scraper.py:185] Scraping https://www.fastpeoplesearch.com/address/4401-ford-ave_alexandria-va/page/11
[2024-10-23 20:06:06,326] [INFO] [fps_address_scraper.py:26] Got successful response from https://www.fastpeoplesearch.com/address/4401-ford-ave_alexandria-va/page/11
[2024-10-23 20:06:06,615] [INFO] [fps_address_scraper.py:91] Saved 7 entries in /home/ubuntu/scripts/result_file/output_chunk_18.xlsx
[2024-10-23 20:06:06,743] [INFO] [fps_address_scraper.py:185] Scraping https://www.fastpeoplesearch.com/address/4401-ford-ave_alexandria-va/page/12
[2024-10-23 20:06:29,058] [INFO] [fps_address_scraper.py:26] Got successful response from https://www.fastpeoplesearch.com/address/4401-ford-ave_alexandria-va/page/12
[2024-10-23 20:06:29,069] [INFO] [fps_address_scraper.py:216] output_chunk_18.xlsx. Scraping 10 of 98
[2024-10-23 20:06:29,070] [INFO] [fps_address_scraper.py:47] Original address: 4457 Oakdale Crescent Ct
[2024-10-23 20:06:29,070] [INFO] [fps_address_scraper.py:57] Standardized address: 4457 Oakdale Crescent Ct
[2024-10-23 20:06:29,171] [INFO] [fps_address_scraper.py:185] Scraping https://www.fastpeoplesearch.com/address/4457-oakdale-crescent-ct_fairfax-va/page/1
[2024-10-23 20:07:20,849] [INFO] [fps_address_scraper.py:26] Got successful response from https://www.fastpeoplesearch.com/address/4457-oakdale-crescent-ct_fairfax-va/page/1
[2024-10-23 20:07:21,159] [INFO] [fps_address_scraper.py:91] Saved 10 entries in /home/ubuntu/scripts/result_file/output_chunk_18.xlsx
[2024-10-23 20:07:21,259] [INFO] [fps_address_scraper.py:185] Scraping https://www.fastpeoplesearch.com/address/4457-oakdale-crescent-ct_fairfax-va/page/2
[2024-10-23 20:07:56,435] [INFO] [fps_address_scraper.py:26] Got successful response from https://www.fastpeoplesearch.com/address/4457-oakdale-crescent-ct_fairfax-va/page/2
[2024-10-23 20:07:56,757] [INFO] [fps_address_scraper.py:91] Saved 10 entries in /home/ubuntu/scripts/result_file/output_chunk_18.xlsx
[2024-10-23 20:07:56,861] [INFO] [fps_address_scraper.py:185] Scraping https://www.fastpeoplesearch.com/address/4457-oakdale-crescent-ct_fairfax-va/page/3
[2024-10-23 20:08:53,524] [INFO] [fps_address_scraper.py:26] Got successful response from https://www.fastpeoplesearch.com/address/4457-oakdale-crescent-ct_fairfax-va/page/3
[2024-10-23 20:08:53,843] [INFO] [fps_address_scraper.py:91] Saved 10 entries in /home/ubuntu/scripts/result_file/output_chunk_18.xlsx
[2024-10-23 20:08:53,945] [INFO] [fps_address_scraper.py:185] Scraping https://www.fastpeoplesearch.com/address/4457-oakdale-crescent-ct_fairfax-va/page/4
[2024-10-23 20:09:28,600] [INFO] [fps_address_scraper.py:26] Got successful response from https://www.fastpeoplesearch.com/address/4457-oakdale-crescent-ct_fairfax-va/page/4
[2024-10-23 20:09:28,948] [INFO] [fps_address_scraper.py:91] Saved 10 entries in /home/ubuntu/scripts/result_file/output_chunk_18.xlsx
[2024-10-23 20:09:29,056] [INFO] [fps_address_scraper.py:185] Scraping https://www.fastpeoplesearch.com/address/4457-oakdale-crescent-ct_fairfax-va/page/5
[2024-10-23 20:10:00,360] [INFO] [fps_address_scraper.py:26] Got successful response from https://www.fastpeoplesearch.com/address/4457-oakdale-crescent-ct_fairfax-va/page/5
[2024-10-23 20:10:00,685] [INFO] [fps_address_scraper.py:91] Saved 10 entries in /home/ubuntu/scripts/result_file/output_chunk_18.xlsx
[2024-10-23 20:10:00,791] [INFO] [fps_address_scraper.py:185] Scraping https://www.fastpeoplesearch.com/address/4457-oakdale-crescent-ct_fairfax-va/page/6
[2024-10-23 20:10:35,001] [INFO] [fps_address_scraper.py:26] Got successful response from https://www.fastpeoplesearch.com/address/4457-oakdale-crescent-ct_fairfax-va/page/6
[2024-10-23 20:10:35,329] [INFO] [fps_address_scraper.py:91] Saved 10 entries in /home/ubuntu/scripts/result_file/output_chunk_18.xlsx
[2024-10-23 20:10:35,435] [INFO] [fps_address_scraper.py:185] Scraping https://www.fastpeoplesearch.com/address/4457-oakdale-crescent-ct_fairfax-va/page/7
[2024-10-23 20:11:29,005] [INFO] [fps_address_scraper.py:26] Got successful response from https://www.fastpeoplesearch.com/address/4457-oakdale-crescent-ct_fairfax-va/page/7
[2024-10-23 20:11:29,344] [INFO] [fps_address_scraper.py:91] Saved 10 entries in /home/ubuntu/scripts/result_file/output_chunk_18.xlsx
[2024-10-23 20:11:29,453] [INFO] [fps_address_scraper.py:185] Scraping https://www.fastpeoplesearch.com/address/4457-oakdale-crescent-ct_fairfax-va/page/8
[2024-10-23 20:12:49,376] [INFO] [fps_address_scraper.py:26] Got successful response from https://www.fastpeoplesearch.com/address/4457-oakdale-crescent-ct_fairfax-va/page/8
[2024-10-23 20:12:49,721] [INFO] [fps_address_scraper.py:91] Saved 10 entries in /home/ubuntu/scripts/result_file/output_chunk_18.xlsx
[2024-10-23 20:12:49,833] [INFO] [fps_address_scraper.py:185] Scraping https://www.fastpeoplesearch.com/address/4457-oakdale-crescent-ct_fairfax-va/page/9
[2024-10-23 20:13:42,074] [INFO] [fps_address_scraper.py:26] Got successful response from https://www.fastpeoplesearch.com/address/4457-oakdale-crescent-ct_fairfax-va/page/9
[2024-10-23 20:13:42,553] [INFO] [fps_address_scraper.py:91] Saved 10 entries in /home/ubuntu/scripts/result_file/output_chunk_18.xlsx
[2024-10-23 20:13:42,664] [INFO] [fps_address_scraper.py:185] Scraping https://www.fastpeoplesearch.com/address/4457-oakdale-crescent-ct_fairfax-va/page/10
[2024-10-23 20:15:03,729] [INFO] [fps_address_scraper.py:26] Got successful response from https://www.fastpeoplesearch.com/address/4457-oakdale-crescent-ct_fairfax-va/page/10
[2024-10-23 20:15:04,072] [INFO] [fps_address_scraper.py:91] Saved 10 entries in /home/ubuntu/scripts/result_file/output_chunk_18.xlsx
[2024-10-23 20:15:04,186] [INFO] [fps_address_scraper.py:185] Scraping https://www.fastpeoplesearch.com/address/4457-oakdale-crescent-ct_fairfax-va/page/11
[2024-10-23 20:15:58,392] [INFO] [fps_address_scraper.py:26] Got successful response from https://www.fastpeoplesearch.com/address/4457-oakdale-crescent-ct_fairfax-va/page/11
[2024-10-23 20:15:58,725] [INFO] [fps_address_scraper.py:91] Saved 6 entries in /home/ubuntu/scripts/result_file/output_chunk_18.xlsx
[2024-10-23 20:15:58,871] [INFO] [fps_address_scraper.py:185] Scraping https://www.fastpeoplesearch.com/address/4457-oakdale-crescent-ct_fairfax-va/page/12
[2024-10-23 20:16:21,215] [INFO] [fps_address_scraper.py:26] Got successful response from https://www.fastpeoplesearch.com/address/4457-oakdale-crescent-ct_fairfax-va/page/12
[2024-10-23 20:16:21,227] [INFO] [fps_address_scraper.py:216] output_chunk_18.xlsx. Scraping 11 of 98
[2024-10-23 20:16:21,227] [INFO] [fps_address_scraper.py:47] Original address: 44819 Atwater Dr
[2024-10-23 20:16:21,227] [INFO] [fps_address_scraper.py:57] Standardized address: 44819 Atwater Dr
[2024-10-23 20:16:21,352] [INFO] [fps_address_scraper.py:185] Scraping https://www.fastpeoplesearch.com/address/44819-atwater-dr_ashburn-va/page/1
[2024-10-23 20:17:12,935] [INFO] [fps_address_scraper.py:26] Got successful response from https://www.fastpeoplesearch.com/address/44819-atwater-dr_ashburn-va/page/1
[2024-10-23 20:17:13,296] [INFO] [fps_address_scraper.py:91] Saved 10 entries in /home/ubuntu/scripts/result_file/output_chunk_18.xlsx
[2024-10-23 20:17:13,415] [INFO] [fps_address_scraper.py:185] Scraping https://www.fastpeoplesearch.com/address/44819-atwater-dr_ashburn-va/page/2
[2024-10-23 20:18:05,560] [INFO] [fps_address_scraper.py:26] Got successful response from https://www.fastpeoplesearch.com/address/44819-atwater-dr_ashburn-va/page/2
[2024-10-23 20:18:05,924] [INFO] [fps_address_scraper.py:91] Saved 10 entries in /home/ubuntu/scripts/result_file/output_chunk_18.xlsx
[2024-10-23 20:18:06,041] [INFO] [fps_address_scraper.py:185] Scraping https://www.fastpeoplesearch.com/address/44819-atwater-dr_ashburn-va/page/3
[2024-10-23 20:18:40,037] [INFO] [fps_address_scraper.py:26] Got successful response from https://www.fastpeoplesearch.com/address/44819-atwater-dr_ashburn-va/page/3
[2024-10-23 20:18:40,620] [INFO] [fps_address_scraper.py:91] Saved 10 entries in /home/ubuntu/scripts/result_file/output_chunk_18.xlsx
[2024-10-23 20:18:40,808] [INFO] [fps_address_scraper.py:185] Scraping https://www.fastpeoplesearch.com/address/44819-atwater-dr_ashburn-va/page/4
[2024-10-23 20:19:33,970] [INFO] [fps_address_scraper.py:26] Got successful response from https://www.fastpeoplesearch.com/address/44819-atwater-dr_ashburn-va/page/4
[2024-10-23 20:19:34,632] [INFO] [fps_address_scraper.py:91] Saved 10 entries in /home/ubuntu/scripts/result_file/output_chunk_18.xlsx
[2024-10-23 20:19:34,928] [INFO] [fps_address_scraper.py:185] Scraping https://www.fastpeoplesearch.com/address/44819-atwater-dr_ashburn-va/page/5
[2024-10-23 20:19:56,300] [INFO] [fps_address_scraper.py:26] Got successful response from https://www.fastpeoplesearch.com/address/44819-atwater-dr_ashburn-va/page/5
[2024-10-23 20:19:56,668] [INFO] [fps_address_scraper.py:91] Saved 10 entries in /home/ubuntu/scripts/result_file/output_chunk_18.xlsx
[2024-10-23 20:19:56,829] [INFO] [fps_address_scraper.py:185] Scraping https://www.fastpeoplesearch.com/address/44819-atwater-dr_ashburn-va/page/6
[2024-10-23 20:20:21,225] [INFO] [fps_address_scraper.py:26] Got successful response from https://www.fastpeoplesearch.com/address/44819-atwater-dr_ashburn-va/page/6
[2024-10-23 20:20:21,595] [INFO] [fps_address_scraper.py:91] Saved 10 entries in /home/ubuntu/scripts/result_file/output_chunk_18.xlsx
[2024-10-23 20:20:21,719] [INFO] [fps_address_scraper.py:185] Scraping https://www.fastpeoplesearch.com/address/44819-atwater-dr_ashburn-va/page/7
[2024-10-23 20:20:46,804] [INFO] [fps_address_scraper.py:26] Got successful response from https://www.fastpeoplesearch.com/address/44819-atwater-dr_ashburn-va/page/7
[2024-10-23 20:20:47,187] [INFO] [fps_address_scraper.py:91] Saved 10 entries in /home/ubuntu/scripts/result_file/output_chunk_18.xlsx
[2024-10-23 20:20:47,313] [INFO] [fps_address_scraper.py:185] Scraping https://www.fastpeoplesearch.com/address/44819-atwater-dr_ashburn-va/page/8
[2024-10-23 20:21:20,750] [INFO] [fps_address_scraper.py:26] Got successful response from https://www.fastpeoplesearch.com/address/44819-atwater-dr_ashburn-va/page/8
[2024-10-23 20:21:21,161] [INFO] [fps_address_scraper.py:91] Saved 10 entries in /home/ubuntu/scripts/result_file/output_chunk_18.xlsx
[2024-10-23 20:21:21,305] [INFO] [fps_address_scraper.py:185] Scraping https://www.fastpeoplesearch.com/address/44819-atwater-dr_ashburn-va/page/9
[2024-10-23 20:21:38,251] [INFO] [fps_address_scraper.py:26] Got successful response from https://www.fastpeoplesearch.com/address/44819-atwater-dr_ashburn-va/page/9
[2024-10-23 20:21:38,637] [INFO] [fps_address_scraper.py:91] Saved 10 entries in /home/ubuntu/scripts/result_file/output_chunk_18.xlsx
[2024-10-23 20:21:38,765] [INFO] [fps_address_scraper.py:185] Scraping https://www.fastpeoplesearch.com/address/44819-atwater-dr_ashburn-va/page/10
[2024-10-23 20:22:45,845] [INFO] [fps_address_scraper.py:26] Got successful response from https://www.fastpeoplesearch.com/address/44819-atwater-dr_ashburn-va/page/10
[2024-10-23 20:22:46,219] [INFO] [fps_address_scraper.py:91] Saved 10 entries in /home/ubuntu/scripts/result_file/output_chunk_18.xlsx
[2024-10-23 20:22:46,380] [INFO] [fps_address_scraper.py:185] Scraping https://www.fastpeoplesearch.com/address/44819-atwater-dr_ashburn-va/page/11
[2024-10-23 20:23:38,996] [INFO] [fps_address_scraper.py:26] Got successful response from https://www.fastpeoplesearch.com/address/44819-atwater-dr_ashburn-va/page/11
[2024-10-23 20:23:39,390] [INFO] [fps_address_scraper.py:91] Saved 9 entries in /home/ubuntu/scripts/result_file/output_chunk_18.xlsx
[2024-10-23 20:23:39,521] [INFO] [fps_address_scraper.py:185] Scraping https://www.fastpeoplesearch.com/address/44819-atwater-dr_ashburn-va/page/12
[2024-10-23 20:24:01,884] [INFO] [fps_address_scraper.py:26] Got successful response from https://www.fastpeoplesearch.com/address/44819-atwater-dr_ashburn-va/page/12
[2024-10-23 20:24:01,896] [INFO] [fps_address_scraper.py:216] output_chunk_18.xlsx. Scraping 12 of 98
[2024-10-23 20:24:01,896] [INFO] [fps_address_scraper.py:47] Original address: 4500 Metropolis Dr
[2024-10-23 20:24:01,896] [INFO] [fps_address_scraper.py:57] Standardized address: 4500 Metropolis Dr
[2024-10-23 20:24:02,029] [INFO] [fps_address_scraper.py:185] Scraping https://www.fastpeoplesearch.com/address/4500-metropolis-dr_glen-allen-va/page/1
[2024-10-23 20:24:27,773] [INFO] [fps_address_scraper.py:26] Got successful response from https://www.fastpeoplesearch.com/address/4500-metropolis-dr_glen-allen-va/page/1
[2024-10-23 20:24:28,156] [INFO] [fps_address_scraper.py:91] Saved 10 entries in /home/ubuntu/scripts/result_file/output_chunk_18.xlsx
[2024-10-23 20:24:28,316] [INFO] [fps_address_scraper.py:185] Scraping https://www.fastpeoplesearch.com/address/4500-metropolis-dr_glen-allen-va/page/2
[2024-10-23 20:25:05,636] [INFO] [fps_address_scraper.py:26] Got successful response from https://www.fastpeoplesearch.com/address/4500-metropolis-dr_glen-allen-va/page/2
[2024-10-23 20:25:06,039] [INFO] [fps_address_scraper.py:91] Saved 10 entries in /home/ubuntu/scripts/result_file/output_chunk_18.xlsx
[2024-10-23 20:25:06,177] [INFO] [fps_address_scraper.py:185] Scraping https://www.fastpeoplesearch.com/address/4500-metropolis-dr_glen-allen-va/page/3
[2024-10-23 20:25:38,381] [INFO] [fps_address_scraper.py:26] Got successful response from https://www.fastpeoplesearch.com/address/4500-metropolis-dr_glen-allen-va/page/3
[2024-10-23 20:25:38,755] [INFO] [fps_address_scraper.py:91] Saved 10 entries in /home/ubuntu/scripts/result_file/output_chunk_18.xlsx
[2024-10-23 20:25:38,889] [INFO] [fps_address_scraper.py:185] Scraping https://www.fastpeoplesearch.com/address/4500-metropolis-dr_glen-allen-va/page/4
[2024-10-23 20:26:30,935] [INFO] [fps_address_scraper.py:26] Got successful response from https://www.fastpeoplesearch.com/address/4500-metropolis-dr_glen-allen-va/page/4
[2024-10-23 20:26:31,339] [INFO] [fps_address_scraper.py:91] Saved 10 entries in /home/ubuntu/scripts/result_file/output_chunk_18.xlsx
[2024-10-23 20:26:31,473] [INFO] [fps_address_scraper.py:185] Scraping https://www.fastpeoplesearch.com/address/4500-metropolis-dr_glen-allen-va/page/5
[2024-10-23 20:27:23,249] [INFO] [fps_address_scraper.py:26] Got successful response from https://www.fastpeoplesearch.com/address/4500-metropolis-dr_glen-allen-va/page/5
[2024-10-23 20:27:23,682] [INFO] [fps_address_scraper.py:91] Saved 10 entries in /home/ubuntu/scripts/result_file/output_chunk_18.xlsx
[2024-10-23 20:27:23,816] [INFO] [fps_address_scraper.py:185] Scraping https://www.fastpeoplesearch.com/address/4500-metropolis-dr_glen-allen-va/page/6
[2024-10-23 20:28:16,215] [INFO] [fps_address_scraper.py:26] Got successful response from https://www.fastpeoplesearch.com/address/4500-metropolis-dr_glen-allen-va/page/6
[2024-10-23 20:28:16,609] [INFO] [fps_address_scraper.py:91] Saved 10 entries in /home/ubuntu/scripts/result_file/output_chunk_18.xlsx
[2024-10-23 20:28:16,751] [INFO] [fps_address_scraper.py:185] Scraping https://www.fastpeoplesearch.com/address/4500-metropolis-dr_glen-allen-va/page/7
[2024-10-23 20:29:08,765] [INFO] [fps_address_scraper.py:26] Got successful response from https://www.fastpeoplesearch.com/address/4500-metropolis-dr_glen-allen-va/page/7
[2024-10-23 20:29:09,163] [INFO] [fps_address_scraper.py:91] Saved 10 entries in /home/ubuntu/scripts/result_file/output_chunk_18.xlsx
[2024-10-23 20:29:09,303] [INFO] [fps_address_scraper.py:185] Scraping https://www.fastpeoplesearch.com/address/4500-metropolis-dr_glen-allen-va/page/8
[2024-10-23 20:29:41,909] [INFO] [fps_address_scraper.py:26] Got successful response from https://www.fastpeoplesearch.com/address/4500-metropolis-dr_glen-allen-va/page/8
[2024-10-23 20:29:42,337] [INFO] [fps_address_scraper.py:91] Saved 10 entries in /home/ubuntu/scripts/result_file/output_chunk_18.xlsx
[2024-10-23 20:29:42,477] [INFO] [fps_address_scraper.py:185] Scraping https://www.fastpeoplesearch.com/address/4500-metropolis-dr_glen-allen-va/page/9
[2024-10-23 20:31:33,434] [INFO] [fps_address_scraper.py:26] Got successful response from https://www.fastpeoplesearch.com/address/4500-metropolis-dr_glen-allen-va/page/9
[2024-10-23 20:31:33,839] [INFO] [fps_address_scraper.py:91] Saved 10 entries in /home/ubuntu/scripts/result_file/output_chunk_18.xlsx
[2024-10-23 20:31:33,978] [INFO] [fps_address_scraper.py:185] Scraping https://www.fastpeoplesearch.com/address/4500-metropolis-dr_glen-allen-va/page/10
[2024-10-23 20:32:26,009] [INFO] [fps_address_scraper.py:26] Got successful response from https://www.fastpeoplesearch.com/address/4500-metropolis-dr_glen-allen-va/page/10
[2024-10-23 20:32:26,421] [INFO] [fps_address_scraper.py:91] Saved 10 entries in /home/ubuntu/scripts/result_file/output_chunk_18.xlsx
[2024-10-23 20:32:26,591] [INFO] [fps_address_scraper.py:185] Scraping https://www.fastpeoplesearch.com/address/4500-metropolis-dr_glen-allen-va/page/11
[2024-10-23 20:32:59,196] [INFO] [fps_address_scraper.py:26] Got successful response from https://www.fastpeoplesearch.com/address/4500-metropolis-dr_glen-allen-va/page/11
[2024-10-23 20:32:59,592] [INFO] [fps_address_scraper.py:91] Saved 6 entries in /home/ubuntu/scripts/result_file/output_chunk_18.xlsx
[2024-10-23 20:32:59,736] [INFO] [fps_address_scraper.py:185] Scraping https://www.fastpeoplesearch.com/address/4500-metropolis-dr_glen-allen-va/page/12
[2024-10-23 20:33:21,453] [INFO] [fps_address_scraper.py:26] Got successful response from https://www.fastpeoplesearch.com/address/4500-metropolis-dr_glen-allen-va/page/12
[2024-10-23 20:33:21,465] [INFO] [fps_address_scraper.py:216] output_chunk_18.xlsx. Scraping 13 of 98
[2024-10-23 20:33:21,465] [INFO] [fps_address_scraper.py:47] Original address: 4516 Pinta Ln
[2024-10-23 20:33:21,465] [INFO] [fps_address_scraper.py:57] Standardized address: 4516 Pinta Ln
[2024-10-23 20:33:21,612] [INFO] [fps_address_scraper.py:185] Scraping https://www.fastpeoplesearch.com/address/4516-pinta-ln_virginia-beach-va/page/1
[2024-10-23 20:34:39,071] [INFO] [fps_address_scraper.py:26] Got successful response from https://www.fastpeoplesearch.com/address/4516-pinta-ln_virginia-beach-va/page/1
[2024-10-23 20:34:39,481] [INFO] [fps_address_scraper.py:91] Saved 10 entries in /home/ubuntu/scripts/result_file/output_chunk_18.xlsx
[2024-10-23 20:34:39,653] [INFO] [fps_address_scraper.py:185] Scraping https://www.fastpeoplesearch.com/address/4516-pinta-ln_virginia-beach-va/page/2
[2024-10-23 20:35:01,627] [INFO] [fps_address_scraper.py:26] Got successful response from https://www.fastpeoplesearch.com/address/4516-pinta-ln_virginia-beach-va/page/2
[2024-10-23 20:35:02,060] [INFO] [fps_address_scraper.py:91] Saved 10 entries in /home/ubuntu/scripts/result_file/output_chunk_18.xlsx
[2024-10-23 20:35:02,208] [INFO] [fps_address_scraper.py:185] Scraping https://www.fastpeoplesearch.com/address/4516-pinta-ln_virginia-beach-va/page/3
[2024-10-23 20:35:26,360] [INFO] [fps_address_scraper.py:26] Got successful response from https://www.fastpeoplesearch.com/address/4516-pinta-ln_virginia-beach-va/page/3
[2024-10-23 20:35:26,813] [INFO] [fps_address_scraper.py:91] Saved 10 entries in /home/ubuntu/scripts/result_file/output_chunk_18.xlsx
[2024-10-23 20:35:26,993] [INFO] [fps_address_scraper.py:185] Scraping https://www.fastpeoplesearch.com/address/4516-pinta-ln_virginia-beach-va/page/4
[2024-10-23 20:36:03,770] [INFO] [fps_address_scraper.py:26] Got successful response from https://www.fastpeoplesearch.com/address/4516-pinta-ln_virginia-beach-va/page/4
[2024-10-23 20:36:04,204] [INFO] [fps_address_scraper.py:91] Saved 10 entries in /home/ubuntu/scripts/result_file/output_chunk_18.xlsx
[2024-10-23 20:36:04,352] [INFO] [fps_address_scraper.py:185] Scraping https://www.fastpeoplesearch.com/address/4516-pinta-ln_virginia-beach-va/page/5
[2024-10-23 20:36:56,553] [INFO] [fps_address_scraper.py:26] Got successful response from https://www.fastpeoplesearch.com/address/4516-pinta-ln_virginia-beach-va/page/5
[2024-10-23 20:36:56,948] [INFO] [fps_address_scraper.py:91] Saved 3 entries in /home/ubuntu/scripts/result_file/output_chunk_18.xlsx
[2024-10-23 20:36:57,099] [INFO] [fps_address_scraper.py:185] Scraping https://www.fastpeoplesearch.com/address/4516-pinta-ln_virginia-beach-va/page/6
[2024-10-23 20:37:19,472] [INFO] [fps_address_scraper.py:26] Got successful response from https://www.fastpeoplesearch.com/address/4516-pinta-ln_virginia-beach-va/page/6
[2024-10-23 20:37:19,484] [INFO] [fps_address_scraper.py:216] output_chunk_18.xlsx. Scraping 14 of 98
[2024-10-23 20:37:19,484] [INFO] [fps_address_scraper.py:47] Original address: 455 S Maple Ave
[2024-10-23 20:37:19,484] [INFO] [fps_address_scraper.py:57] Standardized address: 455 S Maple Ave
[2024-10-23 20:37:19,660] [INFO] [fps_address_scraper.py:185] Scraping https://www.fastpeoplesearch.com/address/455-s-maple-ave_falls-church-va/page/1
[2024-10-23 20:37:54,643] [INFO] [fps_address_scraper.py:26] Got successful response from https://www.fastpeoplesearch.com/address/455-s-maple-ave_falls-church-va/page/1
[2024-10-23 20:37:55,075] [INFO] [fps_address_scraper.py:91] Saved 10 entries in /home/ubuntu/scripts/result_file/output_chunk_18.xlsx
[2024-10-23 20:37:55,224] [INFO] [fps_address_scraper.py:185] Scraping https://www.fastpeoplesearch.com/address/455-s-maple-ave_falls-church-va/page/2
[2024-10-23 20:38:38,937] [INFO] [fps_address_scraper.py:26] Got successful response from https://www.fastpeoplesearch.com/address/455-s-maple-ave_falls-church-va/page/2
[2024-10-23 20:38:39,370] [INFO] [fps_address_scraper.py:91] Saved 10 entries in /home/ubuntu/scripts/result_file/output_chunk_18.xlsx
[2024-10-23 20:38:39,545] [INFO] [fps_address_scraper.py:185] Scraping https://www.fastpeoplesearch.com/address/455-s-maple-ave_falls-church-va/page/3
[2024-10-23 20:39:08,841] [INFO] [fps_address_scraper.py:26] Got successful response from https://www.fastpeoplesearch.com/address/455-s-maple-ave_falls-church-va/page/3
[2024-10-23 20:39:09,704] [INFO] [fps_address_scraper.py:91] Saved 10 entries in /home/ubuntu/scripts/result_file/output_chunk_18.xlsx
[2024-10-23 20:39:09,867] [INFO] [fps_address_scraper.py:185] Scraping https://www.fastpeoplesearch.com/address/455-s-maple-ave_falls-church-va/page/4
[2024-10-23 20:39:40,781] [INFO] [fps_address_scraper.py:26] Got successful response from https://www.fastpeoplesearch.com/address/455-s-maple-ave_falls-church-va/page/4
[2024-10-23 20:39:41,209] [INFO] [fps_address_scraper.py:91] Saved 10 entries in /home/ubuntu/scripts/result_file/output_chunk_18.xlsx
[2024-10-23 20:39:41,392] [INFO] [fps_address_scraper.py:185] Scraping https://www.fastpeoplesearch.com/address/455-s-maple-ave_falls-church-va/page/5
[2024-10-23 20:40:19,551] [INFO] [fps_address_scraper.py:26] Got successful response from https://www.fastpeoplesearch.com/address/455-s-maple-ave_falls-church-va/page/5
[2024-10-23 20:40:19,993] [INFO] [fps_address_scraper.py:91] Saved 10 entries in /home/ubuntu/scripts/result_file/output_chunk_18.xlsx
[2024-10-23 20:40:20,151] [INFO] [fps_address_scraper.py:185] Scraping https://www.fastpeoplesearch.com/address/455-s-maple-ave_falls-church-va/page/6
[2024-10-23 20:40:43,139] [INFO] [fps_address_scraper.py:26] Got successful response from https://www.fastpeoplesearch.com/address/455-s-maple-ave_falls-church-va/page/6
[2024-10-23 20:40:43,652] [INFO] [fps_address_scraper.py:91] Saved 10 entries in /home/ubuntu/scripts/result_file/output_chunk_18.xlsx
[2024-10-23 20:40:43,848] [INFO] [fps_address_scraper.py:185] Scraping https://www.fastpeoplesearch.com/address/455-s-maple-ave_falls-church-va/page/7
[2024-10-23 20:41:20,002] [INFO] [fps_address_scraper.py:26] Got successful response from https://www.fastpeoplesearch.com/address/455-s-maple-ave_falls-church-va/page/7
[2024-10-23 20:41:20,445] [INFO] [fps_address_scraper.py:91] Saved 10 entries in /home/ubuntu/scripts/result_file/output_chunk_18.xlsx
[2024-10-23 20:41:20,604] [INFO] [fps_address_scraper.py:185] Scraping https://www.fastpeoplesearch.com/address/455-s-maple-ave_falls-church-va/page/8
[2024-10-23 20:41:51,372] [INFO] [fps_address_scraper.py:26] Got successful response from https://www.fastpeoplesearch.com/address/455-s-maple-ave_falls-church-va/page/8
[2024-10-23 20:41:51,852] [INFO] [fps_address_scraper.py:91] Saved 10 entries in /home/ubuntu/scripts/result_file/output_chunk_18.xlsx
[2024-10-23 20:41:52,012] [INFO] [fps_address_scraper.py:185] Scraping https://www.fastpeoplesearch.com/address/455-s-maple-ave_falls-church-va/page/9
[2024-10-23 20:42:44,787] [INFO] [fps_address_scraper.py:26] Got successful response from https://www.fastpeoplesearch.com/address/455-s-maple-ave_falls-church-va/page/9
[2024-10-23 20:42:45,435] [INFO] [fps_address_scraper.py:91] Saved 10 entries in /home/ubuntu/scripts/result_file/output_chunk_18.xlsx
[2024-10-23 20:42:45,689] [INFO] [fps_address_scraper.py:185] Scraping https://www.fastpeoplesearch.com/address/455-s-maple-ave_falls-church-va/page/10
[2024-10-23 20:43:16,571] [INFO] [fps_address_scraper.py:26] Got successful response from https://www.fastpeoplesearch.com/address/455-s-maple-ave_falls-church-va/page/10
[2024-10-23 20:43:17,051] [INFO] [fps_address_scraper.py:91] Saved 10 entries in /home/ubuntu/scripts/result_file/output_chunk_18.xlsx
[2024-10-23 20:43:17,212] [INFO] [fps_address_scraper.py:185] Scraping https://www.fastpeoplesearch.com/address/455-s-maple-ave_falls-church-va/page/11
[2024-10-23 20:43:51,254] [INFO] [fps_address_scraper.py:26] Got successful response from https://www.fastpeoplesearch.com/address/455-s-maple-ave_falls-church-va/page/11
[2024-10-23 20:43:51,725] [INFO] [fps_address_scraper.py:91] Saved 10 entries in /home/ubuntu/scripts/result_file/output_chunk_18.xlsx
[2024-10-23 20:43:52,048] [INFO] [fps_address_scraper.py:185] Scraping https://www.fastpeoplesearch.com/address/455-s-maple-ave_falls-church-va/page/12
[2024-10-23 20:44:15,675] [INFO] [fps_address_scraper.py:26] Got successful response from https://www.fastpeoplesearch.com/address/455-s-maple-ave_falls-church-va/page/12
[2024-10-23 20:44:15,687] [INFO] [fps_address_scraper.py:216] output_chunk_18.xlsx. Scraping 15 of 98
[2024-10-23 20:44:15,687] [INFO] [fps_address_scraper.py:47] Original address: 4701 Kenmore Ave
[2024-10-23 20:44:15,688] [INFO] [fps_address_scraper.py:57] Standardized address: 4701 Kenmore Ave
[2024-10-23 20:44:15,853] [INFO] [fps_address_scraper.py:185] Scraping https://www.fastpeoplesearch.com/address/4701-kenmore-ave_alexandria-va/page/1
[2024-10-23 20:44:57,286] [INFO] [fps_address_scraper.py:26] Got successful response from https://www.fastpeoplesearch.com/address/4701-kenmore-ave_alexandria-va/page/1
[2024-10-23 20:44:57,737] [INFO] [fps_address_scraper.py:91] Saved 10 entries in /home/ubuntu/scripts/result_file/output_chunk_18.xlsx
[2024-10-23 20:44:57,929] [INFO] [fps_address_scraper.py:185] Scraping https://www.fastpeoplesearch.com/address/4701-kenmore-ave_alexandria-va/page/2
[2024-10-23 20:45:15,178] [INFO] [fps_address_scraper.py:26] Got successful response from https://www.fastpeoplesearch.com/address/4701-kenmore-ave_alexandria-va/page/2
[2024-10-23 20:45:15,631] [INFO] [fps_address_scraper.py:91] Saved 10 entries in /home/ubuntu/scripts/result_file/output_chunk_18.xlsx
[2024-10-23 20:45:15,796] [INFO] [fps_address_scraper.py:185] Scraping https://www.fastpeoplesearch.com/address/4701-kenmore-ave_alexandria-va/page/3
[2024-10-23 20:45:45,331] [INFO] [fps_address_scraper.py:26] Got successful response from https://www.fastpeoplesearch.com/address/4701-kenmore-ave_alexandria-va/page/3
[2024-10-23 20:45:45,836] [INFO] [fps_address_scraper.py:91] Saved 10 entries in /home/ubuntu/scripts/result_file/output_chunk_18.xlsx
[2024-10-23 20:45:46,007] [INFO] [fps_address_scraper.py:185] Scraping https://www.fastpeoplesearch.com/address/4701-kenmore-ave_alexandria-va/page/4
[2024-10-23 20:46:27,457] [INFO] [fps_address_scraper.py:26] Got successful response from https://www.fastpeoplesearch.com/address/4701-kenmore-ave_alexandria-va/page/4
[2024-10-23 20:46:28,058] [INFO] [fps_address_scraper.py:91] Saved 10 entries in /home/ubuntu/scripts/result_file/output_chunk_18.xlsx
[2024-10-23 20:46:28,317] [INFO] [fps_address_scraper.py:185] Scraping https://www.fastpeoplesearch.com/address/4701-kenmore-ave_alexandria-va/page/5
[2024-10-23 20:46:45,802] [INFO] [fps_address_scraper.py:26] Got successful response from https://www.fastpeoplesearch.com/address/4701-kenmore-ave_alexandria-va/page/5
[2024-10-23 20:46:46,260] [INFO] [fps_address_scraper.py:91] Saved 10 entries in /home/ubuntu/scripts/result_file/output_chunk_18.xlsx
[2024-10-23 20:46:46,434] [INFO] [fps_address_scraper.py:185] Scraping https://www.fastpeoplesearch.com/address/4701-kenmore-ave_alexandria-va/page/6
[2024-10-23 20:48:42,366] [ERROR] [fps_address_scraper.py:24] Could not get successful response. Status code 500. {"status":"Failed to get successful response from website. Please retry the request."}
[2024-10-23 20:48:42,366] [WARNING] [api.py:40] Request failed. Status code 500, retrying in 1 seconds...
[2024-10-23 20:49:14,392] [INFO] [fps_address_scraper.py:26] Got successful response from https://www.fastpeoplesearch.com/address/4701-kenmore-ave_alexandria-va/page/6
[2024-10-23 20:49:14,881] [INFO] [fps_address_scraper.py:91] Saved 10 entries in /home/ubuntu/scripts/result_file/output_chunk_18.xlsx
[2024-10-23 20:49:15,079] [INFO] [fps_address_scraper.py:185] Scraping https://www.fastpeoplesearch.com/address/4701-kenmore-ave_alexandria-va/page/7
[2024-10-23 20:49:50,102] [INFO] [fps_address_scraper.py:26] Got successful response from https://www.fastpeoplesearch.com/address/4701-kenmore-ave_alexandria-va/page/7
[2024-10-23 20:49:50,591] [INFO] [fps_address_scraper.py:91] Saved 10 entries in /home/ubuntu/scripts/result_file/output_chunk_18.xlsx
[2024-10-23 20:49:50,795] [INFO] [fps_address_scraper.py:185] Scraping https://www.fastpeoplesearch.com/address/4701-kenmore-ave_alexandria-va/page/8
[2024-10-23 20:50:42,568] [INFO] [fps_address_scraper.py:26] Got successful response from https://www.fastpeoplesearch.com/address/4701-kenmore-ave_alexandria-va/page/8
[2024-10-23 20:50:43,107] [INFO] [fps_address_scraper.py:91] Saved 10 entries in /home/ubuntu/scripts/result_file/output_chunk_18.xlsx
[2024-10-23 20:50:43,434] [INFO] [fps_address_scraper.py:185] Scraping https://www.fastpeoplesearch.com/address/4701-kenmore-ave_alexandria-va/page/9
[2024-10-23 20:51:12,377] [INFO] [fps_address_scraper.py:26] Got successful response from https://www.fastpeoplesearch.com/address/4701-kenmore-ave_alexandria-va/page/9
[2024-10-23 20:51:13,224] [INFO] [fps_address_scraper.py:91] Saved 10 entries in /home/ubuntu/scripts/result_file/output_chunk_18.xlsx
[2024-10-23 20:51:13,453] [INFO] [fps_address_scraper.py:185] Scraping https://www.fastpeoplesearch.com/address/4701-kenmore-ave_alexandria-va/page/10
[2024-10-23 20:51:38,369] [INFO] [fps_address_scraper.py:26] Got successful response from https://www.fastpeoplesearch.com/address/4701-kenmore-ave_alexandria-va/page/10
[2024-10-23 20:51:39,141] [INFO] [fps_address_scraper.py:91] Saved 10 entries in /home/ubuntu/scripts/result_file/output_chunk_18.xlsx
[2024-10-23 20:51:39,432] [INFO] [fps_address_scraper.py:185] Scraping https://www.fastpeoplesearch.com/address/4701-kenmore-ave_alexandria-va/page/11
[2024-10-23 20:52:06,729] [INFO] [fps_address_scraper.py:26] Got successful response from https://www.fastpeoplesearch.com/address/4701-kenmore-ave_alexandria-va/page/11
[2024-10-23 20:52:07,208] [INFO] [fps_address_scraper.py:91] Saved 6 entries in /home/ubuntu/scripts/result_file/output_chunk_18.xlsx
[2024-10-23 20:52:07,387] [INFO] [fps_address_scraper.py:185] Scraping https://www.fastpeoplesearch.com/address/4701-kenmore-ave_alexandria-va/page/12
[2024-10-23 20:52:54,653] [INFO] [fps_address_scraper.py:26] Got successful response from https://www.fastpeoplesearch.com/address/4701-kenmore-ave_alexandria-va/page/12
[2024-10-23 20:52:54,665] [INFO] [fps_address_scraper.py:216] output_chunk_18.xlsx. Scraping 16 of 98
[2024-10-23 20:52:54,665] [INFO] [fps_address_scraper.py:47] Original address: 4757 W Braddock Rd
[2024-10-23 20:52:54,665] [INFO] [fps_address_scraper.py:57] Standardized address: 4757 W Braddock Rd
[2024-10-23 20:52:54,870] [INFO] [fps_address_scraper.py:185] Scraping https://www.fastpeoplesearch.com/address/4757-w-braddock-rd_alexandria-va/page/1
[2024-10-23 20:53:27,151] [INFO] [fps_address_scraper.py:26] Got successful response from https://www.fastpeoplesearch.com/address/4757-w-braddock-rd_alexandria-va/page/1
[2024-10-23 20:53:27,632] [INFO] [fps_address_scraper.py:91] Saved 10 entries in /home/ubuntu/scripts/result_file/output_chunk_18.xlsx
[2024-10-23 20:53:27,811] [INFO] [fps_address_scraper.py:185] Scraping https://www.fastpeoplesearch.com/address/4757-w-braddock-rd_alexandria-va/page/2
[2024-10-23 20:53:58,498] [INFO] [fps_address_scraper.py:26] Got successful response from https://www.fastpeoplesearch.com/address/4757-w-braddock-rd_alexandria-va/page/2
[2024-10-23 20:53:59,150] [INFO] [fps_address_scraper.py:91] Saved 10 entries in /home/ubuntu/scripts/result_file/output_chunk_18.xlsx
[2024-10-23 20:53:59,336] [INFO] [fps_address_scraper.py:185] Scraping https://www.fastpeoplesearch.com/address/4757-w-braddock-rd_alexandria-va/page/3
[2024-10-23 20:54:52,409] [INFO] [fps_address_scraper.py:26] Got successful response from https://www.fastpeoplesearch.com/address/4757-w-braddock-rd_alexandria-va/page/3
[2024-10-23 20:54:53,155] [INFO] [fps_address_scraper.py:91] Saved 10 entries in /home/ubuntu/scripts/result_file/output_chunk_18.xlsx
[2024-10-23 20:54:53,395] [INFO] [fps_address_scraper.py:185] Scraping https://www.fastpeoplesearch.com/address/4757-w-braddock-rd_alexandria-va/page/4
[2024-10-23 20:55:27,318] [INFO] [fps_address_scraper.py:26] Got successful response from https://www.fastpeoplesearch.com/address/4757-w-braddock-rd_alexandria-va/page/4
[2024-10-23 20:55:27,829] [INFO] [fps_address_scraper.py:91] Saved 10 entries in /home/ubuntu/scripts/result_file/output_chunk_18.xlsx
[2024-10-23 20:55:28,041] [INFO] [fps_address_scraper.py:185] Scraping https://www.fastpeoplesearch.com/address/4757-w-braddock-rd_alexandria-va/page/5
[2024-10-23 20:56:20,518] [INFO] [fps_address_scraper.py:26] Got successful response from https://www.fastpeoplesearch.com/address/4757-w-braddock-rd_alexandria-va/page/5
[2024-10-23 20:56:21,031] [INFO] [fps_address_scraper.py:91] Saved 10 entries in /home/ubuntu/scripts/result_file/output_chunk_18.xlsx
[2024-10-23 20:56:21,262] [INFO] [fps_address_scraper.py:185] Scraping https://www.fastpeoplesearch.com/address/4757-w-braddock-rd_alexandria-va/page/6
[2024-10-23 20:56:47,449] [INFO] [fps_address_scraper.py:26] Got successful response from https://www.fastpeoplesearch.com/address/4757-w-braddock-rd_alexandria-va/page/6
[2024-10-23 20:56:48,000] [INFO] [fps_address_scraper.py:91] Saved 10 entries in /home/ubuntu/scripts/result_file/output_chunk_18.xlsx
[2024-10-23 20:56:48,187] [INFO] [fps_address_scraper.py:185] Scraping https://www.fastpeoplesearch.com/address/4757-w-braddock-rd_alexandria-va/page/7
[2024-10-23 20:57:19,208] [INFO] [fps_address_scraper.py:26] Got successful response from https://www.fastpeoplesearch.com/address/4757-w-braddock-rd_alexandria-va/page/7
[2024-10-23 20:57:19,752] [INFO] [fps_address_scraper.py:91] Saved 10 entries in /home/ubuntu/scripts/result_file/output_chunk_18.xlsx
[2024-10-23 20:57:19,941] [INFO] [fps_address_scraper.py:185] Scraping https://www.fastpeoplesearch.com/address/4757-w-braddock-rd_alexandria-va/page/8
[2024-10-23 20:57:55,119] [INFO] [fps_address_scraper.py:26] Got successful response from https://www.fastpeoplesearch.com/address/4757-w-braddock-rd_alexandria-va/page/8
[2024-10-23 20:57:55,680] [INFO] [fps_address_scraper.py:91] Saved 10 entries in /home/ubuntu/scripts/result_file/output_chunk_18.xlsx
[2024-10-23 20:57:55,871] [INFO] [fps_address_scraper.py:185] Scraping https://www.fastpeoplesearch.com/address/4757-w-braddock-rd_alexandria-va/page/9
[2024-10-23 20:59:17,615] [INFO] [fps_address_scraper.py:26] Got successful response from https://www.fastpeoplesearch.com/address/4757-w-braddock-rd_alexandria-va/page/9
[2024-10-23 20:59:18,156] [INFO] [fps_address_scraper.py:91] Saved 10 entries in /home/ubuntu/scripts/result_file/output_chunk_18.xlsx
[2024-10-23 20:59:18,376] [INFO] [fps_address_scraper.py:185] Scraping https://www.fastpeoplesearch.com/address/4757-w-braddock-rd_alexandria-va/page/10
[2024-10-23 21:00:29,406] [ERROR] [fps_address_scraper.py:24] Could not get successful response. Status code 500. {"status":"Failed to get successful response from website. Please retry the request."}
[2024-10-23 21:00:29,406] [WARNING] [api.py:40] Request failed. Status code 500, retrying in 1 seconds...
