[2024-10-23 18:58:32,822] [INFO] [fps_address_scraper.py:216] output_chunk_21.xlsx. Scraping 1 of 98
[2024-10-23 18:58:32,822] [INFO] [fps_address_scraper.py:47] Original address: 605 W Chapel Hill St
[2024-10-23 18:58:32,822] [INFO] [fps_address_scraper.py:57] Standardized address: 605 W Chapel Hill St
[2024-10-23 18:58:32,823] [INFO] [fps_address_scraper.py:185] Scraping https://www.fastpeoplesearch.com/address/605-w-chapel-hill-st_durham-nc/page/1
[2024-10-23 18:58:56,009] [INFO] [fps_address_scraper.py:26] Got successful response from https://www.fastpeoplesearch.com/address/605-w-chapel-hill-st_durham-nc/page/1
[2024-10-23 18:58:56,083] [INFO] [fps_address_scraper.py:91] Saved 10 entries in /home/ubuntu/scripts/result_file/output_chunk_21.xlsx
[2024-10-23 18:58:56,091] [INFO] [fps_address_scraper.py:185] Scraping https://www.fastpeoplesearch.com/address/605-w-chapel-hill-st_durham-nc/page/2
[2024-10-23 19:08:00,664] [INFO] [fps_address_scraper.py:216] output_chunk_21.xlsx. Scraping 1 of 98
[2024-10-23 19:08:00,664] [INFO] [fps_address_scraper.py:47] Original address: 605 W Chapel Hill St
[2024-10-23 19:08:00,664] [INFO] [fps_address_scraper.py:57] Standardized address: 605 W Chapel Hill St
[2024-10-23 19:08:00,739] [INFO] [fps_address_scraper.py:182] Skipping https://www.fastpeoplesearch.com/address/605-w-chapel-hill-st_durham-nc/page/1 because already scraped.
[2024-10-23 19:08:00,788] [INFO] [fps_address_scraper.py:185] Scraping https://www.fastpeoplesearch.com/address/605-w-chapel-hill-st_durham-nc/page/2
[2024-10-23 19:09:44,067] [INFO] [fps_address_scraper.py:26] Got successful response from https://www.fastpeoplesearch.com/address/605-w-chapel-hill-st_durham-nc/page/2
[2024-10-23 19:09:44,147] [INFO] [fps_address_scraper.py:91] Saved 10 entries in /home/ubuntu/scripts/result_file/output_chunk_21.xlsx
[2024-10-23 19:09:44,157] [INFO] [fps_address_scraper.py:185] Scraping https://www.fastpeoplesearch.com/address/605-w-chapel-hill-st_durham-nc/page/3
[2024-10-23 19:10:04,971] [INFO] [fps_address_scraper.py:26] Got successful response from https://www.fastpeoplesearch.com/address/605-w-chapel-hill-st_durham-nc/page/3
[2024-10-23 19:10:05,050] [INFO] [fps_address_scraper.py:91] Saved 10 entries in /home/ubuntu/scripts/result_file/output_chunk_21.xlsx
[2024-10-23 19:10:05,059] [INFO] [fps_address_scraper.py:185] Scraping https://www.fastpeoplesearch.com/address/605-w-chapel-hill-st_durham-nc/page/4
[2024-10-23 19:11:04,154] [INFO] [fps_address_scraper.py:26] Got successful response from https://www.fastpeoplesearch.com/address/605-w-chapel-hill-st_durham-nc/page/4
[2024-10-23 19:11:04,242] [INFO] [fps_address_scraper.py:91] Saved 10 entries in /home/ubuntu/scripts/result_file/output_chunk_21.xlsx
[2024-10-23 19:11:04,253] [INFO] [fps_address_scraper.py:185] Scraping https://www.fastpeoplesearch.com/address/605-w-chapel-hill-st_durham-nc/page/5
[2024-10-23 19:11:38,126] [INFO] [fps_address_scraper.py:26] Got successful response from https://www.fastpeoplesearch.com/address/605-w-chapel-hill-st_durham-nc/page/5
[2024-10-23 19:11:38,245] [INFO] [fps_address_scraper.py:91] Saved 10 entries in /home/ubuntu/scripts/result_file/output_chunk_21.xlsx
[2024-10-23 19:11:38,259] [INFO] [fps_address_scraper.py:185] Scraping https://www.fastpeoplesearch.com/address/605-w-chapel-hill-st_durham-nc/page/6
[2024-10-23 19:13:04,898] [INFO] [fps_address_scraper.py:26] Got successful response from https://www.fastpeoplesearch.com/address/605-w-chapel-hill-st_durham-nc/page/6
[2024-10-23 19:13:04,990] [INFO] [fps_address_scraper.py:91] Saved 10 entries in /home/ubuntu/scripts/result_file/output_chunk_21.xlsx
[2024-10-23 19:13:05,004] [INFO] [fps_address_scraper.py:185] Scraping https://www.fastpeoplesearch.com/address/605-w-chapel-hill-st_durham-nc/page/7
[2024-10-23 19:13:26,823] [INFO] [fps_address_scraper.py:26] Got successful response from https://www.fastpeoplesearch.com/address/605-w-chapel-hill-st_durham-nc/page/7
[2024-10-23 19:13:26,917] [INFO] [fps_address_scraper.py:91] Saved 10 entries in /home/ubuntu/scripts/result_file/output_chunk_21.xlsx
[2024-10-23 19:13:26,932] [INFO] [fps_address_scraper.py:185] Scraping https://www.fastpeoplesearch.com/address/605-w-chapel-hill-st_durham-nc/page/8
[2024-10-23 19:14:00,723] [INFO] [fps_address_scraper.py:26] Got successful response from https://www.fastpeoplesearch.com/address/605-w-chapel-hill-st_durham-nc/page/8
[2024-10-23 19:14:00,825] [INFO] [fps_address_scraper.py:91] Saved 10 entries in /home/ubuntu/scripts/result_file/output_chunk_21.xlsx
[2024-10-23 19:14:00,843] [INFO] [fps_address_scraper.py:185] Scraping https://www.fastpeoplesearch.com/address/605-w-chapel-hill-st_durham-nc/page/9
[2024-10-23 19:14:25,164] [INFO] [fps_address_scraper.py:26] Got successful response from https://www.fastpeoplesearch.com/address/605-w-chapel-hill-st_durham-nc/page/9
[2024-10-23 19:14:25,260] [INFO] [fps_address_scraper.py:91] Saved 10 entries in /home/ubuntu/scripts/result_file/output_chunk_21.xlsx
[2024-10-23 19:14:25,279] [INFO] [fps_address_scraper.py:185] Scraping https://www.fastpeoplesearch.com/address/605-w-chapel-hill-st_durham-nc/page/10
[2024-10-23 19:14:50,057] [INFO] [fps_address_scraper.py:26] Got successful response from https://www.fastpeoplesearch.com/address/605-w-chapel-hill-st_durham-nc/page/10
[2024-10-23 19:14:50,208] [INFO] [fps_address_scraper.py:91] Saved 10 entries in /home/ubuntu/scripts/result_file/output_chunk_21.xlsx
[2024-10-23 19:14:50,229] [INFO] [fps_address_scraper.py:185] Scraping https://www.fastpeoplesearch.com/address/605-w-chapel-hill-st_durham-nc/page/11
[2024-10-23 19:15:13,639] [INFO] [fps_address_scraper.py:26] Got successful response from https://www.fastpeoplesearch.com/address/605-w-chapel-hill-st_durham-nc/page/11
[2024-10-23 19:15:13,737] [INFO] [fps_address_scraper.py:91] Saved 9 entries in /home/ubuntu/scripts/result_file/output_chunk_21.xlsx
[2024-10-23 19:15:13,760] [INFO] [fps_address_scraper.py:185] Scraping https://www.fastpeoplesearch.com/address/605-w-chapel-hill-st_durham-nc/page/12
[2024-10-23 19:15:36,648] [INFO] [fps_address_scraper.py:26] Got successful response from https://www.fastpeoplesearch.com/address/605-w-chapel-hill-st_durham-nc/page/12
[2024-10-23 19:15:36,660] [INFO] [fps_address_scraper.py:216] output_chunk_21.xlsx. Scraping 2 of 98
[2024-10-23 19:15:36,660] [INFO] [fps_address_scraper.py:47] Original address: 605 W Main St
[2024-10-23 19:15:36,660] [INFO] [fps_address_scraper.py:57] Standardized address: 605 W Main St
[2024-10-23 19:15:36,681] [INFO] [fps_address_scraper.py:185] Scraping https://www.fastpeoplesearch.com/address/605-w-main-st_durham-nc/page/1
[2024-10-23 19:15:57,721] [INFO] [fps_address_scraper.py:26] Got successful response from https://www.fastpeoplesearch.com/address/605-w-main-st_durham-nc/page/1
[2024-10-23 19:15:57,828] [INFO] [fps_address_scraper.py:91] Saved 10 entries in /home/ubuntu/scripts/result_file/output_chunk_21.xlsx
[2024-10-23 19:15:57,851] [INFO] [fps_address_scraper.py:185] Scraping https://www.fastpeoplesearch.com/address/605-w-main-st_durham-nc/page/2
[2024-10-23 19:16:31,154] [INFO] [fps_address_scraper.py:26] Got successful response from https://www.fastpeoplesearch.com/address/605-w-main-st_durham-nc/page/2
[2024-10-23 19:16:31,303] [INFO] [fps_address_scraper.py:91] Saved 10 entries in /home/ubuntu/scripts/result_file/output_chunk_21.xlsx
[2024-10-23 19:16:31,327] [INFO] [fps_address_scraper.py:185] Scraping https://www.fastpeoplesearch.com/address/605-w-main-st_durham-nc/page/3
[2024-10-23 19:17:23,348] [INFO] [fps_address_scraper.py:26] Got successful response from https://www.fastpeoplesearch.com/address/605-w-main-st_durham-nc/page/3
[2024-10-23 19:17:23,463] [INFO] [fps_address_scraper.py:91] Saved 10 entries in /home/ubuntu/scripts/result_file/output_chunk_21.xlsx
[2024-10-23 19:17:23,487] [INFO] [fps_address_scraper.py:185] Scraping https://www.fastpeoplesearch.com/address/605-w-main-st_durham-nc/page/4
[2024-10-23 19:17:56,790] [INFO] [fps_address_scraper.py:26] Got successful response from https://www.fastpeoplesearch.com/address/605-w-main-st_durham-nc/page/4
[2024-10-23 19:17:56,910] [INFO] [fps_address_scraper.py:91] Saved 10 entries in /home/ubuntu/scripts/result_file/output_chunk_21.xlsx
[2024-10-23 19:17:56,936] [INFO] [fps_address_scraper.py:185] Scraping https://www.fastpeoplesearch.com/address/605-w-main-st_durham-nc/page/5
[2024-10-23 19:18:38,747] [INFO] [fps_address_scraper.py:26] Got successful response from https://www.fastpeoplesearch.com/address/605-w-main-st_durham-nc/page/5
[2024-10-23 19:18:38,863] [INFO] [fps_address_scraper.py:91] Saved 10 entries in /home/ubuntu/scripts/result_file/output_chunk_21.xlsx
[2024-10-23 19:18:38,891] [INFO] [fps_address_scraper.py:185] Scraping https://www.fastpeoplesearch.com/address/605-w-main-st_durham-nc/page/6
[2024-10-23 19:20:34,794] [ERROR] [fps_address_scraper.py:24] Could not get successful response. Status code 500. {"status":"Failed to get successful response from website. Please retry the request."}
[2024-10-23 19:20:34,794] [WARNING] [api.py:40] Request failed. Status code 500, retrying in 1 seconds...
[2024-10-23 19:21:08,443] [INFO] [fps_address_scraper.py:26] Got successful response from https://www.fastpeoplesearch.com/address/605-w-main-st_durham-nc/page/6
[2024-10-23 19:21:08,605] [INFO] [fps_address_scraper.py:91] Saved 10 entries in /home/ubuntu/scripts/result_file/output_chunk_21.xlsx
[2024-10-23 19:21:08,636] [INFO] [fps_address_scraper.py:185] Scraping https://www.fastpeoplesearch.com/address/605-w-main-st_durham-nc/page/7
[2024-10-23 19:21:32,157] [INFO] [fps_address_scraper.py:26] Got successful response from https://www.fastpeoplesearch.com/address/605-w-main-st_durham-nc/page/7
[2024-10-23 19:21:32,283] [INFO] [fps_address_scraper.py:91] Saved 10 entries in /home/ubuntu/scripts/result_file/output_chunk_21.xlsx
[2024-10-23 19:21:32,312] [INFO] [fps_address_scraper.py:185] Scraping https://www.fastpeoplesearch.com/address/605-w-main-st_durham-nc/page/8
[2024-10-23 19:21:54,645] [INFO] [fps_address_scraper.py:26] Got successful response from https://www.fastpeoplesearch.com/address/605-w-main-st_durham-nc/page/8
[2024-10-23 19:21:54,769] [INFO] [fps_address_scraper.py:91] Saved 10 entries in /home/ubuntu/scripts/result_file/output_chunk_21.xlsx
[2024-10-23 19:21:54,842] [INFO] [fps_address_scraper.py:185] Scraping https://www.fastpeoplesearch.com/address/605-w-main-st_durham-nc/page/9
[2024-10-23 19:22:47,223] [INFO] [fps_address_scraper.py:26] Got successful response from https://www.fastpeoplesearch.com/address/605-w-main-st_durham-nc/page/9
[2024-10-23 19:22:47,355] [INFO] [fps_address_scraper.py:91] Saved 10 entries in /home/ubuntu/scripts/result_file/output_chunk_21.xlsx
[2024-10-23 19:22:47,388] [INFO] [fps_address_scraper.py:185] Scraping https://www.fastpeoplesearch.com/address/605-w-main-st_durham-nc/page/10
[2024-10-23 19:23:27,199] [INFO] [fps_address_scraper.py:26] Got successful response from https://www.fastpeoplesearch.com/address/605-w-main-st_durham-nc/page/10
[2024-10-23 19:23:27,336] [INFO] [fps_address_scraper.py:91] Saved 10 entries in /home/ubuntu/scripts/result_file/output_chunk_21.xlsx
[2024-10-23 19:23:27,371] [INFO] [fps_address_scraper.py:185] Scraping https://www.fastpeoplesearch.com/address/605-w-main-st_durham-nc/page/11
[2024-10-23 19:25:23,258] [ERROR] [fps_address_scraper.py:24] Could not get successful response. Status code 500. {"status":"Failed to get successful response from website. Please retry the request."}
[2024-10-23 19:25:23,258] [WARNING] [api.py:40] Request failed. Status code 500, retrying in 1 seconds...
[2024-10-23 19:26:16,379] [INFO] [fps_address_scraper.py:26] Got successful response from https://www.fastpeoplesearch.com/address/605-w-main-st_durham-nc/page/11
[2024-10-23 19:26:16,549] [INFO] [fps_address_scraper.py:91] Saved 9 entries in /home/ubuntu/scripts/result_file/output_chunk_21.xlsx
[2024-10-23 19:26:16,584] [INFO] [fps_address_scraper.py:185] Scraping https://www.fastpeoplesearch.com/address/605-w-main-st_durham-nc/page/12
[2024-10-23 19:26:38,324] [INFO] [fps_address_scraper.py:26] Got successful response from https://www.fastpeoplesearch.com/address/605-w-main-st_durham-nc/page/12
[2024-10-23 19:26:38,336] [INFO] [fps_address_scraper.py:216] output_chunk_21.xlsx. Scraping 3 of 98
[2024-10-23 19:26:38,336] [INFO] [fps_address_scraper.py:47] Original address: 6101 Ardrey Kell Rd
[2024-10-23 19:26:38,336] [INFO] [fps_address_scraper.py:57] Standardized address: 6101 Ardrey Kell Rd
[2024-10-23 19:26:38,373] [INFO] [fps_address_scraper.py:185] Scraping https://www.fastpeoplesearch.com/address/6101-ardrey-kell-rd_charlotte-nc/page/1
[2024-10-23 19:27:29,906] [INFO] [fps_address_scraper.py:26] Got successful response from https://www.fastpeoplesearch.com/address/6101-ardrey-kell-rd_charlotte-nc/page/1
[2024-10-23 19:27:30,050] [INFO] [fps_address_scraper.py:91] Saved 10 entries in /home/ubuntu/scripts/result_file/output_chunk_21.xlsx
[2024-10-23 19:27:30,087] [INFO] [fps_address_scraper.py:185] Scraping https://www.fastpeoplesearch.com/address/6101-ardrey-kell-rd_charlotte-nc/page/2
[2024-10-23 19:28:21,478] [INFO] [fps_address_scraper.py:26] Got successful response from https://www.fastpeoplesearch.com/address/6101-ardrey-kell-rd_charlotte-nc/page/2
[2024-10-23 19:28:21,658] [INFO] [fps_address_scraper.py:91] Saved 10 entries in /home/ubuntu/scripts/result_file/output_chunk_21.xlsx
[2024-10-23 19:28:21,696] [INFO] [fps_address_scraper.py:185] Scraping https://www.fastpeoplesearch.com/address/6101-ardrey-kell-rd_charlotte-nc/page/3
[2024-10-23 19:28:56,562] [INFO] [fps_address_scraper.py:26] Got successful response from https://www.fastpeoplesearch.com/address/6101-ardrey-kell-rd_charlotte-nc/page/3
[2024-10-23 19:28:56,708] [INFO] [fps_address_scraper.py:91] Saved 10 entries in /home/ubuntu/scripts/result_file/output_chunk_21.xlsx
[2024-10-23 19:28:56,748] [INFO] [fps_address_scraper.py:185] Scraping https://www.fastpeoplesearch.com/address/6101-ardrey-kell-rd_charlotte-nc/page/4
[2024-10-23 19:29:22,151] [INFO] [fps_address_scraper.py:26] Got successful response from https://www.fastpeoplesearch.com/address/6101-ardrey-kell-rd_charlotte-nc/page/4
[2024-10-23 19:29:22,301] [INFO] [fps_address_scraper.py:91] Saved 10 entries in /home/ubuntu/scripts/result_file/output_chunk_21.xlsx
[2024-10-23 19:29:22,343] [INFO] [fps_address_scraper.py:185] Scraping https://www.fastpeoplesearch.com/address/6101-ardrey-kell-rd_charlotte-nc/page/5
[2024-10-23 19:31:03,569] [INFO] [fps_address_scraper.py:26] Got successful response from https://www.fastpeoplesearch.com/address/6101-ardrey-kell-rd_charlotte-nc/page/5
[2024-10-23 19:31:03,765] [INFO] [fps_address_scraper.py:91] Saved 10 entries in /home/ubuntu/scripts/result_file/output_chunk_21.xlsx
[2024-10-23 19:31:03,808] [INFO] [fps_address_scraper.py:185] Scraping https://www.fastpeoplesearch.com/address/6101-ardrey-kell-rd_charlotte-nc/page/6
[2024-10-23 19:32:32,468] [INFO] [fps_address_scraper.py:26] Got successful response from https://www.fastpeoplesearch.com/address/6101-ardrey-kell-rd_charlotte-nc/page/6
[2024-10-23 19:32:32,617] [INFO] [fps_address_scraper.py:91] Saved 10 entries in /home/ubuntu/scripts/result_file/output_chunk_21.xlsx
[2024-10-23 19:32:32,662] [INFO] [fps_address_scraper.py:185] Scraping https://www.fastpeoplesearch.com/address/6101-ardrey-kell-rd_charlotte-nc/page/7
[2024-10-23 19:33:03,672] [INFO] [fps_address_scraper.py:26] Got successful response from https://www.fastpeoplesearch.com/address/6101-ardrey-kell-rd_charlotte-nc/page/7
[2024-10-23 19:33:03,867] [INFO] [fps_address_scraper.py:91] Saved 10 entries in /home/ubuntu/scripts/result_file/output_chunk_21.xlsx
[2024-10-23 19:33:03,913] [INFO] [fps_address_scraper.py:185] Scraping https://www.fastpeoplesearch.com/address/6101-ardrey-kell-rd_charlotte-nc/page/8
[2024-10-23 19:33:55,701] [INFO] [fps_address_scraper.py:26] Got successful response from https://www.fastpeoplesearch.com/address/6101-ardrey-kell-rd_charlotte-nc/page/8
[2024-10-23 19:33:55,860] [INFO] [fps_address_scraper.py:91] Saved 10 entries in /home/ubuntu/scripts/result_file/output_chunk_21.xlsx
[2024-10-23 19:33:55,908] [INFO] [fps_address_scraper.py:185] Scraping https://www.fastpeoplesearch.com/address/6101-ardrey-kell-rd_charlotte-nc/page/9
[2024-10-23 19:34:32,397] [INFO] [fps_address_scraper.py:26] Got successful response from https://www.fastpeoplesearch.com/address/6101-ardrey-kell-rd_charlotte-nc/page/9
[2024-10-23 19:34:32,602] [INFO] [fps_address_scraper.py:91] Saved 10 entries in /home/ubuntu/scripts/result_file/output_chunk_21.xlsx
[2024-10-23 19:34:32,651] [INFO] [fps_address_scraper.py:185] Scraping https://www.fastpeoplesearch.com/address/6101-ardrey-kell-rd_charlotte-nc/page/10
[2024-10-23 19:35:03,185] [INFO] [fps_address_scraper.py:26] Got successful response from https://www.fastpeoplesearch.com/address/6101-ardrey-kell-rd_charlotte-nc/page/10
[2024-10-23 19:35:03,310] [INFO] [fps_address_scraper.py:91] Saved 10 entries in /home/ubuntu/scripts/result_file/output_chunk_21.xlsx
[2024-10-23 19:35:03,354] [INFO] [fps_address_scraper.py:185] Scraping https://www.fastpeoplesearch.com/address/6101-ardrey-kell-rd_charlotte-nc/page/11
[2024-10-23 19:35:43,677] [INFO] [fps_address_scraper.py:26] Got successful response from https://www.fastpeoplesearch.com/address/6101-ardrey-kell-rd_charlotte-nc/page/11
[2024-10-23 19:35:43,915] [INFO] [fps_address_scraper.py:91] Saved 6 entries in /home/ubuntu/scripts/result_file/output_chunk_21.xlsx
[2024-10-23 19:35:43,971] [INFO] [fps_address_scraper.py:185] Scraping https://www.fastpeoplesearch.com/address/6101-ardrey-kell-rd_charlotte-nc/page/12
[2024-10-23 19:36:06,017] [INFO] [fps_address_scraper.py:26] Got successful response from https://www.fastpeoplesearch.com/address/6101-ardrey-kell-rd_charlotte-nc/page/12
[2024-10-23 19:36:06,029] [INFO] [fps_address_scraper.py:216] output_chunk_21.xlsx. Scraping 4 of 98
[2024-10-23 19:36:06,029] [INFO] [fps_address_scraper.py:47] Original address: 615 Corbett St
[2024-10-23 19:36:06,029] [INFO] [fps_address_scraper.py:57] Standardized address: 615 Corbett St
[2024-10-23 19:36:06,081] [INFO] [fps_address_scraper.py:185] Scraping https://www.fastpeoplesearch.com/address/615-corbett-st_morrisville-nc/page/1
[2024-10-23 19:36:57,680] [INFO] [fps_address_scraper.py:26] Got successful response from https://www.fastpeoplesearch.com/address/615-corbett-st_morrisville-nc/page/1
[2024-10-23 19:36:57,850] [INFO] [fps_address_scraper.py:91] Saved 10 entries in /home/ubuntu/scripts/result_file/output_chunk_21.xlsx
[2024-10-23 19:36:57,933] [INFO] [fps_address_scraper.py:185] Scraping https://www.fastpeoplesearch.com/address/615-corbett-st_morrisville-nc/page/2
[2024-10-23 19:37:30,990] [INFO] [fps_address_scraper.py:26] Got successful response from https://www.fastpeoplesearch.com/address/615-corbett-st_morrisville-nc/page/2
[2024-10-23 19:37:31,165] [INFO] [fps_address_scraper.py:91] Saved 10 entries in /home/ubuntu/scripts/result_file/output_chunk_21.xlsx
[2024-10-23 19:37:31,218] [INFO] [fps_address_scraper.py:185] Scraping https://www.fastpeoplesearch.com/address/615-corbett-st_morrisville-nc/page/3
[2024-10-23 19:38:01,550] [INFO] [fps_address_scraper.py:26] Got successful response from https://www.fastpeoplesearch.com/address/615-corbett-st_morrisville-nc/page/3
[2024-10-23 19:38:01,758] [INFO] [fps_address_scraper.py:91] Saved 10 entries in /home/ubuntu/scripts/result_file/output_chunk_21.xlsx
[2024-10-23 19:38:01,812] [INFO] [fps_address_scraper.py:185] Scraping https://www.fastpeoplesearch.com/address/615-corbett-st_morrisville-nc/page/4
[2024-10-23 19:38:37,985] [INFO] [fps_address_scraper.py:26] Got successful response from https://www.fastpeoplesearch.com/address/615-corbett-st_morrisville-nc/page/4
[2024-10-23 19:38:38,164] [INFO] [fps_address_scraper.py:91] Saved 10 entries in /home/ubuntu/scripts/result_file/output_chunk_21.xlsx
[2024-10-23 19:38:38,220] [INFO] [fps_address_scraper.py:185] Scraping https://www.fastpeoplesearch.com/address/615-corbett-st_morrisville-nc/page/5
[2024-10-23 19:39:45,336] [INFO] [fps_address_scraper.py:26] Got successful response from https://www.fastpeoplesearch.com/address/615-corbett-st_morrisville-nc/page/5
[2024-10-23 19:39:45,551] [INFO] [fps_address_scraper.py:91] Saved 10 entries in /home/ubuntu/scripts/result_file/output_chunk_21.xlsx
[2024-10-23 19:39:45,608] [INFO] [fps_address_scraper.py:185] Scraping https://www.fastpeoplesearch.com/address/615-corbett-st_morrisville-nc/page/6
[2024-10-23 19:40:19,087] [INFO] [fps_address_scraper.py:26] Got successful response from https://www.fastpeoplesearch.com/address/615-corbett-st_morrisville-nc/page/6
[2024-10-23 19:40:19,272] [INFO] [fps_address_scraper.py:91] Saved 10 entries in /home/ubuntu/scripts/result_file/output_chunk_21.xlsx
[2024-10-23 19:40:19,331] [INFO] [fps_address_scraper.py:185] Scraping https://www.fastpeoplesearch.com/address/615-corbett-st_morrisville-nc/page/7
[2024-10-23 19:40:51,041] [INFO] [fps_address_scraper.py:26] Got successful response from https://www.fastpeoplesearch.com/address/615-corbett-st_morrisville-nc/page/7
[2024-10-23 19:40:51,265] [INFO] [fps_address_scraper.py:91] Saved 10 entries in /home/ubuntu/scripts/result_file/output_chunk_21.xlsx
[2024-10-23 19:40:51,325] [INFO] [fps_address_scraper.py:185] Scraping https://www.fastpeoplesearch.com/address/615-corbett-st_morrisville-nc/page/8
[2024-10-23 19:41:43,105] [INFO] [fps_address_scraper.py:26] Got successful response from https://www.fastpeoplesearch.com/address/615-corbett-st_morrisville-nc/page/8
[2024-10-23 19:41:43,333] [INFO] [fps_address_scraper.py:91] Saved 10 entries in /home/ubuntu/scripts/result_file/output_chunk_21.xlsx
[2024-10-23 19:41:43,395] [INFO] [fps_address_scraper.py:185] Scraping https://www.fastpeoplesearch.com/address/615-corbett-st_morrisville-nc/page/9
[2024-10-23 19:42:05,770] [INFO] [fps_address_scraper.py:26] Got successful response from https://www.fastpeoplesearch.com/address/615-corbett-st_morrisville-nc/page/9
[2024-10-23 19:42:05,971] [INFO] [fps_address_scraper.py:91] Saved 10 entries in /home/ubuntu/scripts/result_file/output_chunk_21.xlsx
[2024-10-23 19:42:06,035] [INFO] [fps_address_scraper.py:185] Scraping https://www.fastpeoplesearch.com/address/615-corbett-st_morrisville-nc/page/10
[2024-10-23 19:42:58,445] [INFO] [fps_address_scraper.py:26] Got successful response from https://www.fastpeoplesearch.com/address/615-corbett-st_morrisville-nc/page/10
[2024-10-23 19:42:58,684] [INFO] [fps_address_scraper.py:91] Saved 10 entries in /home/ubuntu/scripts/result_file/output_chunk_21.xlsx
[2024-10-23 19:42:58,749] [INFO] [fps_address_scraper.py:185] Scraping https://www.fastpeoplesearch.com/address/615-corbett-st_morrisville-nc/page/11
[2024-10-23 19:43:33,146] [INFO] [fps_address_scraper.py:26] Got successful response from https://www.fastpeoplesearch.com/address/615-corbett-st_morrisville-nc/page/11
[2024-10-23 19:43:33,335] [INFO] [fps_address_scraper.py:91] Saved 7 entries in /home/ubuntu/scripts/result_file/output_chunk_21.xlsx
[2024-10-23 19:43:33,426] [INFO] [fps_address_scraper.py:185] Scraping https://www.fastpeoplesearch.com/address/615-corbett-st_morrisville-nc/page/12
[2024-10-23 19:44:46,800] [INFO] [fps_address_scraper.py:26] Got successful response from https://www.fastpeoplesearch.com/address/615-corbett-st_morrisville-nc/page/12
[2024-10-23 19:44:46,812] [INFO] [fps_address_scraper.py:216] output_chunk_21.xlsx. Scraping 5 of 98
[2024-10-23 19:44:46,812] [INFO] [fps_address_scraper.py:47] Original address: 6205 Carnegie Blvd
[2024-10-23 19:44:46,812] [INFO] [fps_address_scraper.py:57] Standardized address: 6205 Carnegie Blvd
[2024-10-23 19:44:46,880] [INFO] [fps_address_scraper.py:185] Scraping https://www.fastpeoplesearch.com/address/6205-carnegie-blvd_charlotte-nc/page/1
[2024-10-23 19:45:24,034] [INFO] [fps_address_scraper.py:26] Got successful response from https://www.fastpeoplesearch.com/address/6205-carnegie-blvd_charlotte-nc/page/1
[2024-10-23 19:45:24,244] [INFO] [fps_address_scraper.py:91] Saved 10 entries in /home/ubuntu/scripts/result_file/output_chunk_21.xlsx
[2024-10-23 19:45:24,311] [INFO] [fps_address_scraper.py:185] Scraping https://www.fastpeoplesearch.com/address/6205-carnegie-blvd_charlotte-nc/page/2
[2024-10-23 19:45:59,605] [INFO] [fps_address_scraper.py:26] Got successful response from https://www.fastpeoplesearch.com/address/6205-carnegie-blvd_charlotte-nc/page/2
[2024-10-23 19:45:59,840] [INFO] [fps_address_scraper.py:91] Saved 10 entries in /home/ubuntu/scripts/result_file/output_chunk_21.xlsx
[2024-10-23 19:45:59,923] [INFO] [fps_address_scraper.py:185] Scraping https://www.fastpeoplesearch.com/address/6205-carnegie-blvd_charlotte-nc/page/3
[2024-10-23 19:46:53,368] [INFO] [fps_address_scraper.py:26] Got successful response from https://www.fastpeoplesearch.com/address/6205-carnegie-blvd_charlotte-nc/page/3
[2024-10-23 19:46:53,608] [INFO] [fps_address_scraper.py:91] Saved 10 entries in /home/ubuntu/scripts/result_file/output_chunk_21.xlsx
[2024-10-23 19:46:53,676] [INFO] [fps_address_scraper.py:185] Scraping https://www.fastpeoplesearch.com/address/6205-carnegie-blvd_charlotte-nc/page/4
[2024-10-23 19:47:16,945] [INFO] [fps_address_scraper.py:26] Got successful response from https://www.fastpeoplesearch.com/address/6205-carnegie-blvd_charlotte-nc/page/4
[2024-10-23 19:47:17,158] [INFO] [fps_address_scraper.py:91] Saved 10 entries in /home/ubuntu/scripts/result_file/output_chunk_21.xlsx
[2024-10-23 19:47:17,261] [INFO] [fps_address_scraper.py:185] Scraping https://www.fastpeoplesearch.com/address/6205-carnegie-blvd_charlotte-nc/page/5
[2024-10-23 19:48:08,756] [INFO] [fps_address_scraper.py:26] Got successful response from https://www.fastpeoplesearch.com/address/6205-carnegie-blvd_charlotte-nc/page/5
[2024-10-23 19:48:08,980] [INFO] [fps_address_scraper.py:91] Saved 10 entries in /home/ubuntu/scripts/result_file/output_chunk_21.xlsx
[2024-10-23 19:48:09,052] [INFO] [fps_address_scraper.py:185] Scraping https://www.fastpeoplesearch.com/address/6205-carnegie-blvd_charlotte-nc/page/6
[2024-10-23 19:48:41,575] [INFO] [fps_address_scraper.py:26] Got successful response from https://www.fastpeoplesearch.com/address/6205-carnegie-blvd_charlotte-nc/page/6
[2024-10-23 19:48:41,821] [INFO] [fps_address_scraper.py:91] Saved 10 entries in /home/ubuntu/scripts/result_file/output_chunk_21.xlsx
[2024-10-23 19:48:41,893] [INFO] [fps_address_scraper.py:185] Scraping https://www.fastpeoplesearch.com/address/6205-carnegie-blvd_charlotte-nc/page/7
[2024-10-23 19:49:47,889] [INFO] [fps_address_scraper.py:26] Got successful response from https://www.fastpeoplesearch.com/address/6205-carnegie-blvd_charlotte-nc/page/7
[2024-10-23 19:49:48,144] [INFO] [fps_address_scraper.py:91] Saved 10 entries in /home/ubuntu/scripts/result_file/output_chunk_21.xlsx
[2024-10-23 19:49:48,245] [INFO] [fps_address_scraper.py:185] Scraping https://www.fastpeoplesearch.com/address/6205-carnegie-blvd_charlotte-nc/page/8
[2024-10-23 19:50:12,898] [INFO] [fps_address_scraper.py:26] Got successful response from https://www.fastpeoplesearch.com/address/6205-carnegie-blvd_charlotte-nc/page/8
[2024-10-23 19:50:13,129] [INFO] [fps_address_scraper.py:91] Saved 10 entries in /home/ubuntu/scripts/result_file/output_chunk_21.xlsx
[2024-10-23 19:50:13,235] [INFO] [fps_address_scraper.py:185] Scraping https://www.fastpeoplesearch.com/address/6205-carnegie-blvd_charlotte-nc/page/9
[2024-10-23 19:50:54,331] [INFO] [fps_address_scraper.py:26] Got successful response from https://www.fastpeoplesearch.com/address/6205-carnegie-blvd_charlotte-nc/page/9
[2024-10-23 19:50:54,569] [INFO] [fps_address_scraper.py:91] Saved 10 entries in /home/ubuntu/scripts/result_file/output_chunk_21.xlsx
[2024-10-23 19:50:54,646] [INFO] [fps_address_scraper.py:185] Scraping https://www.fastpeoplesearch.com/address/6205-carnegie-blvd_charlotte-nc/page/10
[2024-10-23 19:51:33,128] [INFO] [fps_address_scraper.py:26] Got successful response from https://www.fastpeoplesearch.com/address/6205-carnegie-blvd_charlotte-nc/page/10
[2024-10-23 19:51:33,543] [INFO] [fps_address_scraper.py:91] Saved 10 entries in /home/ubuntu/scripts/result_file/output_chunk_21.xlsx
[2024-10-23 19:51:33,632] [INFO] [fps_address_scraper.py:185] Scraping https://www.fastpeoplesearch.com/address/6205-carnegie-blvd_charlotte-nc/page/11
[2024-10-23 19:52:01,964] [INFO] [fps_address_scraper.py:26] Got successful response from https://www.fastpeoplesearch.com/address/6205-carnegie-blvd_charlotte-nc/page/11
[2024-10-23 19:52:02,235] [INFO] [fps_address_scraper.py:91] Saved 9 entries in /home/ubuntu/scripts/result_file/output_chunk_21.xlsx
[2024-10-23 19:52:02,315] [INFO] [fps_address_scraper.py:185] Scraping https://www.fastpeoplesearch.com/address/6205-carnegie-blvd_charlotte-nc/page/12
[2024-10-23 19:52:29,785] [INFO] [fps_address_scraper.py:26] Got successful response from https://www.fastpeoplesearch.com/address/6205-carnegie-blvd_charlotte-nc/page/12
[2024-10-23 19:52:29,797] [INFO] [fps_address_scraper.py:216] output_chunk_21.xlsx. Scraping 6 of 98
[2024-10-23 19:52:29,799] [INFO] [fps_address_scraper.py:47] Original address: 6215 Forest Way Dr
[2024-10-23 19:52:29,799] [INFO] [fps_address_scraper.py:57] Standardized address: 6215 Forest Way Dr
[2024-10-23 19:52:29,877] [INFO] [fps_address_scraper.py:185] Scraping https://www.fastpeoplesearch.com/address/6215-forest-way-dr_charlotte-nc/page/1
[2024-10-23 19:53:21,653] [INFO] [fps_address_scraper.py:26] Got successful response from https://www.fastpeoplesearch.com/address/6215-forest-way-dr_charlotte-nc/page/1
[2024-10-23 19:53:21,925] [INFO] [fps_address_scraper.py:91] Saved 10 entries in /home/ubuntu/scripts/result_file/output_chunk_21.xlsx
[2024-10-23 19:53:22,008] [INFO] [fps_address_scraper.py:185] Scraping https://www.fastpeoplesearch.com/address/6215-forest-way-dr_charlotte-nc/page/2
[2024-10-23 19:53:43,925] [INFO] [fps_address_scraper.py:26] Got successful response from https://www.fastpeoplesearch.com/address/6215-forest-way-dr_charlotte-nc/page/2
[2024-10-23 19:53:44,260] [INFO] [fps_address_scraper.py:91] Saved 10 entries in /home/ubuntu/scripts/result_file/output_chunk_21.xlsx
[2024-10-23 19:53:44,342] [INFO] [fps_address_scraper.py:185] Scraping https://www.fastpeoplesearch.com/address/6215-forest-way-dr_charlotte-nc/page/3
[2024-10-23 19:55:33,967] [INFO] [fps_address_scraper.py:26] Got successful response from https://www.fastpeoplesearch.com/address/6215-forest-way-dr_charlotte-nc/page/3
[2024-10-23 19:55:34,216] [INFO] [fps_address_scraper.py:91] Saved 10 entries in /home/ubuntu/scripts/result_file/output_chunk_21.xlsx
[2024-10-23 19:55:34,336] [INFO] [fps_address_scraper.py:185] Scraping https://www.fastpeoplesearch.com/address/6215-forest-way-dr_charlotte-nc/page/4
[2024-10-23 19:56:26,013] [INFO] [fps_address_scraper.py:26] Got successful response from https://www.fastpeoplesearch.com/address/6215-forest-way-dr_charlotte-nc/page/4
[2024-10-23 19:56:26,258] [INFO] [fps_address_scraper.py:91] Saved 10 entries in /home/ubuntu/scripts/result_file/output_chunk_21.xlsx
[2024-10-23 19:56:26,343] [INFO] [fps_address_scraper.py:185] Scraping https://www.fastpeoplesearch.com/address/6215-forest-way-dr_charlotte-nc/page/5
[2024-10-23 19:57:18,142] [INFO] [fps_address_scraper.py:26] Got successful response from https://www.fastpeoplesearch.com/address/6215-forest-way-dr_charlotte-nc/page/5
[2024-10-23 19:57:18,441] [INFO] [fps_address_scraper.py:91] Saved 10 entries in /home/ubuntu/scripts/result_file/output_chunk_21.xlsx
[2024-10-23 19:57:18,531] [INFO] [fps_address_scraper.py:185] Scraping https://www.fastpeoplesearch.com/address/6215-forest-way-dr_charlotte-nc/page/6
[2024-10-23 19:57:40,018] [INFO] [fps_address_scraper.py:26] Got successful response from https://www.fastpeoplesearch.com/address/6215-forest-way-dr_charlotte-nc/page/6
[2024-10-23 19:57:40,313] [INFO] [fps_address_scraper.py:91] Saved 10 entries in /home/ubuntu/scripts/result_file/output_chunk_21.xlsx
[2024-10-23 19:57:40,401] [INFO] [fps_address_scraper.py:185] Scraping https://www.fastpeoplesearch.com/address/6215-forest-way-dr_charlotte-nc/page/7
[2024-10-23 19:58:13,118] [INFO] [fps_address_scraper.py:26] Got successful response from https://www.fastpeoplesearch.com/address/6215-forest-way-dr_charlotte-nc/page/7
[2024-10-23 19:58:13,403] [INFO] [fps_address_scraper.py:91] Saved 10 entries in /home/ubuntu/scripts/result_file/output_chunk_21.xlsx
[2024-10-23 19:58:13,493] [INFO] [fps_address_scraper.py:185] Scraping https://www.fastpeoplesearch.com/address/6215-forest-way-dr_charlotte-nc/page/8
[2024-10-23 19:58:55,934] [INFO] [fps_address_scraper.py:26] Got successful response from https://www.fastpeoplesearch.com/address/6215-forest-way-dr_charlotte-nc/page/8
[2024-10-23 19:58:56,229] [INFO] [fps_address_scraper.py:91] Saved 10 entries in /home/ubuntu/scripts/result_file/output_chunk_21.xlsx
[2024-10-23 19:58:56,320] [INFO] [fps_address_scraper.py:185] Scraping https://www.fastpeoplesearch.com/address/6215-forest-way-dr_charlotte-nc/page/9
[2024-10-23 19:59:29,355] [INFO] [fps_address_scraper.py:26] Got successful response from https://www.fastpeoplesearch.com/address/6215-forest-way-dr_charlotte-nc/page/9
[2024-10-23 19:59:29,685] [INFO] [fps_address_scraper.py:91] Saved 10 entries in /home/ubuntu/scripts/result_file/output_chunk_21.xlsx
[2024-10-23 19:59:29,780] [INFO] [fps_address_scraper.py:185] Scraping https://www.fastpeoplesearch.com/address/6215-forest-way-dr_charlotte-nc/page/10
[2024-10-23 20:00:05,073] [INFO] [fps_address_scraper.py:26] Got successful response from https://www.fastpeoplesearch.com/address/6215-forest-way-dr_charlotte-nc/page/10
[2024-10-23 20:00:05,376] [INFO] [fps_address_scraper.py:91] Saved 10 entries in /home/ubuntu/scripts/result_file/output_chunk_21.xlsx
[2024-10-23 20:00:05,469] [INFO] [fps_address_scraper.py:185] Scraping https://www.fastpeoplesearch.com/address/6215-forest-way-dr_charlotte-nc/page/11
[2024-10-23 20:00:57,761] [INFO] [fps_address_scraper.py:26] Got successful response from https://www.fastpeoplesearch.com/address/6215-forest-way-dr_charlotte-nc/page/11
[2024-10-23 20:00:58,076] [INFO] [fps_address_scraper.py:91] Saved 10 entries in /home/ubuntu/scripts/result_file/output_chunk_21.xlsx
[2024-10-23 20:00:58,172] [INFO] [fps_address_scraper.py:185] Scraping https://www.fastpeoplesearch.com/address/6215-forest-way-dr_charlotte-nc/page/12
[2024-10-23 20:02:19,363] [INFO] [fps_address_scraper.py:26] Got successful response from https://www.fastpeoplesearch.com/address/6215-forest-way-dr_charlotte-nc/page/12
[2024-10-23 20:02:19,373] [INFO] [fps_address_scraper.py:216] output_chunk_21.xlsx. Scraping 7 of 98
[2024-10-23 20:02:19,374] [INFO] [fps_address_scraper.py:47] Original address: 6301 Lakecrest Dr
[2024-10-23 20:02:19,374] [INFO] [fps_address_scraper.py:57] Standardized address: 6301 Lakecrest Dr
[2024-10-23 20:02:19,463] [INFO] [fps_address_scraper.py:185] Scraping https://www.fastpeoplesearch.com/address/6301-lakecrest-dr_raleigh-nc/page/1
[2024-10-23 20:03:54,163] [INFO] [fps_address_scraper.py:26] Got successful response from https://www.fastpeoplesearch.com/address/6301-lakecrest-dr_raleigh-nc/page/1
[2024-10-23 20:03:54,576] [INFO] [fps_address_scraper.py:91] Saved 10 entries in /home/ubuntu/scripts/result_file/output_chunk_21.xlsx
[2024-10-23 20:03:54,691] [INFO] [fps_address_scraper.py:185] Scraping https://www.fastpeoplesearch.com/address/6301-lakecrest-dr_raleigh-nc/page/2
[2024-10-23 20:05:16,583] [INFO] [fps_address_scraper.py:26] Got successful response from https://www.fastpeoplesearch.com/address/6301-lakecrest-dr_raleigh-nc/page/2
[2024-10-23 20:05:16,892] [INFO] [fps_address_scraper.py:91] Saved 10 entries in /home/ubuntu/scripts/result_file/output_chunk_21.xlsx
[2024-10-23 20:05:16,988] [INFO] [fps_address_scraper.py:185] Scraping https://www.fastpeoplesearch.com/address/6301-lakecrest-dr_raleigh-nc/page/3
[2024-10-23 20:05:41,047] [INFO] [fps_address_scraper.py:26] Got successful response from https://www.fastpeoplesearch.com/address/6301-lakecrest-dr_raleigh-nc/page/3
[2024-10-23 20:05:41,455] [INFO] [fps_address_scraper.py:91] Saved 10 entries in /home/ubuntu/scripts/result_file/output_chunk_21.xlsx
[2024-10-23 20:05:41,561] [INFO] [fps_address_scraper.py:185] Scraping https://www.fastpeoplesearch.com/address/6301-lakecrest-dr_raleigh-nc/page/4
[2024-10-23 20:06:44,743] [INFO] [fps_address_scraper.py:26] Got successful response from https://www.fastpeoplesearch.com/address/6301-lakecrest-dr_raleigh-nc/page/4
[2024-10-23 20:06:45,051] [INFO] [fps_address_scraper.py:91] Saved 6 entries in /home/ubuntu/scripts/result_file/output_chunk_21.xlsx
[2024-10-23 20:06:45,151] [INFO] [fps_address_scraper.py:185] Scraping https://www.fastpeoplesearch.com/address/6301-lakecrest-dr_raleigh-nc/page/5
[2024-10-23 20:07:07,310] [INFO] [fps_address_scraper.py:26] Got successful response from https://www.fastpeoplesearch.com/address/6301-lakecrest-dr_raleigh-nc/page/5
[2024-10-23 20:07:07,322] [INFO] [fps_address_scraper.py:216] output_chunk_21.xlsx. Scraping 8 of 98
[2024-10-23 20:07:07,322] [INFO] [fps_address_scraper.py:47] Original address: 6350 Terra Verde Dr
[2024-10-23 20:07:07,323] [INFO] [fps_address_scraper.py:57] Standardized address: 6350 Terra Verde Dr
[2024-10-23 20:07:07,424] [INFO] [fps_address_scraper.py:185] Scraping https://www.fastpeoplesearch.com/address/6350-terra-verde-dr_raleigh-nc/page/1
[2024-10-23 20:07:40,982] [INFO] [fps_address_scraper.py:26] Got successful response from https://www.fastpeoplesearch.com/address/6350-terra-verde-dr_raleigh-nc/page/1
[2024-10-23 20:07:41,301] [INFO] [fps_address_scraper.py:91] Saved 10 entries in /home/ubuntu/scripts/result_file/output_chunk_21.xlsx
[2024-10-23 20:07:41,402] [INFO] [fps_address_scraper.py:185] Scraping https://www.fastpeoplesearch.com/address/6350-terra-verde-dr_raleigh-nc/page/2
[2024-10-23 20:08:13,488] [INFO] [fps_address_scraper.py:26] Got successful response from https://www.fastpeoplesearch.com/address/6350-terra-verde-dr_raleigh-nc/page/2
[2024-10-23 20:08:13,812] [INFO] [fps_address_scraper.py:91] Saved 10 entries in /home/ubuntu/scripts/result_file/output_chunk_21.xlsx
[2024-10-23 20:08:13,924] [INFO] [fps_address_scraper.py:185] Scraping https://www.fastpeoplesearch.com/address/6350-terra-verde-dr_raleigh-nc/page/3
[2024-10-23 20:09:05,843] [INFO] [fps_address_scraper.py:26] Got successful response from https://www.fastpeoplesearch.com/address/6350-terra-verde-dr_raleigh-nc/page/3
[2024-10-23 20:09:06,167] [INFO] [fps_address_scraper.py:91] Saved 10 entries in /home/ubuntu/scripts/result_file/output_chunk_21.xlsx
[2024-10-23 20:09:06,272] [INFO] [fps_address_scraper.py:185] Scraping https://www.fastpeoplesearch.com/address/6350-terra-verde-dr_raleigh-nc/page/4
[2024-10-23 20:10:32,989] [INFO] [fps_address_scraper.py:26] Got successful response from https://www.fastpeoplesearch.com/address/6350-terra-verde-dr_raleigh-nc/page/4
[2024-10-23 20:10:33,312] [INFO] [fps_address_scraper.py:91] Saved 10 entries in /home/ubuntu/scripts/result_file/output_chunk_21.xlsx
[2024-10-23 20:10:33,419] [INFO] [fps_address_scraper.py:185] Scraping https://www.fastpeoplesearch.com/address/6350-terra-verde-dr_raleigh-nc/page/5
[2024-10-23 20:11:08,187] [INFO] [fps_address_scraper.py:26] Got successful response from https://www.fastpeoplesearch.com/address/6350-terra-verde-dr_raleigh-nc/page/5
[2024-10-23 20:11:08,680] [INFO] [fps_address_scraper.py:91] Saved 10 entries in /home/ubuntu/scripts/result_file/output_chunk_21.xlsx
[2024-10-23 20:11:08,848] [INFO] [fps_address_scraper.py:185] Scraping https://www.fastpeoplesearch.com/address/6350-terra-verde-dr_raleigh-nc/page/6
[2024-10-23 20:12:00,613] [INFO] [fps_address_scraper.py:26] Got successful response from https://www.fastpeoplesearch.com/address/6350-terra-verde-dr_raleigh-nc/page/6
[2024-10-23 20:12:00,952] [INFO] [fps_address_scraper.py:91] Saved 10 entries in /home/ubuntu/scripts/result_file/output_chunk_21.xlsx
[2024-10-23 20:12:01,060] [INFO] [fps_address_scraper.py:185] Scraping https://www.fastpeoplesearch.com/address/6350-terra-verde-dr_raleigh-nc/page/7
[2024-10-23 20:12:41,835] [INFO] [fps_address_scraper.py:26] Got successful response from https://www.fastpeoplesearch.com/address/6350-terra-verde-dr_raleigh-nc/page/7
[2024-10-23 20:12:42,170] [INFO] [fps_address_scraper.py:91] Saved 10 entries in /home/ubuntu/scripts/result_file/output_chunk_21.xlsx
[2024-10-23 20:12:42,280] [INFO] [fps_address_scraper.py:185] Scraping https://www.fastpeoplesearch.com/address/6350-terra-verde-dr_raleigh-nc/page/8
[2024-10-23 20:13:12,039] [INFO] [fps_address_scraper.py:26] Got successful response from https://www.fastpeoplesearch.com/address/6350-terra-verde-dr_raleigh-nc/page/8
[2024-10-23 20:13:12,376] [INFO] [fps_address_scraper.py:91] Saved 10 entries in /home/ubuntu/scripts/result_file/output_chunk_21.xlsx
[2024-10-23 20:13:12,512] [INFO] [fps_address_scraper.py:185] Scraping https://www.fastpeoplesearch.com/address/6350-terra-verde-dr_raleigh-nc/page/9
[2024-10-23 20:13:33,697] [INFO] [fps_address_scraper.py:26] Got successful response from https://www.fastpeoplesearch.com/address/6350-terra-verde-dr_raleigh-nc/page/9
[2024-10-23 20:13:33,709] [INFO] [fps_address_scraper.py:216] output_chunk_21.xlsx. Scraping 9 of 98
[2024-10-23 20:13:33,709] [INFO] [fps_address_scraper.py:47] Original address: 640 N Church St
[2024-10-23 20:13:33,709] [INFO] [fps_address_scraper.py:57] Standardized address: 640 N Church St
[2024-10-23 20:13:33,820] [INFO] [fps_address_scraper.py:185] Scraping https://www.fastpeoplesearch.com/address/640-n-church-st_charlotte-nc/page/1
[2024-10-23 20:14:08,164] [INFO] [fps_address_scraper.py:26] Got successful response from https://www.fastpeoplesearch.com/address/640-n-church-st_charlotte-nc/page/1
[2024-10-23 20:14:08,507] [INFO] [fps_address_scraper.py:91] Saved 10 entries in /home/ubuntu/scripts/result_file/output_chunk_21.xlsx
[2024-10-23 20:14:08,619] [INFO] [fps_address_scraper.py:185] Scraping https://www.fastpeoplesearch.com/address/640-n-church-st_charlotte-nc/page/2
[2024-10-23 20:15:24,873] [INFO] [fps_address_scraper.py:26] Got successful response from https://www.fastpeoplesearch.com/address/640-n-church-st_charlotte-nc/page/2
[2024-10-23 20:15:25,293] [INFO] [fps_address_scraper.py:91] Saved 10 entries in /home/ubuntu/scripts/result_file/output_chunk_21.xlsx
[2024-10-23 20:15:25,404] [INFO] [fps_address_scraper.py:185] Scraping https://www.fastpeoplesearch.com/address/640-n-church-st_charlotte-nc/page/3
[2024-10-23 20:16:06,531] [INFO] [fps_address_scraper.py:26] Got successful response from https://www.fastpeoplesearch.com/address/640-n-church-st_charlotte-nc/page/3
[2024-10-23 20:16:06,879] [INFO] [fps_address_scraper.py:91] Saved 10 entries in /home/ubuntu/scripts/result_file/output_chunk_21.xlsx
[2024-10-23 20:16:07,000] [INFO] [fps_address_scraper.py:185] Scraping https://www.fastpeoplesearch.com/address/640-n-church-st_charlotte-nc/page/4
[2024-10-23 20:16:35,293] [INFO] [fps_address_scraper.py:26] Got successful response from https://www.fastpeoplesearch.com/address/640-n-church-st_charlotte-nc/page/4
[2024-10-23 20:16:35,648] [INFO] [fps_address_scraper.py:91] Saved 10 entries in /home/ubuntu/scripts/result_file/output_chunk_21.xlsx
[2024-10-23 20:16:35,767] [INFO] [fps_address_scraper.py:185] Scraping https://www.fastpeoplesearch.com/address/640-n-church-st_charlotte-nc/page/5
[2024-10-23 20:16:57,127] [INFO] [fps_address_scraper.py:26] Got successful response from https://www.fastpeoplesearch.com/address/640-n-church-st_charlotte-nc/page/5
[2024-10-23 20:16:57,479] [INFO] [fps_address_scraper.py:91] Saved 10 entries in /home/ubuntu/scripts/result_file/output_chunk_21.xlsx
[2024-10-23 20:16:57,599] [INFO] [fps_address_scraper.py:185] Scraping https://www.fastpeoplesearch.com/address/640-n-church-st_charlotte-nc/page/6
[2024-10-23 20:18:11,548] [INFO] [fps_address_scraper.py:26] Got successful response from https://www.fastpeoplesearch.com/address/640-n-church-st_charlotte-nc/page/6
[2024-10-23 20:18:11,907] [INFO] [fps_address_scraper.py:91] Saved 10 entries in /home/ubuntu/scripts/result_file/output_chunk_21.xlsx
[2024-10-23 20:18:12,067] [INFO] [fps_address_scraper.py:185] Scraping https://www.fastpeoplesearch.com/address/640-n-church-st_charlotte-nc/page/7
[2024-10-23 20:19:03,754] [INFO] [fps_address_scraper.py:26] Got successful response from https://www.fastpeoplesearch.com/address/640-n-church-st_charlotte-nc/page/7
[2024-10-23 20:19:04,129] [INFO] [fps_address_scraper.py:91] Saved 10 entries in /home/ubuntu/scripts/result_file/output_chunk_21.xlsx
[2024-10-23 20:19:04,249] [INFO] [fps_address_scraper.py:185] Scraping https://www.fastpeoplesearch.com/address/640-n-church-st_charlotte-nc/page/8
[2024-10-23 20:19:44,310] [INFO] [fps_address_scraper.py:26] Got successful response from https://www.fastpeoplesearch.com/address/640-n-church-st_charlotte-nc/page/8
[2024-10-23 20:19:44,680] [INFO] [fps_address_scraper.py:91] Saved 10 entries in /home/ubuntu/scripts/result_file/output_chunk_21.xlsx
[2024-10-23 20:19:44,806] [INFO] [fps_address_scraper.py:185] Scraping https://www.fastpeoplesearch.com/address/640-n-church-st_charlotte-nc/page/9
[2024-10-23 20:20:36,916] [INFO] [fps_address_scraper.py:26] Got successful response from https://www.fastpeoplesearch.com/address/640-n-church-st_charlotte-nc/page/9
[2024-10-23 20:20:37,304] [INFO] [fps_address_scraper.py:91] Saved 10 entries in /home/ubuntu/scripts/result_file/output_chunk_21.xlsx
[2024-10-23 20:20:37,428] [INFO] [fps_address_scraper.py:185] Scraping https://www.fastpeoplesearch.com/address/640-n-church-st_charlotte-nc/page/10
[2024-10-23 20:21:15,060] [INFO] [fps_address_scraper.py:26] Got successful response from https://www.fastpeoplesearch.com/address/640-n-church-st_charlotte-nc/page/10
[2024-10-23 20:21:15,443] [INFO] [fps_address_scraper.py:91] Saved 10 entries in /home/ubuntu/scripts/result_file/output_chunk_21.xlsx
[2024-10-23 20:21:15,569] [INFO] [fps_address_scraper.py:185] Scraping https://www.fastpeoplesearch.com/address/640-n-church-st_charlotte-nc/page/11
[2024-10-23 20:22:07,290] [INFO] [fps_address_scraper.py:26] Got successful response from https://www.fastpeoplesearch.com/address/640-n-church-st_charlotte-nc/page/11
[2024-10-23 20:22:07,673] [INFO] [fps_address_scraper.py:91] Saved 8 entries in /home/ubuntu/scripts/result_file/output_chunk_21.xlsx
[2024-10-23 20:22:07,847] [INFO] [fps_address_scraper.py:185] Scraping https://www.fastpeoplesearch.com/address/640-n-church-st_charlotte-nc/page/12
[2024-10-23 20:23:17,937] [INFO] [fps_address_scraper.py:26] Got successful response from https://www.fastpeoplesearch.com/address/640-n-church-st_charlotte-nc/page/12
[2024-10-23 20:23:17,949] [INFO] [fps_address_scraper.py:216] output_chunk_21.xlsx. Scraping 10 of 98
[2024-10-23 20:23:17,950] [INFO] [fps_address_scraper.py:47] Original address: 6450 Viewpointe Cir
[2024-10-23 20:23:17,950] [INFO] [fps_address_scraper.py:57] Standardized address: 6450 Viewpointe Cir
[2024-10-23 20:23:18,080] [INFO] [fps_address_scraper.py:185] Scraping https://www.fastpeoplesearch.com/address/6450-viewpointe-cir_raleigh-nc/page/1
[2024-10-23 20:23:56,138] [INFO] [fps_address_scraper.py:26] Got successful response from https://www.fastpeoplesearch.com/address/6450-viewpointe-cir_raleigh-nc/page/1
[2024-10-23 20:23:56,535] [INFO] [fps_address_scraper.py:91] Saved 10 entries in /home/ubuntu/scripts/result_file/output_chunk_21.xlsx
[2024-10-23 20:23:56,665] [INFO] [fps_address_scraper.py:185] Scraping https://www.fastpeoplesearch.com/address/6450-viewpointe-cir_raleigh-nc/page/2
[2024-10-23 20:24:48,418] [INFO] [fps_address_scraper.py:26] Got successful response from https://www.fastpeoplesearch.com/address/6450-viewpointe-cir_raleigh-nc/page/2
[2024-10-23 20:24:48,813] [INFO] [fps_address_scraper.py:91] Saved 10 entries in /home/ubuntu/scripts/result_file/output_chunk_21.xlsx
[2024-10-23 20:24:48,943] [INFO] [fps_address_scraper.py:185] Scraping https://www.fastpeoplesearch.com/address/6450-viewpointe-cir_raleigh-nc/page/3
[2024-10-23 20:25:29,124] [INFO] [fps_address_scraper.py:26] Got successful response from https://www.fastpeoplesearch.com/address/6450-viewpointe-cir_raleigh-nc/page/3
[2024-10-23 20:25:29,520] [INFO] [fps_address_scraper.py:91] Saved 10 entries in /home/ubuntu/scripts/result_file/output_chunk_21.xlsx
[2024-10-23 20:25:29,691] [INFO] [fps_address_scraper.py:185] Scraping https://www.fastpeoplesearch.com/address/6450-viewpointe-cir_raleigh-nc/page/4
[2024-10-23 20:25:54,873] [INFO] [fps_address_scraper.py:26] Got successful response from https://www.fastpeoplesearch.com/address/6450-viewpointe-cir_raleigh-nc/page/4
[2024-10-23 20:25:55,235] [INFO] [fps_address_scraper.py:91] Saved 3 entries in /home/ubuntu/scripts/result_file/output_chunk_21.xlsx
[2024-10-23 20:25:55,365] [INFO] [fps_address_scraper.py:185] Scraping https://www.fastpeoplesearch.com/address/6450-viewpointe-cir_raleigh-nc/page/5
[2024-10-23 20:26:18,319] [INFO] [fps_address_scraper.py:26] Got successful response from https://www.fastpeoplesearch.com/address/6450-viewpointe-cir_raleigh-nc/page/5
[2024-10-23 20:26:18,332] [INFO] [fps_address_scraper.py:216] output_chunk_21.xlsx. Scraping 11 of 98
[2024-10-23 20:26:18,332] [INFO] [fps_address_scraper.py:47] Original address: 650 E Brooklyn Village Ave
[2024-10-23 20:26:18,332] [INFO] [fps_address_scraper.py:57] Standardized address: 650 E Brooklyn Village Ave
[2024-10-23 20:26:18,466] [INFO] [fps_address_scraper.py:185] Scraping https://www.fastpeoplesearch.com/address/650-e-brooklyn-village-ave_charlotte-nc/page/1
[2024-10-23 20:27:05,045] [INFO] [fps_address_scraper.py:26] Got successful response from https://www.fastpeoplesearch.com/address/650-e-brooklyn-village-ave_charlotte-nc/page/1
[2024-10-23 20:27:05,425] [INFO] [fps_address_scraper.py:91] Saved 10 entries in /home/ubuntu/scripts/result_file/output_chunk_21.xlsx
[2024-10-23 20:27:05,581] [INFO] [fps_address_scraper.py:185] Scraping https://www.fastpeoplesearch.com/address/650-e-brooklyn-village-ave_charlotte-nc/page/2
[2024-10-23 20:27:57,940] [INFO] [fps_address_scraper.py:26] Got successful response from https://www.fastpeoplesearch.com/address/650-e-brooklyn-village-ave_charlotte-nc/page/2
[2024-10-23 20:27:58,337] [INFO] [fps_address_scraper.py:91] Saved 10 entries in /home/ubuntu/scripts/result_file/output_chunk_21.xlsx
[2024-10-23 20:27:58,470] [INFO] [fps_address_scraper.py:185] Scraping https://www.fastpeoplesearch.com/address/650-e-brooklyn-village-ave_charlotte-nc/page/3
[2024-10-23 20:28:30,059] [INFO] [fps_address_scraper.py:26] Got successful response from https://www.fastpeoplesearch.com/address/650-e-brooklyn-village-ave_charlotte-nc/page/3
[2024-10-23 20:28:30,463] [INFO] [fps_address_scraper.py:91] Saved 10 entries in /home/ubuntu/scripts/result_file/output_chunk_21.xlsx
[2024-10-23 20:28:30,596] [INFO] [fps_address_scraper.py:185] Scraping https://www.fastpeoplesearch.com/address/650-e-brooklyn-village-ave_charlotte-nc/page/4
[2024-10-23 20:28:52,448] [INFO] [fps_address_scraper.py:26] Got successful response from https://www.fastpeoplesearch.com/address/650-e-brooklyn-village-ave_charlotte-nc/page/4
[2024-10-23 20:28:52,966] [INFO] [fps_address_scraper.py:91] Saved 10 entries in /home/ubuntu/scripts/result_file/output_chunk_21.xlsx
[2024-10-23 20:28:53,136] [INFO] [fps_address_scraper.py:185] Scraping https://www.fastpeoplesearch.com/address/650-e-brooklyn-village-ave_charlotte-nc/page/5
[2024-10-23 20:29:29,554] [INFO] [fps_address_scraper.py:26] Got successful response from https://www.fastpeoplesearch.com/address/650-e-brooklyn-village-ave_charlotte-nc/page/5
[2024-10-23 20:29:30,244] [INFO] [fps_address_scraper.py:91] Saved 10 entries in /home/ubuntu/scripts/result_file/output_chunk_21.xlsx
[2024-10-23 20:29:30,380] [INFO] [fps_address_scraper.py:185] Scraping https://www.fastpeoplesearch.com/address/650-e-brooklyn-village-ave_charlotte-nc/page/6
[2024-10-23 20:31:17,069] [ERROR] [fps_address_scraper.py:24] Could not get successful response. Status code 500. {"status":"Failed to get successful response from website. Please retry the request."}
[2024-10-23 20:31:17,069] [WARNING] [api.py:40] Request failed. Status code 500, retrying in 1 seconds...
[2024-10-23 20:31:47,824] [INFO] [fps_address_scraper.py:26] Got successful response from https://www.fastpeoplesearch.com/address/650-e-brooklyn-village-ave_charlotte-nc/page/6
[2024-10-23 20:31:48,552] [INFO] [fps_address_scraper.py:91] Saved 10 entries in /home/ubuntu/scripts/result_file/output_chunk_21.xlsx
[2024-10-23 20:31:48,691] [INFO] [fps_address_scraper.py:185] Scraping https://www.fastpeoplesearch.com/address/650-e-brooklyn-village-ave_charlotte-nc/page/7
[2024-10-23 20:32:28,577] [INFO] [fps_address_scraper.py:26] Got successful response from https://www.fastpeoplesearch.com/address/650-e-brooklyn-village-ave_charlotte-nc/page/7
[2024-10-23 20:32:28,987] [INFO] [fps_address_scraper.py:91] Saved 10 entries in /home/ubuntu/scripts/result_file/output_chunk_21.xlsx
[2024-10-23 20:32:29,152] [INFO] [fps_address_scraper.py:185] Scraping https://www.fastpeoplesearch.com/address/650-e-brooklyn-village-ave_charlotte-nc/page/8
[2024-10-23 20:33:01,108] [INFO] [fps_address_scraper.py:26] Got successful response from https://www.fastpeoplesearch.com/address/650-e-brooklyn-village-ave_charlotte-nc/page/8
[2024-10-23 20:33:01,571] [INFO] [fps_address_scraper.py:91] Saved 10 entries in /home/ubuntu/scripts/result_file/output_chunk_21.xlsx
[2024-10-23 20:33:01,710] [INFO] [fps_address_scraper.py:185] Scraping https://www.fastpeoplesearch.com/address/650-e-brooklyn-village-ave_charlotte-nc/page/9
[2024-10-23 20:33:24,065] [INFO] [fps_address_scraper.py:26] Got successful response from https://www.fastpeoplesearch.com/address/650-e-brooklyn-village-ave_charlotte-nc/page/9
[2024-10-23 20:33:24,475] [INFO] [fps_address_scraper.py:91] Saved 10 entries in /home/ubuntu/scripts/result_file/output_chunk_21.xlsx
[2024-10-23 20:33:24,616] [INFO] [fps_address_scraper.py:185] Scraping https://www.fastpeoplesearch.com/address/650-e-brooklyn-village-ave_charlotte-nc/page/10
[2024-10-23 20:33:47,355] [INFO] [fps_address_scraper.py:26] Got successful response from https://www.fastpeoplesearch.com/address/650-e-brooklyn-village-ave_charlotte-nc/page/10
[2024-10-23 20:33:47,770] [INFO] [fps_address_scraper.py:91] Saved 10 entries in /home/ubuntu/scripts/result_file/output_chunk_21.xlsx
[2024-10-23 20:33:47,941] [INFO] [fps_address_scraper.py:185] Scraping https://www.fastpeoplesearch.com/address/650-e-brooklyn-village-ave_charlotte-nc/page/11
[2024-10-23 20:34:40,110] [INFO] [fps_address_scraper.py:26] Got successful response from https://www.fastpeoplesearch.com/address/650-e-brooklyn-village-ave_charlotte-nc/page/11
[2024-10-23 20:34:40,547] [INFO] [fps_address_scraper.py:91] Saved 10 entries in /home/ubuntu/scripts/result_file/output_chunk_21.xlsx
[2024-10-23 20:34:40,692] [INFO] [fps_address_scraper.py:185] Scraping https://www.fastpeoplesearch.com/address/650-e-brooklyn-village-ave_charlotte-nc/page/12
[2024-10-23 20:36:00,688] [INFO] [fps_address_scraper.py:26] Got successful response from https://www.fastpeoplesearch.com/address/650-e-brooklyn-village-ave_charlotte-nc/page/12
[2024-10-23 20:36:00,700] [INFO] [fps_address_scraper.py:216] output_chunk_21.xlsx. Scraping 12 of 98
[2024-10-23 20:36:00,700] [INFO] [fps_address_scraper.py:47] Original address: 6701 Fox Rd
[2024-10-23 20:36:00,700] [INFO] [fps_address_scraper.py:57] Standardized address: 6701 Fox Rd
[2024-10-23 20:36:00,873] [INFO] [fps_address_scraper.py:185] Scraping https://www.fastpeoplesearch.com/address/6701-fox-rd_raleigh-nc/page/1
[2024-10-23 20:36:26,660] [INFO] [fps_address_scraper.py:26] Got successful response from https://www.fastpeoplesearch.com/address/6701-fox-rd_raleigh-nc/page/1
[2024-10-23 20:36:27,074] [INFO] [fps_address_scraper.py:91] Saved 10 entries in /home/ubuntu/scripts/result_file/output_chunk_21.xlsx
[2024-10-23 20:36:27,220] [INFO] [fps_address_scraper.py:185] Scraping https://www.fastpeoplesearch.com/address/6701-fox-rd_raleigh-nc/page/2
[2024-10-23 20:37:00,257] [INFO] [fps_address_scraper.py:26] Got successful response from https://www.fastpeoplesearch.com/address/6701-fox-rd_raleigh-nc/page/2
[2024-10-23 20:37:00,671] [INFO] [fps_address_scraper.py:91] Saved 10 entries in /home/ubuntu/scripts/result_file/output_chunk_21.xlsx
[2024-10-23 20:37:00,819] [INFO] [fps_address_scraper.py:185] Scraping https://www.fastpeoplesearch.com/address/6701-fox-rd_raleigh-nc/page/3
[2024-10-23 20:37:22,605] [INFO] [fps_address_scraper.py:26] Got successful response from https://www.fastpeoplesearch.com/address/6701-fox-rd_raleigh-nc/page/3
[2024-10-23 20:37:23,049] [INFO] [fps_address_scraper.py:91] Saved 10 entries in /home/ubuntu/scripts/result_file/output_chunk_21.xlsx
[2024-10-23 20:37:23,202] [INFO] [fps_address_scraper.py:185] Scraping https://www.fastpeoplesearch.com/address/6701-fox-rd_raleigh-nc/page/4
[2024-10-23 20:37:55,326] [INFO] [fps_address_scraper.py:26] Got successful response from https://www.fastpeoplesearch.com/address/6701-fox-rd_raleigh-nc/page/4
[2024-10-23 20:37:55,759] [INFO] [fps_address_scraper.py:91] Saved 10 entries in /home/ubuntu/scripts/result_file/output_chunk_21.xlsx
[2024-10-23 20:37:55,909] [INFO] [fps_address_scraper.py:185] Scraping https://www.fastpeoplesearch.com/address/6701-fox-rd_raleigh-nc/page/5
[2024-10-23 20:39:48,241] [INFO] [fps_address_scraper.py:26] Got successful response from https://www.fastpeoplesearch.com/address/6701-fox-rd_raleigh-nc/page/5
[2024-10-23 20:39:48,677] [INFO] [fps_address_scraper.py:91] Saved 10 entries in /home/ubuntu/scripts/result_file/output_chunk_21.xlsx
[2024-10-23 20:39:48,855] [INFO] [fps_address_scraper.py:185] Scraping https://www.fastpeoplesearch.com/address/6701-fox-rd_raleigh-nc/page/6
[2024-10-23 20:40:35,333] [INFO] [fps_address_scraper.py:26] Got successful response from https://www.fastpeoplesearch.com/address/6701-fox-rd_raleigh-nc/page/6
[2024-10-23 20:40:35,769] [INFO] [fps_address_scraper.py:91] Saved 10 entries in /home/ubuntu/scripts/result_file/output_chunk_21.xlsx
[2024-10-23 20:40:35,924] [INFO] [fps_address_scraper.py:185] Scraping https://www.fastpeoplesearch.com/address/6701-fox-rd_raleigh-nc/page/7
[2024-10-23 20:41:16,168] [INFO] [fps_address_scraper.py:26] Got successful response from https://www.fastpeoplesearch.com/address/6701-fox-rd_raleigh-nc/page/7
[2024-10-23 20:41:16,616] [INFO] [fps_address_scraper.py:91] Saved 10 entries in /home/ubuntu/scripts/result_file/output_chunk_21.xlsx
[2024-10-23 20:41:16,799] [INFO] [fps_address_scraper.py:185] Scraping https://www.fastpeoplesearch.com/address/6701-fox-rd_raleigh-nc/page/8
[2024-10-23 20:42:44,755] [INFO] [fps_address_scraper.py:26] Got successful response from https://www.fastpeoplesearch.com/address/6701-fox-rd_raleigh-nc/page/8
[2024-10-23 20:42:45,483] [INFO] [fps_address_scraper.py:91] Saved 10 entries in /home/ubuntu/scripts/result_file/output_chunk_21.xlsx
[2024-10-23 20:42:45,694] [INFO] [fps_address_scraper.py:185] Scraping https://www.fastpeoplesearch.com/address/6701-fox-rd_raleigh-nc/page/9
[2024-10-23 20:43:20,166] [INFO] [fps_address_scraper.py:26] Got successful response from https://www.fastpeoplesearch.com/address/6701-fox-rd_raleigh-nc/page/9
[2024-10-23 20:43:20,643] [INFO] [fps_address_scraper.py:91] Saved 10 entries in /home/ubuntu/scripts/result_file/output_chunk_21.xlsx
[2024-10-23 20:43:20,801] [INFO] [fps_address_scraper.py:185] Scraping https://www.fastpeoplesearch.com/address/6701-fox-rd_raleigh-nc/page/10
[2024-10-23 20:43:42,730] [INFO] [fps_address_scraper.py:26] Got successful response from https://www.fastpeoplesearch.com/address/6701-fox-rd_raleigh-nc/page/10
[2024-10-23 20:43:43,189] [INFO] [fps_address_scraper.py:91] Saved 10 entries in /home/ubuntu/scripts/result_file/output_chunk_21.xlsx
[2024-10-23 20:43:43,350] [INFO] [fps_address_scraper.py:185] Scraping https://www.fastpeoplesearch.com/address/6701-fox-rd_raleigh-nc/page/11
[2024-10-23 20:44:17,361] [INFO] [fps_address_scraper.py:26] Got successful response from https://www.fastpeoplesearch.com/address/6701-fox-rd_raleigh-nc/page/11
[2024-10-23 20:44:17,837] [INFO] [fps_address_scraper.py:91] Saved 9 entries in /home/ubuntu/scripts/result_file/output_chunk_21.xlsx
[2024-10-23 20:44:17,995] [INFO] [fps_address_scraper.py:185] Scraping https://www.fastpeoplesearch.com/address/6701-fox-rd_raleigh-nc/page/12
[2024-10-23 20:44:41,256] [INFO] [fps_address_scraper.py:26] Got successful response from https://www.fastpeoplesearch.com/address/6701-fox-rd_raleigh-nc/page/12
[2024-10-23 20:44:41,269] [INFO] [fps_address_scraper.py:216] output_chunk_21.xlsx. Scraping 13 of 98
[2024-10-23 20:44:41,269] [INFO] [fps_address_scraper.py:47] Original address: 700 Corporate Center Dr
[2024-10-23 20:44:41,269] [INFO] [fps_address_scraper.py:57] Standardized address: 700 Corporate Center Dr
[2024-10-23 20:44:41,429] [INFO] [fps_address_scraper.py:185] Scraping https://www.fastpeoplesearch.com/address/700-corporate-center-dr_raleigh-nc/page/1
[2024-10-23 20:45:25,553] [INFO] [fps_address_scraper.py:26] Got successful response from https://www.fastpeoplesearch.com/address/700-corporate-center-dr_raleigh-nc/page/1
[2024-10-23 20:45:26,024] [INFO] [fps_address_scraper.py:91] Saved 10 entries in /home/ubuntu/scripts/result_file/output_chunk_21.xlsx
[2024-10-23 20:45:26,187] [INFO] [fps_address_scraper.py:185] Scraping https://www.fastpeoplesearch.com/address/700-corporate-center-dr_raleigh-nc/page/2
[2024-10-23 20:46:00,752] [INFO] [fps_address_scraper.py:26] Got successful response from https://www.fastpeoplesearch.com/address/700-corporate-center-dr_raleigh-nc/page/2
[2024-10-23 20:46:01,208] [INFO] [fps_address_scraper.py:91] Saved 10 entries in /home/ubuntu/scripts/result_file/output_chunk_21.xlsx
[2024-10-23 20:46:01,372] [INFO] [fps_address_scraper.py:185] Scraping https://www.fastpeoplesearch.com/address/700-corporate-center-dr_raleigh-nc/page/3
[2024-10-23 20:46:41,958] [INFO] [fps_address_scraper.py:26] Got successful response from https://www.fastpeoplesearch.com/address/700-corporate-center-dr_raleigh-nc/page/3
[2024-10-23 20:46:42,441] [INFO] [fps_address_scraper.py:91] Saved 10 entries in /home/ubuntu/scripts/result_file/output_chunk_21.xlsx
[2024-10-23 20:46:42,607] [INFO] [fps_address_scraper.py:185] Scraping https://www.fastpeoplesearch.com/address/700-corporate-center-dr_raleigh-nc/page/4
[2024-10-23 20:47:34,629] [INFO] [fps_address_scraper.py:26] Got successful response from https://www.fastpeoplesearch.com/address/700-corporate-center-dr_raleigh-nc/page/4
[2024-10-23 20:47:35,095] [INFO] [fps_address_scraper.py:91] Saved 10 entries in /home/ubuntu/scripts/result_file/output_chunk_21.xlsx
[2024-10-23 20:47:35,285] [INFO] [fps_address_scraper.py:185] Scraping https://www.fastpeoplesearch.com/address/700-corporate-center-dr_raleigh-nc/page/5
[2024-10-23 20:47:56,518] [INFO] [fps_address_scraper.py:26] Got successful response from https://www.fastpeoplesearch.com/address/700-corporate-center-dr_raleigh-nc/page/5
[2024-10-23 20:47:56,979] [INFO] [fps_address_scraper.py:91] Saved 10 entries in /home/ubuntu/scripts/result_file/output_chunk_21.xlsx
[2024-10-23 20:47:57,145] [INFO] [fps_address_scraper.py:185] Scraping https://www.fastpeoplesearch.com/address/700-corporate-center-dr_raleigh-nc/page/6
[2024-10-23 20:48:34,755] [INFO] [fps_address_scraper.py:26] Got successful response from https://www.fastpeoplesearch.com/address/700-corporate-center-dr_raleigh-nc/page/6
[2024-10-23 20:48:35,252] [INFO] [fps_address_scraper.py:91] Saved 10 entries in /home/ubuntu/scripts/result_file/output_chunk_21.xlsx
[2024-10-23 20:48:35,421] [INFO] [fps_address_scraper.py:185] Scraping https://www.fastpeoplesearch.com/address/700-corporate-center-dr_raleigh-nc/page/7
[2024-10-23 20:48:56,726] [INFO] [fps_address_scraper.py:26] Got successful response from https://www.fastpeoplesearch.com/address/700-corporate-center-dr_raleigh-nc/page/7
[2024-10-23 20:48:57,197] [INFO] [fps_address_scraper.py:91] Saved 10 entries in /home/ubuntu/scripts/result_file/output_chunk_21.xlsx
[2024-10-23 20:48:57,399] [INFO] [fps_address_scraper.py:185] Scraping https://www.fastpeoplesearch.com/address/700-corporate-center-dr_raleigh-nc/page/8
[2024-10-23 20:49:50,009] [INFO] [fps_address_scraper.py:26] Got successful response from https://www.fastpeoplesearch.com/address/700-corporate-center-dr_raleigh-nc/page/8
[2024-10-23 20:49:50,493] [INFO] [fps_address_scraper.py:91] Saved 10 entries in /home/ubuntu/scripts/result_file/output_chunk_21.xlsx
[2024-10-23 20:49:50,665] [INFO] [fps_address_scraper.py:185] Scraping https://www.fastpeoplesearch.com/address/700-corporate-center-dr_raleigh-nc/page/9
[2024-10-23 20:50:14,766] [INFO] [fps_address_scraper.py:26] Got successful response from https://www.fastpeoplesearch.com/address/700-corporate-center-dr_raleigh-nc/page/9
[2024-10-23 20:50:15,269] [INFO] [fps_address_scraper.py:91] Saved 10 entries in /home/ubuntu/scripts/result_file/output_chunk_21.xlsx
[2024-10-23 20:50:15,441] [INFO] [fps_address_scraper.py:185] Scraping https://www.fastpeoplesearch.com/address/700-corporate-center-dr_raleigh-nc/page/10
[2024-10-23 20:51:06,896] [INFO] [fps_address_scraper.py:26] Got successful response from https://www.fastpeoplesearch.com/address/700-corporate-center-dr_raleigh-nc/page/10
[2024-10-23 20:51:07,384] [INFO] [fps_address_scraper.py:91] Saved 10 entries in /home/ubuntu/scripts/result_file/output_chunk_21.xlsx
[2024-10-23 20:51:07,585] [INFO] [fps_address_scraper.py:185] Scraping https://www.fastpeoplesearch.com/address/700-corporate-center-dr_raleigh-nc/page/11
[2024-10-23 20:51:25,533] [INFO] [fps_address_scraper.py:26] Got successful response from https://www.fastpeoplesearch.com/address/700-corporate-center-dr_raleigh-nc/page/11
[2024-10-23 20:51:26,033] [INFO] [fps_address_scraper.py:91] Saved 5 entries in /home/ubuntu/scripts/result_file/output_chunk_21.xlsx
[2024-10-23 20:51:26,213] [INFO] [fps_address_scraper.py:185] Scraping https://www.fastpeoplesearch.com/address/700-corporate-center-dr_raleigh-nc/page/12
[2024-10-23 20:52:07,584] [INFO] [fps_address_scraper.py:26] Got successful response from https://www.fastpeoplesearch.com/address/700-corporate-center-dr_raleigh-nc/page/12
[2024-10-23 20:52:07,596] [INFO] [fps_address_scraper.py:216] output_chunk_21.xlsx. Scraping 14 of 98
[2024-10-23 20:52:07,597] [INFO] [fps_address_scraper.py:47] Original address: 707 Sycamore Centre Dr
[2024-10-23 20:52:07,597] [INFO] [fps_address_scraper.py:57] Standardized address: 707 Sycamore Centre Dr
[2024-10-23 20:52:07,800] [INFO] [fps_address_scraper.py:185] Scraping https://www.fastpeoplesearch.com/address/707-sycamore-centre-dr_charlotte-nc/page/1
[2024-10-23 20:52:59,662] [INFO] [fps_address_scraper.py:26] Got successful response from https://www.fastpeoplesearch.com/address/707-sycamore-centre-dr_charlotte-nc/page/1
[2024-10-23 20:53:00,146] [INFO] [fps_address_scraper.py:91] Saved 10 entries in /home/ubuntu/scripts/result_file/output_chunk_21.xlsx
[2024-10-23 20:53:00,369] [INFO] [fps_address_scraper.py:185] Scraping https://www.fastpeoplesearch.com/address/707-sycamore-centre-dr_charlotte-nc/page/2
[2024-10-23 20:53:24,135] [INFO] [fps_address_scraper.py:26] Got successful response from https://www.fastpeoplesearch.com/address/707-sycamore-centre-dr_charlotte-nc/page/2
[2024-10-23 20:53:24,651] [INFO] [fps_address_scraper.py:91] Saved 4 entries in /home/ubuntu/scripts/result_file/output_chunk_21.xlsx
[2024-10-23 20:53:24,831] [INFO] [fps_address_scraper.py:185] Scraping https://www.fastpeoplesearch.com/address/707-sycamore-centre-dr_charlotte-nc/page/3
[2024-10-23 20:53:47,633] [INFO] [fps_address_scraper.py:26] Got successful response from https://www.fastpeoplesearch.com/address/707-sycamore-centre-dr_charlotte-nc/page/3
[2024-10-23 20:53:47,645] [INFO] [fps_address_scraper.py:216] output_chunk_21.xlsx. Scraping 15 of 98
[2024-10-23 20:53:47,646] [INFO] [fps_address_scraper.py:47] Original address: 711 E Morehead St
[2024-10-23 20:53:47,646] [INFO] [fps_address_scraper.py:57] Standardized address: 711 E Morehead St
[2024-10-23 20:53:47,824] [INFO] [fps_address_scraper.py:185] Scraping https://www.fastpeoplesearch.com/address/711-e-morehead-st_charlotte-nc/page/1
[2024-10-23 20:54:13,113] [INFO] [fps_address_scraper.py:26] Got successful response from https://www.fastpeoplesearch.com/address/711-e-morehead-st_charlotte-nc/page/1
[2024-10-23 20:54:13,639] [INFO] [fps_address_scraper.py:91] Saved 10 entries in /home/ubuntu/scripts/result_file/output_chunk_21.xlsx
[2024-10-23 20:54:13,817] [INFO] [fps_address_scraper.py:185] Scraping https://www.fastpeoplesearch.com/address/711-e-morehead-st_charlotte-nc/page/2
[2024-10-23 20:54:44,329] [INFO] [fps_address_scraper.py:26] Got successful response from https://www.fastpeoplesearch.com/address/711-e-morehead-st_charlotte-nc/page/2
[2024-10-23 20:54:44,824] [INFO] [fps_address_scraper.py:91] Saved 10 entries in /home/ubuntu/scripts/result_file/output_chunk_21.xlsx
[2024-10-23 20:54:45,033] [INFO] [fps_address_scraper.py:185] Scraping https://www.fastpeoplesearch.com/address/711-e-morehead-st_charlotte-nc/page/3
[2024-10-23 20:55:11,710] [INFO] [fps_address_scraper.py:26] Got successful response from https://www.fastpeoplesearch.com/address/711-e-morehead-st_charlotte-nc/page/3
[2024-10-23 20:55:12,204] [INFO] [fps_address_scraper.py:91] Saved 10 entries in /home/ubuntu/scripts/result_file/output_chunk_21.xlsx
[2024-10-23 20:55:12,412] [INFO] [fps_address_scraper.py:185] Scraping https://www.fastpeoplesearch.com/address/711-e-morehead-st_charlotte-nc/page/4
[2024-10-23 20:55:44,154] [INFO] [fps_address_scraper.py:26] Got successful response from https://www.fastpeoplesearch.com/address/711-e-morehead-st_charlotte-nc/page/4
[2024-10-23 20:55:44,653] [INFO] [fps_address_scraper.py:91] Saved 10 entries in /home/ubuntu/scripts/result_file/output_chunk_21.xlsx
[2024-10-23 20:55:44,832] [INFO] [fps_address_scraper.py:185] Scraping https://www.fastpeoplesearch.com/address/711-e-morehead-st_charlotte-nc/page/5
[2024-10-23 20:56:18,047] [INFO] [fps_address_scraper.py:26] Got successful response from https://www.fastpeoplesearch.com/address/711-e-morehead-st_charlotte-nc/page/5
[2024-10-23 20:56:18,580] [INFO] [fps_address_scraper.py:91] Saved 10 entries in /home/ubuntu/scripts/result_file/output_chunk_21.xlsx
[2024-10-23 20:56:18,763] [INFO] [fps_address_scraper.py:185] Scraping https://www.fastpeoplesearch.com/address/711-e-morehead-st_charlotte-nc/page/6
[2024-10-23 20:56:40,489] [INFO] [fps_address_scraper.py:26] Got successful response from https://www.fastpeoplesearch.com/address/711-e-morehead-st_charlotte-nc/page/6
[2024-10-23 20:56:41,036] [INFO] [fps_address_scraper.py:91] Saved 10 entries in /home/ubuntu/scripts/result_file/output_chunk_21.xlsx
[2024-10-23 20:56:41,266] [INFO] [fps_address_scraper.py:185] Scraping https://www.fastpeoplesearch.com/address/711-e-morehead-st_charlotte-nc/page/7
[2024-10-23 20:57:08,036] [INFO] [fps_address_scraper.py:26] Got successful response from https://www.fastpeoplesearch.com/address/711-e-morehead-st_charlotte-nc/page/7
[2024-10-23 20:57:08,548] [INFO] [fps_address_scraper.py:91] Saved 10 entries in /home/ubuntu/scripts/result_file/output_chunk_21.xlsx
[2024-10-23 20:57:08,757] [INFO] [fps_address_scraper.py:185] Scraping https://www.fastpeoplesearch.com/address/711-e-morehead-st_charlotte-nc/page/8
[2024-10-23 20:58:05,218] [INFO] [fps_address_scraper.py:26] Got successful response from https://www.fastpeoplesearch.com/address/711-e-morehead-st_charlotte-nc/page/8
[2024-10-23 20:58:05,729] [INFO] [fps_address_scraper.py:91] Saved 10 entries in /home/ubuntu/scripts/result_file/output_chunk_21.xlsx
[2024-10-23 20:58:05,927] [INFO] [fps_address_scraper.py:185] Scraping https://www.fastpeoplesearch.com/address/711-e-morehead-st_charlotte-nc/page/9
[2024-10-23 20:58:30,267] [INFO] [fps_address_scraper.py:26] Got successful response from https://www.fastpeoplesearch.com/address/711-e-morehead-st_charlotte-nc/page/9
[2024-10-23 20:58:31,463] [INFO] [fps_address_scraper.py:91] Saved 10 entries in /home/ubuntu/scripts/result_file/output_chunk_21.xlsx
[2024-10-23 20:58:31,799] [INFO] [fps_address_scraper.py:185] Scraping https://www.fastpeoplesearch.com/address/711-e-morehead-st_charlotte-nc/page/10
[2024-10-23 20:59:24,026] [INFO] [fps_address_scraper.py:26] Got successful response from https://www.fastpeoplesearch.com/address/711-e-morehead-st_charlotte-nc/page/10
[2024-10-23 20:59:24,580] [INFO] [fps_address_scraper.py:91] Saved 10 entries in /home/ubuntu/scripts/result_file/output_chunk_21.xlsx
[2024-10-23 20:59:24,772] [INFO] [fps_address_scraper.py:185] Scraping https://www.fastpeoplesearch.com/address/711-e-morehead-st_charlotte-nc/page/11
[2024-10-23 20:59:56,180] [INFO] [fps_address_scraper.py:26] Got successful response from https://www.fastpeoplesearch.com/address/711-e-morehead-st_charlotte-nc/page/11
[2024-10-23 20:59:56,807] [INFO] [fps_address_scraper.py:91] Saved 10 entries in /home/ubuntu/scripts/result_file/output_chunk_21.xlsx
[2024-10-23 20:59:57,079] [INFO] [fps_address_scraper.py:185] Scraping https://www.fastpeoplesearch.com/address/711-e-morehead-st_charlotte-nc/page/12
[2024-10-23 21:00:18,858] [INFO] [fps_address_scraper.py:26] Got successful response from https://www.fastpeoplesearch.com/address/711-e-morehead-st_charlotte-nc/page/12
[2024-10-23 21:00:18,872] [INFO] [fps_address_scraper.py:216] output_chunk_21.xlsx. Scraping 16 of 98
[2024-10-23 21:00:18,872] [INFO] [fps_address_scraper.py:47] Original address: 7111 Rock Fish Ln SE
[2024-10-23 21:00:18,872] [INFO] [fps_address_scraper.py:57] Standardized address: 7111 Rock Fish Ln SE
[2024-10-23 21:00:19,064] [INFO] [fps_address_scraper.py:185] Scraping https://www.fastpeoplesearch.com/address/7111-rock-fish-ln-se_leland-nc/page/1
