[2024-10-23 18:58:34,378] [INFO] [fps_address_scraper.py:216] output_chunk_9.xlsx. Scraping 83 of 98
[2024-10-23 18:58:34,379] [INFO] [fps_address_scraper.py:47] Original address: 4711 E Riverside Dr
[2024-10-23 18:58:34,379] [INFO] [fps_address_scraper.py:57] Standardized address: 4711 E Riverside Dr
[2024-10-23 18:58:35,963] [INFO] [fps_address_scraper.py:182] Skipping https://www.fastpeoplesearch.com/address/4711-e-riverside-dr_austin-tx/page/1 because already scraped.
[2024-10-23 18:58:37,414] [INFO] [fps_address_scraper.py:182] Skipping https://www.fastpeoplesearch.com/address/4711-e-riverside-dr_austin-tx/page/2 because already scraped.
[2024-10-23 18:58:38,935] [INFO] [fps_address_scraper.py:182] Skipping https://www.fastpeoplesearch.com/address/4711-e-riverside-dr_austin-tx/page/3 because already scraped.
[2024-10-23 18:58:40,417] [INFO] [fps_address_scraper.py:182] Skipping https://www.fastpeoplesearch.com/address/4711-e-riverside-dr_austin-tx/page/4 because already scraped.
[2024-10-23 18:58:42,031] [INFO] [fps_address_scraper.py:182] Skipping https://www.fastpeoplesearch.com/address/4711-e-riverside-dr_austin-tx/page/5 because already scraped.
[2024-10-23 18:58:43,352] [INFO] [fps_address_scraper.py:182] Skipping https://www.fastpeoplesearch.com/address/4711-e-riverside-dr_austin-tx/page/6 because already scraped.
[2024-10-23 18:58:44,685] [INFO] [fps_address_scraper.py:182] Skipping https://www.fastpeoplesearch.com/address/4711-e-riverside-dr_austin-tx/page/7 because already scraped.
[2024-10-23 18:58:45,644] [INFO] [fps_address_scraper.py:182] Skipping https://www.fastpeoplesearch.com/address/4711-e-riverside-dr_austin-tx/page/8 because already scraped.
[2024-10-23 18:58:46,594] [INFO] [fps_address_scraper.py:182] Skipping https://www.fastpeoplesearch.com/address/4711-e-riverside-dr_austin-tx/page/9 because already scraped.
[2024-10-23 18:58:47,565] [INFO] [fps_address_scraper.py:182] Skipping https://www.fastpeoplesearch.com/address/4711-e-riverside-dr_austin-tx/page/10 because already scraped.
[2024-10-23 18:58:48,508] [INFO] [fps_address_scraper.py:182] Skipping https://www.fastpeoplesearch.com/address/4711-e-riverside-dr_austin-tx/page/11 because already scraped.
[2024-10-23 18:58:49,478] [INFO] [fps_address_scraper.py:185] Scraping https://www.fastpeoplesearch.com/address/4711-e-riverside-dr_austin-tx/page/12
[2024-10-23 19:01:39,693] [INFO] [fps_address_scraper.py:216] output_chunk_9.xlsx. Scraping 83 of 98
[2024-10-23 19:01:39,694] [INFO] [fps_address_scraper.py:47] Original address: 4711 E Riverside Dr
[2024-10-23 19:01:39,695] [INFO] [fps_address_scraper.py:57] Standardized address: 4711 E Riverside Dr
[2024-10-23 19:01:41,288] [INFO] [fps_address_scraper.py:182] Skipping https://www.fastpeoplesearch.com/address/4711-e-riverside-dr_austin-tx/page/1 because already scraped.
[2024-10-23 19:01:42,636] [INFO] [fps_address_scraper.py:182] Skipping https://www.fastpeoplesearch.com/address/4711-e-riverside-dr_austin-tx/page/2 because already scraped.
[2024-10-23 19:01:44,123] [INFO] [fps_address_scraper.py:182] Skipping https://www.fastpeoplesearch.com/address/4711-e-riverside-dr_austin-tx/page/3 because already scraped.
[2024-10-23 19:01:45,559] [INFO] [fps_address_scraper.py:182] Skipping https://www.fastpeoplesearch.com/address/4711-e-riverside-dr_austin-tx/page/4 because already scraped.
[2024-10-23 19:01:47,221] [INFO] [fps_address_scraper.py:182] Skipping https://www.fastpeoplesearch.com/address/4711-e-riverside-dr_austin-tx/page/5 because already scraped.
[2024-10-23 19:01:48,743] [INFO] [fps_address_scraper.py:182] Skipping https://www.fastpeoplesearch.com/address/4711-e-riverside-dr_austin-tx/page/6 because already scraped.
[2024-10-23 19:01:50,088] [INFO] [fps_address_scraper.py:182] Skipping https://www.fastpeoplesearch.com/address/4711-e-riverside-dr_austin-tx/page/7 because already scraped.
[2024-10-23 19:01:51,132] [INFO] [fps_address_scraper.py:182] Skipping https://www.fastpeoplesearch.com/address/4711-e-riverside-dr_austin-tx/page/8 because already scraped.
[2024-10-23 19:01:52,084] [INFO] [fps_address_scraper.py:182] Skipping https://www.fastpeoplesearch.com/address/4711-e-riverside-dr_austin-tx/page/9 because already scraped.
[2024-10-23 19:01:53,055] [INFO] [fps_address_scraper.py:182] Skipping https://www.fastpeoplesearch.com/address/4711-e-riverside-dr_austin-tx/page/10 because already scraped.
[2024-10-23 19:01:54,111] [INFO] [fps_address_scraper.py:182] Skipping https://www.fastpeoplesearch.com/address/4711-e-riverside-dr_austin-tx/page/11 because already scraped.
[2024-10-23 19:01:55,058] [INFO] [fps_address_scraper.py:185] Scraping https://www.fastpeoplesearch.com/address/4711-e-riverside-dr_austin-tx/page/12
[2024-10-23 19:03:36,997] [INFO] [fps_address_scraper.py:26] Got successful response from https://www.fastpeoplesearch.com/address/4711-e-riverside-dr_austin-tx/page/12
[2024-10-23 19:03:37,011] [INFO] [fps_address_scraper.py:216] output_chunk_9.xlsx. Scraping 84 of 98
[2024-10-23 19:03:37,011] [INFO] [fps_address_scraper.py:47] Original address: 4718 Hallmark Dr
[2024-10-23 19:03:37,011] [INFO] [fps_address_scraper.py:57] Standardized address: 4718 Hallmark Dr
[2024-10-23 19:03:37,967] [INFO] [fps_address_scraper.py:182] Skipping https://www.fastpeoplesearch.com/address/4718-hallmark-dr_houston-tx/page/1 because already scraped.
[2024-10-23 19:03:38,894] [INFO] [fps_address_scraper.py:182] Skipping https://www.fastpeoplesearch.com/address/4718-hallmark-dr_houston-tx/page/2 because already scraped.
[2024-10-23 19:03:39,857] [INFO] [fps_address_scraper.py:182] Skipping https://www.fastpeoplesearch.com/address/4718-hallmark-dr_houston-tx/page/3 because already scraped.
[2024-10-23 19:03:40,803] [INFO] [fps_address_scraper.py:182] Skipping https://www.fastpeoplesearch.com/address/4718-hallmark-dr_houston-tx/page/4 because already scraped.
[2024-10-23 19:03:41,719] [INFO] [fps_address_scraper.py:182] Skipping https://www.fastpeoplesearch.com/address/4718-hallmark-dr_houston-tx/page/5 because already scraped.
[2024-10-23 19:03:42,677] [INFO] [fps_address_scraper.py:182] Skipping https://www.fastpeoplesearch.com/address/4718-hallmark-dr_houston-tx/page/6 because already scraped.
[2024-10-23 19:03:43,627] [INFO] [fps_address_scraper.py:182] Skipping https://www.fastpeoplesearch.com/address/4718-hallmark-dr_houston-tx/page/7 because already scraped.
[2024-10-23 19:03:44,554] [INFO] [fps_address_scraper.py:182] Skipping https://www.fastpeoplesearch.com/address/4718-hallmark-dr_houston-tx/page/8 because already scraped.
[2024-10-23 19:03:45,504] [INFO] [fps_address_scraper.py:182] Skipping https://www.fastpeoplesearch.com/address/4718-hallmark-dr_houston-tx/page/9 because already scraped.
[2024-10-23 19:03:46,452] [INFO] [fps_address_scraper.py:182] Skipping https://www.fastpeoplesearch.com/address/4718-hallmark-dr_houston-tx/page/10 because already scraped.
[2024-10-23 19:03:47,399] [INFO] [fps_address_scraper.py:182] Skipping https://www.fastpeoplesearch.com/address/4718-hallmark-dr_houston-tx/page/11 because already scraped.
[2024-10-23 19:03:48,327] [INFO] [fps_address_scraper.py:185] Scraping https://www.fastpeoplesearch.com/address/4718-hallmark-dr_houston-tx/page/12
[2024-10-23 19:04:09,057] [INFO] [fps_address_scraper.py:26] Got successful response from https://www.fastpeoplesearch.com/address/4718-hallmark-dr_houston-tx/page/12
[2024-10-23 19:04:09,071] [INFO] [fps_address_scraper.py:216] output_chunk_9.xlsx. Scraping 85 of 98
[2024-10-23 19:04:09,071] [INFO] [fps_address_scraper.py:47] Original address: 4719 Cole Avenue
[2024-10-23 19:04:09,071] [INFO] [fps_address_scraper.py:52] Replacing 'Avenue' with 'ave'
[2024-10-23 19:04:09,071] [INFO] [fps_address_scraper.py:57] Standardized address: 4719 Cole ave
[2024-10-23 19:04:10,023] [INFO] [fps_address_scraper.py:182] Skipping https://www.fastpeoplesearch.com/address/4719-cole-ave_dallas-tx/page/1 because already scraped.
[2024-10-23 19:04:10,973] [INFO] [fps_address_scraper.py:182] Skipping https://www.fastpeoplesearch.com/address/4719-cole-ave_dallas-tx/page/2 because already scraped.
[2024-10-23 19:04:11,889] [INFO] [fps_address_scraper.py:182] Skipping https://www.fastpeoplesearch.com/address/4719-cole-ave_dallas-tx/page/3 because already scraped.
[2024-10-23 19:04:12,827] [INFO] [fps_address_scraper.py:182] Skipping https://www.fastpeoplesearch.com/address/4719-cole-ave_dallas-tx/page/4 because already scraped.
[2024-10-23 19:04:13,780] [INFO] [fps_address_scraper.py:182] Skipping https://www.fastpeoplesearch.com/address/4719-cole-ave_dallas-tx/page/5 because already scraped.
[2024-10-23 19:04:14,711] [INFO] [fps_address_scraper.py:182] Skipping https://www.fastpeoplesearch.com/address/4719-cole-ave_dallas-tx/page/6 because already scraped.
[2024-10-23 19:04:15,655] [INFO] [fps_address_scraper.py:182] Skipping https://www.fastpeoplesearch.com/address/4719-cole-ave_dallas-tx/page/7 because already scraped.
[2024-10-23 19:04:16,604] [INFO] [fps_address_scraper.py:182] Skipping https://www.fastpeoplesearch.com/address/4719-cole-ave_dallas-tx/page/8 because already scraped.
[2024-10-23 19:04:17,525] [INFO] [fps_address_scraper.py:182] Skipping https://www.fastpeoplesearch.com/address/4719-cole-ave_dallas-tx/page/9 because already scraped.
[2024-10-23 19:04:18,489] [INFO] [fps_address_scraper.py:182] Skipping https://www.fastpeoplesearch.com/address/4719-cole-ave_dallas-tx/page/10 because already scraped.
[2024-10-23 19:04:19,459] [INFO] [fps_address_scraper.py:182] Skipping https://www.fastpeoplesearch.com/address/4719-cole-ave_dallas-tx/page/11 because already scraped.
[2024-10-23 19:04:20,393] [INFO] [fps_address_scraper.py:185] Scraping https://www.fastpeoplesearch.com/address/4719-cole-ave_dallas-tx/page/12
