[2024-10-22 14:49:21,274] [INFO] [fps_address_scraper.py:47] Original address: 1710 N Beckley Ave
[2024-10-22 14:49:21,274] [INFO] [fps_address_scraper.py:57] Standardized address: 1710 N Beckley Ave
[2024-10-22 14:49:21,315] [INFO] [fps_address_scraper.py:183] Skipping https://www.fastpeoplesearch.com/address/1710-n-beckley-ave_dallas-tx/page/1 because already scraped.
[2024-10-22 14:49:21,377] [INFO] [fps_address_scraper.py:183] Skipping https://www.fastpeoplesearch.com/address/1710-n-beckley-ave_dallas-tx/page/2 because already scraped.
[2024-10-22 14:49:21,417] [INFO] [fps_address_scraper.py:186] Scraping https://www.fastpeoplesearch.com/address/1710-n-beckley-ave_dallas-tx/page/3
[2024-10-22 14:49:43,513] [INFO] [fps_address_scraper.py:26] Got successful response from https://www.fastpeoplesearch.com/address/1710-n-beckley-ave_dallas-tx/page/3
[2024-10-22 14:49:43,615] [INFO] [fps_address_scraper.py:91] Saved 10 entries in /home/ubuntu/scripts/result_file/output_chunk_4.xlsx
[2024-10-22 14:49:43,626] [INFO] [fps_address_scraper.py:186] Scraping https://www.fastpeoplesearch.com/address/1710-n-beckley-ave_dallas-tx/page/4
[2024-10-22 14:50:05,389] [INFO] [fps_address_scraper.py:26] Got successful response from https://www.fastpeoplesearch.com/address/1710-n-beckley-ave_dallas-tx/page/4
[2024-10-22 14:50:05,491] [INFO] [fps_address_scraper.py:91] Saved 10 entries in /home/ubuntu/scripts/result_file/output_chunk_4.xlsx
[2024-10-22 14:50:05,502] [INFO] [fps_address_scraper.py:186] Scraping https://www.fastpeoplesearch.com/address/1710-n-beckley-ave_dallas-tx/page/5
[2024-10-22 14:50:59,100] [INFO] [fps_address_scraper.py:26] Got successful response from https://www.fastpeoplesearch.com/address/1710-n-beckley-ave_dallas-tx/page/5
[2024-10-22 14:50:59,211] [INFO] [fps_address_scraper.py:91] Saved 10 entries in /home/ubuntu/scripts/result_file/output_chunk_4.xlsx
[2024-10-22 14:50:59,223] [INFO] [fps_address_scraper.py:186] Scraping https://www.fastpeoplesearch.com/address/1710-n-beckley-ave_dallas-tx/page/6
[2024-10-22 14:52:00,946] [INFO] [fps_address_scraper.py:26] Got successful response from https://www.fastpeoplesearch.com/address/1710-n-beckley-ave_dallas-tx/page/6
[2024-10-22 14:52:01,079] [INFO] [fps_address_scraper.py:91] Saved 10 entries in /home/ubuntu/scripts/result_file/output_chunk_4.xlsx
[2024-10-22 14:52:01,094] [INFO] [fps_address_scraper.py:186] Scraping https://www.fastpeoplesearch.com/address/1710-n-beckley-ave_dallas-tx/page/7
[2024-10-22 14:52:22,600] [INFO] [fps_address_scraper.py:26] Got successful response from https://www.fastpeoplesearch.com/address/1710-n-beckley-ave_dallas-tx/page/7
[2024-10-22 14:52:22,707] [INFO] [fps_address_scraper.py:91] Saved 10 entries in /home/ubuntu/scripts/result_file/output_chunk_4.xlsx
[2024-10-22 14:52:22,723] [INFO] [fps_address_scraper.py:186] Scraping https://www.fastpeoplesearch.com/address/1710-n-beckley-ave_dallas-tx/page/8
[2024-10-22 14:52:43,821] [INFO] [fps_address_scraper.py:26] Got successful response from https://www.fastpeoplesearch.com/address/1710-n-beckley-ave_dallas-tx/page/8
[2024-10-22 14:52:43,935] [INFO] [fps_address_scraper.py:91] Saved 10 entries in /home/ubuntu/scripts/result_file/output_chunk_4.xlsx
[2024-10-22 14:52:43,952] [INFO] [fps_address_scraper.py:186] Scraping https://www.fastpeoplesearch.com/address/1710-n-beckley-ave_dallas-tx/page/9
[2024-10-22 14:53:49,117] [ERROR] [fps_address_scraper.py:24] Could not get successful response. Status code 500. {"status":"Failed to get successful response from website. Please retry the request."}
[2024-10-22 14:53:49,117] [WARNING] [api.py:40] Request failed. Status code 500, retrying in 1 seconds...
[2024-10-22 14:54:13,603] [INFO] [fps_address_scraper.py:26] Got successful response from https://www.fastpeoplesearch.com/address/1710-n-beckley-ave_dallas-tx/page/9
[2024-10-22 14:54:13,723] [INFO] [fps_address_scraper.py:91] Saved 10 entries in /home/ubuntu/scripts/result_file/output_chunk_4.xlsx
[2024-10-22 14:54:13,742] [INFO] [fps_address_scraper.py:186] Scraping https://www.fastpeoplesearch.com/address/1710-n-beckley-ave_dallas-tx/page/10
[2024-10-22 14:55:19,246] [INFO] [fps_address_scraper.py:26] Got successful response from https://www.fastpeoplesearch.com/address/1710-n-beckley-ave_dallas-tx/page/10
[2024-10-22 14:55:19,406] [INFO] [fps_address_scraper.py:91] Saved 10 entries in /home/ubuntu/scripts/result_file/output_chunk_4.xlsx
[2024-10-22 14:55:19,425] [INFO] [fps_address_scraper.py:186] Scraping https://www.fastpeoplesearch.com/address/1710-n-beckley-ave_dallas-tx/page/11
[2024-10-22 14:55:51,805] [INFO] [fps_address_scraper.py:26] Got successful response from https://www.fastpeoplesearch.com/address/1710-n-beckley-ave_dallas-tx/page/11
[2024-10-22 14:55:51,921] [INFO] [fps_address_scraper.py:91] Saved 8 entries in /home/ubuntu/scripts/result_file/output_chunk_4.xlsx
[2024-10-22 14:55:51,941] [INFO] [fps_address_scraper.py:186] Scraping https://www.fastpeoplesearch.com/address/1710-n-beckley-ave_dallas-tx/page/12
[2024-10-22 14:56:12,925] [INFO] [fps_address_scraper.py:26] Got successful response from https://www.fastpeoplesearch.com/address/1710-n-beckley-ave_dallas-tx/page/12
[2024-10-22 14:56:12,942] [INFO] [fps_address_scraper.py:47] Original address: 17116 Harpers Trace
[2024-10-22 14:56:12,943] [INFO] [fps_address_scraper.py:57] Standardized address: 17116 Harpers Trace
[2024-10-22 14:56:12,963] [INFO] [fps_address_scraper.py:186] Scraping https://www.fastpeoplesearch.com/address/17116-harpers-trace_conroe-tx/page/1
[2024-10-22 14:56:41,495] [INFO] [fps_address_scraper.py:26] Got successful response from https://www.fastpeoplesearch.com/address/17116-harpers-trace_conroe-tx/page/1
[2024-10-22 14:56:41,628] [INFO] [fps_address_scraper.py:91] Saved 10 entries in /home/ubuntu/scripts/result_file/output_chunk_4.xlsx
[2024-10-22 14:56:41,648] [INFO] [fps_address_scraper.py:186] Scraping https://www.fastpeoplesearch.com/address/17116-harpers-trace_conroe-tx/page/2
[2024-10-22 14:57:02,246] [INFO] [fps_address_scraper.py:26] Got successful response from https://www.fastpeoplesearch.com/address/17116-harpers-trace_conroe-tx/page/2
[2024-10-22 14:57:02,359] [INFO] [fps_address_scraper.py:91] Saved 10 entries in /home/ubuntu/scripts/result_file/output_chunk_4.xlsx
[2024-10-22 14:57:02,382] [INFO] [fps_address_scraper.py:186] Scraping https://www.fastpeoplesearch.com/address/17116-harpers-trace_conroe-tx/page/3
[2024-10-22 14:57:57,172] [INFO] [fps_address_scraper.py:26] Got successful response from https://www.fastpeoplesearch.com/address/17116-harpers-trace_conroe-tx/page/3
[2024-10-22 14:57:57,338] [INFO] [fps_address_scraper.py:91] Saved 10 entries in /home/ubuntu/scripts/result_file/output_chunk_4.xlsx
[2024-10-22 14:57:57,363] [INFO] [fps_address_scraper.py:186] Scraping https://www.fastpeoplesearch.com/address/17116-harpers-trace_conroe-tx/page/4
[2024-10-22 14:58:54,562] [INFO] [fps_address_scraper.py:26] Got successful response from https://www.fastpeoplesearch.com/address/17116-harpers-trace_conroe-tx/page/4
[2024-10-22 14:58:54,696] [INFO] [fps_address_scraper.py:91] Saved 10 entries in /home/ubuntu/scripts/result_file/output_chunk_4.xlsx
[2024-10-22 14:58:54,722] [INFO] [fps_address_scraper.py:186] Scraping https://www.fastpeoplesearch.com/address/17116-harpers-trace_conroe-tx/page/5
[2024-10-22 14:59:16,604] [INFO] [fps_address_scraper.py:26] Got successful response from https://www.fastpeoplesearch.com/address/17116-harpers-trace_conroe-tx/page/5
[2024-10-22 14:59:16,730] [INFO] [fps_address_scraper.py:91] Saved 10 entries in /home/ubuntu/scripts/result_file/output_chunk_4.xlsx
[2024-10-22 14:59:16,758] [INFO] [fps_address_scraper.py:186] Scraping https://www.fastpeoplesearch.com/address/17116-harpers-trace_conroe-tx/page/6
[2024-10-22 15:00:14,855] [INFO] [fps_address_scraper.py:26] Got successful response from https://www.fastpeoplesearch.com/address/17116-harpers-trace_conroe-tx/page/6
[2024-10-22 15:00:15,026] [INFO] [fps_address_scraper.py:91] Saved 10 entries in /home/ubuntu/scripts/result_file/output_chunk_4.xlsx
[2024-10-22 15:00:15,055] [INFO] [fps_address_scraper.py:186] Scraping https://www.fastpeoplesearch.com/address/17116-harpers-trace_conroe-tx/page/7
[2024-10-22 15:00:39,389] [INFO] [fps_address_scraper.py:26] Got successful response from https://www.fastpeoplesearch.com/address/17116-harpers-trace_conroe-tx/page/7
[2024-10-22 15:00:39,531] [INFO] [fps_address_scraper.py:91] Saved 10 entries in /home/ubuntu/scripts/result_file/output_chunk_4.xlsx
[2024-10-22 15:00:39,562] [INFO] [fps_address_scraper.py:186] Scraping https://www.fastpeoplesearch.com/address/17116-harpers-trace_conroe-tx/page/8
[2024-10-22 15:01:32,135] [INFO] [fps_address_scraper.py:26] Got successful response from https://www.fastpeoplesearch.com/address/17116-harpers-trace_conroe-tx/page/8
[2024-10-22 15:01:32,282] [INFO] [fps_address_scraper.py:91] Saved 10 entries in /home/ubuntu/scripts/result_file/output_chunk_4.xlsx
[2024-10-22 15:01:32,314] [INFO] [fps_address_scraper.py:186] Scraping https://www.fastpeoplesearch.com/address/17116-harpers-trace_conroe-tx/page/9
[2024-10-22 15:01:54,597] [INFO] [fps_address_scraper.py:26] Got successful response from https://www.fastpeoplesearch.com/address/17116-harpers-trace_conroe-tx/page/9
[2024-10-22 15:01:54,787] [INFO] [fps_address_scraper.py:91] Saved 10 entries in /home/ubuntu/scripts/result_file/output_chunk_4.xlsx
[2024-10-22 15:01:54,819] [INFO] [fps_address_scraper.py:186] Scraping https://www.fastpeoplesearch.com/address/17116-harpers-trace_conroe-tx/page/10
[2024-10-22 15:03:15,657] [INFO] [fps_address_scraper.py:26] Got successful response from https://www.fastpeoplesearch.com/address/17116-harpers-trace_conroe-tx/page/10
[2024-10-22 15:03:15,818] [INFO] [fps_address_scraper.py:91] Saved 10 entries in /home/ubuntu/scripts/result_file/output_chunk_4.xlsx
[2024-10-22 15:03:15,852] [INFO] [fps_address_scraper.py:186] Scraping https://www.fastpeoplesearch.com/address/17116-harpers-trace_conroe-tx/page/11
[2024-10-22 15:04:07,320] [INFO] [fps_address_scraper.py:26] Got successful response from https://www.fastpeoplesearch.com/address/17116-harpers-trace_conroe-tx/page/11
[2024-10-22 15:04:07,470] [INFO] [fps_address_scraper.py:91] Saved 9 entries in /home/ubuntu/scripts/result_file/output_chunk_4.xlsx
[2024-10-22 15:04:07,538] [INFO] [fps_address_scraper.py:186] Scraping https://www.fastpeoplesearch.com/address/17116-harpers-trace_conroe-tx/page/12
[2024-10-22 15:04:29,978] [INFO] [fps_address_scraper.py:26] Got successful response from https://www.fastpeoplesearch.com/address/17116-harpers-trace_conroe-tx/page/12
[2024-10-22 15:04:29,994] [INFO] [fps_address_scraper.py:47] Original address: 172 College Park Dr
[2024-10-22 15:04:29,994] [INFO] [fps_address_scraper.py:57] Standardized address: 172 College Park Dr
[2024-10-22 15:04:30,031] [INFO] [fps_address_scraper.py:186] Scraping https://www.fastpeoplesearch.com/address/172-college-park-dr_weatherford-tx/page/1
[2024-10-22 15:04:57,604] [INFO] [fps_address_scraper.py:26] Got successful response from https://www.fastpeoplesearch.com/address/172-college-park-dr_weatherford-tx/page/1
[2024-10-22 15:04:57,764] [INFO] [fps_address_scraper.py:91] Saved 10 entries in /home/ubuntu/scripts/result_file/output_chunk_4.xlsx
[2024-10-22 15:04:57,800] [INFO] [fps_address_scraper.py:186] Scraping https://www.fastpeoplesearch.com/address/172-college-park-dr_weatherford-tx/page/2
[2024-10-22 15:05:49,957] [INFO] [fps_address_scraper.py:26] Got successful response from https://www.fastpeoplesearch.com/address/172-college-park-dr_weatherford-tx/page/2
[2024-10-22 15:05:50,315] [INFO] [fps_address_scraper.py:91] Saved 10 entries in /home/ubuntu/scripts/result_file/output_chunk_4.xlsx
[2024-10-22 15:05:50,394] [INFO] [fps_address_scraper.py:186] Scraping https://www.fastpeoplesearch.com/address/172-college-park-dr_weatherford-tx/page/3
[2024-10-22 15:06:41,500] [INFO] [fps_address_scraper.py:26] Got successful response from https://www.fastpeoplesearch.com/address/172-college-park-dr_weatherford-tx/page/3
[2024-10-22 15:06:41,699] [INFO] [fps_address_scraper.py:91] Saved 10 entries in /home/ubuntu/scripts/result_file/output_chunk_4.xlsx
[2024-10-22 15:06:41,740] [INFO] [fps_address_scraper.py:186] Scraping https://www.fastpeoplesearch.com/address/172-college-park-dr_weatherford-tx/page/4
[2024-10-22 15:07:50,986] [INFO] [fps_address_scraper.py:26] Got successful response from https://www.fastpeoplesearch.com/address/172-college-park-dr_weatherford-tx/page/4
[2024-10-22 15:07:51,140] [INFO] [fps_address_scraper.py:91] Saved 10 entries in /home/ubuntu/scripts/result_file/output_chunk_4.xlsx
[2024-10-22 15:07:51,181] [INFO] [fps_address_scraper.py:186] Scraping https://www.fastpeoplesearch.com/address/172-college-park-dr_weatherford-tx/page/5
[2024-10-22 15:08:12,388] [INFO] [fps_address_scraper.py:26] Got successful response from https://www.fastpeoplesearch.com/address/172-college-park-dr_weatherford-tx/page/5
[2024-10-22 15:08:12,598] [INFO] [fps_address_scraper.py:91] Saved 10 entries in /home/ubuntu/scripts/result_file/output_chunk_4.xlsx
[2024-10-22 15:08:12,640] [INFO] [fps_address_scraper.py:186] Scraping https://www.fastpeoplesearch.com/address/172-college-park-dr_weatherford-tx/page/6
[2024-10-22 15:08:43,438] [INFO] [fps_address_scraper.py:26] Got successful response from https://www.fastpeoplesearch.com/address/172-college-park-dr_weatherford-tx/page/6
[2024-10-22 15:08:43,608] [INFO] [fps_address_scraper.py:91] Saved 10 entries in /home/ubuntu/scripts/result_file/output_chunk_4.xlsx
[2024-10-22 15:08:43,652] [INFO] [fps_address_scraper.py:186] Scraping https://www.fastpeoplesearch.com/address/172-college-park-dr_weatherford-tx/page/7
[2024-10-22 15:09:05,225] [INFO] [fps_address_scraper.py:26] Got successful response from https://www.fastpeoplesearch.com/address/172-college-park-dr_weatherford-tx/page/7
[2024-10-22 15:09:05,661] [INFO] [fps_address_scraper.py:91] Saved 10 entries in /home/ubuntu/scripts/result_file/output_chunk_4.xlsx
[2024-10-22 15:09:05,734] [INFO] [fps_address_scraper.py:186] Scraping https://www.fastpeoplesearch.com/address/172-college-park-dr_weatherford-tx/page/8
[2024-10-22 15:09:27,309] [INFO] [fps_address_scraper.py:26] Got successful response from https://www.fastpeoplesearch.com/address/172-college-park-dr_weatherford-tx/page/8
[2024-10-22 15:09:27,487] [INFO] [fps_address_scraper.py:91] Saved 10 entries in /home/ubuntu/scripts/result_file/output_chunk_4.xlsx
[2024-10-22 15:09:27,535] [INFO] [fps_address_scraper.py:186] Scraping https://www.fastpeoplesearch.com/address/172-college-park-dr_weatherford-tx/page/9
[2024-10-22 15:10:32,409] [INFO] [fps_address_scraper.py:26] Got successful response from https://www.fastpeoplesearch.com/address/172-college-park-dr_weatherford-tx/page/9
[2024-10-22 15:10:32,622] [INFO] [fps_address_scraper.py:91] Saved 10 entries in /home/ubuntu/scripts/result_file/output_chunk_4.xlsx
[2024-10-22 15:10:32,670] [INFO] [fps_address_scraper.py:186] Scraping https://www.fastpeoplesearch.com/address/172-college-park-dr_weatherford-tx/page/10
[2024-10-22 15:10:56,964] [INFO] [fps_address_scraper.py:26] Got successful response from https://www.fastpeoplesearch.com/address/172-college-park-dr_weatherford-tx/page/10
[2024-10-22 15:10:57,153] [INFO] [fps_address_scraper.py:91] Saved 10 entries in /home/ubuntu/scripts/result_file/output_chunk_4.xlsx
[2024-10-22 15:10:57,202] [INFO] [fps_address_scraper.py:186] Scraping https://www.fastpeoplesearch.com/address/172-college-park-dr_weatherford-tx/page/11
[2024-10-22 15:12:10,001] [INFO] [fps_address_scraper.py:26] Got successful response from https://www.fastpeoplesearch.com/address/172-college-park-dr_weatherford-tx/page/11
[2024-10-22 15:12:10,203] [INFO] [fps_address_scraper.py:91] Saved 5 entries in /home/ubuntu/scripts/result_file/output_chunk_4.xlsx
[2024-10-22 15:12:10,252] [INFO] [fps_address_scraper.py:186] Scraping https://www.fastpeoplesearch.com/address/172-college-park-dr_weatherford-tx/page/12
[2024-10-22 15:12:53,815] [INFO] [fps_address_scraper.py:26] Got successful response from https://www.fastpeoplesearch.com/address/172-college-park-dr_weatherford-tx/page/12
[2024-10-22 15:12:53,832] [INFO] [fps_address_scraper.py:47] Original address: 1720 W Wells Branch Pky
[2024-10-22 15:12:53,832] [INFO] [fps_address_scraper.py:57] Standardized address: 1720 W Wells Branch Pky
[2024-10-22 15:12:53,882] [INFO] [fps_address_scraper.py:186] Scraping https://www.fastpeoplesearch.com/address/1720-w-wells-branch-pky_austin-tx/page/1
[2024-10-22 15:13:16,872] [INFO] [fps_address_scraper.py:26] Got successful response from https://www.fastpeoplesearch.com/address/1720-w-wells-branch-pky_austin-tx/page/1
[2024-10-22 15:13:17,062] [INFO] [fps_address_scraper.py:91] Saved 10 entries in /home/ubuntu/scripts/result_file/output_chunk_4.xlsx
[2024-10-22 15:13:17,112] [INFO] [fps_address_scraper.py:186] Scraping https://www.fastpeoplesearch.com/address/1720-w-wells-branch-pky_austin-tx/page/2
[2024-10-22 15:14:07,913] [INFO] [fps_address_scraper.py:26] Got successful response from https://www.fastpeoplesearch.com/address/1720-w-wells-branch-pky_austin-tx/page/2
[2024-10-22 15:14:08,140] [INFO] [fps_address_scraper.py:91] Saved 10 entries in /home/ubuntu/scripts/result_file/output_chunk_4.xlsx
[2024-10-22 15:14:08,194] [INFO] [fps_address_scraper.py:186] Scraping https://www.fastpeoplesearch.com/address/1720-w-wells-branch-pky_austin-tx/page/3
[2024-10-22 15:15:30,599] [INFO] [fps_address_scraper.py:26] Got successful response from https://www.fastpeoplesearch.com/address/1720-w-wells-branch-pky_austin-tx/page/3
[2024-10-22 15:15:30,788] [INFO] [fps_address_scraper.py:91] Saved 10 entries in /home/ubuntu/scripts/result_file/output_chunk_4.xlsx
[2024-10-22 15:15:30,841] [INFO] [fps_address_scraper.py:186] Scraping https://www.fastpeoplesearch.com/address/1720-w-wells-branch-pky_austin-tx/page/4
[2024-10-22 15:15:59,365] [INFO] [fps_address_scraper.py:26] Got successful response from https://www.fastpeoplesearch.com/address/1720-w-wells-branch-pky_austin-tx/page/4
[2024-10-22 15:15:59,600] [INFO] [fps_address_scraper.py:91] Saved 10 entries in /home/ubuntu/scripts/result_file/output_chunk_4.xlsx
[2024-10-22 15:15:59,655] [INFO] [fps_address_scraper.py:186] Scraping https://www.fastpeoplesearch.com/address/1720-w-wells-branch-pky_austin-tx/page/5
[2024-10-22 15:16:50,940] [INFO] [fps_address_scraper.py:26] Got successful response from https://www.fastpeoplesearch.com/address/1720-w-wells-branch-pky_austin-tx/page/5
[2024-10-22 15:16:51,182] [INFO] [fps_address_scraper.py:91] Saved 10 entries in /home/ubuntu/scripts/result_file/output_chunk_4.xlsx
[2024-10-22 15:16:51,239] [INFO] [fps_address_scraper.py:186] Scraping https://www.fastpeoplesearch.com/address/1720-w-wells-branch-pky_austin-tx/page/6
[2024-10-22 15:17:15,288] [INFO] [fps_address_scraper.py:26] Got successful response from https://www.fastpeoplesearch.com/address/1720-w-wells-branch-pky_austin-tx/page/6
[2024-10-22 15:17:15,491] [INFO] [fps_address_scraper.py:91] Saved 10 entries in /home/ubuntu/scripts/result_file/output_chunk_4.xlsx
[2024-10-22 15:17:15,548] [INFO] [fps_address_scraper.py:186] Scraping https://www.fastpeoplesearch.com/address/1720-w-wells-branch-pky_austin-tx/page/7
[2024-10-22 15:17:51,475] [INFO] [fps_address_scraper.py:26] Got successful response from https://www.fastpeoplesearch.com/address/1720-w-wells-branch-pky_austin-tx/page/7
[2024-10-22 15:17:51,726] [INFO] [fps_address_scraper.py:91] Saved 10 entries in /home/ubuntu/scripts/result_file/output_chunk_4.xlsx
[2024-10-22 15:17:51,785] [INFO] [fps_address_scraper.py:186] Scraping https://www.fastpeoplesearch.com/address/1720-w-wells-branch-pky_austin-tx/page/8
[2024-10-22 15:18:25,233] [INFO] [fps_address_scraper.py:26] Got successful response from https://www.fastpeoplesearch.com/address/1720-w-wells-branch-pky_austin-tx/page/8
[2024-10-22 15:18:25,485] [INFO] [fps_address_scraper.py:91] Saved 10 entries in /home/ubuntu/scripts/result_file/output_chunk_4.xlsx
[2024-10-22 15:18:25,576] [INFO] [fps_address_scraper.py:186] Scraping https://www.fastpeoplesearch.com/address/1720-w-wells-branch-pky_austin-tx/page/9
[2024-10-22 15:19:42,803] [INFO] [fps_address_scraper.py:26] Got successful response from https://www.fastpeoplesearch.com/address/1720-w-wells-branch-pky_austin-tx/page/9
[2024-10-22 15:19:43,020] [INFO] [fps_address_scraper.py:91] Saved 10 entries in /home/ubuntu/scripts/result_file/output_chunk_4.xlsx
[2024-10-22 15:19:43,082] [INFO] [fps_address_scraper.py:186] Scraping https://www.fastpeoplesearch.com/address/1720-w-wells-branch-pky_austin-tx/page/10
[2024-10-22 15:20:20,105] [INFO] [fps_address_scraper.py:26] Got successful response from https://www.fastpeoplesearch.com/address/1720-w-wells-branch-pky_austin-tx/page/10
[2024-10-22 15:20:20,354] [INFO] [fps_address_scraper.py:91] Saved 10 entries in /home/ubuntu/scripts/result_file/output_chunk_4.xlsx
[2024-10-22 15:20:20,414] [INFO] [fps_address_scraper.py:186] Scraping https://www.fastpeoplesearch.com/address/1720-w-wells-branch-pky_austin-tx/page/11
[2024-10-22 15:20:41,748] [INFO] [fps_address_scraper.py:26] Got successful response from https://www.fastpeoplesearch.com/address/1720-w-wells-branch-pky_austin-tx/page/11
[2024-10-22 15:20:41,951] [INFO] [fps_address_scraper.py:91] Saved 5 entries in /home/ubuntu/scripts/result_file/output_chunk_4.xlsx
[2024-10-22 15:20:42,016] [INFO] [fps_address_scraper.py:186] Scraping https://www.fastpeoplesearch.com/address/1720-w-wells-branch-pky_austin-tx/page/12
[2024-10-22 15:21:05,072] [INFO] [fps_address_scraper.py:26] Got successful response from https://www.fastpeoplesearch.com/address/1720-w-wells-branch-pky_austin-tx/page/12
[2024-10-22 15:21:05,089] [INFO] [fps_address_scraper.py:47] Original address: 1721 Greenhouse Rd
[2024-10-22 15:21:05,089] [INFO] [fps_address_scraper.py:57] Standardized address: 1721 Greenhouse Rd
[2024-10-22 15:21:05,179] [INFO] [fps_address_scraper.py:186] Scraping https://www.fastpeoplesearch.com/address/1721-greenhouse-rd_houston-tx/page/1
[2024-10-22 15:22:09,805] [INFO] [fps_address_scraper.py:26] Got successful response from https://www.fastpeoplesearch.com/address/1721-greenhouse-rd_houston-tx/page/1
[2024-10-22 15:22:10,029] [INFO] [fps_address_scraper.py:91] Saved 10 entries in /home/ubuntu/scripts/result_file/output_chunk_4.xlsx
[2024-10-22 15:22:10,095] [INFO] [fps_address_scraper.py:186] Scraping https://www.fastpeoplesearch.com/address/1721-greenhouse-rd_houston-tx/page/2
[2024-10-22 15:22:58,362] [INFO] [fps_address_scraper.py:26] Got successful response from https://www.fastpeoplesearch.com/address/1721-greenhouse-rd_houston-tx/page/2
[2024-10-22 15:22:58,614] [INFO] [fps_address_scraper.py:91] Saved 10 entries in /home/ubuntu/scripts/result_file/output_chunk_4.xlsx
[2024-10-22 15:22:58,682] [INFO] [fps_address_scraper.py:186] Scraping https://www.fastpeoplesearch.com/address/1721-greenhouse-rd_houston-tx/page/3
[2024-10-22 15:23:29,070] [INFO] [fps_address_scraper.py:26] Got successful response from https://www.fastpeoplesearch.com/address/1721-greenhouse-rd_houston-tx/page/3
[2024-10-22 15:23:29,323] [INFO] [fps_address_scraper.py:91] Saved 10 entries in /home/ubuntu/scripts/result_file/output_chunk_4.xlsx
[2024-10-22 15:23:29,392] [INFO] [fps_address_scraper.py:186] Scraping https://www.fastpeoplesearch.com/address/1721-greenhouse-rd_houston-tx/page/4
[2024-10-22 15:24:21,486] [INFO] [fps_address_scraper.py:26] Got successful response from https://www.fastpeoplesearch.com/address/1721-greenhouse-rd_houston-tx/page/4
[2024-10-22 15:24:21,708] [INFO] [fps_address_scraper.py:91] Saved 10 entries in /home/ubuntu/scripts/result_file/output_chunk_4.xlsx
[2024-10-22 15:24:21,778] [INFO] [fps_address_scraper.py:186] Scraping https://www.fastpeoplesearch.com/address/1721-greenhouse-rd_houston-tx/page/5
[2024-10-22 15:24:54,093] [INFO] [fps_address_scraper.py:26] Got successful response from https://www.fastpeoplesearch.com/address/1721-greenhouse-rd_houston-tx/page/5
[2024-10-22 15:24:54,362] [INFO] [fps_address_scraper.py:91] Saved 10 entries in /home/ubuntu/scripts/result_file/output_chunk_4.xlsx
[2024-10-22 15:24:54,431] [INFO] [fps_address_scraper.py:186] Scraping https://www.fastpeoplesearch.com/address/1721-greenhouse-rd_houston-tx/page/6
[2024-10-22 15:25:28,936] [INFO] [fps_address_scraper.py:26] Got successful response from https://www.fastpeoplesearch.com/address/1721-greenhouse-rd_houston-tx/page/6
[2024-10-22 15:25:29,196] [INFO] [fps_address_scraper.py:91] Saved 10 entries in /home/ubuntu/scripts/result_file/output_chunk_4.xlsx
[2024-10-22 15:25:29,269] [INFO] [fps_address_scraper.py:186] Scraping https://www.fastpeoplesearch.com/address/1721-greenhouse-rd_houston-tx/page/7
[2024-10-22 15:26:45,889] [INFO] [fps_address_scraper.py:26] Got successful response from https://www.fastpeoplesearch.com/address/1721-greenhouse-rd_houston-tx/page/7
[2024-10-22 15:26:46,394] [INFO] [fps_address_scraper.py:91] Saved 10 entries in /home/ubuntu/scripts/result_file/output_chunk_4.xlsx
[2024-10-22 15:26:46,610] [INFO] [fps_address_scraper.py:186] Scraping https://www.fastpeoplesearch.com/address/1721-greenhouse-rd_houston-tx/page/8
[2024-10-22 15:27:23,171] [INFO] [fps_address_scraper.py:26] Got successful response from https://www.fastpeoplesearch.com/address/1721-greenhouse-rd_houston-tx/page/8
[2024-10-22 15:27:23,410] [INFO] [fps_address_scraper.py:91] Saved 10 entries in /home/ubuntu/scripts/result_file/output_chunk_4.xlsx
[2024-10-22 15:27:23,483] [INFO] [fps_address_scraper.py:186] Scraping https://www.fastpeoplesearch.com/address/1721-greenhouse-rd_houston-tx/page/9
[2024-10-22 15:27:54,190] [INFO] [fps_address_scraper.py:26] Got successful response from https://www.fastpeoplesearch.com/address/1721-greenhouse-rd_houston-tx/page/9
[2024-10-22 15:27:54,466] [INFO] [fps_address_scraper.py:91] Saved 10 entries in /home/ubuntu/scripts/result_file/output_chunk_4.xlsx
[2024-10-22 15:27:54,543] [INFO] [fps_address_scraper.py:186] Scraping https://www.fastpeoplesearch.com/address/1721-greenhouse-rd_houston-tx/page/10
[2024-10-22 15:28:47,131] [INFO] [fps_address_scraper.py:26] Got successful response from https://www.fastpeoplesearch.com/address/1721-greenhouse-rd_houston-tx/page/10
[2024-10-22 15:28:47,406] [INFO] [fps_address_scraper.py:91] Saved 10 entries in /home/ubuntu/scripts/result_file/output_chunk_4.xlsx
[2024-10-22 15:28:47,484] [INFO] [fps_address_scraper.py:186] Scraping https://www.fastpeoplesearch.com/address/1721-greenhouse-rd_houston-tx/page/11
[2024-10-22 15:29:07,050] [INFO] [fps_address_scraper.py:26] Got successful response from https://www.fastpeoplesearch.com/address/1721-greenhouse-rd_houston-tx/page/11
[2024-10-22 15:29:07,425] [INFO] [fps_address_scraper.py:91] Saved 6 entries in /home/ubuntu/scripts/result_file/output_chunk_4.xlsx
[2024-10-22 15:29:07,710] [INFO] [fps_address_scraper.py:186] Scraping https://www.fastpeoplesearch.com/address/1721-greenhouse-rd_houston-tx/page/12
[2024-10-22 15:29:51,066] [INFO] [fps_address_scraper.py:26] Got successful response from https://www.fastpeoplesearch.com/address/1721-greenhouse-rd_houston-tx/page/12
[2024-10-22 15:29:51,084] [INFO] [fps_address_scraper.py:47] Original address: 17401 W Lake Houston Pky
[2024-10-22 15:29:51,085] [INFO] [fps_address_scraper.py:57] Standardized address: 17401 W Lake Houston Pky
[2024-10-22 15:29:51,164] [INFO] [fps_address_scraper.py:186] Scraping https://www.fastpeoplesearch.com/address/17401-w-lake-houston-pky_humble-tx/page/1
[2024-10-22 15:30:15,140] [INFO] [fps_address_scraper.py:26] Got successful response from https://www.fastpeoplesearch.com/address/17401-w-lake-houston-pky_humble-tx/page/1
[2024-10-22 15:30:15,391] [INFO] [fps_address_scraper.py:91] Saved 10 entries in /home/ubuntu/scripts/result_file/output_chunk_4.xlsx
[2024-10-22 15:30:15,499] [INFO] [fps_address_scraper.py:186] Scraping https://www.fastpeoplesearch.com/address/17401-w-lake-houston-pky_humble-tx/page/2
[2024-10-22 15:32:11,471] [ERROR] [fps_address_scraper.py:24] Could not get successful response. Status code 500. {"status":"Failed to get successful response from website. Please retry the request."}
[2024-10-22 15:32:11,471] [WARNING] [api.py:40] Request failed. Status code 500, retrying in 1 seconds...
[2024-10-22 15:32:34,313] [INFO] [fps_address_scraper.py:26] Got successful response from https://www.fastpeoplesearch.com/address/17401-w-lake-houston-pky_humble-tx/page/2
[2024-10-22 15:32:34,582] [INFO] [fps_address_scraper.py:91] Saved 10 entries in /home/ubuntu/scripts/result_file/output_chunk_4.xlsx
[2024-10-22 15:32:34,664] [INFO] [fps_address_scraper.py:186] Scraping https://www.fastpeoplesearch.com/address/17401-w-lake-houston-pky_humble-tx/page/3
[2024-10-22 15:32:57,104] [INFO] [fps_address_scraper.py:26] Got successful response from https://www.fastpeoplesearch.com/address/17401-w-lake-houston-pky_humble-tx/page/3
[2024-10-22 15:32:57,392] [INFO] [fps_address_scraper.py:91] Saved 10 entries in /home/ubuntu/scripts/result_file/output_chunk_4.xlsx
[2024-10-22 15:32:57,475] [INFO] [fps_address_scraper.py:186] Scraping https://www.fastpeoplesearch.com/address/17401-w-lake-houston-pky_humble-tx/page/4
[2024-10-22 15:33:25,974] [INFO] [fps_address_scraper.py:26] Got successful response from https://www.fastpeoplesearch.com/address/17401-w-lake-houston-pky_humble-tx/page/4
[2024-10-22 15:33:26,275] [INFO] [fps_address_scraper.py:91] Saved 10 entries in /home/ubuntu/scripts/result_file/output_chunk_4.xlsx
[2024-10-22 15:33:26,358] [INFO] [fps_address_scraper.py:186] Scraping https://www.fastpeoplesearch.com/address/17401-w-lake-houston-pky_humble-tx/page/5
[2024-10-22 15:33:47,911] [INFO] [fps_address_scraper.py:26] Got successful response from https://www.fastpeoplesearch.com/address/17401-w-lake-houston-pky_humble-tx/page/5
[2024-10-22 15:33:48,213] [INFO] [fps_address_scraper.py:91] Saved 10 entries in /home/ubuntu/scripts/result_file/output_chunk_4.xlsx
[2024-10-22 15:33:48,299] [INFO] [fps_address_scraper.py:186] Scraping https://www.fastpeoplesearch.com/address/17401-w-lake-houston-pky_humble-tx/page/6
[2024-10-22 15:34:22,766] [INFO] [fps_address_scraper.py:26] Got successful response from https://www.fastpeoplesearch.com/address/17401-w-lake-houston-pky_humble-tx/page/6
[2024-10-22 15:34:23,064] [INFO] [fps_address_scraper.py:91] Saved 10 entries in /home/ubuntu/scripts/result_file/output_chunk_4.xlsx
[2024-10-22 15:34:23,152] [INFO] [fps_address_scraper.py:186] Scraping https://www.fastpeoplesearch.com/address/17401-w-lake-houston-pky_humble-tx/page/7
[2024-10-22 15:35:14,530] [INFO] [fps_address_scraper.py:26] Got successful response from https://www.fastpeoplesearch.com/address/17401-w-lake-houston-pky_humble-tx/page/7
[2024-10-22 15:35:14,842] [INFO] [fps_address_scraper.py:91] Saved 10 entries in /home/ubuntu/scripts/result_file/output_chunk_4.xlsx
[2024-10-22 15:35:14,930] [INFO] [fps_address_scraper.py:186] Scraping https://www.fastpeoplesearch.com/address/17401-w-lake-houston-pky_humble-tx/page/8
[2024-10-22 15:35:48,695] [INFO] [fps_address_scraper.py:26] Got successful response from https://www.fastpeoplesearch.com/address/17401-w-lake-houston-pky_humble-tx/page/8
[2024-10-22 15:35:48,971] [INFO] [fps_address_scraper.py:91] Saved 10 entries in /home/ubuntu/scripts/result_file/output_chunk_4.xlsx
[2024-10-22 15:35:49,095] [INFO] [fps_address_scraper.py:186] Scraping https://www.fastpeoplesearch.com/address/17401-w-lake-houston-pky_humble-tx/page/9
[2024-10-22 15:36:14,561] [INFO] [fps_address_scraper.py:26] Got successful response from https://www.fastpeoplesearch.com/address/17401-w-lake-houston-pky_humble-tx/page/9
[2024-10-22 15:36:14,838] [INFO] [fps_address_scraper.py:91] Saved 10 entries in /home/ubuntu/scripts/result_file/output_chunk_4.xlsx
[2024-10-22 15:36:14,959] [INFO] [fps_address_scraper.py:186] Scraping https://www.fastpeoplesearch.com/address/17401-w-lake-houston-pky_humble-tx/page/10
[2024-10-22 15:37:07,436] [INFO] [fps_address_scraper.py:26] Got successful response from https://www.fastpeoplesearch.com/address/17401-w-lake-houston-pky_humble-tx/page/10
[2024-10-22 15:37:07,717] [INFO] [fps_address_scraper.py:91] Saved 10 entries in /home/ubuntu/scripts/result_file/output_chunk_4.xlsx
[2024-10-22 15:37:07,808] [INFO] [fps_address_scraper.py:186] Scraping https://www.fastpeoplesearch.com/address/17401-w-lake-houston-pky_humble-tx/page/11
[2024-10-22 15:38:10,649] [INFO] [fps_address_scraper.py:26] Got successful response from https://www.fastpeoplesearch.com/address/17401-w-lake-houston-pky_humble-tx/page/11
[2024-10-22 15:38:10,954] [INFO] [fps_address_scraper.py:91] Saved 9 entries in /home/ubuntu/scripts/result_file/output_chunk_4.xlsx
[2024-10-22 15:38:11,046] [INFO] [fps_address_scraper.py:186] Scraping https://www.fastpeoplesearch.com/address/17401-w-lake-houston-pky_humble-tx/page/12
[2024-10-22 15:38:34,861] [INFO] [fps_address_scraper.py:26] Got successful response from https://www.fastpeoplesearch.com/address/17401-w-lake-houston-pky_humble-tx/page/12
[2024-10-22 15:38:34,878] [INFO] [fps_address_scraper.py:47] Original address: 17475 Happys Round
[2024-10-22 15:38:34,878] [INFO] [fps_address_scraper.py:57] Standardized address: 17475 Happys Round
[2024-10-22 15:38:35,002] [INFO] [fps_address_scraper.py:186] Scraping https://www.fastpeoplesearch.com/address/17475-happys-round_san-antonio-tx/page/1
[2024-10-22 15:38:58,198] [INFO] [fps_address_scraper.py:26] Got successful response from https://www.fastpeoplesearch.com/address/17475-happys-round_san-antonio-tx/page/1
[2024-10-22 15:38:58,483] [INFO] [fps_address_scraper.py:91] Saved 10 entries in /home/ubuntu/scripts/result_file/output_chunk_4.xlsx
[2024-10-22 15:38:58,607] [INFO] [fps_address_scraper.py:186] Scraping https://www.fastpeoplesearch.com/address/17475-happys-round_san-antonio-tx/page/2
[2024-10-22 15:39:21,620] [INFO] [fps_address_scraper.py:26] Got successful response from https://www.fastpeoplesearch.com/address/17475-happys-round_san-antonio-tx/page/2
[2024-10-22 15:39:21,900] [INFO] [fps_address_scraper.py:91] Saved 10 entries in /home/ubuntu/scripts/result_file/output_chunk_4.xlsx
[2024-10-22 15:39:22,025] [INFO] [fps_address_scraper.py:186] Scraping https://www.fastpeoplesearch.com/address/17475-happys-round_san-antonio-tx/page/3
[2024-10-22 15:40:17,083] [INFO] [fps_address_scraper.py:26] Got successful response from https://www.fastpeoplesearch.com/address/17475-happys-round_san-antonio-tx/page/3
[2024-10-22 15:40:17,383] [INFO] [fps_address_scraper.py:91] Saved 10 entries in /home/ubuntu/scripts/result_file/output_chunk_4.xlsx
[2024-10-22 15:40:17,480] [INFO] [fps_address_scraper.py:186] Scraping https://www.fastpeoplesearch.com/address/17475-happys-round_san-antonio-tx/page/4
[2024-10-22 15:40:51,923] [INFO] [fps_address_scraper.py:26] Got successful response from https://www.fastpeoplesearch.com/address/17475-happys-round_san-antonio-tx/page/4
[2024-10-22 15:40:52,250] [INFO] [fps_address_scraper.py:91] Saved 10 entries in /home/ubuntu/scripts/result_file/output_chunk_4.xlsx
[2024-10-22 15:40:52,350] [INFO] [fps_address_scraper.py:186] Scraping https://www.fastpeoplesearch.com/address/17475-happys-round_san-antonio-tx/page/5
[2024-10-22 15:41:15,655] [INFO] [fps_address_scraper.py:26] Got successful response from https://www.fastpeoplesearch.com/address/17475-happys-round_san-antonio-tx/page/5
[2024-10-22 15:41:15,984] [INFO] [fps_address_scraper.py:91] Saved 10 entries in /home/ubuntu/scripts/result_file/output_chunk_4.xlsx
[2024-10-22 15:41:16,087] [INFO] [fps_address_scraper.py:186] Scraping https://www.fastpeoplesearch.com/address/17475-happys-round_san-antonio-tx/page/6
[2024-10-22 15:42:08,025] [INFO] [fps_address_scraper.py:26] Got successful response from https://www.fastpeoplesearch.com/address/17475-happys-round_san-antonio-tx/page/6
[2024-10-22 15:42:08,347] [INFO] [fps_address_scraper.py:91] Saved 10 entries in /home/ubuntu/scripts/result_file/output_chunk_4.xlsx
[2024-10-22 15:42:08,450] [INFO] [fps_address_scraper.py:186] Scraping https://www.fastpeoplesearch.com/address/17475-happys-round_san-antonio-tx/page/7
[2024-10-22 15:42:29,983] [INFO] [fps_address_scraper.py:26] Got successful response from https://www.fastpeoplesearch.com/address/17475-happys-round_san-antonio-tx/page/7
[2024-10-22 15:42:30,312] [INFO] [fps_address_scraper.py:91] Saved 10 entries in /home/ubuntu/scripts/result_file/output_chunk_4.xlsx
[2024-10-22 15:42:30,418] [INFO] [fps_address_scraper.py:186] Scraping https://www.fastpeoplesearch.com/address/17475-happys-round_san-antonio-tx/page/8
[2024-10-22 15:43:13,284] [INFO] [fps_address_scraper.py:26] Got successful response from https://www.fastpeoplesearch.com/address/17475-happys-round_san-antonio-tx/page/8
[2024-10-22 15:43:13,618] [INFO] [fps_address_scraper.py:91] Saved 10 entries in /home/ubuntu/scripts/result_file/output_chunk_4.xlsx
[2024-10-22 15:43:13,724] [INFO] [fps_address_scraper.py:186] Scraping https://www.fastpeoplesearch.com/address/17475-happys-round_san-antonio-tx/page/9
[2024-10-22 15:43:46,845] [INFO] [fps_address_scraper.py:26] Got successful response from https://www.fastpeoplesearch.com/address/17475-happys-round_san-antonio-tx/page/9
[2024-10-22 15:43:47,179] [INFO] [fps_address_scraper.py:91] Saved 10 entries in /home/ubuntu/scripts/result_file/output_chunk_4.xlsx
[2024-10-22 15:43:47,311] [INFO] [fps_address_scraper.py:186] Scraping https://www.fastpeoplesearch.com/address/17475-happys-round_san-antonio-tx/page/10
[2024-10-22 15:45:39,787] [INFO] [fps_address_scraper.py:26] Got successful response from https://www.fastpeoplesearch.com/address/17475-happys-round_san-antonio-tx/page/10
[2024-10-22 15:45:40,100] [INFO] [fps_address_scraper.py:91] Saved 10 entries in /home/ubuntu/scripts/result_file/output_chunk_4.xlsx
[2024-10-22 15:45:40,236] [INFO] [fps_address_scraper.py:186] Scraping https://www.fastpeoplesearch.com/address/17475-happys-round_san-antonio-tx/page/11
[2024-10-22 15:46:10,871] [INFO] [fps_address_scraper.py:26] Got successful response from https://www.fastpeoplesearch.com/address/17475-happys-round_san-antonio-tx/page/11
[2024-10-22 15:46:11,180] [INFO] [fps_address_scraper.py:91] Saved 8 entries in /home/ubuntu/scripts/result_file/output_chunk_4.xlsx
[2024-10-22 15:46:11,318] [INFO] [fps_address_scraper.py:186] Scraping https://www.fastpeoplesearch.com/address/17475-happys-round_san-antonio-tx/page/12
[2024-10-22 15:46:51,005] [INFO] [fps_address_scraper.py:26] Got successful response from https://www.fastpeoplesearch.com/address/17475-happys-round_san-antonio-tx/page/12
[2024-10-22 15:46:51,023] [INFO] [fps_address_scraper.py:47] Original address: 17475 Happys Round
[2024-10-22 15:46:51,023] [INFO] [fps_address_scraper.py:57] Standardized address: 17475 Happys Round
[2024-10-22 15:46:51,131] [INFO] [fps_address_scraper.py:183] Skipping https://www.fastpeoplesearch.com/address/17475-happys-round_san-antonio-tx/page/1 because already scraped.
[2024-10-22 15:46:51,241] [INFO] [fps_address_scraper.py:183] Skipping https://www.fastpeoplesearch.com/address/17475-happys-round_san-antonio-tx/page/2 because already scraped.
[2024-10-22 15:46:51,351] [INFO] [fps_address_scraper.py:183] Skipping https://www.fastpeoplesearch.com/address/17475-happys-round_san-antonio-tx/page/3 because already scraped.
[2024-10-22 15:46:51,482] [INFO] [fps_address_scraper.py:183] Skipping https://www.fastpeoplesearch.com/address/17475-happys-round_san-antonio-tx/page/4 because already scraped.
[2024-10-22 15:46:51,590] [INFO] [fps_address_scraper.py:183] Skipping https://www.fastpeoplesearch.com/address/17475-happys-round_san-antonio-tx/page/5 because already scraped.
[2024-10-22 15:46:51,698] [INFO] [fps_address_scraper.py:183] Skipping https://www.fastpeoplesearch.com/address/17475-happys-round_san-antonio-tx/page/6 because already scraped.
[2024-10-22 15:46:51,805] [INFO] [fps_address_scraper.py:183] Skipping https://www.fastpeoplesearch.com/address/17475-happys-round_san-antonio-tx/page/7 because already scraped.
[2024-10-22 15:46:51,935] [INFO] [fps_address_scraper.py:183] Skipping https://www.fastpeoplesearch.com/address/17475-happys-round_san-antonio-tx/page/8 because already scraped.
[2024-10-22 15:46:52,046] [INFO] [fps_address_scraper.py:183] Skipping https://www.fastpeoplesearch.com/address/17475-happys-round_san-antonio-tx/page/9 because already scraped.
[2024-10-22 15:46:52,153] [INFO] [fps_address_scraper.py:183] Skipping https://www.fastpeoplesearch.com/address/17475-happys-round_san-antonio-tx/page/10 because already scraped.
[2024-10-22 15:46:52,262] [INFO] [fps_address_scraper.py:183] Skipping https://www.fastpeoplesearch.com/address/17475-happys-round_san-antonio-tx/page/11 because already scraped.
[2024-10-22 15:46:52,370] [INFO] [fps_address_scraper.py:186] Scraping https://www.fastpeoplesearch.com/address/17475-happys-round_san-antonio-tx/page/12
[2024-10-22 15:47:18,661] [INFO] [fps_address_scraper.py:26] Got successful response from https://www.fastpeoplesearch.com/address/17475-happys-round_san-antonio-tx/page/12
[2024-10-22 15:47:18,679] [INFO] [fps_address_scraper.py:47] Original address: 1750 FM 423
[2024-10-22 15:47:18,679] [INFO] [fps_address_scraper.py:57] Standardized address: 1750 FM 423
[2024-10-22 15:47:18,810] [INFO] [fps_address_scraper.py:186] Scraping https://www.fastpeoplesearch.com/address/1750-fm-423_frisco-tx/page/1
[2024-10-22 15:48:23,115] [INFO] [fps_address_scraper.py:26] Got successful response from https://www.fastpeoplesearch.com/address/1750-fm-423_frisco-tx/page/1
[2024-10-22 15:48:23,472] [INFO] [fps_address_scraper.py:91] Saved 10 entries in /home/ubuntu/scripts/result_file/output_chunk_4.xlsx
[2024-10-22 15:48:23,580] [INFO] [fps_address_scraper.py:186] Scraping https://www.fastpeoplesearch.com/address/1750-fm-423_frisco-tx/page/2
[2024-10-22 15:49:30,075] [INFO] [fps_address_scraper.py:26] Got successful response from https://www.fastpeoplesearch.com/address/1750-fm-423_frisco-tx/page/2
[2024-10-22 15:49:30,436] [INFO] [fps_address_scraper.py:91] Saved 10 entries in /home/ubuntu/scripts/result_file/output_chunk_4.xlsx
[2024-10-22 15:49:30,548] [INFO] [fps_address_scraper.py:186] Scraping https://www.fastpeoplesearch.com/address/1750-fm-423_frisco-tx/page/3
[2024-10-22 15:50:16,335] [INFO] [fps_address_scraper.py:26] Got successful response from https://www.fastpeoplesearch.com/address/1750-fm-423_frisco-tx/page/3
[2024-10-22 15:50:16,665] [INFO] [fps_address_scraper.py:91] Saved 10 entries in /home/ubuntu/scripts/result_file/output_chunk_4.xlsx
[2024-10-22 15:50:16,778] [INFO] [fps_address_scraper.py:186] Scraping https://www.fastpeoplesearch.com/address/1750-fm-423_frisco-tx/page/4
[2024-10-22 15:51:01,012] [INFO] [fps_address_scraper.py:26] Got successful response from https://www.fastpeoplesearch.com/address/1750-fm-423_frisco-tx/page/4
[2024-10-22 15:51:01,364] [INFO] [fps_address_scraper.py:91] Saved 10 entries in /home/ubuntu/scripts/result_file/output_chunk_4.xlsx
[2024-10-22 15:51:01,478] [INFO] [fps_address_scraper.py:186] Scraping https://www.fastpeoplesearch.com/address/1750-fm-423_frisco-tx/page/5
[2024-10-22 15:51:24,300] [INFO] [fps_address_scraper.py:26] Got successful response from https://www.fastpeoplesearch.com/address/1750-fm-423_frisco-tx/page/5
[2024-10-22 15:51:24,666] [INFO] [fps_address_scraper.py:91] Saved 10 entries in /home/ubuntu/scripts/result_file/output_chunk_4.xlsx
[2024-10-22 15:51:24,782] [INFO] [fps_address_scraper.py:186] Scraping https://www.fastpeoplesearch.com/address/1750-fm-423_frisco-tx/page/6
[2024-10-22 15:52:16,518] [INFO] [fps_address_scraper.py:26] Got successful response from https://www.fastpeoplesearch.com/address/1750-fm-423_frisco-tx/page/6
[2024-10-22 15:52:16,883] [INFO] [fps_address_scraper.py:91] Saved 10 entries in /home/ubuntu/scripts/result_file/output_chunk_4.xlsx
[2024-10-22 15:52:17,000] [INFO] [fps_address_scraper.py:186] Scraping https://www.fastpeoplesearch.com/address/1750-fm-423_frisco-tx/page/7
[2024-10-22 15:53:14,053] [INFO] [fps_address_scraper.py:26] Got successful response from https://www.fastpeoplesearch.com/address/1750-fm-423_frisco-tx/page/7
[2024-10-22 15:53:14,419] [INFO] [fps_address_scraper.py:91] Saved 10 entries in /home/ubuntu/scripts/result_file/output_chunk_4.xlsx
[2024-10-22 15:53:14,564] [INFO] [fps_address_scraper.py:186] Scraping https://www.fastpeoplesearch.com/address/1750-fm-423_frisco-tx/page/8
[2024-10-22 15:54:06,168] [INFO] [fps_address_scraper.py:26] Got successful response from https://www.fastpeoplesearch.com/address/1750-fm-423_frisco-tx/page/8
[2024-10-22 15:54:06,543] [INFO] [fps_address_scraper.py:91] Saved 10 entries in /home/ubuntu/scripts/result_file/output_chunk_4.xlsx
[2024-10-22 15:54:06,663] [INFO] [fps_address_scraper.py:186] Scraping https://www.fastpeoplesearch.com/address/1750-fm-423_frisco-tx/page/9
[2024-10-22 15:55:00,100] [INFO] [fps_address_scraper.py:26] Got successful response from https://www.fastpeoplesearch.com/address/1750-fm-423_frisco-tx/page/9
[2024-10-22 15:55:00,478] [INFO] [fps_address_scraper.py:91] Saved 10 entries in /home/ubuntu/scripts/result_file/output_chunk_4.xlsx
[2024-10-22 15:55:00,598] [INFO] [fps_address_scraper.py:186] Scraping https://www.fastpeoplesearch.com/address/1750-fm-423_frisco-tx/page/10
[2024-10-22 15:55:25,502] [INFO] [fps_address_scraper.py:26] Got successful response from https://www.fastpeoplesearch.com/address/1750-fm-423_frisco-tx/page/10
[2024-10-22 15:55:25,896] [INFO] [fps_address_scraper.py:91] Saved 10 entries in /home/ubuntu/scripts/result_file/output_chunk_4.xlsx
[2024-10-22 15:55:26,019] [INFO] [fps_address_scraper.py:186] Scraping https://www.fastpeoplesearch.com/address/1750-fm-423_frisco-tx/page/11
[2024-10-22 15:56:17,989] [INFO] [fps_address_scraper.py:26] Got successful response from https://www.fastpeoplesearch.com/address/1750-fm-423_frisco-tx/page/11
[2024-10-22 15:56:18,367] [INFO] [fps_address_scraper.py:91] Saved 8 entries in /home/ubuntu/scripts/result_file/output_chunk_4.xlsx
[2024-10-22 15:56:18,490] [INFO] [fps_address_scraper.py:186] Scraping https://www.fastpeoplesearch.com/address/1750-fm-423_frisco-tx/page/12
[2024-10-22 15:56:40,689] [INFO] [fps_address_scraper.py:26] Got successful response from https://www.fastpeoplesearch.com/address/1750-fm-423_frisco-tx/page/12
[2024-10-22 15:56:40,706] [INFO] [fps_address_scraper.py:47] Original address: 1750 Sky Lark Ln
[2024-10-22 15:56:40,707] [INFO] [fps_address_scraper.py:57] Standardized address: 1750 Sky Lark Ln
[2024-10-22 15:56:40,856] [INFO] [fps_address_scraper.py:186] Scraping https://www.fastpeoplesearch.com/address/1750-sky-lark-ln_houston-tx/page/1
[2024-10-22 15:57:28,523] [INFO] [fps_address_scraper.py:26] Got successful response from https://www.fastpeoplesearch.com/address/1750-sky-lark-ln_houston-tx/page/1
[2024-10-22 15:57:28,915] [INFO] [fps_address_scraper.py:91] Saved 10 entries in /home/ubuntu/scripts/result_file/output_chunk_4.xlsx
[2024-10-22 15:57:29,038] [INFO] [fps_address_scraper.py:186] Scraping https://www.fastpeoplesearch.com/address/1750-sky-lark-ln_houston-tx/page/2
[2024-10-22 15:58:07,811] [INFO] [fps_address_scraper.py:26] Got successful response from https://www.fastpeoplesearch.com/address/1750-sky-lark-ln_houston-tx/page/2
[2024-10-22 15:58:08,194] [INFO] [fps_address_scraper.py:91] Saved 10 entries in /home/ubuntu/scripts/result_file/output_chunk_4.xlsx
[2024-10-22 15:58:08,318] [INFO] [fps_address_scraper.py:186] Scraping https://www.fastpeoplesearch.com/address/1750-sky-lark-ln_houston-tx/page/3
