[2024-10-22 14:49:21,207] [INFO] [fps_address_scraper.py:47] Original address: 11711 Domain Dr
[2024-10-22 14:49:21,210] [INFO] [fps_address_scraper.py:57] Standardized address: 11711 Domain Dr
[2024-10-22 14:49:21,267] [INFO] [fps_address_scraper.py:183] Skipping https://www.fastpeoplesearch.com/address/11711-domain-dr_austin-tx/page/1 because already scraped.
[2024-10-22 14:49:21,317] [INFO] [fps_address_scraper.py:183] Skipping https://www.fastpeoplesearch.com/address/11711-domain-dr_austin-tx/page/2 because already scraped.
[2024-10-22 14:49:21,371] [INFO] [fps_address_scraper.py:183] Skipping https://www.fastpeoplesearch.com/address/11711-domain-dr_austin-tx/page/3 because already scraped.
[2024-10-22 14:49:21,422] [INFO] [fps_address_scraper.py:186] Scraping https://www.fastpeoplesearch.com/address/11711-domain-dr_austin-tx/page/4
[2024-10-22 14:49:43,065] [INFO] [fps_address_scraper.py:26] Got successful response from https://www.fastpeoplesearch.com/address/11711-domain-dr_austin-tx/page/4
[2024-10-22 14:49:43,166] [INFO] [fps_address_scraper.py:91] Saved 10 entries in /home/ubuntu/scripts/result_file/output_chunk_2.xlsx
[2024-10-22 14:49:43,177] [INFO] [fps_address_scraper.py:186] Scraping https://www.fastpeoplesearch.com/address/11711-domain-dr_austin-tx/page/5
[2024-10-22 14:50:48,579] [INFO] [fps_address_scraper.py:26] Got successful response from https://www.fastpeoplesearch.com/address/11711-domain-dr_austin-tx/page/5
[2024-10-22 14:50:48,583] [INFO] [fps_address_scraper.py:47] Original address: 1175 Montgomery Blvd
[2024-10-22 14:50:48,584] [INFO] [fps_address_scraper.py:57] Standardized address: 1175 Montgomery Blvd
[2024-10-22 14:50:48,595] [INFO] [fps_address_scraper.py:186] Scraping https://www.fastpeoplesearch.com/address/1175-montgomery-blvd_allen-tx/page/1
[2024-10-22 14:51:11,482] [INFO] [fps_address_scraper.py:26] Got successful response from https://www.fastpeoplesearch.com/address/1175-montgomery-blvd_allen-tx/page/1
[2024-10-22 14:51:11,691] [INFO] [fps_address_scraper.py:91] Saved 10 entries in /home/ubuntu/scripts/result_file/output_chunk_2.xlsx
[2024-10-22 14:51:11,718] [INFO] [fps_address_scraper.py:186] Scraping https://www.fastpeoplesearch.com/address/1175-montgomery-blvd_allen-tx/page/2
[2024-10-22 14:51:45,599] [INFO] [fps_address_scraper.py:26] Got successful response from https://www.fastpeoplesearch.com/address/1175-montgomery-blvd_allen-tx/page/2
[2024-10-22 14:51:45,733] [INFO] [fps_address_scraper.py:91] Saved 10 entries in /home/ubuntu/scripts/result_file/output_chunk_2.xlsx
[2024-10-22 14:51:45,747] [INFO] [fps_address_scraper.py:186] Scraping https://www.fastpeoplesearch.com/address/1175-montgomery-blvd_allen-tx/page/3
[2024-10-22 14:52:28,338] [INFO] [fps_address_scraper.py:26] Got successful response from https://www.fastpeoplesearch.com/address/1175-montgomery-blvd_allen-tx/page/3
[2024-10-22 14:52:28,582] [INFO] [fps_address_scraper.py:91] Saved 10 entries in /home/ubuntu/scripts/result_file/output_chunk_2.xlsx
[2024-10-22 14:52:28,613] [INFO] [fps_address_scraper.py:186] Scraping https://www.fastpeoplesearch.com/address/1175-montgomery-blvd_allen-tx/page/4
[2024-10-22 14:53:19,753] [INFO] [fps_address_scraper.py:26] Got successful response from https://www.fastpeoplesearch.com/address/1175-montgomery-blvd_allen-tx/page/4
[2024-10-22 14:53:19,866] [INFO] [fps_address_scraper.py:91] Saved 10 entries in /home/ubuntu/scripts/result_file/output_chunk_2.xlsx
[2024-10-22 14:53:19,883] [INFO] [fps_address_scraper.py:186] Scraping https://www.fastpeoplesearch.com/address/1175-montgomery-blvd_allen-tx/page/5
[2024-10-22 14:54:16,700] [INFO] [fps_address_scraper.py:26] Got successful response from https://www.fastpeoplesearch.com/address/1175-montgomery-blvd_allen-tx/page/5
[2024-10-22 14:54:16,819] [INFO] [fps_address_scraper.py:91] Saved 10 entries in /home/ubuntu/scripts/result_file/output_chunk_2.xlsx
[2024-10-22 14:54:16,838] [INFO] [fps_address_scraper.py:186] Scraping https://www.fastpeoplesearch.com/address/1175-montgomery-blvd_allen-tx/page/6
[2024-10-22 14:54:39,488] [INFO] [fps_address_scraper.py:26] Got successful response from https://www.fastpeoplesearch.com/address/1175-montgomery-blvd_allen-tx/page/6
[2024-10-22 14:54:39,610] [INFO] [fps_address_scraper.py:91] Saved 10 entries in /home/ubuntu/scripts/result_file/output_chunk_2.xlsx
[2024-10-22 14:54:39,631] [INFO] [fps_address_scraper.py:186] Scraping https://www.fastpeoplesearch.com/address/1175-montgomery-blvd_allen-tx/page/7
[2024-10-22 14:55:31,515] [INFO] [fps_address_scraper.py:26] Got successful response from https://www.fastpeoplesearch.com/address/1175-montgomery-blvd_allen-tx/page/7
[2024-10-22 14:55:31,677] [INFO] [fps_address_scraper.py:91] Saved 10 entries in /home/ubuntu/scripts/result_file/output_chunk_2.xlsx
[2024-10-22 14:55:31,700] [INFO] [fps_address_scraper.py:186] Scraping https://www.fastpeoplesearch.com/address/1175-montgomery-blvd_allen-tx/page/8
[2024-10-22 14:56:40,457] [INFO] [fps_address_scraper.py:26] Got successful response from https://www.fastpeoplesearch.com/address/1175-montgomery-blvd_allen-tx/page/8
[2024-10-22 14:56:40,572] [INFO] [fps_address_scraper.py:91] Saved 10 entries in /home/ubuntu/scripts/result_file/output_chunk_2.xlsx
[2024-10-22 14:56:40,595] [INFO] [fps_address_scraper.py:186] Scraping https://www.fastpeoplesearch.com/address/1175-montgomery-blvd_allen-tx/page/9
[2024-10-22 14:57:05,652] [INFO] [fps_address_scraper.py:26] Got successful response from https://www.fastpeoplesearch.com/address/1175-montgomery-blvd_allen-tx/page/9
[2024-10-22 14:57:05,782] [INFO] [fps_address_scraper.py:91] Saved 10 entries in /home/ubuntu/scripts/result_file/output_chunk_2.xlsx
[2024-10-22 14:57:05,807] [INFO] [fps_address_scraper.py:186] Scraping https://www.fastpeoplesearch.com/address/1175-montgomery-blvd_allen-tx/page/10
[2024-10-22 14:57:29,672] [INFO] [fps_address_scraper.py:26] Got successful response from https://www.fastpeoplesearch.com/address/1175-montgomery-blvd_allen-tx/page/10
[2024-10-22 14:57:29,802] [INFO] [fps_address_scraper.py:91] Saved 10 entries in /home/ubuntu/scripts/result_file/output_chunk_2.xlsx
[2024-10-22 14:57:29,860] [INFO] [fps_address_scraper.py:186] Scraping https://www.fastpeoplesearch.com/address/1175-montgomery-blvd_allen-tx/page/11
[2024-10-22 14:57:51,371] [INFO] [fps_address_scraper.py:26] Got successful response from https://www.fastpeoplesearch.com/address/1175-montgomery-blvd_allen-tx/page/11
[2024-10-22 14:57:51,503] [INFO] [fps_address_scraper.py:91] Saved 9 entries in /home/ubuntu/scripts/result_file/output_chunk_2.xlsx
[2024-10-22 14:57:51,528] [INFO] [fps_address_scraper.py:186] Scraping https://www.fastpeoplesearch.com/address/1175-montgomery-blvd_allen-tx/page/12
[2024-10-22 14:58:12,180] [INFO] [fps_address_scraper.py:26] Got successful response from https://www.fastpeoplesearch.com/address/1175-montgomery-blvd_allen-tx/page/12
[2024-10-22 14:58:12,198] [INFO] [fps_address_scraper.py:47] Original address: 11771 Mira Lago Blvd
[2024-10-22 14:58:12,198] [INFO] [fps_address_scraper.py:57] Standardized address: 11771 Mira Lago Blvd
[2024-10-22 14:58:12,223] [INFO] [fps_address_scraper.py:186] Scraping https://www.fastpeoplesearch.com/address/11771-mira-lago-blvd_farmers-branch-tx/page/1
[2024-10-22 14:59:03,613] [INFO] [fps_address_scraper.py:26] Got successful response from https://www.fastpeoplesearch.com/address/11771-mira-lago-blvd_farmers-branch-tx/page/1
[2024-10-22 14:59:03,755] [INFO] [fps_address_scraper.py:91] Saved 10 entries in /home/ubuntu/scripts/result_file/output_chunk_2.xlsx
[2024-10-22 14:59:03,786] [INFO] [fps_address_scraper.py:186] Scraping https://www.fastpeoplesearch.com/address/11771-mira-lago-blvd_farmers-branch-tx/page/2
[2024-10-22 14:59:57,293] [INFO] [fps_address_scraper.py:26] Got successful response from https://www.fastpeoplesearch.com/address/11771-mira-lago-blvd_farmers-branch-tx/page/2
[2024-10-22 14:59:57,650] [INFO] [fps_address_scraper.py:91] Saved 10 entries in /home/ubuntu/scripts/result_file/output_chunk_2.xlsx
[2024-10-22 14:59:57,713] [INFO] [fps_address_scraper.py:186] Scraping https://www.fastpeoplesearch.com/address/11771-mira-lago-blvd_farmers-branch-tx/page/3
[2024-10-22 15:00:19,071] [INFO] [fps_address_scraper.py:26] Got successful response from https://www.fastpeoplesearch.com/address/11771-mira-lago-blvd_farmers-branch-tx/page/3
[2024-10-22 15:00:19,208] [INFO] [fps_address_scraper.py:91] Saved 10 entries in /home/ubuntu/scripts/result_file/output_chunk_2.xlsx
[2024-10-22 15:00:19,239] [INFO] [fps_address_scraper.py:186] Scraping https://www.fastpeoplesearch.com/address/11771-mira-lago-blvd_farmers-branch-tx/page/4
[2024-10-22 15:00:59,548] [INFO] [fps_address_scraper.py:26] Got successful response from https://www.fastpeoplesearch.com/address/11771-mira-lago-blvd_farmers-branch-tx/page/4
[2024-10-22 15:00:59,870] [INFO] [fps_address_scraper.py:91] Saved 10 entries in /home/ubuntu/scripts/result_file/output_chunk_2.xlsx
[2024-10-22 15:00:59,935] [INFO] [fps_address_scraper.py:186] Scraping https://www.fastpeoplesearch.com/address/11771-mira-lago-blvd_farmers-branch-tx/page/5
[2024-10-22 15:01:53,998] [INFO] [fps_address_scraper.py:26] Got successful response from https://www.fastpeoplesearch.com/address/11771-mira-lago-blvd_farmers-branch-tx/page/5
[2024-10-22 15:01:54,182] [INFO] [fps_address_scraper.py:91] Saved 10 entries in /home/ubuntu/scripts/result_file/output_chunk_2.xlsx
[2024-10-22 15:01:54,214] [INFO] [fps_address_scraper.py:186] Scraping https://www.fastpeoplesearch.com/address/11771-mira-lago-blvd_farmers-branch-tx/page/6
[2024-10-22 15:03:50,152] [ERROR] [fps_address_scraper.py:24] Could not get successful response. Status code 500. {"status":"Failed to get successful response from website. Please retry the request."}
[2024-10-22 15:03:50,152] [WARNING] [api.py:40] Request failed. Status code 500, retrying in 1 seconds...
[2024-10-22 15:04:26,813] [INFO] [fps_address_scraper.py:26] Got successful response from https://www.fastpeoplesearch.com/address/11771-mira-lago-blvd_farmers-branch-tx/page/6
[2024-10-22 15:04:27,146] [INFO] [fps_address_scraper.py:91] Saved 10 entries in /home/ubuntu/scripts/result_file/output_chunk_2.xlsx
[2024-10-22 15:04:27,194] [INFO] [fps_address_scraper.py:186] Scraping https://www.fastpeoplesearch.com/address/11771-mira-lago-blvd_farmers-branch-tx/page/7
[2024-10-22 15:04:51,664] [INFO] [fps_address_scraper.py:26] Got successful response from https://www.fastpeoplesearch.com/address/11771-mira-lago-blvd_farmers-branch-tx/page/7
[2024-10-22 15:04:51,814] [INFO] [fps_address_scraper.py:91] Saved 10 entries in /home/ubuntu/scripts/result_file/output_chunk_2.xlsx
[2024-10-22 15:04:51,848] [INFO] [fps_address_scraper.py:186] Scraping https://www.fastpeoplesearch.com/address/11771-mira-lago-blvd_farmers-branch-tx/page/8
[2024-10-22 15:05:50,732] [ERROR] [fps_address_scraper.py:24] Could not get successful response. Status code 500. {"status":"Failed to get successful response from website. Please retry the request."}
[2024-10-22 15:05:50,734] [WARNING] [api.py:40] Request failed. Status code 500, retrying in 1 seconds...
[2024-10-22 15:06:45,091] [INFO] [fps_address_scraper.py:26] Got successful response from https://www.fastpeoplesearch.com/address/11771-mira-lago-blvd_farmers-branch-tx/page/8
[2024-10-22 15:06:45,271] [INFO] [fps_address_scraper.py:91] Saved 10 entries in /home/ubuntu/scripts/result_file/output_chunk_2.xlsx
[2024-10-22 15:06:45,307] [INFO] [fps_address_scraper.py:186] Scraping https://www.fastpeoplesearch.com/address/11771-mira-lago-blvd_farmers-branch-tx/page/9
[2024-10-22 15:07:36,595] [INFO] [fps_address_scraper.py:26] Got successful response from https://www.fastpeoplesearch.com/address/11771-mira-lago-blvd_farmers-branch-tx/page/9
[2024-10-22 15:07:36,759] [INFO] [fps_address_scraper.py:91] Saved 10 entries in /home/ubuntu/scripts/result_file/output_chunk_2.xlsx
[2024-10-22 15:07:36,798] [INFO] [fps_address_scraper.py:186] Scraping https://www.fastpeoplesearch.com/address/11771-mira-lago-blvd_farmers-branch-tx/page/10
[2024-10-22 15:07:58,783] [INFO] [fps_address_scraper.py:26] Got successful response from https://www.fastpeoplesearch.com/address/11771-mira-lago-blvd_farmers-branch-tx/page/10
[2024-10-22 15:07:58,982] [INFO] [fps_address_scraper.py:91] Saved 10 entries in /home/ubuntu/scripts/result_file/output_chunk_2.xlsx
[2024-10-22 15:07:59,020] [INFO] [fps_address_scraper.py:186] Scraping https://www.fastpeoplesearch.com/address/11771-mira-lago-blvd_farmers-branch-tx/page/11
[2024-10-22 15:08:22,404] [INFO] [fps_address_scraper.py:26] Got successful response from https://www.fastpeoplesearch.com/address/11771-mira-lago-blvd_farmers-branch-tx/page/11
[2024-10-22 15:08:22,552] [INFO] [fps_address_scraper.py:91] Saved 7 entries in /home/ubuntu/scripts/result_file/output_chunk_2.xlsx
[2024-10-22 15:08:22,591] [INFO] [fps_address_scraper.py:186] Scraping https://www.fastpeoplesearch.com/address/11771-mira-lago-blvd_farmers-branch-tx/page/12
[2024-10-22 15:08:47,330] [INFO] [fps_address_scraper.py:26] Got successful response from https://www.fastpeoplesearch.com/address/11771-mira-lago-blvd_farmers-branch-tx/page/12
[2024-10-22 15:08:47,347] [INFO] [fps_address_scraper.py:47] Original address: 11805 Meadowglen Ln
[2024-10-22 15:08:47,347] [INFO] [fps_address_scraper.py:57] Standardized address: 11805 Meadowglen Ln
[2024-10-22 15:08:47,389] [INFO] [fps_address_scraper.py:186] Scraping https://www.fastpeoplesearch.com/address/11805-meadowglen-ln_houston-tx/page/1
[2024-10-22 15:09:39,214] [INFO] [fps_address_scraper.py:26] Got successful response from https://www.fastpeoplesearch.com/address/11805-meadowglen-ln_houston-tx/page/1
[2024-10-22 15:09:39,396] [INFO] [fps_address_scraper.py:91] Saved 10 entries in /home/ubuntu/scripts/result_file/output_chunk_2.xlsx
[2024-10-22 15:09:39,466] [INFO] [fps_address_scraper.py:186] Scraping https://www.fastpeoplesearch.com/address/11805-meadowglen-ln_houston-tx/page/2
[2024-10-22 15:10:14,186] [INFO] [fps_address_scraper.py:26] Got successful response from https://www.fastpeoplesearch.com/address/11805-meadowglen-ln_houston-tx/page/2
[2024-10-22 15:10:14,570] [INFO] [fps_address_scraper.py:91] Saved 10 entries in /home/ubuntu/scripts/result_file/output_chunk_2.xlsx
[2024-10-22 15:10:14,662] [INFO] [fps_address_scraper.py:186] Scraping https://www.fastpeoplesearch.com/address/11805-meadowglen-ln_houston-tx/page/3
[2024-10-22 15:11:08,565] [INFO] [fps_address_scraper.py:26] Got successful response from https://www.fastpeoplesearch.com/address/11805-meadowglen-ln_houston-tx/page/3
[2024-10-22 15:11:08,743] [INFO] [fps_address_scraper.py:91] Saved 10 entries in /home/ubuntu/scripts/result_file/output_chunk_2.xlsx
[2024-10-22 15:11:08,817] [INFO] [fps_address_scraper.py:186] Scraping https://www.fastpeoplesearch.com/address/11805-meadowglen-ln_houston-tx/page/4
[2024-10-22 15:11:42,795] [INFO] [fps_address_scraper.py:26] Got successful response from https://www.fastpeoplesearch.com/address/11805-meadowglen-ln_houston-tx/page/4
[2024-10-22 15:11:43,151] [INFO] [fps_address_scraper.py:91] Saved 10 entries in /home/ubuntu/scripts/result_file/output_chunk_2.xlsx
[2024-10-22 15:11:43,255] [INFO] [fps_address_scraper.py:186] Scraping https://www.fastpeoplesearch.com/address/11805-meadowglen-ln_houston-tx/page/5
[2024-10-22 15:12:33,627] [INFO] [fps_address_scraper.py:26] Got successful response from https://www.fastpeoplesearch.com/address/11805-meadowglen-ln_houston-tx/page/5
[2024-10-22 15:12:33,812] [INFO] [fps_address_scraper.py:91] Saved 10 entries in /home/ubuntu/scripts/result_file/output_chunk_2.xlsx
[2024-10-22 15:12:33,890] [INFO] [fps_address_scraper.py:186] Scraping https://www.fastpeoplesearch.com/address/11805-meadowglen-ln_houston-tx/page/6
[2024-10-22 15:13:17,166] [INFO] [fps_address_scraper.py:26] Got successful response from https://www.fastpeoplesearch.com/address/11805-meadowglen-ln_houston-tx/page/6
[2024-10-22 15:13:17,362] [INFO] [fps_address_scraper.py:91] Saved 10 entries in /home/ubuntu/scripts/result_file/output_chunk_2.xlsx
[2024-10-22 15:13:17,412] [INFO] [fps_address_scraper.py:186] Scraping https://www.fastpeoplesearch.com/address/11805-meadowglen-ln_houston-tx/page/7
[2024-10-22 15:13:53,934] [INFO] [fps_address_scraper.py:26] Got successful response from https://www.fastpeoplesearch.com/address/11805-meadowglen-ln_houston-tx/page/7
[2024-10-22 15:13:54,127] [INFO] [fps_address_scraper.py:91] Saved 10 entries in /home/ubuntu/scripts/result_file/output_chunk_2.xlsx
[2024-10-22 15:13:54,208] [INFO] [fps_address_scraper.py:186] Scraping https://www.fastpeoplesearch.com/address/11805-meadowglen-ln_houston-tx/page/8
[2024-10-22 15:14:16,106] [INFO] [fps_address_scraper.py:26] Got successful response from https://www.fastpeoplesearch.com/address/11805-meadowglen-ln_houston-tx/page/8
[2024-10-22 15:14:16,302] [INFO] [fps_address_scraper.py:91] Saved 10 entries in /home/ubuntu/scripts/result_file/output_chunk_2.xlsx
[2024-10-22 15:14:16,355] [INFO] [fps_address_scraper.py:186] Scraping https://www.fastpeoplesearch.com/address/11805-meadowglen-ln_houston-tx/page/9
[2024-10-22 15:14:38,971] [INFO] [fps_address_scraper.py:26] Got successful response from https://www.fastpeoplesearch.com/address/11805-meadowglen-ln_houston-tx/page/9
[2024-10-22 15:14:39,472] [INFO] [fps_address_scraper.py:91] Saved 10 entries in /home/ubuntu/scripts/result_file/output_chunk_2.xlsx
[2024-10-22 15:14:39,591] [INFO] [fps_address_scraper.py:186] Scraping https://www.fastpeoplesearch.com/address/11805-meadowglen-ln_houston-tx/page/10
[2024-10-22 15:15:12,947] [INFO] [fps_address_scraper.py:26] Got successful response from https://www.fastpeoplesearch.com/address/11805-meadowglen-ln_houston-tx/page/10
[2024-10-22 15:15:13,155] [INFO] [fps_address_scraper.py:91] Saved 10 entries in /home/ubuntu/scripts/result_file/output_chunk_2.xlsx
[2024-10-22 15:15:13,210] [INFO] [fps_address_scraper.py:186] Scraping https://www.fastpeoplesearch.com/address/11805-meadowglen-ln_houston-tx/page/11
[2024-10-22 15:15:34,735] [INFO] [fps_address_scraper.py:26] Got successful response from https://www.fastpeoplesearch.com/address/11805-meadowglen-ln_houston-tx/page/11
[2024-10-22 15:15:34,971] [INFO] [fps_address_scraper.py:91] Saved 9 entries in /home/ubuntu/scripts/result_file/output_chunk_2.xlsx
[2024-10-22 15:15:35,027] [INFO] [fps_address_scraper.py:186] Scraping https://www.fastpeoplesearch.com/address/11805-meadowglen-ln_houston-tx/page/12
[2024-10-22 15:16:02,065] [INFO] [fps_address_scraper.py:26] Got successful response from https://www.fastpeoplesearch.com/address/11805-meadowglen-ln_houston-tx/page/12
[2024-10-22 15:16:02,083] [INFO] [fps_address_scraper.py:47] Original address: 11869 Potranco Rd
[2024-10-22 15:16:02,083] [INFO] [fps_address_scraper.py:57] Standardized address: 11869 Potranco Rd
[2024-10-22 15:16:02,155] [INFO] [fps_address_scraper.py:186] Scraping https://www.fastpeoplesearch.com/address/11869-potranco-rd_san-antonio-tx/page/1
[2024-10-22 15:16:23,755] [INFO] [fps_address_scraper.py:26] Got successful response from https://www.fastpeoplesearch.com/address/11869-potranco-rd_san-antonio-tx/page/1
[2024-10-22 15:16:23,958] [INFO] [fps_address_scraper.py:91] Saved 10 entries in /home/ubuntu/scripts/result_file/output_chunk_2.xlsx
[2024-10-22 15:16:24,043] [INFO] [fps_address_scraper.py:186] Scraping https://www.fastpeoplesearch.com/address/11869-potranco-rd_san-antonio-tx/page/2
[2024-10-22 15:17:26,094] [INFO] [fps_address_scraper.py:26] Got successful response from https://www.fastpeoplesearch.com/address/11869-potranco-rd_san-antonio-tx/page/2
[2024-10-22 15:17:26,556] [INFO] [fps_address_scraper.py:91] Saved 10 entries in /home/ubuntu/scripts/result_file/output_chunk_2.xlsx
[2024-10-22 15:17:26,671] [INFO] [fps_address_scraper.py:186] Scraping https://www.fastpeoplesearch.com/address/11869-potranco-rd_san-antonio-tx/page/3
[2024-10-22 15:18:03,181] [INFO] [fps_address_scraper.py:26] Got successful response from https://www.fastpeoplesearch.com/address/11869-potranco-rd_san-antonio-tx/page/3
[2024-10-22 15:18:03,422] [INFO] [fps_address_scraper.py:91] Saved 10 entries in /home/ubuntu/scripts/result_file/output_chunk_2.xlsx
[2024-10-22 15:18:03,482] [INFO] [fps_address_scraper.py:186] Scraping https://www.fastpeoplesearch.com/address/11869-potranco-rd_san-antonio-tx/page/4
[2024-10-22 15:18:24,989] [INFO] [fps_address_scraper.py:26] Got successful response from https://www.fastpeoplesearch.com/address/11869-potranco-rd_san-antonio-tx/page/4
[2024-10-22 15:18:25,203] [INFO] [fps_address_scraper.py:91] Saved 10 entries in /home/ubuntu/scripts/result_file/output_chunk_2.xlsx
[2024-10-22 15:18:25,276] [INFO] [fps_address_scraper.py:186] Scraping https://www.fastpeoplesearch.com/address/11869-potranco-rd_san-antonio-tx/page/5
[2024-10-22 15:19:41,243] [INFO] [fps_address_scraper.py:26] Got successful response from https://www.fastpeoplesearch.com/address/11869-potranco-rd_san-antonio-tx/page/5
[2024-10-22 15:19:41,486] [INFO] [fps_address_scraper.py:91] Saved 10 entries in /home/ubuntu/scripts/result_file/output_chunk_2.xlsx
[2024-10-22 15:19:41,548] [INFO] [fps_address_scraper.py:186] Scraping https://www.fastpeoplesearch.com/address/11869-potranco-rd_san-antonio-tx/page/6
[2024-10-22 15:20:20,869] [INFO] [fps_address_scraper.py:26] Got successful response from https://www.fastpeoplesearch.com/address/11869-potranco-rd_san-antonio-tx/page/6
[2024-10-22 15:20:21,077] [INFO] [fps_address_scraper.py:91] Saved 10 entries in /home/ubuntu/scripts/result_file/output_chunk_2.xlsx
[2024-10-22 15:20:21,135] [INFO] [fps_address_scraper.py:186] Scraping https://www.fastpeoplesearch.com/address/11869-potranco-rd_san-antonio-tx/page/7
[2024-10-22 15:20:43,727] [INFO] [fps_address_scraper.py:26] Got successful response from https://www.fastpeoplesearch.com/address/11869-potranco-rd_san-antonio-tx/page/7
[2024-10-22 15:20:43,943] [INFO] [fps_address_scraper.py:91] Saved 10 entries in /home/ubuntu/scripts/result_file/output_chunk_2.xlsx
[2024-10-22 15:20:44,008] [INFO] [fps_address_scraper.py:186] Scraping https://www.fastpeoplesearch.com/address/11869-potranco-rd_san-antonio-tx/page/8
[2024-10-22 15:21:35,965] [INFO] [fps_address_scraper.py:26] Got successful response from https://www.fastpeoplesearch.com/address/11869-potranco-rd_san-antonio-tx/page/8
[2024-10-22 15:21:36,215] [INFO] [fps_address_scraper.py:91] Saved 10 entries in /home/ubuntu/scripts/result_file/output_chunk_2.xlsx
[2024-10-22 15:21:36,280] [INFO] [fps_address_scraper.py:186] Scraping https://www.fastpeoplesearch.com/address/11869-potranco-rd_san-antonio-tx/page/9
[2024-10-22 15:21:59,695] [INFO] [fps_address_scraper.py:26] Got successful response from https://www.fastpeoplesearch.com/address/11869-potranco-rd_san-antonio-tx/page/9
[2024-10-22 15:21:59,952] [INFO] [fps_address_scraper.py:91] Saved 10 entries in /home/ubuntu/scripts/result_file/output_chunk_2.xlsx
[2024-10-22 15:22:00,020] [INFO] [fps_address_scraper.py:186] Scraping https://www.fastpeoplesearch.com/address/11869-potranco-rd_san-antonio-tx/page/10
[2024-10-22 15:22:51,374] [INFO] [fps_address_scraper.py:26] Got successful response from https://www.fastpeoplesearch.com/address/11869-potranco-rd_san-antonio-tx/page/10
[2024-10-22 15:22:51,559] [INFO] [fps_address_scraper.py:91] Saved 10 entries in /home/ubuntu/scripts/result_file/output_chunk_2.xlsx
[2024-10-22 15:22:51,624] [INFO] [fps_address_scraper.py:186] Scraping https://www.fastpeoplesearch.com/address/11869-potranco-rd_san-antonio-tx/page/11
[2024-10-22 15:23:13,563] [INFO] [fps_address_scraper.py:26] Got successful response from https://www.fastpeoplesearch.com/address/11869-potranco-rd_san-antonio-tx/page/11
[2024-10-22 15:23:13,826] [INFO] [fps_address_scraper.py:91] Saved 9 entries in /home/ubuntu/scripts/result_file/output_chunk_2.xlsx
[2024-10-22 15:23:13,898] [INFO] [fps_address_scraper.py:186] Scraping https://www.fastpeoplesearch.com/address/11869-potranco-rd_san-antonio-tx/page/12
[2024-10-22 15:24:19,095] [INFO] [fps_address_scraper.py:26] Got successful response from https://www.fastpeoplesearch.com/address/11869-potranco-rd_san-antonio-tx/page/12
[2024-10-22 15:24:19,112] [INFO] [fps_address_scraper.py:47] Original address: 11900 Commerce St
[2024-10-22 15:24:19,112] [INFO] [fps_address_scraper.py:57] Standardized address: 11900 Commerce St
[2024-10-22 15:24:19,181] [INFO] [fps_address_scraper.py:186] Scraping https://www.fastpeoplesearch.com/address/11900-commerce-st_farmers-branch-tx/page/1
[2024-10-22 15:24:46,017] [INFO] [fps_address_scraper.py:26] Got successful response from https://www.fastpeoplesearch.com/address/11900-commerce-st_farmers-branch-tx/page/1
[2024-10-22 15:24:46,278] [INFO] [fps_address_scraper.py:91] Saved 10 entries in /home/ubuntu/scripts/result_file/output_chunk_2.xlsx
[2024-10-22 15:24:46,350] [INFO] [fps_address_scraper.py:186] Scraping https://www.fastpeoplesearch.com/address/11900-commerce-st_farmers-branch-tx/page/2
[2024-10-22 15:25:38,047] [INFO] [fps_address_scraper.py:26] Got successful response from https://www.fastpeoplesearch.com/address/11900-commerce-st_farmers-branch-tx/page/2
[2024-10-22 15:25:38,316] [INFO] [fps_address_scraper.py:91] Saved 10 entries in /home/ubuntu/scripts/result_file/output_chunk_2.xlsx
[2024-10-22 15:25:38,388] [INFO] [fps_address_scraper.py:186] Scraping https://www.fastpeoplesearch.com/address/11900-commerce-st_farmers-branch-tx/page/3
[2024-10-22 15:26:29,987] [INFO] [fps_address_scraper.py:26] Got successful response from https://www.fastpeoplesearch.com/address/11900-commerce-st_farmers-branch-tx/page/3
[2024-10-22 15:26:30,226] [INFO] [fps_address_scraper.py:91] Saved 10 entries in /home/ubuntu/scripts/result_file/output_chunk_2.xlsx
[2024-10-22 15:26:30,332] [INFO] [fps_address_scraper.py:186] Scraping https://www.fastpeoplesearch.com/address/11900-commerce-st_farmers-branch-tx/page/4
[2024-10-22 15:27:13,519] [INFO] [fps_address_scraper.py:26] Got successful response from https://www.fastpeoplesearch.com/address/11900-commerce-st_farmers-branch-tx/page/4
[2024-10-22 15:27:13,764] [INFO] [fps_address_scraper.py:91] Saved 10 entries in /home/ubuntu/scripts/result_file/output_chunk_2.xlsx
[2024-10-22 15:27:13,842] [INFO] [fps_address_scraper.py:186] Scraping https://www.fastpeoplesearch.com/address/11900-commerce-st_farmers-branch-tx/page/5
[2024-10-22 15:28:05,535] [INFO] [fps_address_scraper.py:26] Got successful response from https://www.fastpeoplesearch.com/address/11900-commerce-st_farmers-branch-tx/page/5
[2024-10-22 15:28:05,808] [INFO] [fps_address_scraper.py:91] Saved 10 entries in /home/ubuntu/scripts/result_file/output_chunk_2.xlsx
[2024-10-22 15:28:05,884] [INFO] [fps_address_scraper.py:186] Scraping https://www.fastpeoplesearch.com/address/11900-commerce-st_farmers-branch-tx/page/6
[2024-10-22 15:28:29,820] [INFO] [fps_address_scraper.py:26] Got successful response from https://www.fastpeoplesearch.com/address/11900-commerce-st_farmers-branch-tx/page/6
[2024-10-22 15:28:30,367] [INFO] [fps_address_scraper.py:91] Saved 10 entries in /home/ubuntu/scripts/result_file/output_chunk_2.xlsx
[2024-10-22 15:28:30,446] [INFO] [fps_address_scraper.py:186] Scraping https://www.fastpeoplesearch.com/address/11900-commerce-st_farmers-branch-tx/page/7
[2024-10-22 15:28:52,989] [INFO] [fps_address_scraper.py:26] Got successful response from https://www.fastpeoplesearch.com/address/11900-commerce-st_farmers-branch-tx/page/7
[2024-10-22 15:28:53,595] [INFO] [fps_address_scraper.py:91] Saved 10 entries in /home/ubuntu/scripts/result_file/output_chunk_2.xlsx
[2024-10-22 15:28:53,762] [INFO] [fps_address_scraper.py:186] Scraping https://www.fastpeoplesearch.com/address/11900-commerce-st_farmers-branch-tx/page/8
[2024-10-22 15:29:45,952] [INFO] [fps_address_scraper.py:26] Got successful response from https://www.fastpeoplesearch.com/address/11900-commerce-st_farmers-branch-tx/page/8
[2024-10-22 15:29:46,210] [INFO] [fps_address_scraper.py:91] Saved 10 entries in /home/ubuntu/scripts/result_file/output_chunk_2.xlsx
[2024-10-22 15:29:46,320] [INFO] [fps_address_scraper.py:186] Scraping https://www.fastpeoplesearch.com/address/11900-commerce-st_farmers-branch-tx/page/9
[2024-10-22 15:30:52,064] [INFO] [fps_address_scraper.py:26] Got successful response from https://www.fastpeoplesearch.com/address/11900-commerce-st_farmers-branch-tx/page/9
[2024-10-22 15:30:52,324] [INFO] [fps_address_scraper.py:91] Saved 10 entries in /home/ubuntu/scripts/result_file/output_chunk_2.xlsx
[2024-10-22 15:30:52,408] [INFO] [fps_address_scraper.py:186] Scraping https://www.fastpeoplesearch.com/address/11900-commerce-st_farmers-branch-tx/page/10
[2024-10-22 15:31:30,998] [INFO] [fps_address_scraper.py:26] Got successful response from https://www.fastpeoplesearch.com/address/11900-commerce-st_farmers-branch-tx/page/10
[2024-10-22 15:31:31,288] [INFO] [fps_address_scraper.py:91] Saved 10 entries in /home/ubuntu/scripts/result_file/output_chunk_2.xlsx
[2024-10-22 15:31:31,372] [INFO] [fps_address_scraper.py:186] Scraping https://www.fastpeoplesearch.com/address/11900-commerce-st_farmers-branch-tx/page/11
[2024-10-22 15:31:54,731] [INFO] [fps_address_scraper.py:26] Got successful response from https://www.fastpeoplesearch.com/address/11900-commerce-st_farmers-branch-tx/page/11
[2024-10-22 15:31:55,004] [INFO] [fps_address_scraper.py:91] Saved 6 entries in /home/ubuntu/scripts/result_file/output_chunk_2.xlsx
[2024-10-22 15:31:55,089] [INFO] [fps_address_scraper.py:186] Scraping https://www.fastpeoplesearch.com/address/11900-commerce-st_farmers-branch-tx/page/12
[2024-10-22 15:32:16,121] [INFO] [fps_address_scraper.py:26] Got successful response from https://www.fastpeoplesearch.com/address/11900-commerce-st_farmers-branch-tx/page/12
[2024-10-22 15:32:16,139] [INFO] [fps_address_scraper.py:47] Original address: 11900 Research Rd
[2024-10-22 15:32:16,139] [INFO] [fps_address_scraper.py:57] Standardized address: 11900 Research Rd
[2024-10-22 15:32:16,224] [INFO] [fps_address_scraper.py:186] Scraping https://www.fastpeoplesearch.com/address/11900-research-rd_frisco-tx/page/1
[2024-10-22 15:32:37,884] [INFO] [fps_address_scraper.py:26] Got successful response from https://www.fastpeoplesearch.com/address/11900-research-rd_frisco-tx/page/1
[2024-10-22 15:32:38,185] [INFO] [fps_address_scraper.py:91] Saved 10 entries in /home/ubuntu/scripts/result_file/output_chunk_2.xlsx
[2024-10-22 15:32:38,273] [INFO] [fps_address_scraper.py:186] Scraping https://www.fastpeoplesearch.com/address/11900-research-rd_frisco-tx/page/2
[2024-10-22 15:33:00,042] [INFO] [fps_address_scraper.py:26] Got successful response from https://www.fastpeoplesearch.com/address/11900-research-rd_frisco-tx/page/2
[2024-10-22 15:33:00,599] [INFO] [fps_address_scraper.py:91] Saved 10 entries in /home/ubuntu/scripts/result_file/output_chunk_2.xlsx
[2024-10-22 15:33:00,688] [INFO] [fps_address_scraper.py:186] Scraping https://www.fastpeoplesearch.com/address/11900-research-rd_frisco-tx/page/3
[2024-10-22 15:33:23,564] [INFO] [fps_address_scraper.py:26] Got successful response from https://www.fastpeoplesearch.com/address/11900-research-rd_frisco-tx/page/3
[2024-10-22 15:33:23,866] [INFO] [fps_address_scraper.py:91] Saved 10 entries in /home/ubuntu/scripts/result_file/output_chunk_2.xlsx
[2024-10-22 15:33:23,954] [INFO] [fps_address_scraper.py:186] Scraping https://www.fastpeoplesearch.com/address/11900-research-rd_frisco-tx/page/4
[2024-10-22 15:34:01,665] [INFO] [fps_address_scraper.py:26] Got successful response from https://www.fastpeoplesearch.com/address/11900-research-rd_frisco-tx/page/4
[2024-10-22 15:34:01,975] [INFO] [fps_address_scraper.py:91] Saved 10 entries in /home/ubuntu/scripts/result_file/output_chunk_2.xlsx
[2024-10-22 15:34:02,066] [INFO] [fps_address_scraper.py:186] Scraping https://www.fastpeoplesearch.com/address/11900-research-rd_frisco-tx/page/5
[2024-10-22 15:34:53,912] [INFO] [fps_address_scraper.py:26] Got successful response from https://www.fastpeoplesearch.com/address/11900-research-rd_frisco-tx/page/5
[2024-10-22 15:34:54,188] [INFO] [fps_address_scraper.py:91] Saved 10 entries in /home/ubuntu/scripts/result_file/output_chunk_2.xlsx
[2024-10-22 15:34:54,313] [INFO] [fps_address_scraper.py:186] Scraping https://www.fastpeoplesearch.com/address/11900-research-rd_frisco-tx/page/6
[2024-10-22 15:35:16,940] [INFO] [fps_address_scraper.py:26] Got successful response from https://www.fastpeoplesearch.com/address/11900-research-rd_frisco-tx/page/6
[2024-10-22 15:35:17,215] [INFO] [fps_address_scraper.py:91] Saved 10 entries in /home/ubuntu/scripts/result_file/output_chunk_2.xlsx
[2024-10-22 15:35:17,336] [INFO] [fps_address_scraper.py:186] Scraping https://www.fastpeoplesearch.com/address/11900-research-rd_frisco-tx/page/7
[2024-10-22 15:36:24,397] [INFO] [fps_address_scraper.py:26] Got successful response from https://www.fastpeoplesearch.com/address/11900-research-rd_frisco-tx/page/7
[2024-10-22 15:36:24,683] [INFO] [fps_address_scraper.py:91] Saved 10 entries in /home/ubuntu/scripts/result_file/output_chunk_2.xlsx
[2024-10-22 15:36:24,805] [INFO] [fps_address_scraper.py:186] Scraping https://www.fastpeoplesearch.com/address/11900-research-rd_frisco-tx/page/8
[2024-10-22 15:37:03,052] [INFO] [fps_address_scraper.py:26] Got successful response from https://www.fastpeoplesearch.com/address/11900-research-rd_frisco-tx/page/8
[2024-10-22 15:37:03,346] [INFO] [fps_address_scraper.py:91] Saved 10 entries in /home/ubuntu/scripts/result_file/output_chunk_2.xlsx
[2024-10-22 15:37:03,471] [INFO] [fps_address_scraper.py:186] Scraping https://www.fastpeoplesearch.com/address/11900-research-rd_frisco-tx/page/9
[2024-10-22 15:37:55,272] [INFO] [fps_address_scraper.py:26] Got successful response from https://www.fastpeoplesearch.com/address/11900-research-rd_frisco-tx/page/9
[2024-10-22 15:37:55,884] [INFO] [fps_address_scraper.py:91] Saved 10 entries in /home/ubuntu/scripts/result_file/output_chunk_2.xlsx
[2024-10-22 15:37:56,090] [INFO] [fps_address_scraper.py:186] Scraping https://www.fastpeoplesearch.com/address/11900-research-rd_frisco-tx/page/10
[2024-10-22 15:39:01,039] [INFO] [fps_address_scraper.py:26] Got successful response from https://www.fastpeoplesearch.com/address/11900-research-rd_frisco-tx/page/10
[2024-10-22 15:39:01,363] [INFO] [fps_address_scraper.py:91] Saved 10 entries in /home/ubuntu/scripts/result_file/output_chunk_2.xlsx
[2024-10-22 15:39:01,463] [INFO] [fps_address_scraper.py:186] Scraping https://www.fastpeoplesearch.com/address/11900-research-rd_frisco-tx/page/11
[2024-10-22 15:40:05,710] [INFO] [fps_address_scraper.py:26] Got successful response from https://www.fastpeoplesearch.com/address/11900-research-rd_frisco-tx/page/11
[2024-10-22 15:40:06,218] [INFO] [fps_address_scraper.py:91] Saved 7 entries in /home/ubuntu/scripts/result_file/output_chunk_2.xlsx
[2024-10-22 15:40:06,442] [INFO] [fps_address_scraper.py:186] Scraping https://www.fastpeoplesearch.com/address/11900-research-rd_frisco-tx/page/12
[2024-10-22 15:40:28,355] [INFO] [fps_address_scraper.py:26] Got successful response from https://www.fastpeoplesearch.com/address/11900-research-rd_frisco-tx/page/12
[2024-10-22 15:40:28,372] [INFO] [fps_address_scraper.py:47] Original address: 11901 Willlow Springs Rd
[2024-10-22 15:40:28,373] [INFO] [fps_address_scraper.py:57] Standardized address: 11901 Willlow Springs Rd
[2024-10-22 15:40:28,500] [INFO] [fps_address_scraper.py:186] Scraping https://www.fastpeoplesearch.com/address/11901-willlow-springs-rd_haslet-tx/page/1
[2024-10-22 15:40:51,048] [INFO] [fps_address_scraper.py:26] Got successful response from https://www.fastpeoplesearch.com/address/11901-willlow-springs-rd_haslet-tx/page/1
[2024-10-22 15:40:51,069] [INFO] [fps_address_scraper.py:47] Original address: 11911 Greenville Ave
[2024-10-22 15:40:51,069] [INFO] [fps_address_scraper.py:57] Standardized address: 11911 Greenville Ave
[2024-10-22 15:40:51,169] [INFO] [fps_address_scraper.py:186] Scraping https://www.fastpeoplesearch.com/address/11911-greenville-ave_dallas-tx/page/1
[2024-10-22 15:41:56,916] [INFO] [fps_address_scraper.py:26] Got successful response from https://www.fastpeoplesearch.com/address/11911-greenville-ave_dallas-tx/page/1
[2024-10-22 15:41:57,236] [INFO] [fps_address_scraper.py:91] Saved 10 entries in /home/ubuntu/scripts/result_file/output_chunk_2.xlsx
[2024-10-22 15:41:57,339] [INFO] [fps_address_scraper.py:186] Scraping https://www.fastpeoplesearch.com/address/11911-greenville-ave_dallas-tx/page/2
[2024-10-22 15:43:22,664] [INFO] [fps_address_scraper.py:26] Got successful response from https://www.fastpeoplesearch.com/address/11911-greenville-ave_dallas-tx/page/2
[2024-10-22 15:43:22,990] [INFO] [fps_address_scraper.py:91] Saved 10 entries in /home/ubuntu/scripts/result_file/output_chunk_2.xlsx
[2024-10-22 15:43:23,094] [INFO] [fps_address_scraper.py:186] Scraping https://www.fastpeoplesearch.com/address/11911-greenville-ave_dallas-tx/page/3
[2024-10-22 15:44:33,498] [INFO] [fps_address_scraper.py:26] Got successful response from https://www.fastpeoplesearch.com/address/11911-greenville-ave_dallas-tx/page/3
[2024-10-22 15:44:33,840] [INFO] [fps_address_scraper.py:91] Saved 10 entries in /home/ubuntu/scripts/result_file/output_chunk_2.xlsx
[2024-10-22 15:44:33,943] [INFO] [fps_address_scraper.py:186] Scraping https://www.fastpeoplesearch.com/address/11911-greenville-ave_dallas-tx/page/4
[2024-10-22 15:45:25,471] [INFO] [fps_address_scraper.py:26] Got successful response from https://www.fastpeoplesearch.com/address/11911-greenville-ave_dallas-tx/page/4
[2024-10-22 15:45:25,814] [INFO] [fps_address_scraper.py:91] Saved 10 entries in /home/ubuntu/scripts/result_file/output_chunk_2.xlsx
[2024-10-22 15:45:25,918] [INFO] [fps_address_scraper.py:186] Scraping https://www.fastpeoplesearch.com/address/11911-greenville-ave_dallas-tx/page/5
[2024-10-22 15:46:03,323] [INFO] [fps_address_scraper.py:26] Got successful response from https://www.fastpeoplesearch.com/address/11911-greenville-ave_dallas-tx/page/5
[2024-10-22 15:46:03,671] [INFO] [fps_address_scraper.py:91] Saved 10 entries in /home/ubuntu/scripts/result_file/output_chunk_2.xlsx
[2024-10-22 15:46:03,778] [INFO] [fps_address_scraper.py:186] Scraping https://www.fastpeoplesearch.com/address/11911-greenville-ave_dallas-tx/page/6
[2024-10-22 15:46:26,976] [INFO] [fps_address_scraper.py:26] Got successful response from https://www.fastpeoplesearch.com/address/11911-greenville-ave_dallas-tx/page/6
[2024-10-22 15:46:27,324] [INFO] [fps_address_scraper.py:91] Saved 10 entries in /home/ubuntu/scripts/result_file/output_chunk_2.xlsx
[2024-10-22 15:46:27,431] [INFO] [fps_address_scraper.py:186] Scraping https://www.fastpeoplesearch.com/address/11911-greenville-ave_dallas-tx/page/7
[2024-10-22 15:46:48,910] [INFO] [fps_address_scraper.py:26] Got successful response from https://www.fastpeoplesearch.com/address/11911-greenville-ave_dallas-tx/page/7
[2024-10-22 15:46:49,251] [INFO] [fps_address_scraper.py:91] Saved 10 entries in /home/ubuntu/scripts/result_file/output_chunk_2.xlsx
[2024-10-22 15:46:49,364] [INFO] [fps_address_scraper.py:186] Scraping https://www.fastpeoplesearch.com/address/11911-greenville-ave_dallas-tx/page/8
[2024-10-22 15:47:11,332] [INFO] [fps_address_scraper.py:26] Got successful response from https://www.fastpeoplesearch.com/address/11911-greenville-ave_dallas-tx/page/8
[2024-10-22 15:47:11,678] [INFO] [fps_address_scraper.py:91] Saved 10 entries in /home/ubuntu/scripts/result_file/output_chunk_2.xlsx
[2024-10-22 15:47:11,791] [INFO] [fps_address_scraper.py:186] Scraping https://www.fastpeoplesearch.com/address/11911-greenville-ave_dallas-tx/page/9
[2024-10-22 15:48:03,457] [INFO] [fps_address_scraper.py:26] Got successful response from https://www.fastpeoplesearch.com/address/11911-greenville-ave_dallas-tx/page/9
[2024-10-22 15:48:03,818] [INFO] [fps_address_scraper.py:91] Saved 10 entries in /home/ubuntu/scripts/result_file/output_chunk_2.xlsx
[2024-10-22 15:48:03,932] [INFO] [fps_address_scraper.py:186] Scraping https://www.fastpeoplesearch.com/address/11911-greenville-ave_dallas-tx/page/10
[2024-10-22 15:48:25,846] [INFO] [fps_address_scraper.py:26] Got successful response from https://www.fastpeoplesearch.com/address/11911-greenville-ave_dallas-tx/page/10
[2024-10-22 15:48:26,199] [INFO] [fps_address_scraper.py:91] Saved 10 entries in /home/ubuntu/scripts/result_file/output_chunk_2.xlsx
[2024-10-22 15:48:26,338] [INFO] [fps_address_scraper.py:186] Scraping https://www.fastpeoplesearch.com/address/11911-greenville-ave_dallas-tx/page/11
[2024-10-22 15:48:47,746] [INFO] [fps_address_scraper.py:26] Got successful response from https://www.fastpeoplesearch.com/address/11911-greenville-ave_dallas-tx/page/11
[2024-10-22 15:48:48,077] [INFO] [fps_address_scraper.py:91] Saved 9 entries in /home/ubuntu/scripts/result_file/output_chunk_2.xlsx
[2024-10-22 15:48:48,220] [INFO] [fps_address_scraper.py:186] Scraping https://www.fastpeoplesearch.com/address/11911-greenville-ave_dallas-tx/page/12
[2024-10-22 15:49:16,391] [INFO] [fps_address_scraper.py:26] Got successful response from https://www.fastpeoplesearch.com/address/11911-greenville-ave_dallas-tx/page/12
[2024-10-22 15:49:16,409] [INFO] [fps_address_scraper.py:47] Original address: 11925 Ring Dr
[2024-10-22 15:49:16,410] [INFO] [fps_address_scraper.py:57] Standardized address: 11925 Ring Dr
[2024-10-22 15:49:16,525] [INFO] [fps_address_scraper.py:186] Scraping https://www.fastpeoplesearch.com/address/11925-ring-dr_manor-tx/page/1
[2024-10-22 15:49:41,081] [INFO] [fps_address_scraper.py:26] Got successful response from https://www.fastpeoplesearch.com/address/11925-ring-dr_manor-tx/page/1
[2024-10-22 15:49:41,512] [INFO] [fps_address_scraper.py:91] Saved 9 entries in /home/ubuntu/scripts/result_file/output_chunk_2.xlsx
[2024-10-22 15:49:41,627] [INFO] [fps_address_scraper.py:186] Scraping https://www.fastpeoplesearch.com/address/11925-ring-dr_manor-tx/page/2
[2024-10-22 15:50:45,513] [INFO] [fps_address_scraper.py:26] Got successful response from https://www.fastpeoplesearch.com/address/11925-ring-dr_manor-tx/page/2
[2024-10-22 15:50:45,874] [INFO] [fps_address_scraper.py:91] Saved 10 entries in /home/ubuntu/scripts/result_file/output_chunk_2.xlsx
[2024-10-22 15:50:45,991] [INFO] [fps_address_scraper.py:186] Scraping https://www.fastpeoplesearch.com/address/11925-ring-dr_manor-tx/page/3
[2024-10-22 15:51:09,646] [INFO] [fps_address_scraper.py:26] Got successful response from https://www.fastpeoplesearch.com/address/11925-ring-dr_manor-tx/page/3
[2024-10-22 15:51:10,406] [INFO] [fps_address_scraper.py:91] Saved 10 entries in /home/ubuntu/scripts/result_file/output_chunk_2.xlsx
[2024-10-22 15:51:10,650] [INFO] [fps_address_scraper.py:186] Scraping https://www.fastpeoplesearch.com/address/11925-ring-dr_manor-tx/page/4
[2024-10-22 15:51:46,793] [INFO] [fps_address_scraper.py:26] Got successful response from https://www.fastpeoplesearch.com/address/11925-ring-dr_manor-tx/page/4
[2024-10-22 15:51:47,160] [INFO] [fps_address_scraper.py:91] Saved 10 entries in /home/ubuntu/scripts/result_file/output_chunk_2.xlsx
[2024-10-22 15:51:47,300] [INFO] [fps_address_scraper.py:186] Scraping https://www.fastpeoplesearch.com/address/11925-ring-dr_manor-tx/page/5
[2024-10-22 15:52:39,045] [INFO] [fps_address_scraper.py:26] Got successful response from https://www.fastpeoplesearch.com/address/11925-ring-dr_manor-tx/page/5
[2024-10-22 15:52:39,419] [INFO] [fps_address_scraper.py:91] Saved 10 entries in /home/ubuntu/scripts/result_file/output_chunk_2.xlsx
[2024-10-22 15:52:39,569] [INFO] [fps_address_scraper.py:186] Scraping https://www.fastpeoplesearch.com/address/11925-ring-dr_manor-tx/page/6
[2024-10-22 15:53:48,472] [INFO] [fps_address_scraper.py:26] Got successful response from https://www.fastpeoplesearch.com/address/11925-ring-dr_manor-tx/page/6
[2024-10-22 15:53:48,853] [INFO] [fps_address_scraper.py:91] Saved 10 entries in /home/ubuntu/scripts/result_file/output_chunk_2.xlsx
[2024-10-22 15:53:48,976] [INFO] [fps_address_scraper.py:186] Scraping https://www.fastpeoplesearch.com/address/11925-ring-dr_manor-tx/page/7
[2024-10-22 15:55:14,330] [INFO] [fps_address_scraper.py:26] Got successful response from https://www.fastpeoplesearch.com/address/11925-ring-dr_manor-tx/page/7
[2024-10-22 15:55:14,719] [INFO] [fps_address_scraper.py:91] Saved 10 entries in /home/ubuntu/scripts/result_file/output_chunk_2.xlsx
[2024-10-22 15:55:14,847] [INFO] [fps_address_scraper.py:186] Scraping https://www.fastpeoplesearch.com/address/11925-ring-dr_manor-tx/page/8
[2024-10-22 15:56:07,500] [INFO] [fps_address_scraper.py:26] Got successful response from https://www.fastpeoplesearch.com/address/11925-ring-dr_manor-tx/page/8
[2024-10-22 15:56:08,223] [INFO] [fps_address_scraper.py:91] Saved 10 entries in /home/ubuntu/scripts/result_file/output_chunk_2.xlsx
[2024-10-22 15:56:08,484] [INFO] [fps_address_scraper.py:186] Scraping https://www.fastpeoplesearch.com/address/11925-ring-dr_manor-tx/page/9
[2024-10-22 15:56:59,915] [INFO] [fps_address_scraper.py:26] Got successful response from https://www.fastpeoplesearch.com/address/11925-ring-dr_manor-tx/page/9
[2024-10-22 15:57:00,312] [INFO] [fps_address_scraper.py:91] Saved 10 entries in /home/ubuntu/scripts/result_file/output_chunk_2.xlsx
[2024-10-22 15:57:00,470] [INFO] [fps_address_scraper.py:186] Scraping https://www.fastpeoplesearch.com/address/11925-ring-dr_manor-tx/page/10
[2024-10-22 15:57:42,276] [INFO] [fps_address_scraper.py:26] Got successful response from https://www.fastpeoplesearch.com/address/11925-ring-dr_manor-tx/page/10
[2024-10-22 15:57:42,659] [INFO] [fps_address_scraper.py:91] Saved 10 entries in /home/ubuntu/scripts/result_file/output_chunk_2.xlsx
[2024-10-22 15:57:42,789] [INFO] [fps_address_scraper.py:186] Scraping https://www.fastpeoplesearch.com/address/11925-ring-dr_manor-tx/page/11
[2024-10-22 15:58:16,136] [INFO] [fps_address_scraper.py:26] Got successful response from https://www.fastpeoplesearch.com/address/11925-ring-dr_manor-tx/page/11
[2024-10-22 15:58:16,529] [INFO] [fps_address_scraper.py:91] Saved 9 entries in /home/ubuntu/scripts/result_file/output_chunk_2.xlsx
[2024-10-22 15:58:16,659] [INFO] [fps_address_scraper.py:186] Scraping https://www.fastpeoplesearch.com/address/11925-ring-dr_manor-tx/page/12
