[2024-10-23 18:58:32,750] [INFO] [fps_address_scraper.py:216] output_chunk_17.xlsx. Scraping 1 of 98
[2024-10-23 18:58:32,771] [INFO] [fps_address_scraper.py:47] Original address: 1521 Boyd Pointe Way
[2024-10-23 18:58:32,771] [INFO] [fps_address_scraper.py:57] Standardized address: 1521 Boyd Pointe Way
[2024-10-23 18:58:32,771] [INFO] [fps_address_scraper.py:185] Scraping https://www.fastpeoplesearch.com/address/1521-boyd-pointe-way_mclean-va/page/1
[2024-10-23 19:01:38,112] [INFO] [fps_address_scraper.py:216] output_chunk_17.xlsx. Scraping 1 of 98
[2024-10-23 19:01:38,116] [INFO] [fps_address_scraper.py:47] Original address: 1521 Boyd Pointe Way
[2024-10-23 19:01:38,117] [INFO] [fps_address_scraper.py:57] Standardized address: 1521 Boyd Pointe Way
[2024-10-23 19:01:38,117] [INFO] [fps_address_scraper.py:185] Scraping https://www.fastpeoplesearch.com/address/1521-boyd-pointe-way_mclean-va/page/1
[2024-10-23 19:01:59,026] [INFO] [fps_address_scraper.py:26] Got successful response from https://www.fastpeoplesearch.com/address/1521-boyd-pointe-way_mclean-va/page/1
[2024-10-23 19:01:59,042] [INFO] [fps_address_scraper.py:216] output_chunk_17.xlsx. Scraping 2 of 98
[2024-10-23 19:01:59,042] [INFO] [fps_address_scraper.py:47] Original address: 15560 Cosby Village Ave
[2024-10-23 19:01:59,043] [INFO] [fps_address_scraper.py:57] Standardized address: 15560 Cosby Village Ave
[2024-10-23 19:01:59,043] [INFO] [fps_address_scraper.py:185] Scraping https://www.fastpeoplesearch.com/address/15560-cosby-village-ave_chesterfield-va/page/1
[2024-10-23 19:02:20,479] [INFO] [fps_address_scraper.py:26] Got successful response from https://www.fastpeoplesearch.com/address/15560-cosby-village-ave_chesterfield-va/page/1
[2024-10-23 19:02:20,552] [INFO] [fps_address_scraper.py:91] Saved 10 entries in /home/ubuntu/scripts/result_file/output_chunk_17.xlsx
[2024-10-23 19:02:20,560] [INFO] [fps_address_scraper.py:185] Scraping https://www.fastpeoplesearch.com/address/15560-cosby-village-ave_chesterfield-va/page/2
[2024-10-23 19:02:55,069] [INFO] [fps_address_scraper.py:26] Got successful response from https://www.fastpeoplesearch.com/address/15560-cosby-village-ave_chesterfield-va/page/2
[2024-10-23 19:02:55,146] [INFO] [fps_address_scraper.py:91] Saved 10 entries in /home/ubuntu/scripts/result_file/output_chunk_17.xlsx
[2024-10-23 19:02:55,155] [INFO] [fps_address_scraper.py:185] Scraping https://www.fastpeoplesearch.com/address/15560-cosby-village-ave_chesterfield-va/page/3
[2024-10-23 19:03:23,262] [INFO] [fps_address_scraper.py:26] Got successful response from https://www.fastpeoplesearch.com/address/15560-cosby-village-ave_chesterfield-va/page/3
[2024-10-23 19:03:23,327] [INFO] [fps_address_scraper.py:91] Saved 10 entries in /home/ubuntu/scripts/result_file/output_chunk_17.xlsx
[2024-10-23 19:03:23,337] [INFO] [fps_address_scraper.py:185] Scraping https://www.fastpeoplesearch.com/address/15560-cosby-village-ave_chesterfield-va/page/4
[2024-10-23 19:08:00,271] [INFO] [fps_address_scraper.py:216] output_chunk_17.xlsx. Scraping 1 of 98
[2024-10-23 19:08:00,275] [INFO] [fps_address_scraper.py:47] Original address: 1521 Boyd Pointe Way
[2024-10-23 19:08:00,290] [INFO] [fps_address_scraper.py:57] Standardized address: 1521 Boyd Pointe Way
[2024-10-23 19:08:00,432] [INFO] [fps_address_scraper.py:185] Scraping https://www.fastpeoplesearch.com/address/1521-boyd-pointe-way_mclean-va/page/1
[2024-10-23 19:08:21,398] [INFO] [fps_address_scraper.py:26] Got successful response from https://www.fastpeoplesearch.com/address/1521-boyd-pointe-way_mclean-va/page/1
[2024-10-23 19:08:21,413] [INFO] [fps_address_scraper.py:216] output_chunk_17.xlsx. Scraping 2 of 98
[2024-10-23 19:08:21,413] [INFO] [fps_address_scraper.py:47] Original address: 15560 Cosby Village Ave
[2024-10-23 19:08:21,413] [INFO] [fps_address_scraper.py:57] Standardized address: 15560 Cosby Village Ave
[2024-10-23 19:08:21,428] [INFO] [fps_address_scraper.py:182] Skipping https://www.fastpeoplesearch.com/address/15560-cosby-village-ave_chesterfield-va/page/1 because already scraped.
[2024-10-23 19:08:21,447] [INFO] [fps_address_scraper.py:182] Skipping https://www.fastpeoplesearch.com/address/15560-cosby-village-ave_chesterfield-va/page/2 because already scraped.
[2024-10-23 19:08:21,459] [INFO] [fps_address_scraper.py:182] Skipping https://www.fastpeoplesearch.com/address/15560-cosby-village-ave_chesterfield-va/page/3 because already scraped.
[2024-10-23 19:08:21,478] [INFO] [fps_address_scraper.py:185] Scraping https://www.fastpeoplesearch.com/address/15560-cosby-village-ave_chesterfield-va/page/4
[2024-10-23 19:08:48,752] [INFO] [fps_address_scraper.py:26] Got successful response from https://www.fastpeoplesearch.com/address/15560-cosby-village-ave_chesterfield-va/page/4
[2024-10-23 19:08:48,843] [INFO] [fps_address_scraper.py:91] Saved 10 entries in /home/ubuntu/scripts/result_file/output_chunk_17.xlsx
[2024-10-23 19:08:48,856] [INFO] [fps_address_scraper.py:185] Scraping https://www.fastpeoplesearch.com/address/15560-cosby-village-ave_chesterfield-va/page/5
[2024-10-23 19:09:10,340] [INFO] [fps_address_scraper.py:26] Got successful response from https://www.fastpeoplesearch.com/address/15560-cosby-village-ave_chesterfield-va/page/5
[2024-10-23 19:09:10,429] [INFO] [fps_address_scraper.py:91] Saved 10 entries in /home/ubuntu/scripts/result_file/output_chunk_17.xlsx
[2024-10-23 19:09:10,442] [INFO] [fps_address_scraper.py:185] Scraping https://www.fastpeoplesearch.com/address/15560-cosby-village-ave_chesterfield-va/page/6
[2024-10-23 19:10:15,949] [INFO] [fps_address_scraper.py:26] Got successful response from https://www.fastpeoplesearch.com/address/15560-cosby-village-ave_chesterfield-va/page/6
[2024-10-23 19:10:16,075] [INFO] [fps_address_scraper.py:91] Saved 10 entries in /home/ubuntu/scripts/result_file/output_chunk_17.xlsx
[2024-10-23 19:10:16,103] [INFO] [fps_address_scraper.py:185] Scraping https://www.fastpeoplesearch.com/address/15560-cosby-village-ave_chesterfield-va/page/7
[2024-10-23 19:10:44,648] [INFO] [fps_address_scraper.py:26] Got successful response from https://www.fastpeoplesearch.com/address/15560-cosby-village-ave_chesterfield-va/page/7
[2024-10-23 19:10:44,740] [INFO] [fps_address_scraper.py:91] Saved 10 entries in /home/ubuntu/scripts/result_file/output_chunk_17.xlsx
[2024-10-23 19:10:44,755] [INFO] [fps_address_scraper.py:185] Scraping https://www.fastpeoplesearch.com/address/15560-cosby-village-ave_chesterfield-va/page/8
[2024-10-23 19:11:06,009] [INFO] [fps_address_scraper.py:26] Got successful response from https://www.fastpeoplesearch.com/address/15560-cosby-village-ave_chesterfield-va/page/8
[2024-10-23 19:11:06,229] [INFO] [fps_address_scraper.py:91] Saved 10 entries in /home/ubuntu/scripts/result_file/output_chunk_17.xlsx
[2024-10-23 19:11:06,273] [INFO] [fps_address_scraper.py:185] Scraping https://www.fastpeoplesearch.com/address/15560-cosby-village-ave_chesterfield-va/page/9
[2024-10-23 19:11:57,521] [INFO] [fps_address_scraper.py:26] Got successful response from https://www.fastpeoplesearch.com/address/15560-cosby-village-ave_chesterfield-va/page/9
[2024-10-23 19:11:57,623] [INFO] [fps_address_scraper.py:91] Saved 10 entries in /home/ubuntu/scripts/result_file/output_chunk_17.xlsx
[2024-10-23 19:11:57,642] [INFO] [fps_address_scraper.py:185] Scraping https://www.fastpeoplesearch.com/address/15560-cosby-village-ave_chesterfield-va/page/10
[2024-10-23 19:12:50,573] [INFO] [fps_address_scraper.py:26] Got successful response from https://www.fastpeoplesearch.com/address/15560-cosby-village-ave_chesterfield-va/page/10
[2024-10-23 19:12:50,720] [INFO] [fps_address_scraper.py:91] Saved 10 entries in /home/ubuntu/scripts/result_file/output_chunk_17.xlsx
[2024-10-23 19:12:50,739] [INFO] [fps_address_scraper.py:185] Scraping https://www.fastpeoplesearch.com/address/15560-cosby-village-ave_chesterfield-va/page/11
[2024-10-23 19:13:12,902] [INFO] [fps_address_scraper.py:26] Got successful response from https://www.fastpeoplesearch.com/address/15560-cosby-village-ave_chesterfield-va/page/11
[2024-10-23 19:13:13,002] [INFO] [fps_address_scraper.py:91] Saved 8 entries in /home/ubuntu/scripts/result_file/output_chunk_17.xlsx
[2024-10-23 19:13:13,023] [INFO] [fps_address_scraper.py:185] Scraping https://www.fastpeoplesearch.com/address/15560-cosby-village-ave_chesterfield-va/page/12
[2024-10-23 19:14:29,324] [INFO] [fps_address_scraper.py:26] Got successful response from https://www.fastpeoplesearch.com/address/15560-cosby-village-ave_chesterfield-va/page/12
[2024-10-23 19:14:29,337] [INFO] [fps_address_scraper.py:216] output_chunk_17.xlsx. Scraping 3 of 98
[2024-10-23 19:14:29,338] [INFO] [fps_address_scraper.py:47] Original address: 1569 Onyx Dr
[2024-10-23 19:14:29,338] [INFO] [fps_address_scraper.py:57] Standardized address: 1569 Onyx Dr
[2024-10-23 19:14:29,368] [INFO] [fps_address_scraper.py:185] Scraping https://www.fastpeoplesearch.com/address/1569-onyx-dr_mclean-va/page/1
[2024-10-23 19:14:50,942] [INFO] [fps_address_scraper.py:26] Got successful response from https://www.fastpeoplesearch.com/address/1569-onyx-dr_mclean-va/page/1
[2024-10-23 19:14:51,045] [INFO] [fps_address_scraper.py:91] Saved 10 entries in /home/ubuntu/scripts/result_file/output_chunk_17.xlsx
[2024-10-23 19:14:51,068] [INFO] [fps_address_scraper.py:185] Scraping https://www.fastpeoplesearch.com/address/1569-onyx-dr_mclean-va/page/2
[2024-10-23 19:15:28,694] [INFO] [fps_address_scraper.py:26] Got successful response from https://www.fastpeoplesearch.com/address/1569-onyx-dr_mclean-va/page/2
[2024-10-23 19:15:28,805] [INFO] [fps_address_scraper.py:91] Saved 10 entries in /home/ubuntu/scripts/result_file/output_chunk_17.xlsx
[2024-10-23 19:15:28,830] [INFO] [fps_address_scraper.py:185] Scraping https://www.fastpeoplesearch.com/address/1569-onyx-dr_mclean-va/page/3
[2024-10-23 19:16:04,580] [INFO] [fps_address_scraper.py:26] Got successful response from https://www.fastpeoplesearch.com/address/1569-onyx-dr_mclean-va/page/3
[2024-10-23 19:16:04,732] [INFO] [fps_address_scraper.py:91] Saved 10 entries in /home/ubuntu/scripts/result_file/output_chunk_17.xlsx
[2024-10-23 19:16:04,757] [INFO] [fps_address_scraper.py:185] Scraping https://www.fastpeoplesearch.com/address/1569-onyx-dr_mclean-va/page/4
[2024-10-23 19:16:41,489] [INFO] [fps_address_scraper.py:26] Got successful response from https://www.fastpeoplesearch.com/address/1569-onyx-dr_mclean-va/page/4
[2024-10-23 19:16:41,608] [INFO] [fps_address_scraper.py:91] Saved 10 entries in /home/ubuntu/scripts/result_file/output_chunk_17.xlsx
[2024-10-23 19:16:41,633] [INFO] [fps_address_scraper.py:185] Scraping https://www.fastpeoplesearch.com/address/1569-onyx-dr_mclean-va/page/5
[2024-10-23 19:17:03,202] [INFO] [fps_address_scraper.py:26] Got successful response from https://www.fastpeoplesearch.com/address/1569-onyx-dr_mclean-va/page/5
[2024-10-23 19:17:03,313] [INFO] [fps_address_scraper.py:91] Saved 9 entries in /home/ubuntu/scripts/result_file/output_chunk_17.xlsx
[2024-10-23 19:17:03,339] [INFO] [fps_address_scraper.py:185] Scraping https://www.fastpeoplesearch.com/address/1569-onyx-dr_mclean-va/page/6
[2024-10-23 19:17:25,444] [INFO] [fps_address_scraper.py:26] Got successful response from https://www.fastpeoplesearch.com/address/1569-onyx-dr_mclean-va/page/6
[2024-10-23 19:17:25,455] [INFO] [fps_address_scraper.py:216] output_chunk_17.xlsx. Scraping 4 of 98
[2024-10-23 19:17:25,456] [INFO] [fps_address_scraper.py:47] Original address: 1575 Anderson Rd
[2024-10-23 19:17:25,456] [INFO] [fps_address_scraper.py:57] Standardized address: 1575 Anderson Rd
[2024-10-23 19:17:25,485] [INFO] [fps_address_scraper.py:185] Scraping https://www.fastpeoplesearch.com/address/1575-anderson-rd_mclean-va/page/1
[2024-10-23 19:17:42,201] [INFO] [fps_address_scraper.py:26] Got successful response from https://www.fastpeoplesearch.com/address/1575-anderson-rd_mclean-va/page/1
[2024-10-23 19:17:42,356] [INFO] [fps_address_scraper.py:91] Saved 10 entries in /home/ubuntu/scripts/result_file/output_chunk_17.xlsx
[2024-10-23 19:17:42,386] [INFO] [fps_address_scraper.py:185] Scraping https://www.fastpeoplesearch.com/address/1575-anderson-rd_mclean-va/page/2
[2024-10-23 19:18:35,186] [INFO] [fps_address_scraper.py:26] Got successful response from https://www.fastpeoplesearch.com/address/1575-anderson-rd_mclean-va/page/2
[2024-10-23 19:18:35,311] [INFO] [fps_address_scraper.py:91] Saved 10 entries in /home/ubuntu/scripts/result_file/output_chunk_17.xlsx
[2024-10-23 19:18:35,340] [INFO] [fps_address_scraper.py:185] Scraping https://www.fastpeoplesearch.com/address/1575-anderson-rd_mclean-va/page/3
[2024-10-23 19:19:44,671] [INFO] [fps_address_scraper.py:26] Got successful response from https://www.fastpeoplesearch.com/address/1575-anderson-rd_mclean-va/page/3
[2024-10-23 19:19:44,800] [INFO] [fps_address_scraper.py:91] Saved 10 entries in /home/ubuntu/scripts/result_file/output_chunk_17.xlsx
[2024-10-23 19:19:44,834] [INFO] [fps_address_scraper.py:185] Scraping https://www.fastpeoplesearch.com/address/1575-anderson-rd_mclean-va/page/4
[2024-10-23 19:20:07,405] [INFO] [fps_address_scraper.py:26] Got successful response from https://www.fastpeoplesearch.com/address/1575-anderson-rd_mclean-va/page/4
[2024-10-23 19:20:07,576] [INFO] [fps_address_scraper.py:91] Saved 10 entries in /home/ubuntu/scripts/result_file/output_chunk_17.xlsx
[2024-10-23 19:20:07,611] [INFO] [fps_address_scraper.py:185] Scraping https://www.fastpeoplesearch.com/address/1575-anderson-rd_mclean-va/page/5
[2024-10-23 19:20:40,407] [INFO] [fps_address_scraper.py:26] Got successful response from https://www.fastpeoplesearch.com/address/1575-anderson-rd_mclean-va/page/5
[2024-10-23 19:20:40,540] [INFO] [fps_address_scraper.py:91] Saved 10 entries in /home/ubuntu/scripts/result_file/output_chunk_17.xlsx
[2024-10-23 19:20:40,574] [INFO] [fps_address_scraper.py:185] Scraping https://www.fastpeoplesearch.com/address/1575-anderson-rd_mclean-va/page/6
[2024-10-23 19:22:02,533] [INFO] [fps_address_scraper.py:26] Got successful response from https://www.fastpeoplesearch.com/address/1575-anderson-rd_mclean-va/page/6
[2024-10-23 19:22:02,667] [INFO] [fps_address_scraper.py:91] Saved 10 entries in /home/ubuntu/scripts/result_file/output_chunk_17.xlsx
[2024-10-23 19:22:02,739] [INFO] [fps_address_scraper.py:185] Scraping https://www.fastpeoplesearch.com/address/1575-anderson-rd_mclean-va/page/7
[2024-10-23 19:22:56,001] [INFO] [fps_address_scraper.py:26] Got successful response from https://www.fastpeoplesearch.com/address/1575-anderson-rd_mclean-va/page/7
[2024-10-23 19:22:56,144] [INFO] [fps_address_scraper.py:91] Saved 10 entries in /home/ubuntu/scripts/result_file/output_chunk_17.xlsx
[2024-10-23 19:22:56,182] [INFO] [fps_address_scraper.py:185] Scraping https://www.fastpeoplesearch.com/address/1575-anderson-rd_mclean-va/page/8
[2024-10-23 19:23:20,163] [INFO] [fps_address_scraper.py:26] Got successful response from https://www.fastpeoplesearch.com/address/1575-anderson-rd_mclean-va/page/8
[2024-10-23 19:23:20,306] [INFO] [fps_address_scraper.py:91] Saved 10 entries in /home/ubuntu/scripts/result_file/output_chunk_17.xlsx
[2024-10-23 19:23:20,344] [INFO] [fps_address_scraper.py:185] Scraping https://www.fastpeoplesearch.com/address/1575-anderson-rd_mclean-va/page/9
[2024-10-23 19:24:33,270] [INFO] [fps_address_scraper.py:26] Got successful response from https://www.fastpeoplesearch.com/address/1575-anderson-rd_mclean-va/page/9
[2024-10-23 19:24:33,511] [INFO] [fps_address_scraper.py:91] Saved 10 entries in /home/ubuntu/scripts/result_file/output_chunk_17.xlsx
[2024-10-23 19:24:33,551] [INFO] [fps_address_scraper.py:185] Scraping https://www.fastpeoplesearch.com/address/1575-anderson-rd_mclean-va/page/10
[2024-10-23 19:25:09,429] [INFO] [fps_address_scraper.py:26] Got successful response from https://www.fastpeoplesearch.com/address/1575-anderson-rd_mclean-va/page/10
[2024-10-23 19:25:09,574] [INFO] [fps_address_scraper.py:91] Saved 10 entries in /home/ubuntu/scripts/result_file/output_chunk_17.xlsx
[2024-10-23 19:25:09,616] [INFO] [fps_address_scraper.py:185] Scraping https://www.fastpeoplesearch.com/address/1575-anderson-rd_mclean-va/page/11
[2024-10-23 19:25:41,715] [INFO] [fps_address_scraper.py:26] Got successful response from https://www.fastpeoplesearch.com/address/1575-anderson-rd_mclean-va/page/11
[2024-10-23 19:25:41,905] [INFO] [fps_address_scraper.py:91] Saved 10 entries in /home/ubuntu/scripts/result_file/output_chunk_17.xlsx
[2024-10-23 19:25:41,947] [INFO] [fps_address_scraper.py:185] Scraping https://www.fastpeoplesearch.com/address/1575-anderson-rd_mclean-va/page/12
[2024-10-23 19:26:04,746] [INFO] [fps_address_scraper.py:26] Got successful response from https://www.fastpeoplesearch.com/address/1575-anderson-rd_mclean-va/page/12
[2024-10-23 19:26:04,757] [INFO] [fps_address_scraper.py:216] output_chunk_17.xlsx. Scraping 5 of 98
[2024-10-23 19:26:04,757] [INFO] [fps_address_scraper.py:47] Original address: 16 Old Woods Ave
[2024-10-23 19:26:04,757] [INFO] [fps_address_scraper.py:57] Standardized address: 16 Old Woods Ave
[2024-10-23 19:26:04,803] [INFO] [fps_address_scraper.py:185] Scraping https://www.fastpeoplesearch.com/address/16-old-woods-ave_roanoke-va/page/1
[2024-10-23 19:26:29,742] [INFO] [fps_address_scraper.py:26] Got successful response from https://www.fastpeoplesearch.com/address/16-old-woods-ave_roanoke-va/page/1
[2024-10-23 19:26:29,892] [INFO] [fps_address_scraper.py:91] Saved 10 entries in /home/ubuntu/scripts/result_file/output_chunk_17.xlsx
[2024-10-23 19:26:29,937] [INFO] [fps_address_scraper.py:185] Scraping https://www.fastpeoplesearch.com/address/16-old-woods-ave_roanoke-va/page/2
[2024-10-23 19:27:18,414] [INFO] [fps_address_scraper.py:26] Got successful response from https://www.fastpeoplesearch.com/address/16-old-woods-ave_roanoke-va/page/2
[2024-10-23 19:27:18,608] [INFO] [fps_address_scraper.py:91] Saved 10 entries in /home/ubuntu/scripts/result_file/output_chunk_17.xlsx
[2024-10-23 19:27:18,656] [INFO] [fps_address_scraper.py:185] Scraping https://www.fastpeoplesearch.com/address/16-old-woods-ave_roanoke-va/page/3
[2024-10-23 19:28:11,005] [INFO] [fps_address_scraper.py:26] Got successful response from https://www.fastpeoplesearch.com/address/16-old-woods-ave_roanoke-va/page/3
[2024-10-23 19:28:11,165] [INFO] [fps_address_scraper.py:91] Saved 10 entries in /home/ubuntu/scripts/result_file/output_chunk_17.xlsx
[2024-10-23 19:28:11,213] [INFO] [fps_address_scraper.py:185] Scraping https://www.fastpeoplesearch.com/address/16-old-woods-ave_roanoke-va/page/4
[2024-10-23 19:30:07,264] [ERROR] [fps_address_scraper.py:24] Could not get successful response. Status code 500. {"status":"Failed to get successful response from website. Please retry the request."}
[2024-10-23 19:30:07,264] [WARNING] [api.py:40] Request failed. Status code 500, retrying in 1 seconds...
[2024-10-23 19:31:05,258] [INFO] [fps_address_scraper.py:26] Got successful response from https://www.fastpeoplesearch.com/address/16-old-woods-ave_roanoke-va/page/4
[2024-10-23 19:31:05,452] [INFO] [fps_address_scraper.py:91] Saved 10 entries in /home/ubuntu/scripts/result_file/output_chunk_17.xlsx
[2024-10-23 19:31:05,500] [INFO] [fps_address_scraper.py:185] Scraping https://www.fastpeoplesearch.com/address/16-old-woods-ave_roanoke-va/page/5
[2024-10-23 19:31:57,322] [INFO] [fps_address_scraper.py:26] Got successful response from https://www.fastpeoplesearch.com/address/16-old-woods-ave_roanoke-va/page/5
[2024-10-23 19:31:57,486] [INFO] [fps_address_scraper.py:91] Saved 10 entries in /home/ubuntu/scripts/result_file/output_chunk_17.xlsx
[2024-10-23 19:31:57,536] [INFO] [fps_address_scraper.py:185] Scraping https://www.fastpeoplesearch.com/address/16-old-woods-ave_roanoke-va/page/6
[2024-10-23 19:32:49,557] [INFO] [fps_address_scraper.py:26] Got successful response from https://www.fastpeoplesearch.com/address/16-old-woods-ave_roanoke-va/page/6
[2024-10-23 19:32:49,757] [INFO] [fps_address_scraper.py:91] Saved 10 entries in /home/ubuntu/scripts/result_file/output_chunk_17.xlsx
[2024-10-23 19:32:49,809] [INFO] [fps_address_scraper.py:185] Scraping https://www.fastpeoplesearch.com/address/16-old-woods-ave_roanoke-va/page/7
[2024-10-23 19:33:41,606] [INFO] [fps_address_scraper.py:26] Got successful response from https://www.fastpeoplesearch.com/address/16-old-woods-ave_roanoke-va/page/7
[2024-10-23 19:33:41,779] [INFO] [fps_address_scraper.py:91] Saved 10 entries in /home/ubuntu/scripts/result_file/output_chunk_17.xlsx
[2024-10-23 19:33:41,831] [INFO] [fps_address_scraper.py:185] Scraping https://www.fastpeoplesearch.com/address/16-old-woods-ave_roanoke-va/page/8
[2024-10-23 19:34:35,853] [INFO] [fps_address_scraper.py:26] Got successful response from https://www.fastpeoplesearch.com/address/16-old-woods-ave_roanoke-va/page/8
[2024-10-23 19:34:36,060] [INFO] [fps_address_scraper.py:91] Saved 10 entries in /home/ubuntu/scripts/result_file/output_chunk_17.xlsx
[2024-10-23 19:34:36,113] [INFO] [fps_address_scraper.py:185] Scraping https://www.fastpeoplesearch.com/address/16-old-woods-ave_roanoke-va/page/9
[2024-10-23 19:35:14,556] [INFO] [fps_address_scraper.py:26] Got successful response from https://www.fastpeoplesearch.com/address/16-old-woods-ave_roanoke-va/page/9
[2024-10-23 19:35:14,733] [INFO] [fps_address_scraper.py:91] Saved 10 entries in /home/ubuntu/scripts/result_file/output_chunk_17.xlsx
[2024-10-23 19:35:14,788] [INFO] [fps_address_scraper.py:185] Scraping https://www.fastpeoplesearch.com/address/16-old-woods-ave_roanoke-va/page/10
[2024-10-23 19:35:44,500] [INFO] [fps_address_scraper.py:26] Got successful response from https://www.fastpeoplesearch.com/address/16-old-woods-ave_roanoke-va/page/10
[2024-10-23 19:35:44,712] [INFO] [fps_address_scraper.py:91] Saved 10 entries in /home/ubuntu/scripts/result_file/output_chunk_17.xlsx
[2024-10-23 19:35:44,769] [INFO] [fps_address_scraper.py:185] Scraping https://www.fastpeoplesearch.com/address/16-old-woods-ave_roanoke-va/page/11
[2024-10-23 19:37:38,202] [ERROR] [fps_address_scraper.py:24] Could not get successful response. Status code 500. {"status":"Failed to get successful response from website. Please retry the request."}
[2024-10-23 19:37:38,202] [WARNING] [api.py:40] Request failed. Status code 500, retrying in 1 seconds...
[2024-10-23 19:39:15,984] [INFO] [fps_address_scraper.py:26] Got successful response from https://www.fastpeoplesearch.com/address/16-old-woods-ave_roanoke-va/page/11
[2024-10-23 19:39:16,200] [INFO] [fps_address_scraper.py:91] Saved 8 entries in /home/ubuntu/scripts/result_file/output_chunk_17.xlsx
[2024-10-23 19:39:16,259] [INFO] [fps_address_scraper.py:185] Scraping https://www.fastpeoplesearch.com/address/16-old-woods-ave_roanoke-va/page/12
[2024-10-23 19:39:38,414] [INFO] [fps_address_scraper.py:26] Got successful response from https://www.fastpeoplesearch.com/address/16-old-woods-ave_roanoke-va/page/12
[2024-10-23 19:39:38,425] [INFO] [fps_address_scraper.py:216] output_chunk_17.xlsx. Scraping 6 of 98
[2024-10-23 19:39:38,425] [INFO] [fps_address_scraper.py:47] Original address: 1600 Granby St
[2024-10-23 19:39:38,425] [INFO] [fps_address_scraper.py:57] Standardized address: 1600 Granby St
[2024-10-23 19:39:38,500] [INFO] [fps_address_scraper.py:185] Scraping https://www.fastpeoplesearch.com/address/1600-granby-st_norfolk-va/page/1
[2024-10-23 19:40:21,883] [INFO] [fps_address_scraper.py:26] Got successful response from https://www.fastpeoplesearch.com/address/1600-granby-st_norfolk-va/page/1
[2024-10-23 19:40:22,075] [INFO] [fps_address_scraper.py:91] Saved 10 entries in /home/ubuntu/scripts/result_file/output_chunk_17.xlsx
[2024-10-23 19:40:22,133] [INFO] [fps_address_scraper.py:185] Scraping https://www.fastpeoplesearch.com/address/1600-granby-st_norfolk-va/page/2
[2024-10-23 19:40:59,601] [INFO] [fps_address_scraper.py:26] Got successful response from https://www.fastpeoplesearch.com/address/1600-granby-st_norfolk-va/page/2
[2024-10-23 19:40:59,817] [INFO] [fps_address_scraper.py:91] Saved 10 entries in /home/ubuntu/scripts/result_file/output_chunk_17.xlsx
[2024-10-23 19:40:59,879] [INFO] [fps_address_scraper.py:185] Scraping https://www.fastpeoplesearch.com/address/1600-granby-st_norfolk-va/page/3
[2024-10-23 19:41:27,487] [INFO] [fps_address_scraper.py:26] Got successful response from https://www.fastpeoplesearch.com/address/1600-granby-st_norfolk-va/page/3
[2024-10-23 19:41:27,716] [INFO] [fps_address_scraper.py:91] Saved 10 entries in /home/ubuntu/scripts/result_file/output_chunk_17.xlsx
[2024-10-23 19:41:27,778] [INFO] [fps_address_scraper.py:185] Scraping https://www.fastpeoplesearch.com/address/1600-granby-st_norfolk-va/page/4
[2024-10-23 19:42:19,375] [INFO] [fps_address_scraper.py:26] Got successful response from https://www.fastpeoplesearch.com/address/1600-granby-st_norfolk-va/page/4
[2024-10-23 19:42:19,663] [INFO] [fps_address_scraper.py:91] Saved 10 entries in /home/ubuntu/scripts/result_file/output_chunk_17.xlsx
[2024-10-23 19:42:19,736] [INFO] [fps_address_scraper.py:185] Scraping https://www.fastpeoplesearch.com/address/1600-granby-st_norfolk-va/page/5
[2024-10-23 19:43:12,754] [INFO] [fps_address_scraper.py:26] Got successful response from https://www.fastpeoplesearch.com/address/1600-granby-st_norfolk-va/page/5
[2024-10-23 19:43:12,992] [INFO] [fps_address_scraper.py:91] Saved 10 entries in /home/ubuntu/scripts/result_file/output_chunk_17.xlsx
[2024-10-23 19:43:13,059] [INFO] [fps_address_scraper.py:185] Scraping https://www.fastpeoplesearch.com/address/1600-granby-st_norfolk-va/page/6
[2024-10-23 19:43:49,317] [INFO] [fps_address_scraper.py:26] Got successful response from https://www.fastpeoplesearch.com/address/1600-granby-st_norfolk-va/page/6
[2024-10-23 19:43:49,521] [INFO] [fps_address_scraper.py:91] Saved 10 entries in /home/ubuntu/scripts/result_file/output_chunk_17.xlsx
[2024-10-23 19:43:49,615] [INFO] [fps_address_scraper.py:185] Scraping https://www.fastpeoplesearch.com/address/1600-granby-st_norfolk-va/page/7
[2024-10-23 19:44:27,380] [INFO] [fps_address_scraper.py:26] Got successful response from https://www.fastpeoplesearch.com/address/1600-granby-st_norfolk-va/page/7
[2024-10-23 19:44:27,585] [INFO] [fps_address_scraper.py:91] Saved 10 entries in /home/ubuntu/scripts/result_file/output_chunk_17.xlsx
[2024-10-23 19:44:27,652] [INFO] [fps_address_scraper.py:185] Scraping https://www.fastpeoplesearch.com/address/1600-granby-st_norfolk-va/page/8
[2024-10-23 19:44:55,339] [INFO] [fps_address_scraper.py:26] Got successful response from https://www.fastpeoplesearch.com/address/1600-granby-st_norfolk-va/page/8
[2024-10-23 19:44:55,615] [INFO] [fps_address_scraper.py:91] Saved 10 entries in /home/ubuntu/scripts/result_file/output_chunk_17.xlsx
[2024-10-23 19:44:55,684] [INFO] [fps_address_scraper.py:185] Scraping https://www.fastpeoplesearch.com/address/1600-granby-st_norfolk-va/page/9
[2024-10-23 19:45:52,864] [INFO] [fps_address_scraper.py:26] Got successful response from https://www.fastpeoplesearch.com/address/1600-granby-st_norfolk-va/page/9
[2024-10-23 19:45:53,257] [INFO] [fps_address_scraper.py:91] Saved 10 entries in /home/ubuntu/scripts/result_file/output_chunk_17.xlsx
[2024-10-23 19:45:53,341] [INFO] [fps_address_scraper.py:185] Scraping https://www.fastpeoplesearch.com/address/1600-granby-st_norfolk-va/page/10
[2024-10-23 19:46:28,609] [INFO] [fps_address_scraper.py:26] Got successful response from https://www.fastpeoplesearch.com/address/1600-granby-st_norfolk-va/page/10
[2024-10-23 19:46:28,832] [INFO] [fps_address_scraper.py:91] Saved 10 entries in /home/ubuntu/scripts/result_file/output_chunk_17.xlsx
[2024-10-23 19:46:28,903] [INFO] [fps_address_scraper.py:185] Scraping https://www.fastpeoplesearch.com/address/1600-granby-st_norfolk-va/page/11
[2024-10-23 19:47:01,718] [INFO] [fps_address_scraper.py:26] Got successful response from https://www.fastpeoplesearch.com/address/1600-granby-st_norfolk-va/page/11
[2024-10-23 19:47:01,966] [INFO] [fps_address_scraper.py:91] Saved 8 entries in /home/ubuntu/scripts/result_file/output_chunk_17.xlsx
[2024-10-23 19:47:02,039] [INFO] [fps_address_scraper.py:185] Scraping https://www.fastpeoplesearch.com/address/1600-granby-st_norfolk-va/page/12
[2024-10-23 19:47:24,279] [INFO] [fps_address_scraper.py:26] Got successful response from https://www.fastpeoplesearch.com/address/1600-granby-st_norfolk-va/page/12
[2024-10-23 19:47:24,290] [INFO] [fps_address_scraper.py:216] output_chunk_17.xlsx. Scraping 7 of 98
[2024-10-23 19:47:24,291] [INFO] [fps_address_scraper.py:47] Original address: 1600 S Eads St
[2024-10-23 19:47:24,291] [INFO] [fps_address_scraper.py:57] Standardized address: 1600 S Eads St
[2024-10-23 19:47:24,364] [INFO] [fps_address_scraper.py:185] Scraping https://www.fastpeoplesearch.com/address/1600-s-eads-st_arlington-va/page/1
[2024-10-23 19:47:59,339] [INFO] [fps_address_scraper.py:26] Got successful response from https://www.fastpeoplesearch.com/address/1600-s-eads-st_arlington-va/page/1
[2024-10-23 19:47:59,595] [INFO] [fps_address_scraper.py:91] Saved 10 entries in /home/ubuntu/scripts/result_file/output_chunk_17.xlsx
[2024-10-23 19:47:59,667] [INFO] [fps_address_scraper.py:185] Scraping https://www.fastpeoplesearch.com/address/1600-s-eads-st_arlington-va/page/2
[2024-10-23 19:48:47,076] [INFO] [fps_address_scraper.py:26] Got successful response from https://www.fastpeoplesearch.com/address/1600-s-eads-st_arlington-va/page/2
[2024-10-23 19:48:47,335] [INFO] [fps_address_scraper.py:91] Saved 10 entries in /home/ubuntu/scripts/result_file/output_chunk_17.xlsx
[2024-10-23 19:48:47,411] [INFO] [fps_address_scraper.py:185] Scraping https://www.fastpeoplesearch.com/address/1600-s-eads-st_arlington-va/page/3
[2024-10-23 19:49:33,573] [INFO] [fps_address_scraper.py:26] Got successful response from https://www.fastpeoplesearch.com/address/1600-s-eads-st_arlington-va/page/3
[2024-10-23 19:49:33,806] [INFO] [fps_address_scraper.py:91] Saved 10 entries in /home/ubuntu/scripts/result_file/output_chunk_17.xlsx
[2024-10-23 19:49:33,913] [INFO] [fps_address_scraper.py:185] Scraping https://www.fastpeoplesearch.com/address/1600-s-eads-st_arlington-va/page/4
[2024-10-23 19:50:12,005] [INFO] [fps_address_scraper.py:26] Got successful response from https://www.fastpeoplesearch.com/address/1600-s-eads-st_arlington-va/page/4
[2024-10-23 19:50:12,236] [INFO] [fps_address_scraper.py:91] Saved 10 entries in /home/ubuntu/scripts/result_file/output_chunk_17.xlsx
[2024-10-23 19:50:12,319] [INFO] [fps_address_scraper.py:185] Scraping https://www.fastpeoplesearch.com/address/1600-s-eads-st_arlington-va/page/5
[2024-10-23 19:50:31,042] [INFO] [fps_address_scraper.py:26] Got successful response from https://www.fastpeoplesearch.com/address/1600-s-eads-st_arlington-va/page/5
[2024-10-23 19:50:31,045] [INFO] [fps_address_scraper.py:216] output_chunk_17.xlsx. Scraping 8 of 98
[2024-10-23 19:50:31,045] [INFO] [fps_address_scraper.py:47] Original address: 170 Market St
[2024-10-23 19:50:31,045] [INFO] [fps_address_scraper.py:57] Standardized address: 170 Market St
[2024-10-23 19:50:31,156] [INFO] [fps_address_scraper.py:185] Scraping https://www.fastpeoplesearch.com/address/170-market-st_manassas-park-va/page/1
[2024-10-23 19:50:52,493] [INFO] [fps_address_scraper.py:26] Got successful response from https://www.fastpeoplesearch.com/address/170-market-st_manassas-park-va/page/1
[2024-10-23 19:50:52,732] [INFO] [fps_address_scraper.py:91] Saved 10 entries in /home/ubuntu/scripts/result_file/output_chunk_17.xlsx
[2024-10-23 19:50:52,812] [INFO] [fps_address_scraper.py:185] Scraping https://www.fastpeoplesearch.com/address/170-market-st_manassas-park-va/page/2
[2024-10-23 19:52:32,853] [INFO] [fps_address_scraper.py:26] Got successful response from https://www.fastpeoplesearch.com/address/170-market-st_manassas-park-va/page/2
[2024-10-23 19:52:33,119] [INFO] [fps_address_scraper.py:91] Saved 10 entries in /home/ubuntu/scripts/result_file/output_chunk_17.xlsx
[2024-10-23 19:52:33,199] [INFO] [fps_address_scraper.py:185] Scraping https://www.fastpeoplesearch.com/address/170-market-st_manassas-park-va/page/3
[2024-10-23 19:53:47,096] [INFO] [fps_address_scraper.py:26] Got successful response from https://www.fastpeoplesearch.com/address/170-market-st_manassas-park-va/page/3
[2024-10-23 19:53:47,366] [INFO] [fps_address_scraper.py:91] Saved 10 entries in /home/ubuntu/scripts/result_file/output_chunk_17.xlsx
[2024-10-23 19:53:47,449] [INFO] [fps_address_scraper.py:185] Scraping https://www.fastpeoplesearch.com/address/170-market-st_manassas-park-va/page/4
[2024-10-23 19:54:27,397] [INFO] [fps_address_scraper.py:26] Got successful response from https://www.fastpeoplesearch.com/address/170-market-st_manassas-park-va/page/4
[2024-10-23 19:54:27,674] [INFO] [fps_address_scraper.py:91] Saved 10 entries in /home/ubuntu/scripts/result_file/output_chunk_17.xlsx
[2024-10-23 19:54:27,760] [INFO] [fps_address_scraper.py:185] Scraping https://www.fastpeoplesearch.com/address/170-market-st_manassas-park-va/page/5
[2024-10-23 19:55:02,458] [INFO] [fps_address_scraper.py:26] Got successful response from https://www.fastpeoplesearch.com/address/170-market-st_manassas-park-va/page/5
[2024-10-23 19:55:02,705] [INFO] [fps_address_scraper.py:91] Saved 10 entries in /home/ubuntu/scripts/result_file/output_chunk_17.xlsx
[2024-10-23 19:55:02,819] [INFO] [fps_address_scraper.py:185] Scraping https://www.fastpeoplesearch.com/address/170-market-st_manassas-park-va/page/6
[2024-10-23 19:55:40,250] [INFO] [fps_address_scraper.py:26] Got successful response from https://www.fastpeoplesearch.com/address/170-market-st_manassas-park-va/page/6
[2024-10-23 19:55:40,503] [INFO] [fps_address_scraper.py:91] Saved 10 entries in /home/ubuntu/scripts/result_file/output_chunk_17.xlsx
[2024-10-23 19:55:40,589] [INFO] [fps_address_scraper.py:185] Scraping https://www.fastpeoplesearch.com/address/170-market-st_manassas-park-va/page/7
[2024-10-23 19:56:33,061] [INFO] [fps_address_scraper.py:26] Got successful response from https://www.fastpeoplesearch.com/address/170-market-st_manassas-park-va/page/7
[2024-10-23 19:56:33,340] [INFO] [fps_address_scraper.py:91] Saved 10 entries in /home/ubuntu/scripts/result_file/output_chunk_17.xlsx
[2024-10-23 19:56:33,426] [INFO] [fps_address_scraper.py:185] Scraping https://www.fastpeoplesearch.com/address/170-market-st_manassas-park-va/page/8
[2024-10-23 19:57:25,118] [INFO] [fps_address_scraper.py:26] Got successful response from https://www.fastpeoplesearch.com/address/170-market-st_manassas-park-va/page/8
[2024-10-23 19:57:25,413] [INFO] [fps_address_scraper.py:91] Saved 10 entries in /home/ubuntu/scripts/result_file/output_chunk_17.xlsx
[2024-10-23 19:57:25,504] [INFO] [fps_address_scraper.py:185] Scraping https://www.fastpeoplesearch.com/address/170-market-st_manassas-park-va/page/9
[2024-10-23 19:59:21,455] [ERROR] [fps_address_scraper.py:24] Could not get successful response. Status code 500. {"status":"Failed to get successful response from website. Please retry the request."}
[2024-10-23 19:59:21,456] [WARNING] [api.py:40] Request failed. Status code 500, retrying in 1 seconds...
[2024-10-23 19:59:57,325] [INFO] [fps_address_scraper.py:26] Got successful response from https://www.fastpeoplesearch.com/address/170-market-st_manassas-park-va/page/9
[2024-10-23 19:59:57,617] [INFO] [fps_address_scraper.py:91] Saved 10 entries in /home/ubuntu/scripts/result_file/output_chunk_17.xlsx
[2024-10-23 19:59:57,709] [INFO] [fps_address_scraper.py:185] Scraping https://www.fastpeoplesearch.com/address/170-market-st_manassas-park-va/page/10
[2024-10-23 20:00:51,123] [INFO] [fps_address_scraper.py:26] Got successful response from https://www.fastpeoplesearch.com/address/170-market-st_manassas-park-va/page/10
[2024-10-23 20:00:51,418] [INFO] [fps_address_scraper.py:91] Saved 10 entries in /home/ubuntu/scripts/result_file/output_chunk_17.xlsx
[2024-10-23 20:00:51,511] [INFO] [fps_address_scraper.py:185] Scraping https://www.fastpeoplesearch.com/address/170-market-st_manassas-park-va/page/11
[2024-10-23 20:01:34,833] [INFO] [fps_address_scraper.py:26] Got successful response from https://www.fastpeoplesearch.com/address/170-market-st_manassas-park-va/page/11
[2024-10-23 20:01:35,139] [INFO] [fps_address_scraper.py:91] Saved 9 entries in /home/ubuntu/scripts/result_file/output_chunk_17.xlsx
[2024-10-23 20:01:35,233] [INFO] [fps_address_scraper.py:185] Scraping https://www.fastpeoplesearch.com/address/170-market-st_manassas-park-va/page/12
[2024-10-23 20:01:57,480] [INFO] [fps_address_scraper.py:26] Got successful response from https://www.fastpeoplesearch.com/address/170-market-st_manassas-park-va/page/12
[2024-10-23 20:01:57,491] [INFO] [fps_address_scraper.py:216] output_chunk_17.xlsx. Scraping 9 of 98
[2024-10-23 20:01:57,492] [INFO] [fps_address_scraper.py:47] Original address: 172 Central Park Ave
[2024-10-23 20:01:57,492] [INFO] [fps_address_scraper.py:57] Standardized address: 172 Central Park Ave
[2024-10-23 20:01:57,589] [INFO] [fps_address_scraper.py:185] Scraping https://www.fastpeoplesearch.com/address/172-central-park-ave_virginia-beach-va/page/1
[2024-10-23 20:02:49,493] [INFO] [fps_address_scraper.py:26] Got successful response from https://www.fastpeoplesearch.com/address/172-central-park-ave_virginia-beach-va/page/1
[2024-10-23 20:02:49,788] [INFO] [fps_address_scraper.py:91] Saved 10 entries in /home/ubuntu/scripts/result_file/output_chunk_17.xlsx
[2024-10-23 20:02:49,884] [INFO] [fps_address_scraper.py:185] Scraping https://www.fastpeoplesearch.com/address/172-central-park-ave_virginia-beach-va/page/2
[2024-10-23 20:03:22,359] [INFO] [fps_address_scraper.py:26] Got successful response from https://www.fastpeoplesearch.com/address/172-central-park-ave_virginia-beach-va/page/2
[2024-10-23 20:03:22,665] [INFO] [fps_address_scraper.py:91] Saved 10 entries in /home/ubuntu/scripts/result_file/output_chunk_17.xlsx
[2024-10-23 20:03:22,762] [INFO] [fps_address_scraper.py:185] Scraping https://www.fastpeoplesearch.com/address/172-central-park-ave_virginia-beach-va/page/3
[2024-10-23 20:04:17,116] [INFO] [fps_address_scraper.py:26] Got successful response from https://www.fastpeoplesearch.com/address/172-central-park-ave_virginia-beach-va/page/3
[2024-10-23 20:04:17,588] [INFO] [fps_address_scraper.py:91] Saved 10 entries in /home/ubuntu/scripts/result_file/output_chunk_17.xlsx
[2024-10-23 20:04:17,795] [INFO] [fps_address_scraper.py:185] Scraping https://www.fastpeoplesearch.com/address/172-central-park-ave_virginia-beach-va/page/4
[2024-10-23 20:04:49,928] [INFO] [fps_address_scraper.py:26] Got successful response from https://www.fastpeoplesearch.com/address/172-central-park-ave_virginia-beach-va/page/4
[2024-10-23 20:04:50,255] [INFO] [fps_address_scraper.py:91] Saved 10 entries in /home/ubuntu/scripts/result_file/output_chunk_17.xlsx
[2024-10-23 20:04:50,355] [INFO] [fps_address_scraper.py:185] Scraping https://www.fastpeoplesearch.com/address/172-central-park-ave_virginia-beach-va/page/5
[2024-10-23 20:05:14,447] [INFO] [fps_address_scraper.py:26] Got successful response from https://www.fastpeoplesearch.com/address/172-central-park-ave_virginia-beach-va/page/5
[2024-10-23 20:05:14,460] [INFO] [fps_address_scraper.py:216] output_chunk_17.xlsx. Scraping 10 of 98
[2024-10-23 20:05:14,460] [INFO] [fps_address_scraper.py:47] Original address: 1747 Tysons Central St
[2024-10-23 20:05:14,460] [INFO] [fps_address_scraper.py:57] Standardized address: 1747 Tysons Central St
[2024-10-23 20:05:14,561] [INFO] [fps_address_scraper.py:185] Scraping https://www.fastpeoplesearch.com/address/1747-tysons-central-st_vienna-va/page/1
[2024-10-23 20:06:06,183] [INFO] [fps_address_scraper.py:26] Got successful response from https://www.fastpeoplesearch.com/address/1747-tysons-central-st_vienna-va/page/1
[2024-10-23 20:06:06,501] [INFO] [fps_address_scraper.py:91] Saved 10 entries in /home/ubuntu/scripts/result_file/output_chunk_17.xlsx
[2024-10-23 20:06:06,605] [INFO] [fps_address_scraper.py:185] Scraping https://www.fastpeoplesearch.com/address/1747-tysons-central-st_vienna-va/page/2
[2024-10-23 20:06:59,572] [INFO] [fps_address_scraper.py:26] Got successful response from https://www.fastpeoplesearch.com/address/1747-tysons-central-st_vienna-va/page/2
[2024-10-23 20:06:59,889] [INFO] [fps_address_scraper.py:91] Saved 10 entries in /home/ubuntu/scripts/result_file/output_chunk_17.xlsx
[2024-10-23 20:06:59,991] [INFO] [fps_address_scraper.py:185] Scraping https://www.fastpeoplesearch.com/address/1747-tysons-central-st_vienna-va/page/3
[2024-10-23 20:07:20,295] [INFO] [fps_address_scraper.py:26] Got successful response from https://www.fastpeoplesearch.com/address/1747-tysons-central-st_vienna-va/page/3
[2024-10-23 20:07:20,590] [INFO] [fps_address_scraper.py:91] Saved 10 entries in /home/ubuntu/scripts/result_file/output_chunk_17.xlsx
[2024-10-23 20:07:20,693] [INFO] [fps_address_scraper.py:185] Scraping https://www.fastpeoplesearch.com/address/1747-tysons-central-st_vienna-va/page/4
[2024-10-23 20:09:12,555] [INFO] [fps_address_scraper.py:26] Got successful response from https://www.fastpeoplesearch.com/address/1747-tysons-central-st_vienna-va/page/4
[2024-10-23 20:09:12,870] [INFO] [fps_address_scraper.py:91] Saved 10 entries in /home/ubuntu/scripts/result_file/output_chunk_17.xlsx
[2024-10-23 20:09:13,004] [INFO] [fps_address_scraper.py:185] Scraping https://www.fastpeoplesearch.com/address/1747-tysons-central-st_vienna-va/page/5
[2024-10-23 20:10:35,329] [INFO] [fps_address_scraper.py:26] Got successful response from https://www.fastpeoplesearch.com/address/1747-tysons-central-st_vienna-va/page/5
[2024-10-23 20:10:35,656] [INFO] [fps_address_scraper.py:91] Saved 10 entries in /home/ubuntu/scripts/result_file/output_chunk_17.xlsx
[2024-10-23 20:10:35,760] [INFO] [fps_address_scraper.py:185] Scraping https://www.fastpeoplesearch.com/address/1747-tysons-central-st_vienna-va/page/6
[2024-10-23 20:11:08,052] [INFO] [fps_address_scraper.py:26] Got successful response from https://www.fastpeoplesearch.com/address/1747-tysons-central-st_vienna-va/page/6
[2024-10-23 20:11:08,579] [INFO] [fps_address_scraper.py:91] Saved 10 entries in /home/ubuntu/scripts/result_file/output_chunk_17.xlsx
[2024-10-23 20:11:08,803] [INFO] [fps_address_scraper.py:185] Scraping https://www.fastpeoplesearch.com/address/1747-tysons-central-st_vienna-va/page/7
[2024-10-23 20:11:40,611] [INFO] [fps_address_scraper.py:26] Got successful response from https://www.fastpeoplesearch.com/address/1747-tysons-central-st_vienna-va/page/7
[2024-10-23 20:11:40,934] [INFO] [fps_address_scraper.py:91] Saved 10 entries in /home/ubuntu/scripts/result_file/output_chunk_17.xlsx
[2024-10-23 20:11:41,055] [INFO] [fps_address_scraper.py:185] Scraping https://www.fastpeoplesearch.com/address/1747-tysons-central-st_vienna-va/page/8
[2024-10-23 20:12:18,697] [INFO] [fps_address_scraper.py:26] Got successful response from https://www.fastpeoplesearch.com/address/1747-tysons-central-st_vienna-va/page/8
[2024-10-23 20:12:19,028] [INFO] [fps_address_scraper.py:91] Saved 10 entries in /home/ubuntu/scripts/result_file/output_chunk_17.xlsx
[2024-10-23 20:12:19,139] [INFO] [fps_address_scraper.py:185] Scraping https://www.fastpeoplesearch.com/address/1747-tysons-central-st_vienna-va/page/9
[2024-10-23 20:12:49,924] [INFO] [fps_address_scraper.py:26] Got successful response from https://www.fastpeoplesearch.com/address/1747-tysons-central-st_vienna-va/page/9
[2024-10-23 20:12:50,257] [INFO] [fps_address_scraper.py:91] Saved 10 entries in /home/ubuntu/scripts/result_file/output_chunk_17.xlsx
[2024-10-23 20:12:50,400] [INFO] [fps_address_scraper.py:185] Scraping https://www.fastpeoplesearch.com/address/1747-tysons-central-st_vienna-va/page/10
[2024-10-23 20:13:12,412] [INFO] [fps_address_scraper.py:26] Got successful response from https://www.fastpeoplesearch.com/address/1747-tysons-central-st_vienna-va/page/10
[2024-10-23 20:13:12,723] [INFO] [fps_address_scraper.py:91] Saved 10 entries in /home/ubuntu/scripts/result_file/output_chunk_17.xlsx
[2024-10-23 20:13:12,869] [INFO] [fps_address_scraper.py:185] Scraping https://www.fastpeoplesearch.com/address/1747-tysons-central-st_vienna-va/page/11
[2024-10-23 20:13:41,890] [INFO] [fps_address_scraper.py:26] Got successful response from https://www.fastpeoplesearch.com/address/1747-tysons-central-st_vienna-va/page/11
[2024-10-23 20:13:42,261] [INFO] [fps_address_scraper.py:91] Saved 7 entries in /home/ubuntu/scripts/result_file/output_chunk_17.xlsx
[2024-10-23 20:13:42,491] [INFO] [fps_address_scraper.py:185] Scraping https://www.fastpeoplesearch.com/address/1747-tysons-central-st_vienna-va/page/12
[2024-10-23 20:14:03,567] [INFO] [fps_address_scraper.py:26] Got successful response from https://www.fastpeoplesearch.com/address/1747-tysons-central-st_vienna-va/page/12
[2024-10-23 20:14:03,579] [INFO] [fps_address_scraper.py:216] output_chunk_17.xlsx. Scraping 11 of 98
[2024-10-23 20:14:03,580] [INFO] [fps_address_scraper.py:47] Original address: 1768 Old Meadow Rd
[2024-10-23 20:14:03,580] [INFO] [fps_address_scraper.py:57] Standardized address: 1768 Old Meadow Rd
[2024-10-23 20:14:03,694] [INFO] [fps_address_scraper.py:185] Scraping https://www.fastpeoplesearch.com/address/1768-old-meadow-rd_mclean-va/page/1
[2024-10-23 20:15:55,261] [INFO] [fps_address_scraper.py:26] Got successful response from https://www.fastpeoplesearch.com/address/1768-old-meadow-rd_mclean-va/page/1
[2024-10-23 20:15:55,607] [INFO] [fps_address_scraper.py:91] Saved 10 entries in /home/ubuntu/scripts/result_file/output_chunk_17.xlsx
[2024-10-23 20:15:55,724] [INFO] [fps_address_scraper.py:185] Scraping https://www.fastpeoplesearch.com/address/1768-old-meadow-rd_mclean-va/page/2
[2024-10-23 20:16:47,484] [INFO] [fps_address_scraper.py:26] Got successful response from https://www.fastpeoplesearch.com/address/1768-old-meadow-rd_mclean-va/page/2
[2024-10-23 20:16:47,852] [INFO] [fps_address_scraper.py:91] Saved 10 entries in /home/ubuntu/scripts/result_file/output_chunk_17.xlsx
[2024-10-23 20:16:47,971] [INFO] [fps_address_scraper.py:185] Scraping https://www.fastpeoplesearch.com/address/1768-old-meadow-rd_mclean-va/page/3
[2024-10-23 20:17:16,336] [INFO] [fps_address_scraper.py:26] Got successful response from https://www.fastpeoplesearch.com/address/1768-old-meadow-rd_mclean-va/page/3
[2024-10-23 20:17:16,700] [INFO] [fps_address_scraper.py:91] Saved 10 entries in /home/ubuntu/scripts/result_file/output_chunk_17.xlsx
[2024-10-23 20:17:16,820] [INFO] [fps_address_scraper.py:185] Scraping https://www.fastpeoplesearch.com/address/1768-old-meadow-rd_mclean-va/page/4
[2024-10-23 20:17:47,319] [INFO] [fps_address_scraper.py:26] Got successful response from https://www.fastpeoplesearch.com/address/1768-old-meadow-rd_mclean-va/page/4
[2024-10-23 20:17:47,676] [INFO] [fps_address_scraper.py:91] Saved 10 entries in /home/ubuntu/scripts/result_file/output_chunk_17.xlsx
[2024-10-23 20:17:47,828] [INFO] [fps_address_scraper.py:185] Scraping https://www.fastpeoplesearch.com/address/1768-old-meadow-rd_mclean-va/page/5
[2024-10-23 20:18:21,325] [INFO] [fps_address_scraper.py:26] Got successful response from https://www.fastpeoplesearch.com/address/1768-old-meadow-rd_mclean-va/page/5
[2024-10-23 20:18:21,655] [INFO] [fps_address_scraper.py:91] Saved 10 entries in /home/ubuntu/scripts/result_file/output_chunk_17.xlsx
[2024-10-23 20:18:21,810] [INFO] [fps_address_scraper.py:185] Scraping https://www.fastpeoplesearch.com/address/1768-old-meadow-rd_mclean-va/page/6
[2024-10-23 20:18:46,220] [INFO] [fps_address_scraper.py:26] Got successful response from https://www.fastpeoplesearch.com/address/1768-old-meadow-rd_mclean-va/page/6
[2024-10-23 20:18:46,586] [INFO] [fps_address_scraper.py:91] Saved 10 entries in /home/ubuntu/scripts/result_file/output_chunk_17.xlsx
[2024-10-23 20:18:46,711] [INFO] [fps_address_scraper.py:185] Scraping https://www.fastpeoplesearch.com/address/1768-old-meadow-rd_mclean-va/page/7
[2024-10-23 20:19:38,783] [INFO] [fps_address_scraper.py:26] Got successful response from https://www.fastpeoplesearch.com/address/1768-old-meadow-rd_mclean-va/page/7
[2024-10-23 20:19:39,161] [INFO] [fps_address_scraper.py:91] Saved 10 entries in /home/ubuntu/scripts/result_file/output_chunk_17.xlsx
[2024-10-23 20:19:39,286] [INFO] [fps_address_scraper.py:185] Scraping https://www.fastpeoplesearch.com/address/1768-old-meadow-rd_mclean-va/page/8
[2024-10-23 20:20:45,142] [INFO] [fps_address_scraper.py:26] Got successful response from https://www.fastpeoplesearch.com/address/1768-old-meadow-rd_mclean-va/page/8
[2024-10-23 20:20:45,525] [INFO] [fps_address_scraper.py:91] Saved 10 entries in /home/ubuntu/scripts/result_file/output_chunk_17.xlsx
[2024-10-23 20:20:45,659] [INFO] [fps_address_scraper.py:185] Scraping https://www.fastpeoplesearch.com/address/1768-old-meadow-rd_mclean-va/page/9
[2024-10-23 20:21:19,950] [INFO] [fps_address_scraper.py:26] Got successful response from https://www.fastpeoplesearch.com/address/1768-old-meadow-rd_mclean-va/page/9
[2024-10-23 20:21:20,344] [INFO] [fps_address_scraper.py:91] Saved 10 entries in /home/ubuntu/scripts/result_file/output_chunk_17.xlsx
[2024-10-23 20:21:20,507] [INFO] [fps_address_scraper.py:185] Scraping https://www.fastpeoplesearch.com/address/1768-old-meadow-rd_mclean-va/page/10
[2024-10-23 20:21:44,778] [INFO] [fps_address_scraper.py:26] Got successful response from https://www.fastpeoplesearch.com/address/1768-old-meadow-rd_mclean-va/page/10
[2024-10-23 20:21:45,148] [INFO] [fps_address_scraper.py:91] Saved 10 entries in /home/ubuntu/scripts/result_file/output_chunk_17.xlsx
[2024-10-23 20:21:45,346] [INFO] [fps_address_scraper.py:185] Scraping https://www.fastpeoplesearch.com/address/1768-old-meadow-rd_mclean-va/page/11
[2024-10-23 20:22:13,338] [INFO] [fps_address_scraper.py:26] Got successful response from https://www.fastpeoplesearch.com/address/1768-old-meadow-rd_mclean-va/page/11
[2024-10-23 20:22:13,717] [INFO] [fps_address_scraper.py:91] Saved 7 entries in /home/ubuntu/scripts/result_file/output_chunk_17.xlsx
[2024-10-23 20:22:13,853] [INFO] [fps_address_scraper.py:185] Scraping https://www.fastpeoplesearch.com/address/1768-old-meadow-rd_mclean-va/page/12
[2024-10-23 20:22:30,850] [INFO] [fps_address_scraper.py:26] Got successful response from https://www.fastpeoplesearch.com/address/1768-old-meadow-rd_mclean-va/page/12
[2024-10-23 20:22:30,863] [INFO] [fps_address_scraper.py:216] output_chunk_17.xlsx. Scraping 12 of 98
[2024-10-23 20:22:30,864] [INFO] [fps_address_scraper.py:47] Original address: 1771 N Pierce St
[2024-10-23 20:22:30,864] [INFO] [fps_address_scraper.py:57] Standardized address: 1771 N Pierce St
[2024-10-23 20:22:30,993] [INFO] [fps_address_scraper.py:185] Scraping https://www.fastpeoplesearch.com/address/1771-n-pierce-st_arlington-va/page/1
[2024-10-23 20:23:23,256] [INFO] [fps_address_scraper.py:26] Got successful response from https://www.fastpeoplesearch.com/address/1771-n-pierce-st_arlington-va/page/1
[2024-10-23 20:23:23,857] [INFO] [fps_address_scraper.py:91] Saved 10 entries in /home/ubuntu/scripts/result_file/output_chunk_17.xlsx
[2024-10-23 20:23:24,084] [INFO] [fps_address_scraper.py:185] Scraping https://www.fastpeoplesearch.com/address/1771-n-pierce-st_arlington-va/page/2
[2024-10-23 20:24:34,354] [INFO] [fps_address_scraper.py:26] Got successful response from https://www.fastpeoplesearch.com/address/1771-n-pierce-st_arlington-va/page/2
[2024-10-23 20:24:34,754] [INFO] [fps_address_scraper.py:91] Saved 10 entries in /home/ubuntu/scripts/result_file/output_chunk_17.xlsx
[2024-10-23 20:24:34,884] [INFO] [fps_address_scraper.py:185] Scraping https://www.fastpeoplesearch.com/address/1771-n-pierce-st_arlington-va/page/3
[2024-10-23 20:24:56,176] [INFO] [fps_address_scraper.py:26] Got successful response from https://www.fastpeoplesearch.com/address/1771-n-pierce-st_arlington-va/page/3
[2024-10-23 20:24:56,574] [INFO] [fps_address_scraper.py:91] Saved 10 entries in /home/ubuntu/scripts/result_file/output_chunk_17.xlsx
[2024-10-23 20:24:56,711] [INFO] [fps_address_scraper.py:185] Scraping https://www.fastpeoplesearch.com/address/1771-n-pierce-st_arlington-va/page/4
[2024-10-23 20:26:52,644] [ERROR] [fps_address_scraper.py:24] Could not get successful response. Status code 500. {"status":"Failed to get successful response from website. Please retry the request."}
[2024-10-23 20:26:52,644] [WARNING] [api.py:40] Request failed. Status code 500, retrying in 1 seconds...
[2024-10-23 20:27:31,434] [INFO] [fps_address_scraper.py:26] Got successful response from https://www.fastpeoplesearch.com/address/1771-n-pierce-st_arlington-va/page/4
[2024-10-23 20:27:31,819] [INFO] [fps_address_scraper.py:91] Saved 10 entries in /home/ubuntu/scripts/result_file/output_chunk_17.xlsx
[2024-10-23 20:27:31,955] [INFO] [fps_address_scraper.py:185] Scraping https://www.fastpeoplesearch.com/address/1771-n-pierce-st_arlington-va/page/5
[2024-10-23 20:28:13,652] [INFO] [fps_address_scraper.py:26] Got successful response from https://www.fastpeoplesearch.com/address/1771-n-pierce-st_arlington-va/page/5
[2024-10-23 20:28:14,044] [INFO] [fps_address_scraper.py:91] Saved 10 entries in /home/ubuntu/scripts/result_file/output_chunk_17.xlsx
[2024-10-23 20:28:14,209] [INFO] [fps_address_scraper.py:185] Scraping https://www.fastpeoplesearch.com/address/1771-n-pierce-st_arlington-va/page/6
[2024-10-23 20:29:06,045] [INFO] [fps_address_scraper.py:26] Got successful response from https://www.fastpeoplesearch.com/address/1771-n-pierce-st_arlington-va/page/6
[2024-10-23 20:29:06,443] [INFO] [fps_address_scraper.py:91] Saved 10 entries in /home/ubuntu/scripts/result_file/output_chunk_17.xlsx
[2024-10-23 20:29:06,580] [INFO] [fps_address_scraper.py:185] Scraping https://www.fastpeoplesearch.com/address/1771-n-pierce-st_arlington-va/page/7
[2024-10-23 20:29:28,117] [INFO] [fps_address_scraper.py:26] Got successful response from https://www.fastpeoplesearch.com/address/1771-n-pierce-st_arlington-va/page/7
[2024-10-23 20:29:28,514] [INFO] [fps_address_scraper.py:91] Saved 10 entries in /home/ubuntu/scripts/result_file/output_chunk_17.xlsx
[2024-10-23 20:29:28,651] [INFO] [fps_address_scraper.py:185] Scraping https://www.fastpeoplesearch.com/address/1771-n-pierce-st_arlington-va/page/8
[2024-10-23 20:30:09,272] [INFO] [fps_address_scraper.py:26] Got successful response from https://www.fastpeoplesearch.com/address/1771-n-pierce-st_arlington-va/page/8
[2024-10-23 20:30:09,671] [INFO] [fps_address_scraper.py:91] Saved 10 entries in /home/ubuntu/scripts/result_file/output_chunk_17.xlsx
[2024-10-23 20:30:09,835] [INFO] [fps_address_scraper.py:185] Scraping https://www.fastpeoplesearch.com/address/1771-n-pierce-st_arlington-va/page/9
[2024-10-23 20:30:42,820] [INFO] [fps_address_scraper.py:26] Got successful response from https://www.fastpeoplesearch.com/address/1771-n-pierce-st_arlington-va/page/9
[2024-10-23 20:30:43,230] [INFO] [fps_address_scraper.py:91] Saved 10 entries in /home/ubuntu/scripts/result_file/output_chunk_17.xlsx
[2024-10-23 20:30:43,372] [INFO] [fps_address_scraper.py:185] Scraping https://www.fastpeoplesearch.com/address/1771-n-pierce-st_arlington-va/page/10
[2024-10-23 20:31:08,264] [INFO] [fps_address_scraper.py:26] Got successful response from https://www.fastpeoplesearch.com/address/1771-n-pierce-st_arlington-va/page/10
[2024-10-23 20:31:08,669] [INFO] [fps_address_scraper.py:91] Saved 10 entries in /home/ubuntu/scripts/result_file/output_chunk_17.xlsx
[2024-10-23 20:31:08,812] [INFO] [fps_address_scraper.py:185] Scraping https://www.fastpeoplesearch.com/address/1771-n-pierce-st_arlington-va/page/11
[2024-10-23 20:31:40,215] [INFO] [fps_address_scraper.py:26] Got successful response from https://www.fastpeoplesearch.com/address/1771-n-pierce-st_arlington-va/page/11
[2024-10-23 20:31:40,704] [INFO] [fps_address_scraper.py:91] Saved 9 entries in /home/ubuntu/scripts/result_file/output_chunk_17.xlsx
[2024-10-23 20:31:40,847] [INFO] [fps_address_scraper.py:185] Scraping https://www.fastpeoplesearch.com/address/1771-n-pierce-st_arlington-va/page/12
[2024-10-23 20:32:02,950] [INFO] [fps_address_scraper.py:26] Got successful response from https://www.fastpeoplesearch.com/address/1771-n-pierce-st_arlington-va/page/12
[2024-10-23 20:32:02,961] [INFO] [fps_address_scraper.py:216] output_chunk_17.xlsx. Scraping 13 of 98
[2024-10-23 20:32:02,961] [INFO] [fps_address_scraper.py:47] Original address: 1800 Chain Bridge Rd
[2024-10-23 20:32:02,962] [INFO] [fps_address_scraper.py:57] Standardized address: 1800 Chain Bridge Rd
[2024-10-23 20:32:03,106] [INFO] [fps_address_scraper.py:185] Scraping https://www.fastpeoplesearch.com/address/1800-chain-bridge-rd_mclean-va/page/1
[2024-10-23 20:32:54,461] [INFO] [fps_address_scraper.py:26] Got successful response from https://www.fastpeoplesearch.com/address/1800-chain-bridge-rd_mclean-va/page/1
[2024-10-23 20:32:54,875] [INFO] [fps_address_scraper.py:91] Saved 10 entries in /home/ubuntu/scripts/result_file/output_chunk_17.xlsx
[2024-10-23 20:32:55,044] [INFO] [fps_address_scraper.py:185] Scraping https://www.fastpeoplesearch.com/address/1800-chain-bridge-rd_mclean-va/page/2
[2024-10-23 20:33:46,989] [INFO] [fps_address_scraper.py:26] Got successful response from https://www.fastpeoplesearch.com/address/1800-chain-bridge-rd_mclean-va/page/2
[2024-10-23 20:33:47,409] [INFO] [fps_address_scraper.py:91] Saved 10 entries in /home/ubuntu/scripts/result_file/output_chunk_17.xlsx
[2024-10-23 20:33:47,555] [INFO] [fps_address_scraper.py:185] Scraping https://www.fastpeoplesearch.com/address/1800-chain-bridge-rd_mclean-va/page/3
[2024-10-23 20:34:40,835] [INFO] [fps_address_scraper.py:26] Got successful response from https://www.fastpeoplesearch.com/address/1800-chain-bridge-rd_mclean-va/page/3
[2024-10-23 20:34:41,445] [INFO] [fps_address_scraper.py:91] Saved 10 entries in /home/ubuntu/scripts/result_file/output_chunk_17.xlsx
[2024-10-23 20:34:41,723] [INFO] [fps_address_scraper.py:185] Scraping https://www.fastpeoplesearch.com/address/1800-chain-bridge-rd_mclean-va/page/4
[2024-10-23 20:35:12,849] [INFO] [fps_address_scraper.py:26] Got successful response from https://www.fastpeoplesearch.com/address/1800-chain-bridge-rd_mclean-va/page/4
[2024-10-23 20:35:13,312] [INFO] [fps_address_scraper.py:91] Saved 10 entries in /home/ubuntu/scripts/result_file/output_chunk_17.xlsx
[2024-10-23 20:35:13,463] [INFO] [fps_address_scraper.py:185] Scraping https://www.fastpeoplesearch.com/address/1800-chain-bridge-rd_mclean-va/page/5
[2024-10-23 20:35:46,091] [INFO] [fps_address_scraper.py:26] Got successful response from https://www.fastpeoplesearch.com/address/1800-chain-bridge-rd_mclean-va/page/5
[2024-10-23 20:35:46,591] [INFO] [fps_address_scraper.py:91] Saved 10 entries in /home/ubuntu/scripts/result_file/output_chunk_17.xlsx
[2024-10-23 20:35:46,744] [INFO] [fps_address_scraper.py:185] Scraping https://www.fastpeoplesearch.com/address/1800-chain-bridge-rd_mclean-va/page/6
[2024-10-23 20:36:19,489] [INFO] [fps_address_scraper.py:26] Got successful response from https://www.fastpeoplesearch.com/address/1800-chain-bridge-rd_mclean-va/page/6
[2024-10-23 20:36:19,922] [INFO] [fps_address_scraper.py:91] Saved 10 entries in /home/ubuntu/scripts/result_file/output_chunk_17.xlsx
[2024-10-23 20:36:20,100] [INFO] [fps_address_scraper.py:185] Scraping https://www.fastpeoplesearch.com/address/1800-chain-bridge-rd_mclean-va/page/7
[2024-10-23 20:38:15,985] [ERROR] [fps_address_scraper.py:24] Could not get successful response. Status code 500. {"status":"Failed to get successful response from website. Please retry the request."}
[2024-10-23 20:38:15,985] [WARNING] [api.py:40] Request failed. Status code 500, retrying in 1 seconds...
[2024-10-23 20:39:08,747] [INFO] [fps_address_scraper.py:26] Got successful response from https://www.fastpeoplesearch.com/address/1800-chain-bridge-rd_mclean-va/page/7
[2024-10-23 20:39:09,392] [INFO] [fps_address_scraper.py:91] Saved 10 entries in /home/ubuntu/scripts/result_file/output_chunk_17.xlsx
[2024-10-23 20:39:09,616] [INFO] [fps_address_scraper.py:185] Scraping https://www.fastpeoplesearch.com/address/1800-chain-bridge-rd_mclean-va/page/8
[2024-10-23 20:40:01,281] [INFO] [fps_address_scraper.py:26] Got successful response from https://www.fastpeoplesearch.com/address/1800-chain-bridge-rd_mclean-va/page/8
[2024-10-23 20:40:01,715] [INFO] [fps_address_scraper.py:91] Saved 10 entries in /home/ubuntu/scripts/result_file/output_chunk_17.xlsx
[2024-10-23 20:40:01,896] [INFO] [fps_address_scraper.py:185] Scraping https://www.fastpeoplesearch.com/address/1800-chain-bridge-rd_mclean-va/page/9
[2024-10-23 20:41:39,327] [INFO] [fps_address_scraper.py:26] Got successful response from https://www.fastpeoplesearch.com/address/1800-chain-bridge-rd_mclean-va/page/9
[2024-10-23 20:41:39,768] [INFO] [fps_address_scraper.py:91] Saved 10 entries in /home/ubuntu/scripts/result_file/output_chunk_17.xlsx
[2024-10-23 20:41:39,925] [INFO] [fps_address_scraper.py:185] Scraping https://www.fastpeoplesearch.com/address/1800-chain-bridge-rd_mclean-va/page/10
[2024-10-23 20:42:14,169] [INFO] [fps_address_scraper.py:26] Got successful response from https://www.fastpeoplesearch.com/address/1800-chain-bridge-rd_mclean-va/page/10
[2024-10-23 20:42:14,606] [INFO] [fps_address_scraper.py:91] Saved 10 entries in /home/ubuntu/scripts/result_file/output_chunk_17.xlsx
[2024-10-23 20:42:14,790] [INFO] [fps_address_scraper.py:185] Scraping https://www.fastpeoplesearch.com/address/1800-chain-bridge-rd_mclean-va/page/11
[2024-10-23 20:42:44,822] [INFO] [fps_address_scraper.py:26] Got successful response from https://www.fastpeoplesearch.com/address/1800-chain-bridge-rd_mclean-va/page/11
[2024-10-23 20:42:45,575] [INFO] [fps_address_scraper.py:91] Saved 5 entries in /home/ubuntu/scripts/result_file/output_chunk_17.xlsx
[2024-10-23 20:42:45,783] [INFO] [fps_address_scraper.py:185] Scraping https://www.fastpeoplesearch.com/address/1800-chain-bridge-rd_mclean-va/page/12
[2024-10-23 20:43:09,033] [INFO] [fps_address_scraper.py:26] Got successful response from https://www.fastpeoplesearch.com/address/1800-chain-bridge-rd_mclean-va/page/12
[2024-10-23 20:43:09,045] [INFO] [fps_address_scraper.py:216] output_chunk_17.xlsx. Scraping 14 of 98
[2024-10-23 20:43:09,046] [INFO] [fps_address_scraper.py:47] Original address: 1800 Jonathan Way
[2024-10-23 20:43:09,046] [INFO] [fps_address_scraper.py:57] Standardized address: 1800 Jonathan Way
[2024-10-23 20:43:09,235] [INFO] [fps_address_scraper.py:185] Scraping https://www.fastpeoplesearch.com/address/1800-jonathan-way_reston-va/page/1
[2024-10-23 20:43:46,061] [INFO] [fps_address_scraper.py:26] Got successful response from https://www.fastpeoplesearch.com/address/1800-jonathan-way_reston-va/page/1
[2024-10-23 20:43:46,512] [INFO] [fps_address_scraper.py:91] Saved 10 entries in /home/ubuntu/scripts/result_file/output_chunk_17.xlsx
[2024-10-23 20:43:46,672] [INFO] [fps_address_scraper.py:185] Scraping https://www.fastpeoplesearch.com/address/1800-jonathan-way_reston-va/page/2
[2024-10-23 20:44:39,990] [INFO] [fps_address_scraper.py:26] Got successful response from https://www.fastpeoplesearch.com/address/1800-jonathan-way_reston-va/page/2
[2024-10-23 20:44:40,445] [INFO] [fps_address_scraper.py:91] Saved 10 entries in /home/ubuntu/scripts/result_file/output_chunk_17.xlsx
[2024-10-23 20:44:40,637] [INFO] [fps_address_scraper.py:185] Scraping https://www.fastpeoplesearch.com/address/1800-jonathan-way_reston-va/page/3
[2024-10-23 20:46:07,217] [INFO] [fps_address_scraper.py:26] Got successful response from https://www.fastpeoplesearch.com/address/1800-jonathan-way_reston-va/page/3
[2024-10-23 20:46:07,670] [INFO] [fps_address_scraper.py:91] Saved 10 entries in /home/ubuntu/scripts/result_file/output_chunk_17.xlsx
[2024-10-23 20:46:07,830] [INFO] [fps_address_scraper.py:185] Scraping https://www.fastpeoplesearch.com/address/1800-jonathan-way_reston-va/page/4
[2024-10-23 20:46:59,379] [INFO] [fps_address_scraper.py:26] Got successful response from https://www.fastpeoplesearch.com/address/1800-jonathan-way_reston-va/page/4
[2024-10-23 20:46:59,842] [INFO] [fps_address_scraper.py:91] Saved 10 entries in /home/ubuntu/scripts/result_file/output_chunk_17.xlsx
[2024-10-23 20:47:00,032] [INFO] [fps_address_scraper.py:185] Scraping https://www.fastpeoplesearch.com/address/1800-jonathan-way_reston-va/page/5
[2024-10-23 20:47:22,140] [INFO] [fps_address_scraper.py:26] Got successful response from https://www.fastpeoplesearch.com/address/1800-jonathan-way_reston-va/page/5
[2024-10-23 20:47:22,684] [INFO] [fps_address_scraper.py:91] Saved 10 entries in /home/ubuntu/scripts/result_file/output_chunk_17.xlsx
[2024-10-23 20:47:22,869] [INFO] [fps_address_scraper.py:185] Scraping https://www.fastpeoplesearch.com/address/1800-jonathan-way_reston-va/page/6
[2024-10-23 20:48:24,664] [INFO] [fps_address_scraper.py:26] Got successful response from https://www.fastpeoplesearch.com/address/1800-jonathan-way_reston-va/page/6
[2024-10-23 20:48:25,163] [INFO] [fps_address_scraper.py:91] Saved 10 entries in /home/ubuntu/scripts/result_file/output_chunk_17.xlsx
[2024-10-23 20:48:25,329] [INFO] [fps_address_scraper.py:185] Scraping https://www.fastpeoplesearch.com/address/1800-jonathan-way_reston-va/page/7
[2024-10-23 20:48:46,647] [INFO] [fps_address_scraper.py:26] Got successful response from https://www.fastpeoplesearch.com/address/1800-jonathan-way_reston-va/page/7
[2024-10-23 20:48:47,331] [INFO] [fps_address_scraper.py:91] Saved 10 entries in /home/ubuntu/scripts/result_file/output_chunk_17.xlsx
[2024-10-23 20:48:47,549] [INFO] [fps_address_scraper.py:185] Scraping https://www.fastpeoplesearch.com/address/1800-jonathan-way_reston-va/page/8
[2024-10-23 20:49:24,090] [INFO] [fps_address_scraper.py:26] Got successful response from https://www.fastpeoplesearch.com/address/1800-jonathan-way_reston-va/page/8
[2024-10-23 20:49:24,561] [INFO] [fps_address_scraper.py:91] Saved 10 entries in /home/ubuntu/scripts/result_file/output_chunk_17.xlsx
[2024-10-23 20:49:24,733] [INFO] [fps_address_scraper.py:185] Scraping https://www.fastpeoplesearch.com/address/1800-jonathan-way_reston-va/page/9
[2024-10-23 20:50:17,278] [INFO] [fps_address_scraper.py:26] Got successful response from https://www.fastpeoplesearch.com/address/1800-jonathan-way_reston-va/page/9
[2024-10-23 20:50:17,780] [INFO] [fps_address_scraper.py:91] Saved 10 entries in /home/ubuntu/scripts/result_file/output_chunk_17.xlsx
[2024-10-23 20:50:17,955] [INFO] [fps_address_scraper.py:185] Scraping https://www.fastpeoplesearch.com/address/1800-jonathan-way_reston-va/page/10
[2024-10-23 20:51:10,330] [INFO] [fps_address_scraper.py:26] Got successful response from https://www.fastpeoplesearch.com/address/1800-jonathan-way_reston-va/page/10
[2024-10-23 20:51:10,839] [INFO] [fps_address_scraper.py:91] Saved 10 entries in /home/ubuntu/scripts/result_file/output_chunk_17.xlsx
[2024-10-23 20:51:11,047] [INFO] [fps_address_scraper.py:185] Scraping https://www.fastpeoplesearch.com/address/1800-jonathan-way_reston-va/page/11
[2024-10-23 20:51:33,036] [INFO] [fps_address_scraper.py:26] Got successful response from https://www.fastpeoplesearch.com/address/1800-jonathan-way_reston-va/page/11
[2024-10-23 20:51:33,511] [INFO] [fps_address_scraper.py:91] Saved 10 entries in /home/ubuntu/scripts/result_file/output_chunk_17.xlsx
[2024-10-23 20:51:33,683] [INFO] [fps_address_scraper.py:185] Scraping https://www.fastpeoplesearch.com/address/1800-jonathan-way_reston-va/page/12
[2024-10-23 20:51:56,040] [INFO] [fps_address_scraper.py:26] Got successful response from https://www.fastpeoplesearch.com/address/1800-jonathan-way_reston-va/page/12
[2024-10-23 20:51:56,052] [INFO] [fps_address_scraper.py:216] output_chunk_17.xlsx. Scraping 15 of 98
[2024-10-23 20:51:56,052] [INFO] [fps_address_scraper.py:47] Original address: 1800 N Lynn St
[2024-10-23 20:51:56,052] [INFO] [fps_address_scraper.py:57] Standardized address: 1800 N Lynn St
[2024-10-23 20:51:56,251] [INFO] [fps_address_scraper.py:185] Scraping https://www.fastpeoplesearch.com/address/1800-n-lynn-st_arlington-va/page/1
[2024-10-23 20:53:21,640] [INFO] [fps_address_scraper.py:26] Got successful response from https://www.fastpeoplesearch.com/address/1800-n-lynn-st_arlington-va/page/1
[2024-10-23 20:53:22,114] [INFO] [fps_address_scraper.py:91] Saved 10 entries in /home/ubuntu/scripts/result_file/output_chunk_17.xlsx
[2024-10-23 20:53:22,289] [INFO] [fps_address_scraper.py:185] Scraping https://www.fastpeoplesearch.com/address/1800-n-lynn-st_arlington-va/page/2
[2024-10-23 20:54:13,931] [INFO] [fps_address_scraper.py:26] Got successful response from https://www.fastpeoplesearch.com/address/1800-n-lynn-st_arlington-va/page/2
[2024-10-23 20:54:14,469] [INFO] [fps_address_scraper.py:91] Saved 10 entries in /home/ubuntu/scripts/result_file/output_chunk_17.xlsx
[2024-10-23 20:54:14,645] [INFO] [fps_address_scraper.py:185] Scraping https://www.fastpeoplesearch.com/address/1800-n-lynn-st_arlington-va/page/3
[2024-10-23 20:54:41,413] [INFO] [fps_address_scraper.py:26] Got successful response from https://www.fastpeoplesearch.com/address/1800-n-lynn-st_arlington-va/page/3
[2024-10-23 20:54:41,901] [INFO] [fps_address_scraper.py:91] Saved 10 entries in /home/ubuntu/scripts/result_file/output_chunk_17.xlsx
[2024-10-23 20:54:42,107] [INFO] [fps_address_scraper.py:185] Scraping https://www.fastpeoplesearch.com/address/1800-n-lynn-st_arlington-va/page/4
[2024-10-23 20:55:06,278] [INFO] [fps_address_scraper.py:26] Got successful response from https://www.fastpeoplesearch.com/address/1800-n-lynn-st_arlington-va/page/4
[2024-10-23 20:55:06,774] [INFO] [fps_address_scraper.py:91] Saved 10 entries in /home/ubuntu/scripts/result_file/output_chunk_17.xlsx
[2024-10-23 20:55:06,952] [INFO] [fps_address_scraper.py:185] Scraping https://www.fastpeoplesearch.com/address/1800-n-lynn-st_arlington-va/page/5
[2024-10-23 20:55:41,239] [INFO] [fps_address_scraper.py:26] Got successful response from https://www.fastpeoplesearch.com/address/1800-n-lynn-st_arlington-va/page/5
[2024-10-23 20:55:41,765] [INFO] [fps_address_scraper.py:91] Saved 10 entries in /home/ubuntu/scripts/result_file/output_chunk_17.xlsx
[2024-10-23 20:55:41,945] [INFO] [fps_address_scraper.py:185] Scraping https://www.fastpeoplesearch.com/address/1800-n-lynn-st_arlington-va/page/6
[2024-10-23 20:56:34,288] [INFO] [fps_address_scraper.py:26] Got successful response from https://www.fastpeoplesearch.com/address/1800-n-lynn-st_arlington-va/page/6
[2024-10-23 20:56:34,776] [INFO] [fps_address_scraper.py:91] Saved 10 entries in /home/ubuntu/scripts/result_file/output_chunk_17.xlsx
[2024-10-23 20:56:34,987] [INFO] [fps_address_scraper.py:185] Scraping https://www.fastpeoplesearch.com/address/1800-n-lynn-st_arlington-va/page/7
[2024-10-23 20:57:51,419] [INFO] [fps_address_scraper.py:26] Got successful response from https://www.fastpeoplesearch.com/address/1800-n-lynn-st_arlington-va/page/7
[2024-10-23 20:57:51,920] [INFO] [fps_address_scraper.py:91] Saved 10 entries in /home/ubuntu/scripts/result_file/output_chunk_17.xlsx
[2024-10-23 20:57:52,103] [INFO] [fps_address_scraper.py:185] Scraping https://www.fastpeoplesearch.com/address/1800-n-lynn-st_arlington-va/page/8
[2024-10-23 20:59:06,930] [INFO] [fps_address_scraper.py:26] Got successful response from https://www.fastpeoplesearch.com/address/1800-n-lynn-st_arlington-va/page/8
[2024-10-23 20:59:07,459] [INFO] [fps_address_scraper.py:91] Saved 10 entries in /home/ubuntu/scripts/result_file/output_chunk_17.xlsx
[2024-10-23 20:59:07,647] [INFO] [fps_address_scraper.py:185] Scraping https://www.fastpeoplesearch.com/address/1800-n-lynn-st_arlington-va/page/9
[2024-10-23 20:59:57,361] [INFO] [fps_address_scraper.py:26] Got successful response from https://www.fastpeoplesearch.com/address/1800-n-lynn-st_arlington-va/page/9
[2024-10-23 20:59:58,377] [INFO] [fps_address_scraper.py:91] Saved 10 entries in /home/ubuntu/scripts/result_file/output_chunk_17.xlsx
[2024-10-23 20:59:58,591] [INFO] [fps_address_scraper.py:185] Scraping https://www.fastpeoplesearch.com/address/1800-n-lynn-st_arlington-va/page/10
[2024-10-23 21:00:19,858] [INFO] [fps_address_scraper.py:26] Got successful response from https://www.fastpeoplesearch.com/address/1800-n-lynn-st_arlington-va/page/10
[2024-10-23 21:00:20,377] [INFO] [fps_address_scraper.py:91] Saved 10 entries in /home/ubuntu/scripts/result_file/output_chunk_17.xlsx
[2024-10-23 21:00:20,591] [INFO] [fps_address_scraper.py:185] Scraping https://www.fastpeoplesearch.com/address/1800-n-lynn-st_arlington-va/page/11
