[2024-10-22 16:11:54,964] [INFO] [fps_address_scraper.py:47] Original address: 3301 Westport Pky
[2024-10-22 16:11:54,968] [INFO] [fps_address_scraper.py:57] Standardized address: 3301 Westport Pky
[2024-10-22 16:11:54,968] [INFO] [fps_address_scraper.py:186] Scraping https://www.fastpeoplesearch.com/address/3301-westport-pky_fort-worth-tx/page/1
[2024-10-22 16:12:48,751] [INFO] [fps_address_scraper.py:26] Got successful response from https://www.fastpeoplesearch.com/address/3301-westport-pky_fort-worth-tx/page/1
[2024-10-22 16:12:48,847] [INFO] [fps_address_scraper.py:91] Saved 10 entries in /home/ubuntu/scripts/result_file/output_chunk_8.xlsx
[2024-10-22 16:12:48,854] [INFO] [fps_address_scraper.py:186] Scraping https://www.fastpeoplesearch.com/address/3301-westport-pky_fort-worth-tx/page/2
[2024-10-22 16:13:21,620] [INFO] [fps_address_scraper.py:26] Got successful response from https://www.fastpeoplesearch.com/address/3301-westport-pky_fort-worth-tx/page/2
[2024-10-22 16:13:21,948] [INFO] [fps_address_scraper.py:91] Saved 6 entries in /home/ubuntu/scripts/result_file/output_chunk_8.xlsx
[2024-10-22 16:13:21,966] [INFO] [fps_address_scraper.py:186] Scraping https://www.fastpeoplesearch.com/address/3301-westport-pky_fort-worth-tx/page/3
[2024-10-22 16:13:52,008] [INFO] [fps_address_scraper.py:26] Got successful response from https://www.fastpeoplesearch.com/address/3301-westport-pky_fort-worth-tx/page/3
[2024-10-22 16:13:52,045] [INFO] [fps_address_scraper.py:47] Original address: 331 Forest Center Dr
[2024-10-22 16:13:52,045] [INFO] [fps_address_scraper.py:57] Standardized address: 331 Forest Center Dr
[2024-10-22 16:13:52,059] [INFO] [fps_address_scraper.py:186] Scraping https://www.fastpeoplesearch.com/address/331-forest-center-dr_kingwood-tx/page/1
[2024-10-22 16:14:45,952] [INFO] [fps_address_scraper.py:26] Got successful response from https://www.fastpeoplesearch.com/address/331-forest-center-dr_kingwood-tx/page/1
[2024-10-22 16:14:46,051] [INFO] [fps_address_scraper.py:91] Saved 10 entries in /home/ubuntu/scripts/result_file/output_chunk_8.xlsx
[2024-10-22 16:14:46,060] [INFO] [fps_address_scraper.py:186] Scraping https://www.fastpeoplesearch.com/address/331-forest-center-dr_kingwood-tx/page/2
[2024-10-22 16:15:10,750] [INFO] [fps_address_scraper.py:26] Got successful response from https://www.fastpeoplesearch.com/address/331-forest-center-dr_kingwood-tx/page/2
[2024-10-22 16:15:11,044] [INFO] [fps_address_scraper.py:91] Saved 10 entries in /home/ubuntu/scripts/result_file/output_chunk_8.xlsx
[2024-10-22 16:15:11,064] [INFO] [fps_address_scraper.py:186] Scraping https://www.fastpeoplesearch.com/address/331-forest-center-dr_kingwood-tx/page/3
[2024-10-22 16:16:04,011] [INFO] [fps_address_scraper.py:26] Got successful response from https://www.fastpeoplesearch.com/address/331-forest-center-dr_kingwood-tx/page/3
[2024-10-22 16:16:04,251] [INFO] [fps_address_scraper.py:91] Saved 10 entries in /home/ubuntu/scripts/result_file/output_chunk_8.xlsx
[2024-10-22 16:16:04,276] [INFO] [fps_address_scraper.py:186] Scraping https://www.fastpeoplesearch.com/address/331-forest-center-dr_kingwood-tx/page/4
[2024-10-22 16:16:28,699] [INFO] [fps_address_scraper.py:26] Got successful response from https://www.fastpeoplesearch.com/address/331-forest-center-dr_kingwood-tx/page/4
[2024-10-22 16:16:28,926] [INFO] [fps_address_scraper.py:91] Saved 10 entries in /home/ubuntu/scripts/result_file/output_chunk_8.xlsx
[2024-10-22 16:16:28,954] [INFO] [fps_address_scraper.py:186] Scraping https://www.fastpeoplesearch.com/address/331-forest-center-dr_kingwood-tx/page/5
[2024-10-22 16:16:51,597] [INFO] [fps_address_scraper.py:26] Got successful response from https://www.fastpeoplesearch.com/address/331-forest-center-dr_kingwood-tx/page/5
[2024-10-22 16:16:51,711] [INFO] [fps_address_scraper.py:91] Saved 10 entries in /home/ubuntu/scripts/result_file/output_chunk_8.xlsx
[2024-10-22 16:16:51,727] [INFO] [fps_address_scraper.py:186] Scraping https://www.fastpeoplesearch.com/address/331-forest-center-dr_kingwood-tx/page/6
[2024-10-22 16:17:35,492] [INFO] [fps_address_scraper.py:26] Got successful response from https://www.fastpeoplesearch.com/address/331-forest-center-dr_kingwood-tx/page/6
[2024-10-22 16:17:35,606] [INFO] [fps_address_scraper.py:91] Saved 10 entries in /home/ubuntu/scripts/result_file/output_chunk_8.xlsx
[2024-10-22 16:17:35,623] [INFO] [fps_address_scraper.py:186] Scraping https://www.fastpeoplesearch.com/address/331-forest-center-dr_kingwood-tx/page/7
[2024-10-22 16:18:25,817] [INFO] [fps_address_scraper.py:26] Got successful response from https://www.fastpeoplesearch.com/address/331-forest-center-dr_kingwood-tx/page/7
[2024-10-22 16:18:25,970] [INFO] [fps_address_scraper.py:91] Saved 10 entries in /home/ubuntu/scripts/result_file/output_chunk_8.xlsx
[2024-10-22 16:18:25,987] [INFO] [fps_address_scraper.py:186] Scraping https://www.fastpeoplesearch.com/address/331-forest-center-dr_kingwood-tx/page/8
[2024-10-22 16:19:22,041] [INFO] [fps_address_scraper.py:26] Got successful response from https://www.fastpeoplesearch.com/address/331-forest-center-dr_kingwood-tx/page/8
[2024-10-22 16:19:22,166] [INFO] [fps_address_scraper.py:91] Saved 10 entries in /home/ubuntu/scripts/result_file/output_chunk_8.xlsx
[2024-10-22 16:19:22,184] [INFO] [fps_address_scraper.py:186] Scraping https://www.fastpeoplesearch.com/address/331-forest-center-dr_kingwood-tx/page/9
[2024-10-22 16:20:14,414] [INFO] [fps_address_scraper.py:26] Got successful response from https://www.fastpeoplesearch.com/address/331-forest-center-dr_kingwood-tx/page/9
[2024-10-22 16:20:14,681] [INFO] [fps_address_scraper.py:91] Saved 10 entries in /home/ubuntu/scripts/result_file/output_chunk_8.xlsx
[2024-10-22 16:20:14,729] [INFO] [fps_address_scraper.py:186] Scraping https://www.fastpeoplesearch.com/address/331-forest-center-dr_kingwood-tx/page/10
[2024-10-22 16:20:56,332] [INFO] [fps_address_scraper.py:26] Got successful response from https://www.fastpeoplesearch.com/address/331-forest-center-dr_kingwood-tx/page/10
[2024-10-22 16:20:56,452] [INFO] [fps_address_scraper.py:91] Saved 10 entries in /home/ubuntu/scripts/result_file/output_chunk_8.xlsx
[2024-10-22 16:20:56,474] [INFO] [fps_address_scraper.py:186] Scraping https://www.fastpeoplesearch.com/address/331-forest-center-dr_kingwood-tx/page/11
[2024-10-22 16:22:06,610] [ERROR] [fps_address_scraper.py:24] Could not get successful response. Status code 500. {"status":"Failed to get successful response from website. Please retry the request."}
[2024-10-22 16:22:06,611] [WARNING] [api.py:40] Request failed. Status code 500, retrying in 1 seconds...
[2024-10-22 16:23:00,776] [INFO] [fps_address_scraper.py:26] Got successful response from https://www.fastpeoplesearch.com/address/331-forest-center-dr_kingwood-tx/page/11
[2024-10-22 16:23:00,944] [INFO] [fps_address_scraper.py:91] Saved 10 entries in /home/ubuntu/scripts/result_file/output_chunk_8.xlsx
[2024-10-22 16:23:00,967] [INFO] [fps_address_scraper.py:186] Scraping https://www.fastpeoplesearch.com/address/331-forest-center-dr_kingwood-tx/page/12
[2024-10-22 16:23:44,924] [INFO] [fps_address_scraper.py:26] Got successful response from https://www.fastpeoplesearch.com/address/331-forest-center-dr_kingwood-tx/page/12
[2024-10-22 16:23:44,941] [INFO] [fps_address_scraper.py:47] Original address: 3320 Sam Rayburn Hwy
[2024-10-22 16:23:44,941] [INFO] [fps_address_scraper.py:57] Standardized address: 3320 Sam Rayburn Hwy
[2024-10-22 16:23:44,965] [INFO] [fps_address_scraper.py:186] Scraping https://www.fastpeoplesearch.com/address/3320-sam-rayburn-hwy_melissa-tx/page/1
[2024-10-22 16:24:28,907] [INFO] [fps_address_scraper.py:26] Got successful response from https://www.fastpeoplesearch.com/address/3320-sam-rayburn-hwy_melissa-tx/page/1
[2024-10-22 16:24:29,027] [INFO] [fps_address_scraper.py:91] Saved 10 entries in /home/ubuntu/scripts/result_file/output_chunk_8.xlsx
[2024-10-22 16:24:29,052] [INFO] [fps_address_scraper.py:186] Scraping https://www.fastpeoplesearch.com/address/3320-sam-rayburn-hwy_melissa-tx/page/2
[2024-10-22 16:26:25,001] [ERROR] [fps_address_scraper.py:24] Could not get successful response. Status code 500. {"status":"Failed to get successful response from website. Please retry the request."}
[2024-10-22 16:26:25,002] [WARNING] [api.py:40] Request failed. Status code 500, retrying in 1 seconds...
[2024-10-22 16:27:20,687] [INFO] [fps_address_scraper.py:26] Got successful response from https://www.fastpeoplesearch.com/address/3320-sam-rayburn-hwy_melissa-tx/page/2
[2024-10-22 16:27:20,825] [INFO] [fps_address_scraper.py:91] Saved 10 entries in /home/ubuntu/scripts/result_file/output_chunk_8.xlsx
[2024-10-22 16:27:20,851] [INFO] [fps_address_scraper.py:186] Scraping https://www.fastpeoplesearch.com/address/3320-sam-rayburn-hwy_melissa-tx/page/3
[2024-10-22 16:28:07,297] [INFO] [fps_address_scraper.py:26] Got successful response from https://www.fastpeoplesearch.com/address/3320-sam-rayburn-hwy_melissa-tx/page/3
[2024-10-22 16:28:07,468] [INFO] [fps_address_scraper.py:91] Saved 10 entries in /home/ubuntu/scripts/result_file/output_chunk_8.xlsx
[2024-10-22 16:28:07,495] [INFO] [fps_address_scraper.py:186] Scraping https://www.fastpeoplesearch.com/address/3320-sam-rayburn-hwy_melissa-tx/page/4
[2024-10-22 16:28:29,394] [INFO] [fps_address_scraper.py:26] Got successful response from https://www.fastpeoplesearch.com/address/3320-sam-rayburn-hwy_melissa-tx/page/4
[2024-10-22 16:28:29,535] [INFO] [fps_address_scraper.py:91] Saved 10 entries in /home/ubuntu/scripts/result_file/output_chunk_8.xlsx
[2024-10-22 16:28:29,563] [INFO] [fps_address_scraper.py:186] Scraping https://www.fastpeoplesearch.com/address/3320-sam-rayburn-hwy_melissa-tx/page/5
[2024-10-22 16:30:21,872] [INFO] [fps_address_scraper.py:26] Got successful response from https://www.fastpeoplesearch.com/address/3320-sam-rayburn-hwy_melissa-tx/page/5
[2024-10-22 16:30:22,039] [INFO] [fps_address_scraper.py:91] Saved 10 entries in /home/ubuntu/scripts/result_file/output_chunk_8.xlsx
[2024-10-22 16:30:22,070] [INFO] [fps_address_scraper.py:186] Scraping https://www.fastpeoplesearch.com/address/3320-sam-rayburn-hwy_melissa-tx/page/6
[2024-10-22 16:31:14,122] [INFO] [fps_address_scraper.py:26] Got successful response from https://www.fastpeoplesearch.com/address/3320-sam-rayburn-hwy_melissa-tx/page/6
[2024-10-22 16:31:14,295] [INFO] [fps_address_scraper.py:91] Saved 10 entries in /home/ubuntu/scripts/result_file/output_chunk_8.xlsx
[2024-10-22 16:31:14,325] [INFO] [fps_address_scraper.py:186] Scraping https://www.fastpeoplesearch.com/address/3320-sam-rayburn-hwy_melissa-tx/page/7
[2024-10-22 16:31:49,502] [INFO] [fps_address_scraper.py:26] Got successful response from https://www.fastpeoplesearch.com/address/3320-sam-rayburn-hwy_melissa-tx/page/7
[2024-10-22 16:31:49,651] [INFO] [fps_address_scraper.py:91] Saved 10 entries in /home/ubuntu/scripts/result_file/output_chunk_8.xlsx
[2024-10-22 16:31:49,684] [INFO] [fps_address_scraper.py:186] Scraping https://www.fastpeoplesearch.com/address/3320-sam-rayburn-hwy_melissa-tx/page/8
[2024-10-22 16:32:56,575] [INFO] [fps_address_scraper.py:26] Got successful response from https://www.fastpeoplesearch.com/address/3320-sam-rayburn-hwy_melissa-tx/page/8
[2024-10-22 16:32:56,719] [INFO] [fps_address_scraper.py:91] Saved 10 entries in /home/ubuntu/scripts/result_file/output_chunk_8.xlsx
[2024-10-22 16:32:56,751] [INFO] [fps_address_scraper.py:186] Scraping https://www.fastpeoplesearch.com/address/3320-sam-rayburn-hwy_melissa-tx/page/9
[2024-10-22 16:33:35,962] [INFO] [fps_address_scraper.py:26] Got successful response from https://www.fastpeoplesearch.com/address/3320-sam-rayburn-hwy_melissa-tx/page/9
[2024-10-22 16:33:36,114] [INFO] [fps_address_scraper.py:91] Saved 10 entries in /home/ubuntu/scripts/result_file/output_chunk_8.xlsx
[2024-10-22 16:33:36,141] [INFO] [fps_address_scraper.py:186] Scraping https://www.fastpeoplesearch.com/address/3320-sam-rayburn-hwy_melissa-tx/page/10
[2024-10-22 16:34:27,567] [INFO] [fps_address_scraper.py:26] Got successful response from https://www.fastpeoplesearch.com/address/3320-sam-rayburn-hwy_melissa-tx/page/10
[2024-10-22 16:34:27,739] [INFO] [fps_address_scraper.py:91] Saved 10 entries in /home/ubuntu/scripts/result_file/output_chunk_8.xlsx
[2024-10-22 16:34:27,775] [INFO] [fps_address_scraper.py:186] Scraping https://www.fastpeoplesearch.com/address/3320-sam-rayburn-hwy_melissa-tx/page/11
[2024-10-22 16:36:23,689] [ERROR] [fps_address_scraper.py:24] Could not get successful response. Status code 500. {"status":"Failed to get successful response from website. Please retry the request."}
[2024-10-22 16:36:23,689] [WARNING] [api.py:40] Request failed. Status code 500, retrying in 1 seconds...
[2024-10-22 16:36:55,250] [INFO] [fps_address_scraper.py:26] Got successful response from https://www.fastpeoplesearch.com/address/3320-sam-rayburn-hwy_melissa-tx/page/11
[2024-10-22 16:36:55,688] [INFO] [fps_address_scraper.py:91] Saved 10 entries in /home/ubuntu/scripts/result_file/output_chunk_8.xlsx
[2024-10-22 16:36:55,764] [INFO] [fps_address_scraper.py:186] Scraping https://www.fastpeoplesearch.com/address/3320-sam-rayburn-hwy_melissa-tx/page/12
[2024-10-22 16:37:46,944] [INFO] [fps_address_scraper.py:26] Got successful response from https://www.fastpeoplesearch.com/address/3320-sam-rayburn-hwy_melissa-tx/page/12
[2024-10-22 16:37:46,962] [INFO] [fps_address_scraper.py:47] Original address: 3323 McCue St
[2024-10-22 16:37:46,962] [INFO] [fps_address_scraper.py:57] Standardized address: 3323 McCue St
[2024-10-22 16:37:47,001] [INFO] [fps_address_scraper.py:186] Scraping https://www.fastpeoplesearch.com/address/3323-mccue-st_houston-tx/page/1
[2024-10-22 16:38:09,139] [INFO] [fps_address_scraper.py:26] Got successful response from https://www.fastpeoplesearch.com/address/3323-mccue-st_houston-tx/page/1
[2024-10-22 16:38:09,300] [INFO] [fps_address_scraper.py:91] Saved 10 entries in /home/ubuntu/scripts/result_file/output_chunk_8.xlsx
[2024-10-22 16:38:09,340] [INFO] [fps_address_scraper.py:186] Scraping https://www.fastpeoplesearch.com/address/3323-mccue-st_houston-tx/page/2
[2024-10-22 16:38:31,134] [INFO] [fps_address_scraper.py:26] Got successful response from https://www.fastpeoplesearch.com/address/3323-mccue-st_houston-tx/page/2
[2024-10-22 16:38:31,292] [INFO] [fps_address_scraper.py:91] Saved 10 entries in /home/ubuntu/scripts/result_file/output_chunk_8.xlsx
[2024-10-22 16:38:31,367] [INFO] [fps_address_scraper.py:186] Scraping https://www.fastpeoplesearch.com/address/3323-mccue-st_houston-tx/page/3
[2024-10-22 16:39:06,861] [INFO] [fps_address_scraper.py:26] Got successful response from https://www.fastpeoplesearch.com/address/3323-mccue-st_houston-tx/page/3
[2024-10-22 16:39:06,989] [INFO] [fps_address_scraper.py:91] Saved 10 entries in /home/ubuntu/scripts/result_file/output_chunk_8.xlsx
[2024-10-22 16:39:07,021] [INFO] [fps_address_scraper.py:186] Scraping https://www.fastpeoplesearch.com/address/3323-mccue-st_houston-tx/page/4
[2024-10-22 16:39:31,520] [INFO] [fps_address_scraper.py:26] Got successful response from https://www.fastpeoplesearch.com/address/3323-mccue-st_houston-tx/page/4
[2024-10-22 16:39:31,687] [INFO] [fps_address_scraper.py:91] Saved 10 entries in /home/ubuntu/scripts/result_file/output_chunk_8.xlsx
[2024-10-22 16:39:31,730] [INFO] [fps_address_scraper.py:186] Scraping https://www.fastpeoplesearch.com/address/3323-mccue-st_houston-tx/page/5
[2024-10-22 16:40:24,239] [INFO] [fps_address_scraper.py:26] Got successful response from https://www.fastpeoplesearch.com/address/3323-mccue-st_houston-tx/page/5
[2024-10-22 16:40:24,453] [INFO] [fps_address_scraper.py:91] Saved 10 entries in /home/ubuntu/scripts/result_file/output_chunk_8.xlsx
[2024-10-22 16:40:24,496] [INFO] [fps_address_scraper.py:186] Scraping https://www.fastpeoplesearch.com/address/3323-mccue-st_houston-tx/page/6
[2024-10-22 16:41:23,505] [INFO] [fps_address_scraper.py:26] Got successful response from https://www.fastpeoplesearch.com/address/3323-mccue-st_houston-tx/page/6
[2024-10-22 16:41:23,878] [INFO] [fps_address_scraper.py:91] Saved 10 entries in /home/ubuntu/scripts/result_file/output_chunk_8.xlsx
[2024-10-22 16:41:23,974] [INFO] [fps_address_scraper.py:186] Scraping https://www.fastpeoplesearch.com/address/3323-mccue-st_houston-tx/page/7
[2024-10-22 16:42:16,016] [INFO] [fps_address_scraper.py:26] Got successful response from https://www.fastpeoplesearch.com/address/3323-mccue-st_houston-tx/page/7
[2024-10-22 16:42:16,241] [INFO] [fps_address_scraper.py:91] Saved 10 entries in /home/ubuntu/scripts/result_file/output_chunk_8.xlsx
[2024-10-22 16:42:16,288] [INFO] [fps_address_scraper.py:186] Scraping https://www.fastpeoplesearch.com/address/3323-mccue-st_houston-tx/page/8
[2024-10-22 16:43:07,952] [INFO] [fps_address_scraper.py:26] Got successful response from https://www.fastpeoplesearch.com/address/3323-mccue-st_houston-tx/page/8
[2024-10-22 16:43:08,143] [INFO] [fps_address_scraper.py:91] Saved 10 entries in /home/ubuntu/scripts/result_file/output_chunk_8.xlsx
[2024-10-22 16:43:08,191] [INFO] [fps_address_scraper.py:186] Scraping https://www.fastpeoplesearch.com/address/3323-mccue-st_houston-tx/page/9
[2024-10-22 16:44:26,163] [INFO] [fps_address_scraper.py:26] Got successful response from https://www.fastpeoplesearch.com/address/3323-mccue-st_houston-tx/page/9
[2024-10-22 16:44:26,382] [INFO] [fps_address_scraper.py:91] Saved 10 entries in /home/ubuntu/scripts/result_file/output_chunk_8.xlsx
[2024-10-22 16:44:26,433] [INFO] [fps_address_scraper.py:186] Scraping https://www.fastpeoplesearch.com/address/3323-mccue-st_houston-tx/page/10
[2024-10-22 16:44:59,443] [INFO] [fps_address_scraper.py:26] Got successful response from https://www.fastpeoplesearch.com/address/3323-mccue-st_houston-tx/page/10
[2024-10-22 16:45:00,090] [INFO] [fps_address_scraper.py:91] Saved 10 entries in /home/ubuntu/scripts/result_file/output_chunk_8.xlsx
[2024-10-22 16:45:00,303] [INFO] [fps_address_scraper.py:186] Scraping https://www.fastpeoplesearch.com/address/3323-mccue-st_houston-tx/page/11
[2024-10-22 16:45:51,593] [INFO] [fps_address_scraper.py:26] Got successful response from https://www.fastpeoplesearch.com/address/3323-mccue-st_houston-tx/page/11
[2024-10-22 16:45:51,776] [INFO] [fps_address_scraper.py:91] Saved 6 entries in /home/ubuntu/scripts/result_file/output_chunk_8.xlsx
[2024-10-22 16:45:51,827] [INFO] [fps_address_scraper.py:186] Scraping https://www.fastpeoplesearch.com/address/3323-mccue-st_houston-tx/page/12
[2024-10-22 16:46:14,788] [INFO] [fps_address_scraper.py:26] Got successful response from https://www.fastpeoplesearch.com/address/3323-mccue-st_houston-tx/page/12
[2024-10-22 16:46:14,821] [INFO] [fps_address_scraper.py:47] Original address: 3324 McKinney Ave
[2024-10-22 16:46:14,822] [INFO] [fps_address_scraper.py:57] Standardized address: 3324 McKinney Ave
[2024-10-22 16:46:14,927] [INFO] [fps_address_scraper.py:186] Scraping https://www.fastpeoplesearch.com/address/3324-mckinney-ave_dallas-tx/page/1
[2024-10-22 16:46:40,643] [INFO] [fps_address_scraper.py:26] Got successful response from https://www.fastpeoplesearch.com/address/3324-mckinney-ave_dallas-tx/page/1
[2024-10-22 16:46:40,855] [INFO] [fps_address_scraper.py:91] Saved 10 entries in /home/ubuntu/scripts/result_file/output_chunk_8.xlsx
[2024-10-22 16:46:40,909] [INFO] [fps_address_scraper.py:186] Scraping https://www.fastpeoplesearch.com/address/3324-mckinney-ave_dallas-tx/page/2
[2024-10-22 16:47:39,127] [INFO] [fps_address_scraper.py:26] Got successful response from https://www.fastpeoplesearch.com/address/3324-mckinney-ave_dallas-tx/page/2
[2024-10-22 16:47:39,319] [INFO] [fps_address_scraper.py:91] Saved 10 entries in /home/ubuntu/scripts/result_file/output_chunk_8.xlsx
[2024-10-22 16:47:39,374] [INFO] [fps_address_scraper.py:186] Scraping https://www.fastpeoplesearch.com/address/3324-mckinney-ave_dallas-tx/page/3
[2024-10-22 16:48:03,332] [INFO] [fps_address_scraper.py:26] Got successful response from https://www.fastpeoplesearch.com/address/3324-mckinney-ave_dallas-tx/page/3
[2024-10-22 16:48:03,570] [INFO] [fps_address_scraper.py:91] Saved 10 entries in /home/ubuntu/scripts/result_file/output_chunk_8.xlsx
[2024-10-22 16:48:03,628] [INFO] [fps_address_scraper.py:186] Scraping https://www.fastpeoplesearch.com/address/3324-mckinney-ave_dallas-tx/page/4
[2024-10-22 16:49:28,250] [INFO] [fps_address_scraper.py:26] Got successful response from https://www.fastpeoplesearch.com/address/3324-mckinney-ave_dallas-tx/page/4
[2024-10-22 16:49:28,453] [INFO] [fps_address_scraper.py:91] Saved 10 entries in /home/ubuntu/scripts/result_file/output_chunk_8.xlsx
[2024-10-22 16:49:28,510] [INFO] [fps_address_scraper.py:186] Scraping https://www.fastpeoplesearch.com/address/3324-mckinney-ave_dallas-tx/page/5
[2024-10-22 16:50:19,895] [INFO] [fps_address_scraper.py:26] Got successful response from https://www.fastpeoplesearch.com/address/3324-mckinney-ave_dallas-tx/page/5
[2024-10-22 16:50:20,085] [INFO] [fps_address_scraper.py:91] Saved 10 entries in /home/ubuntu/scripts/result_file/output_chunk_8.xlsx
[2024-10-22 16:50:20,130] [INFO] [fps_address_scraper.py:186] Scraping https://www.fastpeoplesearch.com/address/3324-mckinney-ave_dallas-tx/page/6
[2024-10-22 16:50:46,459] [INFO] [fps_address_scraper.py:26] Got successful response from https://www.fastpeoplesearch.com/address/3324-mckinney-ave_dallas-tx/page/6
[2024-10-22 16:50:46,967] [INFO] [fps_address_scraper.py:91] Saved 10 entries in /home/ubuntu/scripts/result_file/output_chunk_8.xlsx
[2024-10-22 16:50:47,104] [INFO] [fps_address_scraper.py:186] Scraping https://www.fastpeoplesearch.com/address/3324-mckinney-ave_dallas-tx/page/7
[2024-10-22 18:00:07,982] [INFO] [fps_address_scraper.py:47] Original address: 3301 Westport Pky
[2024-10-22 18:00:07,986] [INFO] [fps_address_scraper.py:57] Standardized address: 3301 Westport Pky
[2024-10-22 18:00:08,556] [INFO] [fps_address_scraper.py:183] Skipping https://www.fastpeoplesearch.com/address/3301-westport-pky_fort-worth-tx/page/1 because already scraped.
[2024-10-22 18:00:09,119] [INFO] [fps_address_scraper.py:183] Skipping https://www.fastpeoplesearch.com/address/3301-westport-pky_fort-worth-tx/page/2 because already scraped.
[2024-10-22 18:00:09,618] [INFO] [fps_address_scraper.py:186] Scraping https://www.fastpeoplesearch.com/address/3301-westport-pky_fort-worth-tx/page/3
[2024-10-22 18:01:24,319] [INFO] [fps_address_scraper.py:218] output_chunk_8.xlsx. Scraping 5 of 98
[2024-10-22 18:01:24,320] [INFO] [fps_address_scraper.py:47] Original address: 3324 McKinney Ave
[2024-10-22 18:01:24,320] [INFO] [fps_address_scraper.py:57] Standardized address: 3324 McKinney Ave
[2024-10-22 18:01:25,035] [INFO] [fps_address_scraper.py:184] Skipping https://www.fastpeoplesearch.com/address/3324-mckinney-ave_dallas-tx/page/1 because already scraped.
[2024-10-22 18:01:25,702] [INFO] [fps_address_scraper.py:184] Skipping https://www.fastpeoplesearch.com/address/3324-mckinney-ave_dallas-tx/page/2 because already scraped.
[2024-10-22 18:01:26,396] [INFO] [fps_address_scraper.py:184] Skipping https://www.fastpeoplesearch.com/address/3324-mckinney-ave_dallas-tx/page/3 because already scraped.
[2024-10-22 18:01:27,219] [INFO] [fps_address_scraper.py:184] Skipping https://www.fastpeoplesearch.com/address/3324-mckinney-ave_dallas-tx/page/4 because already scraped.
[2024-10-22 18:01:27,764] [INFO] [fps_address_scraper.py:184] Skipping https://www.fastpeoplesearch.com/address/3324-mckinney-ave_dallas-tx/page/5 because already scraped.
[2024-10-22 18:01:28,322] [INFO] [fps_address_scraper.py:184] Skipping https://www.fastpeoplesearch.com/address/3324-mckinney-ave_dallas-tx/page/6 because already scraped.
[2024-10-22 18:01:28,894] [INFO] [fps_address_scraper.py:187] Scraping https://www.fastpeoplesearch.com/address/3324-mckinney-ave_dallas-tx/page/7
[2024-10-22 18:07:06,211] [INFO] [fps_address_scraper.py:210] /home/ubuntu/scripts/result_file/output_chunk_8.xlsx
[2024-10-22 18:07:15,431] [INFO] [fps_address_scraper.py:210] /home/ubuntu/scripts/result_file/output_chunk_8.xlsx
[2024-10-22 18:07:24,756] [INFO] [fps_address_scraper.py:210] /home/ubuntu/scripts/result_file/output_chunk_8.xlsx
[2024-10-22 18:07:34,128] [INFO] [fps_address_scraper.py:210] /home/ubuntu/scripts/result_file/output_chunk_8.xlsx
[2024-10-22 18:07:42,272] [INFO] [fps_address_scraper.py:210] /home/ubuntu/scripts/result_file/output_chunk_8.xlsx
[2024-10-22 18:07:50,298] [INFO] [fps_address_scraper.py:210] /home/ubuntu/scripts/result_file/output_chunk_8.xlsx
[2024-10-22 18:07:59,036] [INFO] [fps_address_scraper.py:210] /home/ubuntu/scripts/result_file/output_chunk_8.xlsx
[2024-10-22 18:08:07,658] [INFO] [fps_address_scraper.py:210] /home/ubuntu/scripts/result_file/output_chunk_8.xlsx
[2024-10-22 18:08:15,853] [INFO] [fps_address_scraper.py:210] /home/ubuntu/scripts/result_file/output_chunk_8.xlsx
[2024-10-22 18:08:24,131] [INFO] [fps_address_scraper.py:210] /home/ubuntu/scripts/result_file/output_chunk_8.xlsx
[2024-10-22 18:08:32,888] [INFO] [fps_address_scraper.py:210] /home/ubuntu/scripts/result_file/output_chunk_8.xlsx
[2024-10-22 18:08:41,779] [INFO] [fps_address_scraper.py:210] /home/ubuntu/scripts/result_file/output_chunk_8.xlsx
[2024-10-22 18:08:51,188] [INFO] [fps_address_scraper.py:210] /home/ubuntu/scripts/result_file/output_chunk_8.xlsx
[2024-10-22 18:08:59,903] [INFO] [fps_address_scraper.py:210] /home/ubuntu/scripts/result_file/output_chunk_8.xlsx
[2024-10-22 18:09:09,008] [INFO] [fps_address_scraper.py:210] /home/ubuntu/scripts/result_file/output_chunk_8.xlsx
[2024-10-22 18:09:17,362] [INFO] [fps_address_scraper.py:210] /home/ubuntu/scripts/result_file/output_chunk_8.xlsx
[2024-10-22 18:09:25,898] [INFO] [fps_address_scraper.py:210] /home/ubuntu/scripts/result_file/output_chunk_8.xlsx
[2024-10-22 18:09:35,476] [INFO] [fps_address_scraper.py:210] /home/ubuntu/scripts/result_file/output_chunk_8.xlsx
[2024-10-22 18:09:43,912] [INFO] [fps_address_scraper.py:210] /home/ubuntu/scripts/result_file/output_chunk_8.xlsx
[2024-10-22 18:09:52,639] [INFO] [fps_address_scraper.py:210] /home/ubuntu/scripts/result_file/output_chunk_8.xlsx
[2024-10-22 18:10:01,127] [INFO] [fps_address_scraper.py:210] /home/ubuntu/scripts/result_file/output_chunk_8.xlsx
[2024-10-22 18:10:09,828] [INFO] [fps_address_scraper.py:210] /home/ubuntu/scripts/result_file/output_chunk_8.xlsx
[2024-10-22 18:10:18,474] [INFO] [fps_address_scraper.py:210] /home/ubuntu/scripts/result_file/output_chunk_8.xlsx
[2024-10-22 18:10:27,175] [INFO] [fps_address_scraper.py:210] /home/ubuntu/scripts/result_file/output_chunk_8.xlsx
[2024-10-22 18:10:36,215] [INFO] [fps_address_scraper.py:210] /home/ubuntu/scripts/result_file/output_chunk_8.xlsx
[2024-10-22 18:10:45,502] [INFO] [fps_address_scraper.py:210] /home/ubuntu/scripts/result_file/output_chunk_8.xlsx
[2024-10-22 18:10:54,790] [INFO] [fps_address_scraper.py:210] /home/ubuntu/scripts/result_file/output_chunk_8.xlsx
[2024-10-22 18:11:03,216] [INFO] [fps_address_scraper.py:210] /home/ubuntu/scripts/result_file/output_chunk_8.xlsx
[2024-10-22 18:11:11,896] [INFO] [fps_address_scraper.py:210] /home/ubuntu/scripts/result_file/output_chunk_8.xlsx
[2024-10-22 18:11:20,653] [INFO] [fps_address_scraper.py:210] /home/ubuntu/scripts/result_file/output_chunk_8.xlsx
[2024-10-22 18:11:29,218] [INFO] [fps_address_scraper.py:210] /home/ubuntu/scripts/result_file/output_chunk_8.xlsx
[2024-10-22 18:11:37,646] [INFO] [fps_address_scraper.py:210] /home/ubuntu/scripts/result_file/output_chunk_8.xlsx
[2024-10-22 18:11:45,947] [INFO] [fps_address_scraper.py:210] /home/ubuntu/scripts/result_file/output_chunk_8.xlsx
[2024-10-22 18:11:54,439] [INFO] [fps_address_scraper.py:210] /home/ubuntu/scripts/result_file/output_chunk_8.xlsx
[2024-10-22 18:12:03,530] [INFO] [fps_address_scraper.py:210] /home/ubuntu/scripts/result_file/output_chunk_8.xlsx
[2024-10-22 18:12:12,351] [INFO] [fps_address_scraper.py:210] /home/ubuntu/scripts/result_file/output_chunk_8.xlsx
[2024-10-22 18:14:41,672] [INFO] [fps_address_scraper.py:215] PASS: /home/ubuntu/scripts/result_file/output_chunk_8.xlsx
[2024-10-22 18:14:50,172] [INFO] [fps_address_scraper.py:215] PASS: /home/ubuntu/scripts/result_file/output_chunk_8.xlsx
[2024-10-22 18:14:58,646] [INFO] [fps_address_scraper.py:215] PASS: /home/ubuntu/scripts/result_file/output_chunk_8.xlsx
[2024-10-22 18:15:07,520] [INFO] [fps_address_scraper.py:215] PASS: /home/ubuntu/scripts/result_file/output_chunk_8.xlsx
[2024-10-22 18:15:16,562] [INFO] [fps_address_scraper.py:215] PASS: /home/ubuntu/scripts/result_file/output_chunk_8.xlsx
[2024-10-22 18:15:24,767] [INFO] [fps_address_scraper.py:215] PASS: /home/ubuntu/scripts/result_file/output_chunk_8.xlsx
[2024-10-22 18:15:33,137] [INFO] [fps_address_scraper.py:215] PASS: /home/ubuntu/scripts/result_file/output_chunk_8.xlsx
