[2024-10-23 18:58:32,825] [INFO] [fps_address_scraper.py:216] output_chunk_20.xlsx. Scraping 1 of 98
[2024-10-23 18:58:32,825] [INFO] [fps_address_scraper.py:47] Original address: 235 Verbena St
[2024-10-23 18:58:32,825] [INFO] [fps_address_scraper.py:57] Standardized address: 235 Verbena St
[2024-10-23 18:58:32,836] [INFO] [fps_address_scraper.py:185] Scraping https://www.fastpeoplesearch.com/address/235-verbena-st_charlotte-nc/page/1
[2024-10-23 18:58:51,359] [INFO] [fps_address_scraper.py:26] Got successful response from https://www.fastpeoplesearch.com/address/235-verbena-st_charlotte-nc/page/1
[2024-10-23 18:58:51,432] [INFO] [fps_address_scraper.py:91] Saved 10 entries in /home/ubuntu/scripts/result_file/output_chunk_20.xlsx
[2024-10-23 18:58:51,445] [INFO] [fps_address_scraper.py:185] Scraping https://www.fastpeoplesearch.com/address/235-verbena-st_charlotte-nc/page/2
[2024-10-23 19:01:38,135] [INFO] [fps_address_scraper.py:216] output_chunk_20.xlsx. Scraping 1 of 98
[2024-10-23 19:01:38,140] [INFO] [fps_address_scraper.py:47] Original address: 235 Verbena St
[2024-10-23 19:01:38,140] [INFO] [fps_address_scraper.py:57] Standardized address: 235 Verbena St
[2024-10-23 19:01:38,164] [INFO] [fps_address_scraper.py:182] Skipping https://www.fastpeoplesearch.com/address/235-verbena-st_charlotte-nc/page/1 because already scraped.
[2024-10-23 19:01:38,181] [INFO] [fps_address_scraper.py:185] Scraping https://www.fastpeoplesearch.com/address/235-verbena-st_charlotte-nc/page/2
[2024-10-23 19:02:01,541] [INFO] [fps_address_scraper.py:26] Got successful response from https://www.fastpeoplesearch.com/address/235-verbena-st_charlotte-nc/page/2
[2024-10-23 19:02:01,619] [INFO] [fps_address_scraper.py:91] Saved 10 entries in /home/ubuntu/scripts/result_file/output_chunk_20.xlsx
[2024-10-23 19:02:01,628] [INFO] [fps_address_scraper.py:185] Scraping https://www.fastpeoplesearch.com/address/235-verbena-st_charlotte-nc/page/3
[2024-10-23 19:02:32,404] [INFO] [fps_address_scraper.py:26] Got successful response from https://www.fastpeoplesearch.com/address/235-verbena-st_charlotte-nc/page/3
[2024-10-23 19:02:32,484] [INFO] [fps_address_scraper.py:91] Saved 10 entries in /home/ubuntu/scripts/result_file/output_chunk_20.xlsx
[2024-10-23 19:02:32,493] [INFO] [fps_address_scraper.py:185] Scraping https://www.fastpeoplesearch.com/address/235-verbena-st_charlotte-nc/page/4
[2024-10-23 19:02:55,223] [INFO] [fps_address_scraper.py:26] Got successful response from https://www.fastpeoplesearch.com/address/235-verbena-st_charlotte-nc/page/4
[2024-10-23 19:02:55,307] [INFO] [fps_address_scraper.py:91] Saved 10 entries in /home/ubuntu/scripts/result_file/output_chunk_20.xlsx
[2024-10-23 19:02:55,319] [INFO] [fps_address_scraper.py:185] Scraping https://www.fastpeoplesearch.com/address/235-verbena-st_charlotte-nc/page/5
[2024-10-23 19:04:27,846] [INFO] [fps_address_scraper.py:26] Got successful response from https://www.fastpeoplesearch.com/address/235-verbena-st_charlotte-nc/page/5
[2024-10-23 19:04:27,967] [INFO] [fps_address_scraper.py:91] Saved 10 entries in /home/ubuntu/scripts/result_file/output_chunk_20.xlsx
[2024-10-23 19:04:27,981] [INFO] [fps_address_scraper.py:185] Scraping https://www.fastpeoplesearch.com/address/235-verbena-st_charlotte-nc/page/6
