[2024-10-22 14:49:21,419] [INFO] [fps_address_scraper.py:47] Original address: 1400 N Main St
[2024-10-22 14:49:21,426] [INFO] [fps_address_scraper.py:57] Standardized address: 1400 N Main St
[2024-10-22 14:49:21,451] [INFO] [fps_address_scraper.py:183] Skipping https://www.fastpeoplesearch.com/address/1400-n-main-st_keller-tx/page/1 because already scraped.
[2024-10-22 14:49:21,467] [INFO] [fps_address_scraper.py:186] Scraping https://www.fastpeoplesearch.com/address/1400-n-main-st_keller-tx/page/2
[2024-10-22 14:49:44,475] [INFO] [fps_address_scraper.py:26] Got successful response from https://www.fastpeoplesearch.com/address/1400-n-main-st_keller-tx/page/2
[2024-10-22 14:49:44,568] [INFO] [fps_address_scraper.py:91] Saved 10 entries in /home/ubuntu/scripts/result_file/output_chunk_3.xlsx
[2024-10-22 14:49:44,577] [INFO] [fps_address_scraper.py:186] Scraping https://www.fastpeoplesearch.com/address/1400-n-main-st_keller-tx/page/3
[2024-10-22 14:50:41,450] [INFO] [fps_address_scraper.py:26] Got successful response from https://www.fastpeoplesearch.com/address/1400-n-main-st_keller-tx/page/3
[2024-10-22 14:50:41,664] [INFO] [fps_address_scraper.py:91] Saved 10 entries in /home/ubuntu/scripts/result_file/output_chunk_3.xlsx
[2024-10-22 14:50:41,687] [INFO] [fps_address_scraper.py:186] Scraping https://www.fastpeoplesearch.com/address/1400-n-main-st_keller-tx/page/4
[2024-10-22 14:51:03,158] [INFO] [fps_address_scraper.py:26] Got successful response from https://www.fastpeoplesearch.com/address/1400-n-main-st_keller-tx/page/4
[2024-10-22 14:51:03,258] [INFO] [fps_address_scraper.py:91] Saved 10 entries in /home/ubuntu/scripts/result_file/output_chunk_3.xlsx
[2024-10-22 14:51:03,267] [INFO] [fps_address_scraper.py:186] Scraping https://www.fastpeoplesearch.com/address/1400-n-main-st_keller-tx/page/5
[2024-10-22 14:52:23,082] [INFO] [fps_address_scraper.py:26] Got successful response from https://www.fastpeoplesearch.com/address/1400-n-main-st_keller-tx/page/5
[2024-10-22 14:52:23,375] [INFO] [fps_address_scraper.py:91] Saved 10 entries in /home/ubuntu/scripts/result_file/output_chunk_3.xlsx
[2024-10-22 14:52:23,406] [INFO] [fps_address_scraper.py:186] Scraping https://www.fastpeoplesearch.com/address/1400-n-main-st_keller-tx/page/6
[2024-10-22 14:52:45,406] [INFO] [fps_address_scraper.py:26] Got successful response from https://www.fastpeoplesearch.com/address/1400-n-main-st_keller-tx/page/6
[2024-10-22 14:52:45,518] [INFO] [fps_address_scraper.py:91] Saved 10 entries in /home/ubuntu/scripts/result_file/output_chunk_3.xlsx
[2024-10-22 14:52:45,532] [INFO] [fps_address_scraper.py:186] Scraping https://www.fastpeoplesearch.com/address/1400-n-main-st_keller-tx/page/7
[2024-10-22 14:53:17,405] [INFO] [fps_address_scraper.py:26] Got successful response from https://www.fastpeoplesearch.com/address/1400-n-main-st_keller-tx/page/7
[2024-10-22 14:53:17,503] [INFO] [fps_address_scraper.py:91] Saved 10 entries in /home/ubuntu/scripts/result_file/output_chunk_3.xlsx
[2024-10-22 14:53:17,518] [INFO] [fps_address_scraper.py:186] Scraping https://www.fastpeoplesearch.com/address/1400-n-main-st_keller-tx/page/8
[2024-10-22 14:53:40,873] [INFO] [fps_address_scraper.py:26] Got successful response from https://www.fastpeoplesearch.com/address/1400-n-main-st_keller-tx/page/8
[2024-10-22 14:53:40,983] [INFO] [fps_address_scraper.py:91] Saved 10 entries in /home/ubuntu/scripts/result_file/output_chunk_3.xlsx
[2024-10-22 14:53:40,999] [INFO] [fps_address_scraper.py:186] Scraping https://www.fastpeoplesearch.com/address/1400-n-main-st_keller-tx/page/9
[2024-10-22 14:54:35,802] [INFO] [fps_address_scraper.py:26] Got successful response from https://www.fastpeoplesearch.com/address/1400-n-main-st_keller-tx/page/9
[2024-10-22 14:54:35,922] [INFO] [fps_address_scraper.py:91] Saved 10 entries in /home/ubuntu/scripts/result_file/output_chunk_3.xlsx
[2024-10-22 14:54:35,939] [INFO] [fps_address_scraper.py:186] Scraping https://www.fastpeoplesearch.com/address/1400-n-main-st_keller-tx/page/10
[2024-10-22 14:54:57,822] [INFO] [fps_address_scraper.py:26] Got successful response from https://www.fastpeoplesearch.com/address/1400-n-main-st_keller-tx/page/10
[2024-10-22 14:54:58,171] [INFO] [fps_address_scraper.py:91] Saved 10 entries in /home/ubuntu/scripts/result_file/output_chunk_3.xlsx
[2024-10-22 14:54:58,212] [INFO] [fps_address_scraper.py:186] Scraping https://www.fastpeoplesearch.com/address/1400-n-main-st_keller-tx/page/11
[2024-10-22 14:55:19,738] [INFO] [fps_address_scraper.py:26] Got successful response from https://www.fastpeoplesearch.com/address/1400-n-main-st_keller-tx/page/11
[2024-10-22 14:55:19,859] [INFO] [fps_address_scraper.py:91] Saved 10 entries in /home/ubuntu/scripts/result_file/output_chunk_3.xlsx
[2024-10-22 14:55:19,880] [INFO] [fps_address_scraper.py:186] Scraping https://www.fastpeoplesearch.com/address/1400-n-main-st_keller-tx/page/12
[2024-10-22 14:55:41,853] [INFO] [fps_address_scraper.py:26] Got successful response from https://www.fastpeoplesearch.com/address/1400-n-main-st_keller-tx/page/12
[2024-10-22 14:55:41,871] [INFO] [fps_address_scraper.py:47] Original address: 1400 S Crowley Rd
[2024-10-22 14:55:41,871] [INFO] [fps_address_scraper.py:57] Standardized address: 1400 S Crowley Rd
[2024-10-22 14:55:41,892] [INFO] [fps_address_scraper.py:186] Scraping https://www.fastpeoplesearch.com/address/1400-s-crowley-rd_crowley-tx/page/1
[2024-10-22 14:56:09,383] [INFO] [fps_address_scraper.py:26] Got successful response from https://www.fastpeoplesearch.com/address/1400-s-crowley-rd_crowley-tx/page/1
[2024-10-22 14:56:09,503] [INFO] [fps_address_scraper.py:91] Saved 10 entries in /home/ubuntu/scripts/result_file/output_chunk_3.xlsx
[2024-10-22 14:56:09,524] [INFO] [fps_address_scraper.py:186] Scraping https://www.fastpeoplesearch.com/address/1400-s-crowley-rd_crowley-tx/page/2
[2024-10-22 14:56:27,404] [INFO] [fps_address_scraper.py:26] Got successful response from https://www.fastpeoplesearch.com/address/1400-s-crowley-rd_crowley-tx/page/2
[2024-10-22 14:56:27,771] [INFO] [fps_address_scraper.py:91] Saved 10 entries in /home/ubuntu/scripts/result_file/output_chunk_3.xlsx
[2024-10-22 14:56:27,819] [INFO] [fps_address_scraper.py:186] Scraping https://www.fastpeoplesearch.com/address/1400-s-crowley-rd_crowley-tx/page/3
[2024-10-22 14:57:19,043] [INFO] [fps_address_scraper.py:26] Got successful response from https://www.fastpeoplesearch.com/address/1400-s-crowley-rd_crowley-tx/page/3
[2024-10-22 14:57:19,167] [INFO] [fps_address_scraper.py:91] Saved 10 entries in /home/ubuntu/scripts/result_file/output_chunk_3.xlsx
[2024-10-22 14:57:19,192] [INFO] [fps_address_scraper.py:186] Scraping https://www.fastpeoplesearch.com/address/1400-s-crowley-rd_crowley-tx/page/4
[2024-10-22 14:58:10,596] [INFO] [fps_address_scraper.py:26] Got successful response from https://www.fastpeoplesearch.com/address/1400-s-crowley-rd_crowley-tx/page/4
[2024-10-22 14:58:10,726] [INFO] [fps_address_scraper.py:91] Saved 10 entries in /home/ubuntu/scripts/result_file/output_chunk_3.xlsx
[2024-10-22 14:58:10,752] [INFO] [fps_address_scraper.py:186] Scraping https://www.fastpeoplesearch.com/address/1400-s-crowley-rd_crowley-tx/page/5
[2024-10-22 14:58:33,353] [INFO] [fps_address_scraper.py:26] Got successful response from https://www.fastpeoplesearch.com/address/1400-s-crowley-rd_crowley-tx/page/5
[2024-10-22 14:58:33,638] [INFO] [fps_address_scraper.py:91] Saved 10 entries in /home/ubuntu/scripts/result_file/output_chunk_3.xlsx
[2024-10-22 14:58:33,783] [INFO] [fps_address_scraper.py:186] Scraping https://www.fastpeoplesearch.com/address/1400-s-crowley-rd_crowley-tx/page/6
[2024-10-22 14:59:46,737] [INFO] [fps_address_scraper.py:26] Got successful response from https://www.fastpeoplesearch.com/address/1400-s-crowley-rd_crowley-tx/page/6
[2024-10-22 14:59:46,875] [INFO] [fps_address_scraper.py:91] Saved 10 entries in /home/ubuntu/scripts/result_file/output_chunk_3.xlsx
[2024-10-22 14:59:46,904] [INFO] [fps_address_scraper.py:186] Scraping https://www.fastpeoplesearch.com/address/1400-s-crowley-rd_crowley-tx/page/7
[2024-10-22 15:00:11,085] [INFO] [fps_address_scraper.py:26] Got successful response from https://www.fastpeoplesearch.com/address/1400-s-crowley-rd_crowley-tx/page/7
[2024-10-22 15:00:11,227] [INFO] [fps_address_scraper.py:91] Saved 10 entries in /home/ubuntu/scripts/result_file/output_chunk_3.xlsx
[2024-10-22 15:00:11,257] [INFO] [fps_address_scraper.py:186] Scraping https://www.fastpeoplesearch.com/address/1400-s-crowley-rd_crowley-tx/page/8
[2024-10-22 15:01:03,398] [INFO] [fps_address_scraper.py:26] Got successful response from https://www.fastpeoplesearch.com/address/1400-s-crowley-rd_crowley-tx/page/8
[2024-10-22 15:01:03,698] [INFO] [fps_address_scraper.py:91] Saved 10 entries in /home/ubuntu/scripts/result_file/output_chunk_3.xlsx
[2024-10-22 15:01:03,839] [INFO] [fps_address_scraper.py:186] Scraping https://www.fastpeoplesearch.com/address/1400-s-crowley-rd_crowley-tx/page/9
[2024-10-22 15:02:03,737] [INFO] [fps_address_scraper.py:26] Got successful response from https://www.fastpeoplesearch.com/address/1400-s-crowley-rd_crowley-tx/page/9
[2024-10-22 15:02:03,887] [INFO] [fps_address_scraper.py:91] Saved 10 entries in /home/ubuntu/scripts/result_file/output_chunk_3.xlsx
[2024-10-22 15:02:03,920] [INFO] [fps_address_scraper.py:186] Scraping https://www.fastpeoplesearch.com/address/1400-s-crowley-rd_crowley-tx/page/10
[2024-10-22 15:02:41,099] [INFO] [fps_address_scraper.py:26] Got successful response from https://www.fastpeoplesearch.com/address/1400-s-crowley-rd_crowley-tx/page/10
[2024-10-22 15:02:41,439] [INFO] [fps_address_scraper.py:91] Saved 10 entries in /home/ubuntu/scripts/result_file/output_chunk_3.xlsx
[2024-10-22 15:02:41,514] [INFO] [fps_address_scraper.py:186] Scraping https://www.fastpeoplesearch.com/address/1400-s-crowley-rd_crowley-tx/page/11
[2024-10-22 15:04:19,969] [INFO] [fps_address_scraper.py:26] Got successful response from https://www.fastpeoplesearch.com/address/1400-s-crowley-rd_crowley-tx/page/11
[2024-10-22 15:04:20,150] [INFO] [fps_address_scraper.py:91] Saved 8 entries in /home/ubuntu/scripts/result_file/output_chunk_3.xlsx
[2024-10-22 15:04:20,186] [INFO] [fps_address_scraper.py:186] Scraping https://www.fastpeoplesearch.com/address/1400-s-crowley-rd_crowley-tx/page/12
[2024-10-22 15:04:43,856] [INFO] [fps_address_scraper.py:26] Got successful response from https://www.fastpeoplesearch.com/address/1400-s-crowley-rd_crowley-tx/page/12
[2024-10-22 15:04:43,874] [INFO] [fps_address_scraper.py:47] Original address: 14000 The Lakes Blvd
[2024-10-22 15:04:43,874] [INFO] [fps_address_scraper.py:57] Standardized address: 14000 The Lakes Blvd
[2024-10-22 15:04:43,910] [INFO] [fps_address_scraper.py:186] Scraping https://www.fastpeoplesearch.com/address/14000-the-lakes-blvd_pflugerville-tx/page/1
[2024-10-22 15:06:21,411] [INFO] [fps_address_scraper.py:26] Got successful response from https://www.fastpeoplesearch.com/address/14000-the-lakes-blvd_pflugerville-tx/page/1
[2024-10-22 15:06:21,560] [INFO] [fps_address_scraper.py:91] Saved 10 entries in /home/ubuntu/scripts/result_file/output_chunk_3.xlsx
[2024-10-22 15:06:21,596] [INFO] [fps_address_scraper.py:186] Scraping https://www.fastpeoplesearch.com/address/14000-the-lakes-blvd_pflugerville-tx/page/2
[2024-10-22 15:07:07,997] [INFO] [fps_address_scraper.py:26] Got successful response from https://www.fastpeoplesearch.com/address/14000-the-lakes-blvd_pflugerville-tx/page/2
[2024-10-22 15:07:08,154] [INFO] [fps_address_scraper.py:91] Saved 10 entries in /home/ubuntu/scripts/result_file/output_chunk_3.xlsx
[2024-10-22 15:07:08,224] [INFO] [fps_address_scraper.py:186] Scraping https://www.fastpeoplesearch.com/address/14000-the-lakes-blvd_pflugerville-tx/page/3
[2024-10-22 15:08:20,322] [ERROR] [fps_address_scraper.py:24] Could not get successful response. Status code 500. {"status":"Failed to get successful response from website. Please retry the request."}
[2024-10-22 15:08:20,322] [WARNING] [api.py:40] Request failed. Status code 500, retrying in 1 seconds...
[2024-10-22 15:08:45,968] [INFO] [fps_address_scraper.py:26] Got successful response from https://www.fastpeoplesearch.com/address/14000-the-lakes-blvd_pflugerville-tx/page/3
[2024-10-22 15:08:46,135] [INFO] [fps_address_scraper.py:91] Saved 10 entries in /home/ubuntu/scripts/result_file/output_chunk_3.xlsx
[2024-10-22 15:08:46,175] [INFO] [fps_address_scraper.py:186] Scraping https://www.fastpeoplesearch.com/address/14000-the-lakes-blvd_pflugerville-tx/page/4
[2024-10-22 15:10:17,149] [INFO] [fps_address_scraper.py:26] Got successful response from https://www.fastpeoplesearch.com/address/14000-the-lakes-blvd_pflugerville-tx/page/4
[2024-10-22 15:10:17,495] [INFO] [fps_address_scraper.py:91] Saved 10 entries in /home/ubuntu/scripts/result_file/output_chunk_3.xlsx
[2024-10-22 15:10:17,583] [INFO] [fps_address_scraper.py:186] Scraping https://www.fastpeoplesearch.com/address/14000-the-lakes-blvd_pflugerville-tx/page/5
[2024-10-22 15:11:02,395] [INFO] [fps_address_scraper.py:26] Got successful response from https://www.fastpeoplesearch.com/address/14000-the-lakes-blvd_pflugerville-tx/page/5
[2024-10-22 15:11:02,598] [INFO] [fps_address_scraper.py:91] Saved 10 entries in /home/ubuntu/scripts/result_file/output_chunk_3.xlsx
[2024-10-22 15:11:02,641] [INFO] [fps_address_scraper.py:186] Scraping https://www.fastpeoplesearch.com/address/14000-the-lakes-blvd_pflugerville-tx/page/6
[2024-10-22 15:11:55,247] [INFO] [fps_address_scraper.py:26] Got successful response from https://www.fastpeoplesearch.com/address/14000-the-lakes-blvd_pflugerville-tx/page/6
[2024-10-22 15:11:55,420] [INFO] [fps_address_scraper.py:91] Saved 10 entries in /home/ubuntu/scripts/result_file/output_chunk_3.xlsx
[2024-10-22 15:11:55,463] [INFO] [fps_address_scraper.py:186] Scraping https://www.fastpeoplesearch.com/address/14000-the-lakes-blvd_pflugerville-tx/page/7
[2024-10-22 15:13:40,468] [INFO] [fps_address_scraper.py:26] Got successful response from https://www.fastpeoplesearch.com/address/14000-the-lakes-blvd_pflugerville-tx/page/7
[2024-10-22 15:13:40,683] [INFO] [fps_address_scraper.py:91] Saved 10 entries in /home/ubuntu/scripts/result_file/output_chunk_3.xlsx
[2024-10-22 15:13:40,728] [INFO] [fps_address_scraper.py:186] Scraping https://www.fastpeoplesearch.com/address/14000-the-lakes-blvd_pflugerville-tx/page/8
[2024-10-22 15:15:15,598] [INFO] [fps_address_scraper.py:26] Got successful response from https://www.fastpeoplesearch.com/address/14000-the-lakes-blvd_pflugerville-tx/page/8
[2024-10-22 15:15:15,754] [INFO] [fps_address_scraper.py:91] Saved 10 entries in /home/ubuntu/scripts/result_file/output_chunk_3.xlsx
[2024-10-22 15:15:15,801] [INFO] [fps_address_scraper.py:186] Scraping https://www.fastpeoplesearch.com/address/14000-the-lakes-blvd_pflugerville-tx/page/9
[2024-10-22 15:15:39,616] [INFO] [fps_address_scraper.py:26] Got successful response from https://www.fastpeoplesearch.com/address/14000-the-lakes-blvd_pflugerville-tx/page/9
[2024-10-22 15:15:39,838] [INFO] [fps_address_scraper.py:91] Saved 10 entries in /home/ubuntu/scripts/result_file/output_chunk_3.xlsx
[2024-10-22 15:15:39,886] [INFO] [fps_address_scraper.py:186] Scraping https://www.fastpeoplesearch.com/address/14000-the-lakes-blvd_pflugerville-tx/page/10
[2024-10-22 15:16:04,416] [INFO] [fps_address_scraper.py:26] Got successful response from https://www.fastpeoplesearch.com/address/14000-the-lakes-blvd_pflugerville-tx/page/10
[2024-10-22 15:16:04,600] [INFO] [fps_address_scraper.py:91] Saved 10 entries in /home/ubuntu/scripts/result_file/output_chunk_3.xlsx
[2024-10-22 15:16:04,650] [INFO] [fps_address_scraper.py:186] Scraping https://www.fastpeoplesearch.com/address/14000-the-lakes-blvd_pflugerville-tx/page/11
[2024-10-22 15:16:57,139] [INFO] [fps_address_scraper.py:26] Got successful response from https://www.fastpeoplesearch.com/address/14000-the-lakes-blvd_pflugerville-tx/page/11
[2024-10-22 15:16:57,348] [INFO] [fps_address_scraper.py:91] Saved 8 entries in /home/ubuntu/scripts/result_file/output_chunk_3.xlsx
[2024-10-22 15:16:57,398] [INFO] [fps_address_scraper.py:186] Scraping https://www.fastpeoplesearch.com/address/14000-the-lakes-blvd_pflugerville-tx/page/12
[2024-10-22 15:17:18,861] [INFO] [fps_address_scraper.py:26] Got successful response from https://www.fastpeoplesearch.com/address/14000-the-lakes-blvd_pflugerville-tx/page/12
[2024-10-22 15:17:18,877] [INFO] [fps_address_scraper.py:47] Original address: 1401 Elm St
[2024-10-22 15:17:18,877] [INFO] [fps_address_scraper.py:57] Standardized address: 1401 Elm St
[2024-10-22 15:17:18,927] [INFO] [fps_address_scraper.py:186] Scraping https://www.fastpeoplesearch.com/address/1401-elm-st_dallas-tx/page/1
[2024-10-22 15:18:17,715] [INFO] [fps_address_scraper.py:26] Got successful response from https://www.fastpeoplesearch.com/address/1401-elm-st_dallas-tx/page/1
[2024-10-22 15:18:18,328] [INFO] [fps_address_scraper.py:91] Saved 10 entries in /home/ubuntu/scripts/result_file/output_chunk_3.xlsx
[2024-10-22 15:18:18,580] [INFO] [fps_address_scraper.py:186] Scraping https://www.fastpeoplesearch.com/address/1401-elm-st_dallas-tx/page/2
[2024-10-22 15:18:40,196] [INFO] [fps_address_scraper.py:26] Got successful response from https://www.fastpeoplesearch.com/address/1401-elm-st_dallas-tx/page/2
[2024-10-22 15:18:40,386] [INFO] [fps_address_scraper.py:91] Saved 10 entries in /home/ubuntu/scripts/result_file/output_chunk_3.xlsx
[2024-10-22 15:18:40,439] [INFO] [fps_address_scraper.py:186] Scraping https://www.fastpeoplesearch.com/address/1401-elm-st_dallas-tx/page/3
[2024-10-22 15:19:31,974] [INFO] [fps_address_scraper.py:26] Got successful response from https://www.fastpeoplesearch.com/address/1401-elm-st_dallas-tx/page/3
[2024-10-22 15:19:32,203] [INFO] [fps_address_scraper.py:91] Saved 10 entries in /home/ubuntu/scripts/result_file/output_chunk_3.xlsx
[2024-10-22 15:19:32,258] [INFO] [fps_address_scraper.py:186] Scraping https://www.fastpeoplesearch.com/address/1401-elm-st_dallas-tx/page/4
[2024-10-22 15:20:44,942] [INFO] [fps_address_scraper.py:26] Got successful response from https://www.fastpeoplesearch.com/address/1401-elm-st_dallas-tx/page/4
[2024-10-22 15:20:45,144] [INFO] [fps_address_scraper.py:91] Saved 10 entries in /home/ubuntu/scripts/result_file/output_chunk_3.xlsx
[2024-10-22 15:20:45,200] [INFO] [fps_address_scraper.py:186] Scraping https://www.fastpeoplesearch.com/address/1401-elm-st_dallas-tx/page/5
[2024-10-22 15:21:06,613] [INFO] [fps_address_scraper.py:26] Got successful response from https://www.fastpeoplesearch.com/address/1401-elm-st_dallas-tx/page/5
[2024-10-22 15:21:06,855] [INFO] [fps_address_scraper.py:91] Saved 10 entries in /home/ubuntu/scripts/result_file/output_chunk_3.xlsx
[2024-10-22 15:21:06,913] [INFO] [fps_address_scraper.py:186] Scraping https://www.fastpeoplesearch.com/address/1401-elm-st_dallas-tx/page/6
[2024-10-22 15:21:38,220] [INFO] [fps_address_scraper.py:26] Got successful response from https://www.fastpeoplesearch.com/address/1401-elm-st_dallas-tx/page/6
[2024-10-22 15:21:38,430] [INFO] [fps_address_scraper.py:91] Saved 10 entries in /home/ubuntu/scripts/result_file/output_chunk_3.xlsx
[2024-10-22 15:21:38,487] [INFO] [fps_address_scraper.py:186] Scraping https://www.fastpeoplesearch.com/address/1401-elm-st_dallas-tx/page/7
[2024-10-22 15:22:22,541] [INFO] [fps_address_scraper.py:26] Got successful response from https://www.fastpeoplesearch.com/address/1401-elm-st_dallas-tx/page/7
[2024-10-22 15:22:22,784] [INFO] [fps_address_scraper.py:91] Saved 10 entries in /home/ubuntu/scripts/result_file/output_chunk_3.xlsx
[2024-10-22 15:22:22,844] [INFO] [fps_address_scraper.py:186] Scraping https://www.fastpeoplesearch.com/address/1401-elm-st_dallas-tx/page/8
[2024-10-22 15:23:30,381] [INFO] [fps_address_scraper.py:26] Got successful response from https://www.fastpeoplesearch.com/address/1401-elm-st_dallas-tx/page/8
[2024-10-22 15:23:30,638] [INFO] [fps_address_scraper.py:91] Saved 10 entries in /home/ubuntu/scripts/result_file/output_chunk_3.xlsx
[2024-10-22 15:23:30,699] [INFO] [fps_address_scraper.py:186] Scraping https://www.fastpeoplesearch.com/address/1401-elm-st_dallas-tx/page/9
[2024-10-22 15:24:12,760] [INFO] [fps_address_scraper.py:26] Got successful response from https://www.fastpeoplesearch.com/address/1401-elm-st_dallas-tx/page/9
[2024-10-22 15:24:12,989] [INFO] [fps_address_scraper.py:91] Saved 10 entries in /home/ubuntu/scripts/result_file/output_chunk_3.xlsx
[2024-10-22 15:24:13,052] [INFO] [fps_address_scraper.py:186] Scraping https://www.fastpeoplesearch.com/address/1401-elm-st_dallas-tx/page/10
[2024-10-22 15:24:52,608] [INFO] [fps_address_scraper.py:26] Got successful response from https://www.fastpeoplesearch.com/address/1401-elm-st_dallas-tx/page/10
[2024-10-22 15:24:52,860] [INFO] [fps_address_scraper.py:91] Saved 10 entries in /home/ubuntu/scripts/result_file/output_chunk_3.xlsx
[2024-10-22 15:24:52,926] [INFO] [fps_address_scraper.py:186] Scraping https://www.fastpeoplesearch.com/address/1401-elm-st_dallas-tx/page/11
[2024-10-22 15:25:35,675] [INFO] [fps_address_scraper.py:26] Got successful response from https://www.fastpeoplesearch.com/address/1401-elm-st_dallas-tx/page/11
[2024-10-22 15:25:35,919] [INFO] [fps_address_scraper.py:91] Saved 9 entries in /home/ubuntu/scripts/result_file/output_chunk_3.xlsx
[2024-10-22 15:25:35,984] [INFO] [fps_address_scraper.py:186] Scraping https://www.fastpeoplesearch.com/address/1401-elm-st_dallas-tx/page/12
[2024-10-22 15:26:18,754] [INFO] [fps_address_scraper.py:26] Got successful response from https://www.fastpeoplesearch.com/address/1401-elm-st_dallas-tx/page/12
[2024-10-22 15:26:18,771] [INFO] [fps_address_scraper.py:47] Original address: 14015 University Pass
[2024-10-22 15:26:18,771] [INFO] [fps_address_scraper.py:57] Standardized address: 14015 University Pass
[2024-10-22 15:26:18,837] [INFO] [fps_address_scraper.py:186] Scraping https://www.fastpeoplesearch.com/address/14015-university-pass_san-antonio-tx/page/1
[2024-10-22 15:26:48,928] [INFO] [fps_address_scraper.py:26] Got successful response from https://www.fastpeoplesearch.com/address/14015-university-pass_san-antonio-tx/page/1
[2024-10-22 15:26:49,139] [INFO] [fps_address_scraper.py:91] Saved 10 entries in /home/ubuntu/scripts/result_file/output_chunk_3.xlsx
[2024-10-22 15:26:49,235] [INFO] [fps_address_scraper.py:186] Scraping https://www.fastpeoplesearch.com/address/14015-university-pass_san-antonio-tx/page/2
[2024-10-22 15:27:10,983] [INFO] [fps_address_scraper.py:26] Got successful response from https://www.fastpeoplesearch.com/address/14015-university-pass_san-antonio-tx/page/2
[2024-10-22 15:27:11,202] [INFO] [fps_address_scraper.py:91] Saved 10 entries in /home/ubuntu/scripts/result_file/output_chunk_3.xlsx
[2024-10-22 15:27:11,270] [INFO] [fps_address_scraper.py:186] Scraping https://www.fastpeoplesearch.com/address/14015-university-pass_san-antonio-tx/page/3
[2024-10-22 15:28:29,748] [INFO] [fps_address_scraper.py:26] Got successful response from https://www.fastpeoplesearch.com/address/14015-university-pass_san-antonio-tx/page/3
[2024-10-22 15:28:30,170] [INFO] [fps_address_scraper.py:91] Saved 10 entries in /home/ubuntu/scripts/result_file/output_chunk_3.xlsx
[2024-10-22 15:28:30,302] [INFO] [fps_address_scraper.py:186] Scraping https://www.fastpeoplesearch.com/address/14015-university-pass_san-antonio-tx/page/4
[2024-10-22 15:29:09,373] [INFO] [fps_address_scraper.py:26] Got successful response from https://www.fastpeoplesearch.com/address/14015-university-pass_san-antonio-tx/page/4
[2024-10-22 15:29:09,603] [INFO] [fps_address_scraper.py:91] Saved 10 entries in /home/ubuntu/scripts/result_file/output_chunk_3.xlsx
[2024-10-22 15:29:09,702] [INFO] [fps_address_scraper.py:186] Scraping https://www.fastpeoplesearch.com/address/14015-university-pass_san-antonio-tx/page/5
[2024-10-22 15:29:54,049] [INFO] [fps_address_scraper.py:26] Got successful response from https://www.fastpeoplesearch.com/address/14015-university-pass_san-antonio-tx/page/5
[2024-10-22 15:29:54,277] [INFO] [fps_address_scraper.py:91] Saved 10 entries in /home/ubuntu/scripts/result_file/output_chunk_3.xlsx
[2024-10-22 15:29:54,349] [INFO] [fps_address_scraper.py:186] Scraping https://www.fastpeoplesearch.com/address/14015-university-pass_san-antonio-tx/page/6
[2024-10-22 15:30:47,092] [INFO] [fps_address_scraper.py:26] Got successful response from https://www.fastpeoplesearch.com/address/14015-university-pass_san-antonio-tx/page/6
[2024-10-22 15:30:47,341] [INFO] [fps_address_scraper.py:91] Saved 4 entries in /home/ubuntu/scripts/result_file/output_chunk_3.xlsx
[2024-10-22 15:30:47,415] [INFO] [fps_address_scraper.py:186] Scraping https://www.fastpeoplesearch.com/address/14015-university-pass_san-antonio-tx/page/7
[2024-10-22 15:31:10,103] [INFO] [fps_address_scraper.py:26] Got successful response from https://www.fastpeoplesearch.com/address/14015-university-pass_san-antonio-tx/page/7
[2024-10-22 15:31:10,120] [INFO] [fps_address_scraper.py:47] Original address: 1409 Botham Jean Blvd
[2024-10-22 15:31:10,120] [INFO] [fps_address_scraper.py:57] Standardized address: 1409 Botham Jean Blvd
[2024-10-22 15:31:10,194] [INFO] [fps_address_scraper.py:186] Scraping https://www.fastpeoplesearch.com/address/1409-botham-jean-blvd_dallas-tx/page/1
[2024-10-22 15:31:52,532] [INFO] [fps_address_scraper.py:26] Got successful response from https://www.fastpeoplesearch.com/address/1409-botham-jean-blvd_dallas-tx/page/1
[2024-10-22 15:31:52,806] [INFO] [fps_address_scraper.py:91] Saved 10 entries in /home/ubuntu/scripts/result_file/output_chunk_3.xlsx
[2024-10-22 15:31:52,879] [INFO] [fps_address_scraper.py:186] Scraping https://www.fastpeoplesearch.com/address/1409-botham-jean-blvd_dallas-tx/page/2
[2024-10-22 15:33:07,347] [INFO] [fps_address_scraper.py:26] Got successful response from https://www.fastpeoplesearch.com/address/1409-botham-jean-blvd_dallas-tx/page/2
[2024-10-22 15:33:07,639] [INFO] [fps_address_scraper.py:91] Saved 10 entries in /home/ubuntu/scripts/result_file/output_chunk_3.xlsx
[2024-10-22 15:33:07,714] [INFO] [fps_address_scraper.py:186] Scraping https://www.fastpeoplesearch.com/address/1409-botham-jean-blvd_dallas-tx/page/3
[2024-10-22 15:34:00,363] [INFO] [fps_address_scraper.py:26] Got successful response from https://www.fastpeoplesearch.com/address/1409-botham-jean-blvd_dallas-tx/page/3
[2024-10-22 15:34:00,618] [INFO] [fps_address_scraper.py:91] Saved 10 entries in /home/ubuntu/scripts/result_file/output_chunk_3.xlsx
[2024-10-22 15:34:00,723] [INFO] [fps_address_scraper.py:186] Scraping https://www.fastpeoplesearch.com/address/1409-botham-jean-blvd_dallas-tx/page/4
[2024-10-22 15:34:52,606] [INFO] [fps_address_scraper.py:26] Got successful response from https://www.fastpeoplesearch.com/address/1409-botham-jean-blvd_dallas-tx/page/4
[2024-10-22 15:34:52,849] [INFO] [fps_address_scraper.py:91] Saved 10 entries in /home/ubuntu/scripts/result_file/output_chunk_3.xlsx
[2024-10-22 15:34:52,927] [INFO] [fps_address_scraper.py:186] Scraping https://www.fastpeoplesearch.com/address/1409-botham-jean-blvd_dallas-tx/page/5
[2024-10-22 15:35:14,162] [INFO] [fps_address_scraper.py:26] Got successful response from https://www.fastpeoplesearch.com/address/1409-botham-jean-blvd_dallas-tx/page/5
[2024-10-22 15:35:14,447] [INFO] [fps_address_scraper.py:91] Saved 10 entries in /home/ubuntu/scripts/result_file/output_chunk_3.xlsx
[2024-10-22 15:35:14,523] [INFO] [fps_address_scraper.py:186] Scraping https://www.fastpeoplesearch.com/address/1409-botham-jean-blvd_dallas-tx/page/6
[2024-10-22 15:36:06,304] [INFO] [fps_address_scraper.py:26] Got successful response from https://www.fastpeoplesearch.com/address/1409-botham-jean-blvd_dallas-tx/page/6
[2024-10-22 15:36:06,595] [INFO] [fps_address_scraper.py:91] Saved 10 entries in /home/ubuntu/scripts/result_file/output_chunk_3.xlsx
[2024-10-22 15:36:06,675] [INFO] [fps_address_scraper.py:186] Scraping https://www.fastpeoplesearch.com/address/1409-botham-jean-blvd_dallas-tx/page/7
[2024-10-22 15:36:26,842] [INFO] [fps_address_scraper.py:26] Got successful response from https://www.fastpeoplesearch.com/address/1409-botham-jean-blvd_dallas-tx/page/7
[2024-10-22 15:36:27,130] [INFO] [fps_address_scraper.py:91] Saved 10 entries in /home/ubuntu/scripts/result_file/output_chunk_3.xlsx
[2024-10-22 15:36:27,211] [INFO] [fps_address_scraper.py:186] Scraping https://www.fastpeoplesearch.com/address/1409-botham-jean-blvd_dallas-tx/page/8
[2024-10-22 15:37:19,538] [INFO] [fps_address_scraper.py:26] Got successful response from https://www.fastpeoplesearch.com/address/1409-botham-jean-blvd_dallas-tx/page/8
[2024-10-22 15:37:19,811] [INFO] [fps_address_scraper.py:91] Saved 10 entries in /home/ubuntu/scripts/result_file/output_chunk_3.xlsx
[2024-10-22 15:37:19,925] [INFO] [fps_address_scraper.py:186] Scraping https://www.fastpeoplesearch.com/address/1409-botham-jean-blvd_dallas-tx/page/9
[2024-10-22 15:38:13,959] [INFO] [fps_address_scraper.py:26] Got successful response from https://www.fastpeoplesearch.com/address/1409-botham-jean-blvd_dallas-tx/page/9
[2024-10-22 15:38:14,235] [INFO] [fps_address_scraper.py:91] Saved 10 entries in /home/ubuntu/scripts/result_file/output_chunk_3.xlsx
[2024-10-22 15:38:14,320] [INFO] [fps_address_scraper.py:186] Scraping https://www.fastpeoplesearch.com/address/1409-botham-jean-blvd_dallas-tx/page/10
[2024-10-22 15:39:07,379] [INFO] [fps_address_scraper.py:26] Got successful response from https://www.fastpeoplesearch.com/address/1409-botham-jean-blvd_dallas-tx/page/10
[2024-10-22 15:39:07,670] [INFO] [fps_address_scraper.py:91] Saved 10 entries in /home/ubuntu/scripts/result_file/output_chunk_3.xlsx
[2024-10-22 15:39:07,758] [INFO] [fps_address_scraper.py:186] Scraping https://www.fastpeoplesearch.com/address/1409-botham-jean-blvd_dallas-tx/page/11
[2024-10-22 15:39:29,618] [INFO] [fps_address_scraper.py:26] Got successful response from https://www.fastpeoplesearch.com/address/1409-botham-jean-blvd_dallas-tx/page/11
[2024-10-22 15:39:29,922] [INFO] [fps_address_scraper.py:91] Saved 10 entries in /home/ubuntu/scripts/result_file/output_chunk_3.xlsx
[2024-10-22 15:39:30,010] [INFO] [fps_address_scraper.py:186] Scraping https://www.fastpeoplesearch.com/address/1409-botham-jean-blvd_dallas-tx/page/12
[2024-10-22 15:39:54,079] [INFO] [fps_address_scraper.py:26] Got successful response from https://www.fastpeoplesearch.com/address/1409-botham-jean-blvd_dallas-tx/page/12
[2024-10-22 15:39:54,095] [INFO] [fps_address_scraper.py:47] Original address: 141 Opal Ln
[2024-10-22 15:39:54,095] [INFO] [fps_address_scraper.py:57] Standardized address: 141 Opal Ln
[2024-10-22 15:39:54,184] [INFO] [fps_address_scraper.py:186] Scraping https://www.fastpeoplesearch.com/address/141-opal-ln_kyle-tx/page/1
[2024-10-22 15:40:26,616] [INFO] [fps_address_scraper.py:26] Got successful response from https://www.fastpeoplesearch.com/address/141-opal-ln_kyle-tx/page/1
[2024-10-22 15:40:26,925] [INFO] [fps_address_scraper.py:91] Saved 10 entries in /home/ubuntu/scripts/result_file/output_chunk_3.xlsx
[2024-10-22 15:40:27,015] [INFO] [fps_address_scraper.py:186] Scraping https://www.fastpeoplesearch.com/address/141-opal-ln_kyle-tx/page/2
[2024-10-22 15:42:11,735] [INFO] [fps_address_scraper.py:26] Got successful response from https://www.fastpeoplesearch.com/address/141-opal-ln_kyle-tx/page/2
[2024-10-22 15:42:12,047] [INFO] [fps_address_scraper.py:91] Saved 10 entries in /home/ubuntu/scripts/result_file/output_chunk_3.xlsx
[2024-10-22 15:42:12,137] [INFO] [fps_address_scraper.py:186] Scraping https://www.fastpeoplesearch.com/address/141-opal-ln_kyle-tx/page/3
[2024-10-22 15:43:14,735] [INFO] [fps_address_scraper.py:26] Got successful response from https://www.fastpeoplesearch.com/address/141-opal-ln_kyle-tx/page/3
[2024-10-22 15:43:15,062] [INFO] [fps_address_scraper.py:91] Saved 10 entries in /home/ubuntu/scripts/result_file/output_chunk_3.xlsx
[2024-10-22 15:43:15,154] [INFO] [fps_address_scraper.py:186] Scraping https://www.fastpeoplesearch.com/address/141-opal-ln_kyle-tx/page/4
[2024-10-22 15:43:57,242] [INFO] [fps_address_scraper.py:26] Got successful response from https://www.fastpeoplesearch.com/address/141-opal-ln_kyle-tx/page/4
[2024-10-22 15:43:57,547] [INFO] [fps_address_scraper.py:91] Saved 10 entries in /home/ubuntu/scripts/result_file/output_chunk_3.xlsx
[2024-10-22 15:43:57,640] [INFO] [fps_address_scraper.py:186] Scraping https://www.fastpeoplesearch.com/address/141-opal-ln_kyle-tx/page/5
[2024-10-22 15:44:49,205] [INFO] [fps_address_scraper.py:26] Got successful response from https://www.fastpeoplesearch.com/address/141-opal-ln_kyle-tx/page/5
[2024-10-22 15:44:49,518] [INFO] [fps_address_scraper.py:91] Saved 10 entries in /home/ubuntu/scripts/result_file/output_chunk_3.xlsx
[2024-10-22 15:44:49,614] [INFO] [fps_address_scraper.py:186] Scraping https://www.fastpeoplesearch.com/address/141-opal-ln_kyle-tx/page/6
[2024-10-22 15:45:13,666] [INFO] [fps_address_scraper.py:26] Got successful response from https://www.fastpeoplesearch.com/address/141-opal-ln_kyle-tx/page/6
[2024-10-22 15:45:13,978] [INFO] [fps_address_scraper.py:91] Saved 10 entries in /home/ubuntu/scripts/result_file/output_chunk_3.xlsx
[2024-10-22 15:45:14,071] [INFO] [fps_address_scraper.py:186] Scraping https://www.fastpeoplesearch.com/address/141-opal-ln_kyle-tx/page/7
[2024-10-22 15:46:54,132] [INFO] [fps_address_scraper.py:26] Got successful response from https://www.fastpeoplesearch.com/address/141-opal-ln_kyle-tx/page/7
[2024-10-22 15:46:54,448] [INFO] [fps_address_scraper.py:91] Saved 10 entries in /home/ubuntu/scripts/result_file/output_chunk_3.xlsx
[2024-10-22 15:46:54,546] [INFO] [fps_address_scraper.py:186] Scraping https://www.fastpeoplesearch.com/address/141-opal-ln_kyle-tx/page/8
[2024-10-22 15:47:41,257] [INFO] [fps_address_scraper.py:26] Got successful response from https://www.fastpeoplesearch.com/address/141-opal-ln_kyle-tx/page/8
[2024-10-22 15:47:41,580] [INFO] [fps_address_scraper.py:91] Saved 10 entries in /home/ubuntu/scripts/result_file/output_chunk_3.xlsx
[2024-10-22 15:47:41,680] [INFO] [fps_address_scraper.py:186] Scraping https://www.fastpeoplesearch.com/address/141-opal-ln_kyle-tx/page/9
[2024-10-22 15:48:19,241] [INFO] [fps_address_scraper.py:26] Got successful response from https://www.fastpeoplesearch.com/address/141-opal-ln_kyle-tx/page/9
[2024-10-22 15:48:19,956] [INFO] [fps_address_scraper.py:91] Saved 10 entries in /home/ubuntu/scripts/result_file/output_chunk_3.xlsx
[2024-10-22 15:48:20,183] [INFO] [fps_address_scraper.py:186] Scraping https://www.fastpeoplesearch.com/address/141-opal-ln_kyle-tx/page/10
[2024-10-22 15:48:45,695] [INFO] [fps_address_scraper.py:26] Got successful response from https://www.fastpeoplesearch.com/address/141-opal-ln_kyle-tx/page/10
[2024-10-22 15:48:46,031] [INFO] [fps_address_scraper.py:91] Saved 10 entries in /home/ubuntu/scripts/result_file/output_chunk_3.xlsx
[2024-10-22 15:48:46,129] [INFO] [fps_address_scraper.py:186] Scraping https://www.fastpeoplesearch.com/address/141-opal-ln_kyle-tx/page/11
[2024-10-22 15:49:12,863] [INFO] [fps_address_scraper.py:26] Got successful response from https://www.fastpeoplesearch.com/address/141-opal-ln_kyle-tx/page/11
[2024-10-22 15:49:13,191] [INFO] [fps_address_scraper.py:91] Saved 9 entries in /home/ubuntu/scripts/result_file/output_chunk_3.xlsx
[2024-10-22 15:49:13,294] [INFO] [fps_address_scraper.py:186] Scraping https://www.fastpeoplesearch.com/address/141-opal-ln_kyle-tx/page/12
[2024-10-22 15:49:41,026] [INFO] [fps_address_scraper.py:26] Got successful response from https://www.fastpeoplesearch.com/address/141-opal-ln_kyle-tx/page/12
[2024-10-22 15:49:41,043] [INFO] [fps_address_scraper.py:47] Original address: 14115 N Highway 183
[2024-10-22 15:49:41,043] [INFO] [fps_address_scraper.py:57] Standardized address: 14115 N Highway 183
[2024-10-22 15:49:41,216] [INFO] [fps_address_scraper.py:186] Scraping https://www.fastpeoplesearch.com/address/14115-n-highway-183_austin-tx/page/1
[2024-10-22 15:50:33,005] [INFO] [fps_address_scraper.py:26] Got successful response from https://www.fastpeoplesearch.com/address/14115-n-highway-183_austin-tx/page/1
[2024-10-22 15:50:33,340] [INFO] [fps_address_scraper.py:91] Saved 10 entries in /home/ubuntu/scripts/result_file/output_chunk_3.xlsx
[2024-10-22 15:50:33,440] [INFO] [fps_address_scraper.py:186] Scraping https://www.fastpeoplesearch.com/address/14115-n-highway-183_austin-tx/page/2
[2024-10-22 15:50:55,819] [INFO] [fps_address_scraper.py:26] Got successful response from https://www.fastpeoplesearch.com/address/14115-n-highway-183_austin-tx/page/2
[2024-10-22 15:50:56,154] [INFO] [fps_address_scraper.py:91] Saved 10 entries in /home/ubuntu/scripts/result_file/output_chunk_3.xlsx
[2024-10-22 15:50:56,259] [INFO] [fps_address_scraper.py:186] Scraping https://www.fastpeoplesearch.com/address/14115-n-highway-183_austin-tx/page/3
[2024-10-22 15:51:32,329] [INFO] [fps_address_scraper.py:26] Got successful response from https://www.fastpeoplesearch.com/address/14115-n-highway-183_austin-tx/page/3
[2024-10-22 15:51:32,679] [INFO] [fps_address_scraper.py:91] Saved 10 entries in /home/ubuntu/scripts/result_file/output_chunk_3.xlsx
[2024-10-22 15:51:32,786] [INFO] [fps_address_scraper.py:186] Scraping https://www.fastpeoplesearch.com/address/14115-n-highway-183_austin-tx/page/4
[2024-10-22 15:52:49,975] [INFO] [fps_address_scraper.py:26] Got successful response from https://www.fastpeoplesearch.com/address/14115-n-highway-183_austin-tx/page/4
[2024-10-22 15:52:50,295] [INFO] [fps_address_scraper.py:91] Saved 10 entries in /home/ubuntu/scripts/result_file/output_chunk_3.xlsx
[2024-10-22 15:52:50,403] [INFO] [fps_address_scraper.py:186] Scraping https://www.fastpeoplesearch.com/address/14115-n-highway-183_austin-tx/page/5
[2024-10-22 15:53:44,282] [INFO] [fps_address_scraper.py:26] Got successful response from https://www.fastpeoplesearch.com/address/14115-n-highway-183_austin-tx/page/5
[2024-10-22 15:53:44,623] [INFO] [fps_address_scraper.py:91] Saved 10 entries in /home/ubuntu/scripts/result_file/output_chunk_3.xlsx
[2024-10-22 15:53:44,732] [INFO] [fps_address_scraper.py:186] Scraping https://www.fastpeoplesearch.com/address/14115-n-highway-183_austin-tx/page/6
[2024-10-22 15:54:45,101] [INFO] [fps_address_scraper.py:26] Got successful response from https://www.fastpeoplesearch.com/address/14115-n-highway-183_austin-tx/page/6
[2024-10-22 15:54:45,447] [INFO] [fps_address_scraper.py:91] Saved 10 entries in /home/ubuntu/scripts/result_file/output_chunk_3.xlsx
[2024-10-22 15:54:45,558] [INFO] [fps_address_scraper.py:186] Scraping https://www.fastpeoplesearch.com/address/14115-n-highway-183_austin-tx/page/7
[2024-10-22 15:55:39,636] [INFO] [fps_address_scraper.py:26] Got successful response from https://www.fastpeoplesearch.com/address/14115-n-highway-183_austin-tx/page/7
[2024-10-22 15:55:39,976] [INFO] [fps_address_scraper.py:91] Saved 10 entries in /home/ubuntu/scripts/result_file/output_chunk_3.xlsx
[2024-10-22 15:55:40,116] [INFO] [fps_address_scraper.py:186] Scraping https://www.fastpeoplesearch.com/address/14115-n-highway-183_austin-tx/page/8
[2024-10-22 15:56:32,163] [INFO] [fps_address_scraper.py:26] Got successful response from https://www.fastpeoplesearch.com/address/14115-n-highway-183_austin-tx/page/8
[2024-10-22 15:56:32,488] [INFO] [fps_address_scraper.py:91] Saved 10 entries in /home/ubuntu/scripts/result_file/output_chunk_3.xlsx
[2024-10-22 15:56:32,628] [INFO] [fps_address_scraper.py:186] Scraping https://www.fastpeoplesearch.com/address/14115-n-highway-183_austin-tx/page/9
[2024-10-22 15:57:06,253] [INFO] [fps_address_scraper.py:26] Got successful response from https://www.fastpeoplesearch.com/address/14115-n-highway-183_austin-tx/page/9
[2024-10-22 15:57:07,015] [INFO] [fps_address_scraper.py:91] Saved 10 entries in /home/ubuntu/scripts/result_file/output_chunk_3.xlsx
[2024-10-22 15:57:07,269] [INFO] [fps_address_scraper.py:186] Scraping https://www.fastpeoplesearch.com/address/14115-n-highway-183_austin-tx/page/10
[2024-10-22 15:57:59,033] [INFO] [fps_address_scraper.py:26] Got successful response from https://www.fastpeoplesearch.com/address/14115-n-highway-183_austin-tx/page/10
[2024-10-22 15:57:59,396] [INFO] [fps_address_scraper.py:91] Saved 10 entries in /home/ubuntu/scripts/result_file/output_chunk_3.xlsx
[2024-10-22 15:57:59,512] [INFO] [fps_address_scraper.py:186] Scraping https://www.fastpeoplesearch.com/address/14115-n-highway-183_austin-tx/page/11
