[2024-10-23 18:58:32,791] [INFO] [fps_address_scraper.py:216] output_chunk_11.xlsx. Scraping 1 of 98
[2024-10-23 18:58:32,791] [INFO] [fps_address_scraper.py:47] Original address: 600 Harrold St
[2024-10-23 18:58:32,791] [INFO] [fps_address_scraper.py:57] Standardized address: 600 Harrold St
[2024-10-23 18:58:32,792] [INFO] [fps_address_scraper.py:185] Scraping https://www.fastpeoplesearch.com/address/600-harrold-st_fort-worth-tx/page/1
[2024-10-23 19:01:37,909] [INFO] [fps_address_scraper.py:216] output_chunk_11.xlsx. Scraping 1 of 98
[2024-10-23 19:01:37,920] [INFO] [fps_address_scraper.py:47] Original address: 600 Harrold St
[2024-10-23 19:01:37,920] [INFO] [fps_address_scraper.py:57] Standardized address: 600 Harrold St
[2024-10-23 19:01:37,921] [INFO] [fps_address_scraper.py:185] Scraping https://www.fastpeoplesearch.com/address/600-harrold-st_fort-worth-tx/page/1
[2024-10-23 19:01:59,735] [INFO] [fps_address_scraper.py:26] Got successful response from https://www.fastpeoplesearch.com/address/600-harrold-st_fort-worth-tx/page/1
[2024-10-23 19:01:59,816] [INFO] [fps_address_scraper.py:91] Saved 10 entries in /home/ubuntu/scripts/result_file/output_chunk_11.xlsx
[2024-10-23 19:01:59,825] [INFO] [fps_address_scraper.py:185] Scraping https://www.fastpeoplesearch.com/address/600-harrold-st_fort-worth-tx/page/2
[2024-10-23 19:02:50,996] [INFO] [fps_address_scraper.py:26] Got successful response from https://www.fastpeoplesearch.com/address/600-harrold-st_fort-worth-tx/page/2
[2024-10-23 19:02:51,072] [INFO] [fps_address_scraper.py:91] Saved 10 entries in /home/ubuntu/scripts/result_file/output_chunk_11.xlsx
[2024-10-23 19:02:51,081] [INFO] [fps_address_scraper.py:185] Scraping https://www.fastpeoplesearch.com/address/600-harrold-st_fort-worth-tx/page/3
[2024-10-23 19:03:12,507] [INFO] [fps_address_scraper.py:26] Got successful response from https://www.fastpeoplesearch.com/address/600-harrold-st_fort-worth-tx/page/3
[2024-10-23 19:03:12,588] [INFO] [fps_address_scraper.py:91] Saved 10 entries in /home/ubuntu/scripts/result_file/output_chunk_11.xlsx
[2024-10-23 19:03:12,599] [INFO] [fps_address_scraper.py:185] Scraping https://www.fastpeoplesearch.com/address/600-harrold-st_fort-worth-tx/page/4
[2024-10-23 19:03:35,118] [INFO] [fps_address_scraper.py:26] Got successful response from https://www.fastpeoplesearch.com/address/600-harrold-st_fort-worth-tx/page/4
[2024-10-23 19:03:35,235] [INFO] [fps_address_scraper.py:91] Saved 10 entries in /home/ubuntu/scripts/result_file/output_chunk_11.xlsx
[2024-10-23 19:03:35,246] [INFO] [fps_address_scraper.py:185] Scraping https://www.fastpeoplesearch.com/address/600-harrold-st_fort-worth-tx/page/5
