2024-10-23 05:28:46,154 INFO daemonizing the supervisord process
2024-10-23 05:28:46,154 INFO supervisord started with pid 1405
2024-10-23 05:28:47,157 INFO spawned: 'script_10' with pid 1406
2024-10-23 05:28:47,158 INFO spawned: 'script_2' with pid 1407
2024-10-23 05:28:47,164 INFO spawned: 'script_3' with pid 1408
2024-10-23 05:28:47,172 INFO spawned: 'script_4' with pid 1409
2024-10-23 05:28:47,178 INFO spawned: 'script_5' with pid 1410
2024-10-23 05:28:47,179 INFO spawned: 'script_6' with pid 1411
2024-10-23 05:28:47,186 INFO spawned: 'script_7' with pid 1412
2024-10-23 05:28:47,193 INFO spawned: 'script_8' with pid 1413
2024-10-23 05:28:47,194 INFO spawned: 'script_9' with pid 1414
2024-10-23 05:28:48,207 INFO success: script_10 entered RUNNING state, process has stayed up for > than 1 seconds (startsecs)
2024-10-23 05:28:48,208 INFO success: script_2 entered RUNNING state, process has stayed up for > than 1 seconds (startsecs)
2024-10-23 05:28:48,208 INFO success: script_3 entered RUNNING state, process has stayed up for > than 1 seconds (startsecs)
2024-10-23 05:28:48,208 INFO success: script_4 entered RUNNING state, process has stayed up for > than 1 seconds (startsecs)
2024-10-23 05:28:48,208 INFO success: script_5 entered RUNNING state, process has stayed up for > than 1 seconds (startsecs)
2024-10-23 05:28:48,208 INFO success: script_6 entered RUNNING state, process has stayed up for > than 1 seconds (startsecs)
2024-10-23 05:28:48,208 INFO success: script_7 entered RUNNING state, process has stayed up for > than 1 seconds (startsecs)
2024-10-23 05:28:48,208 INFO success: script_8 entered RUNNING state, process has stayed up for > than 1 seconds (startsecs)
2024-10-23 05:28:48,208 INFO success: script_9 entered RUNNING state, process has stayed up for > than 1 seconds (startsecs)
2024-10-23 14:07:35,532 INFO exited: script_2 (exit status 0; expected)
2024-10-23 14:18:12,786 INFO exited: script_4 (exit status 0; expected)
2024-10-23 14:32:39,691 INFO exited: script_3 (exit status 0; expected)
2024-10-23 14:40:21,526 INFO exited: script_5 (exit status 0; expected)
2024-10-23 15:25:39,487 INFO exited: script_8 (exit status 0; expected)
2024-10-23 15:29:16,364 INFO exited: script_7 (exit status 0; expected)
2024-10-23 15:45:12,229 INFO exited: script_6 (exit status 0; expected)
2024-10-23 16:04:00,769 WARN received SIGTERM indicating exit request
2024-10-23 16:04:00,769 INFO waiting for script_10, script_9 to die
2024-10-23 16:04:00,782 WARN stopped: script_9 (terminated by SIGTERM)
2024-10-23 16:04:04,608 INFO waiting for script_10 to die
2024-10-23 16:04:07,611 INFO waiting for script_10 to die
2024-10-23 16:04:07,622 WARN stopped: script_10 (terminated by SIGTERM)
